[ 33%] [32mBuilding CXX object CMakeFiles/drone_feedback_controller_node.dir/src/drone_feedback_controller.cpp.o[0m
[01m[K/home/zain/Projects/MasterThesis/src/drone_controller_vrep/src/drone_feedback_controller.cpp:[m[K In constructor â€˜[01m[KDroneFeedbackController::DroneFeedbackController()[m[Kâ€™:
[01m[K/home/zain/Projects/MasterThesis/src/drone_controller_vrep/src/drone_feedback_controller.cpp:7:92:[m[K [01;31m[Kerror: [m[Kâ€˜[01m[K_1[m[Kâ€™ was not declared in this scope; did you mean â€˜[01m[Kstd::placeholders::_1[m[Kâ€™?
    7 |       "/Current_local_position", 10, std::bind(&DroneFeedbackController::drone_pose, this, [01;31m[K_1[m[K));
      |                                                                                            [01;31m[K^~[m[K
      |                                                                                            [32m[Kstd::placeholders::_1[m[K
In file included from [01m[K/opt/anaconda3/envs/MasterThesis/include/boost/system/detail/error_category.hpp:18[m[K,
                 from [01m[K/opt/anaconda3/envs/MasterThesis/include/boost/system/detail/error_code.hpp:14[m[K,
                 from [01m[K/opt/anaconda3/envs/MasterThesis/include/boost/system/error_code.hpp:13[m[K,
                 from [01m[K/opt/anaconda3/envs/MasterThesis/include/boost/chrono/detail/system.hpp:11[m[K,
                 from [01m[K/opt/anaconda3/envs/MasterThesis/include/boost/chrono/system_clocks.hpp:64[m[K,
                 from [01m[K/opt/anaconda3/envs/MasterThesis/include/boost/chrono/chrono.hpp:13[m[K,
                 from [01m[K/opt/anaconda3/envs/MasterThesis/include/boost/chrono/include.hpp:15[m[K,
                 from [01m[K/opt/anaconda3/envs/MasterThesis/include/boost/chrono.hpp:17[m[K,
                 from [01m[K/home/zain/Projects/MasterThesis/src/drone_controller_vrep/include/drone_controller_vrep/drone_feedback_controller.hpp:1[m[K,
                 from [01m[K/home/zain/Projects/MasterThesis/src/drone_controller_vrep/src/drone_feedback_controller.cpp:1[m[K:
[01m[K/usr/include/c++/11/functional:225:34:[m[K [01;36m[Knote: [m[Kâ€˜[01m[Kstd::placeholders::_1[m[Kâ€™ declared here
  225 |     extern const _Placeholder<1> [01;36m[K_1[m[K;
      |                                  [01;36m[K^~[m[K
[01m[K/home/zain/Projects/MasterThesis/src/drone_controller_vrep/src/drone_feedback_controller.cpp:9:76:[m[K [01;31m[Kerror: [m[Kâ€˜[01m[Kdrone_velocity[m[Kâ€™ is not a member of â€˜[01m[KDroneFeedbackController[m[Kâ€™
    9 |         "/Current_local_velocity", 10, std::bind(&DroneFeedbackController::[01;31m[Kdrone_velocity[m[K, this, _1));
      |                                                                            [01;31m[K^~~~~~~~~~~~~~[m[K
In file included from [01m[K/opt/ros/humble/include/rclcpp/rclcpp/logging.hpp:24[m[K,
                 from [01m[K/opt/ros/humble/include/rclcpp/rclcpp/client.hpp:40[m[K,
                 from [01m[K/opt/ros/humble/include/rclcpp/rclcpp/callback_group.hpp:24[m[K,
                 from [01m[K/opt/ros/humble/include/rclcpp/rclcpp/any_executable.hpp:20[m[K,
                 from [01m[K/opt/ros/humble/include/rclcpp/rclcpp/memory_strategy.hpp:25[m[K,
                 from [01m[K/opt/ros/humble/include/rclcpp/rclcpp/memory_strategies.hpp:18[m[K,
                 from [01m[K/opt/ros/humble/include/rclcpp/rclcpp/executor_options.hpp:20[m[K,
                 from [01m[K/opt/ros/humble/include/rclcpp/rclcpp/executor.hpp:37[m[K,
                 from [01m[K/opt/ros/humble/include/rclcpp/rclcpp/executors/multi_threaded_executor.hpp:25[m[K,
                 from [01m[K/opt/ros/humble/include/rclcpp/rclcpp/executors.hpp:21[m[K,
                 from [01m[K/opt/ros/humble/include/rclcpp/rclcpp/rclcpp.hpp:155[m[K,
                 from [01m[K/home/zain/Projects/MasterThesis/src/drone_controller_vrep/include/drone_controller_vrep/drone_feedback_controller.hpp:6[m[K,
                 from [01m[K/home/zain/Projects/MasterThesis/src/drone_controller_vrep/src/drone_feedback_controller.cpp:1[m[K:
[01m[K/home/zain/Projects/MasterThesis/src/drone_controller_vrep/src/drone_feedback_controller.cpp:[m[K In member function â€˜[01m[Kvoid DroneFeedbackController::drone_pose(const PoseStamped&) const[m[Kâ€™:
[01m[K/home/zain/Projects/MasterThesis/src/drone_controller_vrep/src/drone_feedback_controller.cpp:16:60:[m[K [01;31m[Kerror: [m[Kâ€˜[01m[Kconst PoseStamped[m[Kâ€™ {aka â€˜[01m[Kconst struct geometry_msgs::msg::PoseStamped_<std::allocator<void> >[m[Kâ€™} has no member named â€˜[01m[Kdata[m[Kâ€™
   16 |       RCLCPP_INFO(this->get_logger(), "I heard: '%s'", msg.[01;31m[Kdata[m[K.c_str());
      |                                                            [01;31m[K^~~~[m[K
gmake[2]: *** [CMakeFiles/drone_feedback_controller_node.dir/build.make:76: CMakeFiles/drone_feedback_controller_node.dir/src/drone_feedback_controller.cpp.o] Error 1
gmake[1]: *** [CMakeFiles/Makefile2:137: CMakeFiles/drone_feedback_controller_node.dir/all] Error 2
gmake: *** [Makefile:146: all] Error 2
