[0.084s] Invoking command in '/home/zain/Projects/MasterThesis/build/drone_controller_vrep': CMAKE_PREFIX_PATH=/opt/ros/humble CONDA_PROMPT_MODIFIER=(MasterThesis) /usr/local/bin/cmake --build /home/zain/Projects/MasterThesis/build/drone_controller_vrep -- -j16 -l16
[0.129s] [ 66%] [32mBuilding CXX object CMakeFiles/controller.dir/src/OIAC.cpp.o[0m
[0.129s] [ 66%] [32mBuilding CXX object CMakeFiles/controller.dir/src/drone_feedback_controller.cpp.o[0m
[0.139s] [01m[K/home/zain/Projects/MasterThesis/src/drone_controller_vrep/src/drone_feedback_controller.cpp:1:10:[m[K [01;31m[Kfatal error: [m[Kdrone_controller_vrep/drone_feedback_controller.hpp: No such file or directory
[0.139s]     1 | #include [01;31m[K"drone_controller_vrep/drone_feedback_controller.hpp"[m[K
[0.139s]       |          [01;31m[K^~~~~~~~~~~~~~~~~~~~~~~~~~~~~~~~~~~~~~~~~~~~~~~~~~~~~[m[K
[0.140s] [01m[K/home/zain/Projects/MasterThesis/src/drone_controller_vrep/src/OIAC.cpp:1:10:[m[K [01;31m[Kfatal error: [m[Kdrone_controller_vrep/OIAC.hpp: No such file or directory
[0.140s]     1 | #include [01;31m[K"drone_controller_vrep/OIAC.hpp"[m[K
[0.140s]       |          [01;31m[K^~~~~~~~~~~~~~~~~~~~~~~~~~~~~~~~[m[K
[0.140s] compilation terminated.
[0.140s] compilation terminated.
[0.140s] gmake[2]: *** [CMakeFiles/controller.dir/build.make:90: CMakeFiles/controller.dir/src/OIAC.cpp.o] Error 1
[0.140s] gmake[2]: *** Waiting for unfinished jobs....
[0.140s] gmake[2]: *** [CMakeFiles/controller.dir/build.make:76: CMakeFiles/controller.dir/src/drone_feedback_controller.cpp.o] Error 1
[0.140s] gmake[1]: *** [CMakeFiles/Makefile2:137: CMakeFiles/controller.dir/all] Error 2
[0.140s] gmake: *** [Makefile:146: all] Error 2
[0.143s] Invoked command in '/home/zain/Projects/MasterThesis/build/drone_controller_vrep' returned '2': CMAKE_PREFIX_PATH=/opt/ros/humble CONDA_PROMPT_MODIFIER=(MasterThesis) /usr/local/bin/cmake --build /home/zain/Projects/MasterThesis/build/drone_controller_vrep -- -j16 -l16
