[0.091s] Invoking command in '/home/zain/Projects/MasterThesis/build/drone_controller_vrep': CMAKE_PREFIX_PATH=/opt/ros/humble CONDA_PROMPT_MODIFIER=(MasterThesis) /usr/local/bin/cmake --build /home/zain/Projects/MasterThesis/build/drone_controller_vrep -- -j16 -l16
[0.129s] [ 33%] [32mBuilding CXX object CMakeFiles/controller.dir/src/drone_feedback_controller.cpp.o[0m
[0.131s] [ 66%] [32mBuilding CXX object CMakeFiles/controller.dir/src/OIAC.cpp.o[0m
[0.137s] In file included from [01m[K/home/zain/Projects/MasterThesis/src/drone_controller_vrep/src/drone_feedback_controller.cpp:1[m[K:
[0.137s] [01m[K/home/zain/Projects/MasterThesis/src/drone_controller_vrep/include/drone_controller_vrep/drone_feedback_controller.hpp:1:10:[m[K [01;31m[Kfatal error: [m[Kboost/chrono: No such file or directory
[0.137s]     1 | #include [01;31m[K<boost/chrono>[m[K
[0.137s]       |          [01;31m[K^~~~~~~~~~~~~~[m[K
[0.138s] compilation terminated.
[0.138s] gmake[2]: *** [CMakeFiles/controller.dir/build.make:76: CMakeFiles/controller.dir/src/drone_feedback_controller.cpp.o] Error 1
[0.138s] gmake[2]: *** Waiting for unfinished jobs....
[1.195s] In file included from [01m[K/home/zain/Projects/MasterThesis/src/drone_controller_vrep/src/OIAC.cpp:1[m[K:
[1.195s] [01m[K/home/zain/Projects/MasterThesis/src/drone_controller_vrep/include/drone_controller_vrep/OIAC.hpp:30:54:[m[K [01;31m[Kerror: [m[Kexpected â€˜[01m[K;[m[Kâ€™ at end of member declaration
[1.195s]    30 |         void set_lower_and_upper_bound(double, double[01;31m[K)[m[K
[1.195s]       |                                                      [01;31m[K^[m[K
[1.196s]       |                                                       [32m[K;[m[K
[1.196s] [01m[K/home/zain/Projects/MasterThesis/src/drone_controller_vrep/src/OIAC.cpp:[m[K In constructor â€˜[01m[KOIAC::OIAC(double, double, double)[m[Kâ€™:
[1.196s] [01m[K/home/zain/Projects/MasterThesis/src/drone_controller_vrep/src/OIAC.cpp:9:21:[m[K [01;31m[Kerror: [m[Kcannot convert â€˜[01m[Kdouble[m[Kâ€™ to â€˜[01m[Kboost::numeric::ublas::vector<double>[m[Kâ€™
[1.196s]     9 |     set_feedforward([01;31m[K0.0[m[K);
[1.196s]       |                     [01;31m[K^~~[m[K
[1.196s]       |                     [01;31m[K|[m[K
[1.197s]       |                     [01;31m[Kdouble[m[K
[1.197s] In file included from [01m[K/home/zain/Projects/MasterThesis/src/drone_controller_vrep/src/OIAC.cpp:1[m[K:
[1.197s] [01m[K/home/zain/Projects/MasterThesis/src/drone_controller_vrep/include/drone_controller_vrep/OIAC.hpp:29:30:[m[K [01;36m[Knote: [m[K  initializing argument 1 of â€˜[01m[Kvoid OIAC::set_feedforward(boost::numeric::ublas::vector<double>)[m[Kâ€™
[1.197s]    29 |         void set_feedforward([01;36m[Kublas::vector<double>[m[K);
[1.197s]       |                              [01;36m[K^~~~~~~~~~~~~~~~~~~~~[m[K
[1.204s] [01m[K/home/zain/Projects/MasterThesis/src/drone_controller_vrep/src/OIAC.cpp:[m[K In constructor â€˜[01m[KOIAC::OIAC(double, double, double, double, double)[m[Kâ€™:
[1.204s] [01m[K/home/zain/Projects/MasterThesis/src/drone_controller_vrep/src/OIAC.cpp:27:21:[m[K [01;31m[Kerror: [m[Kâ€˜[01m[Kfeedforward[m[Kâ€™ was not declared in this scope; did you mean â€˜[01m[K_feedforward[m[Kâ€™?
[1.204s]    27 |     set_feedforward([01;31m[Kfeedforward[m[K);
[1.204s]       |                     [01;31m[K^~~~~~~~~~~[m[K
[1.205s]       |                     [32m[K_feedforward[m[K
[1.209s] [01m[K/home/zain/Projects/MasterThesis/src/drone_controller_vrep/src/OIAC.cpp:[m[K In member function â€˜[01m[Kboost::numeric::ublas::vector<double> OIAC::calculate_gamma(boost::numeric::ublas::vector<double>)[m[Kâ€™:
[1.209s] [01m[K/home/zain/Projects/MasterThesis/src/drone_controller_vrep/src/OIAC.cpp:63:35:[m[K [01;31m[Kerror: [m[Kno matching function for call to â€˜[01m[Kpow(boost::numeric::ublas::vector_scalar_unary_traits<boost::numeric::ublas::vector<double>, boost::numeric::ublas::vector_norm_2<boost::numeric::ublas::vector<double> > >::result_type)[m[Kâ€™
[1.209s]    63 |     return _a / (1 + _b * [01;31m[Kstd::pow(ublas::norm_2(epsilon))[m[K, 2));
[1.209s]       |                           [01;31m[K~~~~~~~~^~~~~~~~~~~~~~~~~~~~~~~~[m[K
[1.209s] In file included from [01m[K/usr/include/c++/11/complex:44[m[K,
[1.209s]                  from [01m[K/opt/anaconda3/envs/MasterThesis/include/boost/numeric/ublas/traits.hpp:17[m[K,
[1.210s]                  from [01m[K/opt/anaconda3/envs/MasterThesis/include/boost/numeric/ublas/storage.hpp:27[m[K,
[1.210s]                  from [01m[K/opt/anaconda3/envs/MasterThesis/include/boost/numeric/ublas/vector.hpp:21[m[K,
[1.210s]                  from [01m[K/home/zain/Projects/MasterThesis/src/drone_controller_vrep/include/drone_controller_vrep/OIAC.hpp:2[m[K,
[1.210s]                  from [01m[K/home/zain/Projects/MasterThesis/src/drone_controller_vrep/src/OIAC.cpp:1[m[K:
[1.210s] [01m[K/usr/include/c++/11/cmath:415:5:[m[K [01;36m[Knote: [m[Kcandidate: â€˜[01m[Ktemplate<class _Tp, class _Up> constexpr typename __gnu_cxx::__promote_2<_Tp, _Up>::__type std::pow(_Tp, _Up)[m[Kâ€™
[1.210s]   415 |     [01;36m[Kpow[m[K(_Tp __x, _Up __y)
[1.210s]       |     [01;36m[K^~~[m[K
[1.210s] [01m[K/usr/include/c++/11/cmath:415:5:[m[K [01;36m[Knote: [m[K  template argument deduction/substitution failed:
[1.210s] [01m[K/home/zain/Projects/MasterThesis/src/drone_controller_vrep/src/OIAC.cpp:63:35:[m[K [01;36m[Knote: [m[K  candidate expects 2 arguments, 1 provided
[1.210s]    63 |     return _a / (1 + _b * [01;36m[Kstd::pow(ublas::norm_2(epsilon))[m[K, 2));
[1.211s]       |                           [01;36m[K~~~~~~~~^~~~~~~~~~~~~~~~~~~~~~~~[m[K
[1.211s] In file included from [01m[K/opt/anaconda3/envs/MasterThesis/include/boost/numeric/ublas/traits.hpp:17[m[K,
[1.211s]                  from [01m[K/opt/anaconda3/envs/MasterThesis/include/boost/numeric/ublas/storage.hpp:27[m[K,
[1.212s]                  from [01m[K/opt/anaconda3/envs/MasterThesis/include/boost/numeric/ublas/vector.hpp:21[m[K,
[1.212s]                  from [01m[K/home/zain/Projects/MasterThesis/src/drone_controller_vrep/include/drone_controller_vrep/OIAC.hpp:2[m[K,
[1.212s]                  from [01m[K/home/zain/Projects/MasterThesis/src/drone_controller_vrep/src/OIAC.cpp:1[m[K:
[1.212s] [01m[K/usr/include/c++/11/complex:1019:5:[m[K [01;36m[Knote: [m[Kcandidate: â€˜[01m[Ktemplate<class _Tp> std::complex<_Tp> std::pow(const std::complex<_Tp>&, int)[m[Kâ€™
[1.212s]  1019 |     [01;36m[Kpow[m[K(const complex<_Tp>& __z, int __n)
[1.212s]       |     [01;36m[K^~~[m[K
[1.212s] [01m[K/usr/include/c++/11/complex:1019:5:[m[K [01;36m[Knote: [m[K  template argument deduction/substitution failed:
[1.213s] [01m[K/home/zain/Projects/MasterThesis/src/drone_controller_vrep/src/OIAC.cpp:63:35:[m[K [01;36m[Knote: [m[K  mismatched types â€˜[01m[Kconst std::complex<_Tp>[m[Kâ€™ and â€˜[01m[Kboost::numeric::ublas::vector_scalar_unary_traits<boost::numeric::ublas::vector<double>, boost::numeric::ublas::vector_norm_2<boost::numeric::ublas::vector<double> > >::result_type[m[Kâ€™ {aka â€˜[01m[Kdouble[m[Kâ€™}
[1.213s]    63 |     return _a / (1 + _b * [01;36m[Kstd::pow(ublas::norm_2(epsilon))[m[K, 2));
[1.213s]       |                           [01;36m[K~~~~~~~~^~~~~~~~~~~~~~~~~~~~~~~~[m[K
[1.213s] In file included from [01m[K/opt/anaconda3/envs/MasterThesis/include/boost/numeric/ublas/traits.hpp:17[m[K,
[1.213s]                  from [01m[K/opt/anaconda3/envs/MasterThesis/include/boost/numeric/ublas/storage.hpp:27[m[K,
[1.214s]                  from [01m[K/opt/anaconda3/envs/MasterThesis/include/boost/numeric/ublas/vector.hpp:21[m[K,
[1.214s]                  from [01m[K/home/zain/Projects/MasterThesis/src/drone_controller_vrep/include/drone_controller_vrep/OIAC.hpp:2[m[K,
[1.214s]                  from [01m[K/home/zain/Projects/MasterThesis/src/drone_controller_vrep/src/OIAC.cpp:1[m[K:
[1.214s] [01m[K/usr/include/c++/11/complex:1028:5:[m[K [01;36m[Knote: [m[Kcandidate: â€˜[01m[Ktemplate<class _Tp> std::complex<_Tp> std::pow(const std::complex<_Tp>&, const _Tp&)[m[Kâ€™
[1.214s]  1028 |     [01;36m[Kpow[m[K(const complex<_Tp>& __x, const _Tp& __y)
[1.214s]       |     [01;36m[K^~~[m[K
[1.215s] [01m[K/usr/include/c++/11/complex:1028:5:[m[K [01;36m[Knote: [m[K  template argument deduction/substitution failed:
[1.215s] [01m[K/home/zain/Projects/MasterThesis/src/drone_controller_vrep/src/OIAC.cpp:63:35:[m[K [01;36m[Knote: [m[K  mismatched types â€˜[01m[Kconst std::complex<_Tp>[m[Kâ€™ and â€˜[01m[Kboost::numeric::ublas::vector_scalar_unary_traits<boost::numeric::ublas::vector<double>, boost::numeric::ublas::vector_norm_2<boost::numeric::ublas::vector<double> > >::result_type[m[Kâ€™ {aka â€˜[01m[Kdouble[m[Kâ€™}
[1.215s]    63 |     return _a / (1 + _b * [01;36m[Kstd::pow(ublas::norm_2(epsilon))[m[K, 2));
[1.215s]       |                           [01;36m[K~~~~~~~~^~~~~~~~~~~~~~~~~~~~~~~~[m[K
[1.215s] In file included from [01m[K/opt/anaconda3/envs/MasterThesis/include/boost/numeric/ublas/traits.hpp:17[m[K,
[1.215s]                  from [01m[K/opt/anaconda3/envs/MasterThesis/include/boost/numeric/ublas/storage.hpp:27[m[K,
[1.215s]                  from [01m[K/opt/anaconda3/envs/MasterThesis/include/boost/numeric/ublas/vector.hpp:21[m[K,
[1.215s]                  from [01m[K/home/zain/Projects/MasterThesis/src/drone_controller_vrep/include/drone_controller_vrep/OIAC.hpp:2[m[K,
[1.215s]                  from [01m[K/home/zain/Projects/MasterThesis/src/drone_controller_vrep/src/OIAC.cpp:1[m[K:
[1.215s] [01m[K/usr/include/c++/11/complex:1062:5:[m[K [01;36m[Knote: [m[Kcandidate: â€˜[01m[Ktemplate<class _Tp> std::complex<_Tp> std::pow(const std::complex<_Tp>&, const std::complex<_Tp>&)[m[Kâ€™
[1.215s]  1062 |     [01;36m[Kpow[m[K(const complex<_Tp>& __x, const complex<_Tp>& __y)
[1.215s]       |     [01;36m[K^~~[m[K
[1.215s] [01m[K/usr/include/c++/11/complex:1062:5:[m[K [01;36m[Knote: [m[K  template argument deduction/substitution failed:
[1.215s] [01m[K/home/zain/Projects/MasterThesis/src/drone_controller_vrep/src/OIAC.cpp:63:35:[m[K [01;36m[Knote: [m[K  mismatched types â€˜[01m[Kconst std::complex<_Tp>[m[Kâ€™ and â€˜[01m[Kboost::numeric::ublas::vector_scalar_unary_traits<boost::numeric::ublas::vector<double>, boost::numeric::ublas::vector_norm_2<boost::numeric::ublas::vector<double> > >::result_type[m[Kâ€™ {aka â€˜[01m[Kdouble[m[Kâ€™}
[1.216s]    63 |     return _a / (1 + _b * [01;36m[Kstd::pow(ublas::norm_2(epsilon))[m[K, 2));
[1.216s]       |                           [01;36m[K~~~~~~~~^~~~~~~~~~~~~~~~~~~~~~~~[m[K
[1.216s] In file included from [01m[K/opt/anaconda3/envs/MasterThesis/include/boost/numeric/ublas/traits.hpp:17[m[K,
[1.216s]                  from [01m[K/opt/anaconda3/envs/MasterThesis/include/boost/numeric/ublas/storage.hpp:27[m[K,
[1.216s]                  from [01m[K/opt/anaconda3/envs/MasterThesis/include/boost/numeric/ublas/vector.hpp:21[m[K,
[1.216s]                  from [01m[K/home/zain/Projects/MasterThesis/src/drone_controller_vrep/include/drone_controller_vrep/OIAC.hpp:2[m[K,
[1.216s]                  from [01m[K/home/zain/Projects/MasterThesis/src/drone_controller_vrep/src/OIAC.cpp:1[m[K:
[1.216s] [01m[K/usr/include/c++/11/complex:1073:5:[m[K [01;36m[Knote: [m[Kcandidate: â€˜[01m[Ktemplate<class _Tp> std::complex<_Tp> std::pow(const _Tp&, const std::complex<_Tp>&)[m[Kâ€™
[1.216s]  1073 |     [01;36m[Kpow[m[K(const _Tp& __x, const complex<_Tp>& __y)
[1.216s]       |     [01;36m[K^~~[m[K
[1.216s] [01m[K/usr/include/c++/11/complex:1073:5:[m[K [01;36m[Knote: [m[K  template argument deduction/substitution failed:
[1.216s] [01m[K/home/zain/Projects/MasterThesis/src/drone_controller_vrep/src/OIAC.cpp:63:35:[m[K [01;36m[Knote: [m[K  candidate expects 2 arguments, 1 provided
[1.216s]    63 |     return _a / (1 + _b * [01;36m[Kstd::pow(ublas::norm_2(epsilon))[m[K, 2));
[1.216s]       |                           [01;36m[K~~~~~~~~^~~~~~~~~~~~~~~~~~~~~~~~[m[K
[1.216s] In file included from [01m[K/opt/anaconda3/envs/MasterThesis/include/boost/numeric/ublas/traits.hpp:17[m[K,
[1.216s]                  from [01m[K/opt/anaconda3/envs/MasterThesis/include/boost/numeric/ublas/storage.hpp:27[m[K,
[1.217s]                  from [01m[K/opt/anaconda3/envs/MasterThesis/include/boost/numeric/ublas/vector.hpp:21[m[K,
[1.217s]                  from [01m[K/home/zain/Projects/MasterThesis/src/drone_controller_vrep/include/drone_controller_vrep/OIAC.hpp:2[m[K,
[1.217s]                  from [01m[K/home/zain/Projects/MasterThesis/src/drone_controller_vrep/src/OIAC.cpp:1[m[K:
[1.217s] [01m[K/usr/include/c++/11/complex:1883:5:[m[K [01;36m[Knote: [m[Kcandidate: â€˜[01m[Ktemplate<class _Tp, class _Up> std::complex<typename __gnu_cxx::__promote_2<_Tp, _Up>::__type> std::pow(const std::complex<_Tp>&, const _Up&)[m[Kâ€™
[1.217s]  1883 |     [01;36m[Kpow[m[K(const std::complex<_Tp>& __x, const _Up& __y)
[1.217s]       |     [01;36m[K^~~[m[K
[1.217s] [01m[K/usr/include/c++/11/complex:1883:5:[m[K [01;36m[Knote: [m[K  template argument deduction/substitution failed:
[1.217s] [01m[K/home/zain/Projects/MasterThesis/src/drone_controller_vrep/src/OIAC.cpp:63:35:[m[K [01;36m[Knote: [m[K  mismatched types â€˜[01m[Kconst std::complex<_Tp>[m[Kâ€™ and â€˜[01m[Kboost::numeric::ublas::vector_scalar_unary_traits<boost::numeric::ublas::vector<double>, boost::numeric::ublas::vector_norm_2<boost::numeric::ublas::vector<double> > >::result_type[m[Kâ€™ {aka â€˜[01m[Kdouble[m[Kâ€™}
[1.217s]    63 |     return _a / (1 + _b * [01;36m[Kstd::pow(ublas::norm_2(epsilon))[m[K, 2));
[1.217s]       |                           [01;36m[K~~~~~~~~^~~~~~~~~~~~~~~~~~~~~~~~[m[K
[1.217s] In file included from [01m[K/opt/anaconda3/envs/MasterThesis/include/boost/numeric/ublas/traits.hpp:17[m[K,
[1.217s]                  from [01m[K/opt/anaconda3/envs/MasterThesis/include/boost/numeric/ublas/storage.hpp:27[m[K,
[1.217s]                  from [01m[K/opt/anaconda3/envs/MasterThesis/include/boost/numeric/ublas/vector.hpp:21[m[K,
[1.217s]                  from [01m[K/home/zain/Projects/MasterThesis/src/drone_controller_vrep/include/drone_controller_vrep/OIAC.hpp:2[m[K,
[1.217s]                  from [01m[K/home/zain/Projects/MasterThesis/src/drone_controller_vrep/src/OIAC.cpp:1[m[K:
[1.217s] [01m[K/usr/include/c++/11/complex:1891:5:[m[K [01;36m[Knote: [m[Kcandidate: â€˜[01m[Ktemplate<class _Tp, class _Up> std::complex<typename __gnu_cxx::__promote_2<_Tp, _Up>::__type> std::pow(const _Tp&, const std::complex<_Up>&)[m[Kâ€™
[1.217s]  1891 |     [01;36m[Kpow[m[K(const _Tp& __x, const std::complex<_Up>& __y)
[1.218s]       |     [01;36m[K^~~[m[K
[1.218s] [01m[K/usr/include/c++/11/complex:1891:5:[m[K [01;36m[Knote: [m[K  template argument deduction/substitution failed:
[1.218s] [01m[K/home/zain/Projects/MasterThesis/src/drone_controller_vrep/src/OIAC.cpp:63:35:[m[K [01;36m[Knote: [m[K  candidate expects 2 arguments, 1 provided
[1.218s]    63 |     return _a / (1 + _b * [01;36m[Kstd::pow(ublas::norm_2(epsilon))[m[K, 2));
[1.218s]       |                           [01;36m[K~~~~~~~~^~~~~~~~~~~~~~~~~~~~~~~~[m[K
[1.218s] In file included from [01m[K/opt/anaconda3/envs/MasterThesis/include/boost/numeric/ublas/traits.hpp:17[m[K,
[1.218s]                  from [01m[K/opt/anaconda3/envs/MasterThesis/include/boost/numeric/ublas/storage.hpp:27[m[K,
[1.218s]                  from [01m[K/opt/anaconda3/envs/MasterThesis/include/boost/numeric/ublas/vector.hpp:21[m[K,
[1.218s]                  from [01m[K/home/zain/Projects/MasterThesis/src/drone_controller_vrep/include/drone_controller_vrep/OIAC.hpp:2[m[K,
[1.218s]                  from [01m[K/home/zain/Projects/MasterThesis/src/drone_controller_vrep/src/OIAC.cpp:1[m[K:
[1.218s] [01m[K/usr/include/c++/11/complex:1899:5:[m[K [01;36m[Knote: [m[Kcandidate: â€˜[01m[Ktemplate<class _Tp, class _Up> std::complex<typename __gnu_cxx::__promote_2<_Tp, _Up>::__type> std::pow(const std::complex<_Tp>&, const std::complex<_Up>&)[m[Kâ€™
[1.218s]  1899 |     [01;36m[Kpow[m[K(const std::complex<_Tp>& __x, const std::complex<_Up>& __y)
[1.218s]       |     [01;36m[K^~~[m[K
[1.218s] [01m[K/usr/include/c++/11/complex:1899:5:[m[K [01;36m[Knote: [m[K  template argument deduction/substitution failed:
[1.218s] [01m[K/home/zain/Projects/MasterThesis/src/drone_controller_vrep/src/OIAC.cpp:63:35:[m[K [01;36m[Knote: [m[K  mismatched types â€˜[01m[Kconst std::complex<_Tp>[m[Kâ€™ and â€˜[01m[Kboost::numeric::ublas::vector_scalar_unary_traits<boost::numeric::ublas::vector<double>, boost::numeric::ublas::vector_norm_2<boost::numeric::ublas::vector<double> > >::result_type[m[Kâ€™ {aka â€˜[01m[Kdouble[m[Kâ€™}
[1.218s]    63 |     return _a / (1 + _b * [01;36m[Kstd::pow(ublas::norm_2(epsilon))[m[K, 2));
[1.219s]       |                           [01;36m[K~~~~~~~~^~~~~~~~~~~~~~~~~~~~~~~~[m[K
[1.219s] In file included from [01m[K/usr/include/features.h:486[m[K,
[1.219s]                  from [01m[K/usr/include/x86_64-linux-gnu/c++/11/bits/os_defines.h:39[m[K,
[1.219s]                  from [01m[K/usr/include/x86_64-linux-gnu/c++/11/bits/c++config.h:586[m[K,
[1.219s]                  from [01m[K/usr/include/c++/11/cstddef:49[m[K,
[1.219s]                  from [01m[K/opt/anaconda3/envs/MasterThesis/include/boost/config/compiler/gcc.hpp:165[m[K,
[1.219s]                  from [01m[K/opt/anaconda3/envs/MasterThesis/include/boost/config.hpp:39[m[K,
[1.219s]                  from [01m[K/opt/anaconda3/envs/MasterThesis/include/boost/numeric/ublas/vector.hpp:20[m[K,
[1.219s]                  from [01m[K/home/zain/Projects/MasterThesis/src/drone_controller_vrep/include/drone_controller_vrep/OIAC.hpp:2[m[K,
[1.219s]                  from [01m[K/home/zain/Projects/MasterThesis/src/drone_controller_vrep/src/OIAC.cpp:1[m[K:
[1.219s] [01m[K/usr/include/x86_64-linux-gnu/bits/mathcalls.h:140:1:[m[K [01;36m[Knote: [m[Kcandidate: â€˜[01m[Kdouble pow(double, double)[m[Kâ€™
[1.219s]   140 | [01;36m[K__MATHCALL_VEC[m[K (pow,, (_Mdouble_ __x, _Mdouble_ __y));
[1.219s]       | [01;36m[K^~~~~~~~~~~~~~[m[K
[1.219s] [01m[K/usr/include/x86_64-linux-gnu/bits/mathcalls.h:140:1:[m[K [01;36m[Knote: [m[K  candidate expects 2 arguments, 1 provided
[1.219s] In file included from [01m[K/usr/include/c++/11/complex:44[m[K,
[1.219s]                  from [01m[K/opt/anaconda3/envs/MasterThesis/include/boost/numeric/ublas/traits.hpp:17[m[K,
[1.219s]                  from [01m[K/opt/anaconda3/envs/MasterThesis/include/boost/numeric/ublas/storage.hpp:27[m[K,
[1.220s]                  from [01m[K/opt/anaconda3/envs/MasterThesis/include/boost/numeric/ublas/vector.hpp:21[m[K,
[1.220s]                  from [01m[K/home/zain/Projects/MasterThesis/src/drone_controller_vrep/include/drone_controller_vrep/OIAC.hpp:2[m[K,
[1.220s]                  from [01m[K/home/zain/Projects/MasterThesis/src/drone_controller_vrep/src/OIAC.cpp:1[m[K:
[1.220s] [01m[K/usr/include/c++/11/cmath:388:3:[m[K [01;36m[Knote: [m[Kcandidate: â€˜[01m[Kconstexpr float std::pow(float, float)[m[Kâ€™
[1.220s]   388 |   [01;36m[Kpow[m[K(float __x, float __y)
[1.220s]       |   [01;36m[K^~~[m[K
[1.220s] [01m[K/usr/include/c++/11/cmath:388:3:[m[K [01;36m[Knote: [m[K  candidate expects 2 arguments, 1 provided
[1.220s] [01m[K/usr/include/c++/11/cmath:392:3:[m[K [01;36m[Knote: [m[Kcandidate: â€˜[01m[Kconstexpr long double std::pow(long double, long double)[m[Kâ€™
[1.220s]   392 |   [01;36m[Kpow[m[K(long double __x, long double __y)
[1.220s]       |   [01;36m[K^~~[m[K
[1.220s] [01m[K/usr/include/c++/11/cmath:392:3:[m[K [01;36m[Knote: [m[K  candidate expects 2 arguments, 1 provided
[1.220s] [01m[K/home/zain/Projects/MasterThesis/src/drone_controller_vrep/src/OIAC.cpp:63:63:[m[K [01;31m[Kerror: [m[Kexpected â€˜[01m[K;[m[Kâ€™ before â€˜[01m[K)[m[Kâ€™ token
[1.220s]    63 |     return _a / (1 + _b * std::pow(ublas::norm_2(epsilon)), 2)[01;31m[K)[m[K;
[1.221s]       |                                                               [01;31m[K^[m[K
[1.221s]       |                                                               [32m[K;[m[K
[1.221s] [01m[K/home/zain/Projects/MasterThesis/src/drone_controller_vrep/src/OIAC.cpp:63:63:[m[K [01;31m[Kerror: [m[Kexpected primary-expression before â€˜[01m[K)[m[Kâ€™ token
[1.221s] [01m[K/home/zain/Projects/MasterThesis/src/drone_controller_vrep/src/OIAC.cpp:[m[K In member function â€˜[01m[Kboost::numeric::ublas::vector<double> OIAC::calculate_F(boost::numeric::ublas::vector<double>, boost::numeric::ublas::vector<double>)[m[Kâ€™:
[1.221s] [01m[K/home/zain/Projects/MasterThesis/src/drone_controller_vrep/src/OIAC.cpp:67:20:[m[K [01;31m[Kerror: [m[Kno match for â€˜[01m[Koperator/[m[Kâ€™ (operand types are â€˜[01m[Kboost::numeric::ublas::vector<double>[m[Kâ€™ and â€˜[01m[Kboost::numeric::ublas::vector<double>[m[Kâ€™)
[1.221s]    67 |     return [32m[Kepsilon[m[K [01;31m[K/[m[K [34m[Kgamma[m[K;
[1.221s]       |            [32m[K~~~~~~~[m[K [01;31m[K^[m[K [34m[K~~~~~[m[K
[1.221s]       |            [32m[K|[m[K         [34m[K|[m[K
[1.221s]       |            [32m[K|[m[K         [34m[Kvector<[...]>[m[K
[1.221s]       |            [32m[Kvector<[...]>[m[K
[1.221s] In file included from [01m[K/opt/anaconda3/envs/MasterThesis/include/boost/numeric/ublas/traits.hpp:17[m[K,
[1.221s]                  from [01m[K/opt/anaconda3/envs/MasterThesis/include/boost/numeric/ublas/storage.hpp:27[m[K,
[1.222s]                  from [01m[K/opt/anaconda3/envs/MasterThesis/include/boost/numeric/ublas/vector.hpp:21[m[K,
[1.222s]                  from [01m[K/home/zain/Projects/MasterThesis/src/drone_controller_vrep/include/drone_controller_vrep/OIAC.hpp:2[m[K,
[1.222s]                  from [01m[K/home/zain/Projects/MasterThesis/src/drone_controller_vrep/src/OIAC.cpp:1[m[K:
[1.222s] [01m[K/usr/include/c++/11/complex:422:5:[m[K [01;36m[Knote: [m[Kcandidate: â€˜[01m[Ktemplate<class _Tp> std::complex<_Tp> std::operator/(const std::complex<_Tp>&, const std::complex<_Tp>&)[m[Kâ€™
[1.222s]   422 |     [01;36m[Koperator[m[K/(const complex<_Tp>& __x, const complex<_Tp>& __y)
[1.222s]       |     [01;36m[K^~~~~~~~[m[K
[1.222s] [01m[K/usr/include/c++/11/complex:422:5:[m[K [01;36m[Knote: [m[K  template argument deduction/substitution failed:
[1.222s] [01m[K/home/zain/Projects/MasterThesis/src/drone_controller_vrep/src/OIAC.cpp:67:22:[m[K [01;36m[Knote: [m[K  â€˜[01m[Kboost::numeric::ublas::vector<double>[m[Kâ€™ is not derived from â€˜[01m[Kconst std::complex<_Tp>[m[Kâ€™
[1.222s]    67 |     return epsilon / [01;36m[Kgamma[m[K;
[1.222s]       |                      [01;36m[K^~~~~[m[K
[1.222s] In file included from [01m[K/opt/anaconda3/envs/MasterThesis/include/boost/numeric/ublas/traits.hpp:17[m[K,
[1.222s]                  from [01m[K/opt/anaconda3/envs/MasterThesis/include/boost/numeric/ublas/storage.hpp:27[m[K,
[1.222s]                  from [01m[K/opt/anaconda3/envs/MasterThesis/include/boost/numeric/ublas/vector.hpp:21[m[K,
[1.222s]                  from [01m[K/home/zain/Projects/MasterThesis/src/drone_controller_vrep/include/drone_controller_vrep/OIAC.hpp:2[m[K,
[1.222s]                  from [01m[K/home/zain/Projects/MasterThesis/src/drone_controller_vrep/src/OIAC.cpp:1[m[K:
[1.223s] [01m[K/usr/include/c++/11/complex:431:5:[m[K [01;36m[Knote: [m[Kcandidate: â€˜[01m[Ktemplate<class _Tp> std::complex<_Tp> std::operator/(const std::complex<_Tp>&, const _Tp&)[m[Kâ€™
[1.223s]   431 |     [01;36m[Koperator[m[K/(const complex<_Tp>& __x, const _Tp& __y)
[1.223s]       |     [01;36m[K^~~~~~~~[m[K
[1.223s] [01m[K/usr/include/c++/11/complex:431:5:[m[K [01;36m[Knote: [m[K  template argument deduction/substitution failed:
[1.223s] [01m[K/home/zain/Projects/MasterThesis/src/drone_controller_vrep/src/OIAC.cpp:67:22:[m[K [01;36m[Knote: [m[K  â€˜[01m[Kboost::numeric::ublas::vector<double>[m[Kâ€™ is not derived from â€˜[01m[Kconst std::complex<_Tp>[m[Kâ€™
[1.223s]    67 |     return epsilon / [01;36m[Kgamma[m[K;
[1.223s]       |                      [01;36m[K^~~~~[m[K
[1.223s] In file included from [01m[K/opt/anaconda3/envs/MasterThesis/include/boost/numeric/ublas/traits.hpp:17[m[K,
[1.223s]                  from [01m[K/opt/anaconda3/envs/MasterThesis/include/boost/numeric/ublas/storage.hpp:27[m[K,
[1.223s]                  from [01m[K/opt/anaconda3/envs/MasterThesis/include/boost/numeric/ublas/vector.hpp:21[m[K,
[1.223s]                  from [01m[K/home/zain/Projects/MasterThesis/src/drone_controller_vrep/include/drone_controller_vrep/OIAC.hpp:2[m[K,
[1.224s]                  from [01m[K/home/zain/Projects/MasterThesis/src/drone_controller_vrep/src/OIAC.cpp:1[m[K:
[1.224s] [01m[K/usr/include/c++/11/complex:440:5:[m[K [01;36m[Knote: [m[Kcandidate: â€˜[01m[Ktemplate<class _Tp> std::complex<_Tp> std::operator/(const _Tp&, const std::complex<_Tp>&)[m[Kâ€™
[1.224s]   440 |     [01;36m[Koperator[m[K/(const _Tp& __x, const complex<_Tp>& __y)
[1.224s]       |     [01;36m[K^~~~~~~~[m[K
[1.224s] [01m[K/usr/include/c++/11/complex:440:5:[m[K [01;36m[Knote: [m[K  template argument deduction/substitution failed:
[1.224s] [01m[K/home/zain/Projects/MasterThesis/src/drone_controller_vrep/src/OIAC.cpp:67:22:[m[K [01;36m[Knote: [m[K  â€˜[01m[Kboost::numeric::ublas::vector<double>[m[Kâ€™ is not derived from â€˜[01m[Kconst std::complex<_Tp>[m[Kâ€™
[1.224s]    67 |     return epsilon / [01;36m[Kgamma[m[K;
[1.224s]       |                      [01;36m[K^~~~~[m[K
[1.224s] In file included from [01m[K/opt/anaconda3/envs/MasterThesis/include/boost/numeric/ublas/storage.hpp:27[m[K,
[1.224s]                  from [01m[K/opt/anaconda3/envs/MasterThesis/include/boost/numeric/ublas/vector.hpp:21[m[K,
[1.224s]                  from [01m[K/home/zain/Projects/MasterThesis/src/drone_controller_vrep/include/drone_controller_vrep/OIAC.hpp:2[m[K,
[1.224s]                  from [01m[K/home/zain/Projects/MasterThesis/src/drone_controller_vrep/src/OIAC.cpp:1[m[K:
[1.224s] [01m[K/opt/anaconda3/envs/MasterThesis/include/boost/numeric/ublas/traits.hpp:137:38:[m[K [01;36m[Knote: [m[Kcandidate: â€˜[01m[Ktemplate<class R, class I> typename boost::enable_if<boost::mpl::and_<boost::is_float<R>, boost::is_integral<I> >, std::complex<_Tp> >::type boost::numeric::ublas::operator/(I, const std::complex<_Tp>&)[m[Kâ€™
[1.224s]   137 |       std::complex<R> >::type inline [01;36m[Koperator[m[K/ (I in1, std::complex<R> const& in2) {
[1.225s]       |                                      [01;36m[K^~~~~~~~[m[K
[1.225s] [01m[K/opt/anaconda3/envs/MasterThesis/include/boost/numeric/ublas/traits.hpp:137:38:[m[K [01;36m[Knote: [m[K  template argument deduction/substitution failed:
[1.225s] [01m[K/home/zain/Projects/MasterThesis/src/drone_controller_vrep/src/OIAC.cpp:67:22:[m[K [01;36m[Knote: [m[K  â€˜[01m[Kboost::numeric::ublas::vector<double>[m[Kâ€™ is not derived from â€˜[01m[Kconst std::complex<_Tp>[m[Kâ€™
[1.225s]    67 |     return epsilon / [01;36m[Kgamma[m[K;
[1.225s]       |                      [01;36m[K^~~~~[m[K
[1.225s] In file included from [01m[K/opt/anaconda3/envs/MasterThesis/include/boost/numeric/ublas/storage.hpp:27[m[K,
[1.225s]                  from [01m[K/opt/anaconda3/envs/MasterThesis/include/boost/numeric/ublas/vector.hpp:21[m[K,
[1.225s]                  from [01m[K/home/zain/Projects/MasterThesis/src/drone_controller_vrep/include/drone_controller_vrep/OIAC.hpp:2[m[K,
[1.225s]                  from [01m[K/home/zain/Projects/MasterThesis/src/drone_controller_vrep/src/OIAC.cpp:1[m[K:
[1.225s] [01m[K/opt/anaconda3/envs/MasterThesis/include/boost/numeric/ublas/traits.hpp:147:38:[m[K [01;36m[Knote: [m[Kcandidate: â€˜[01m[Ktemplate<class R, class I> typename boost::enable_if<boost::mpl::and_<boost::is_float<R>, boost::is_integral<I> >, std::complex<_Tp> >::type boost::numeric::ublas::operator/(const std::complex<_Tp>&, I)[m[Kâ€™
[1.226s]   147 |       std::complex<R> >::type inline [01;36m[Koperator[m[K/ (std::complex<R> const& in1, I in2) {
[1.226s]       |                                      [01;36m[K^~~~~~~~[m[K
[1.226s] [01m[K/opt/anaconda3/envs/MasterThesis/include/boost/numeric/ublas/traits.hpp:147:38:[m[K [01;36m[Knote: [m[K  template argument deduction/substitution failed:
[1.226s] [01m[K/home/zain/Projects/MasterThesis/src/drone_controller_vrep/src/OIAC.cpp:67:22:[m[K [01;36m[Knote: [m[K  â€˜[01m[Kboost::numeric::ublas::vector<double>[m[Kâ€™ is not derived from â€˜[01m[Kconst std::complex<_Tp>[m[Kâ€™
[1.226s]    67 |     return epsilon / [01;36m[Kgamma[m[K;
[1.226s]       |                      [01;36m[K^~~~~[m[K
[1.226s] In file included from [01m[K/opt/anaconda3/envs/MasterThesis/include/boost/numeric/ublas/vector.hpp:22[m[K,
[1.226s]                  from [01m[K/home/zain/Projects/MasterThesis/src/drone_controller_vrep/include/drone_controller_vrep/OIAC.hpp:2[m[K,
[1.226s]                  from [01m[K/home/zain/Projects/MasterThesis/src/drone_controller_vrep/src/OIAC.cpp:1[m[K:
[1.226s] [01m[K/opt/anaconda3/envs/MasterThesis/include/boost/numeric/ublas/vector_expression.hpp:1496:5:[m[K [01;36m[Knote: [m[Kcandidate: â€˜[01m[Ktemplate<class E1, class T2> typename boost::enable_if<boost::is_convertible<T2, typename E1::value_type>, typename boost::numeric::ublas::vector_binary_scalar2_traits<E1, const T2, boost::numeric::ublas::scalar_divides<typename E1::value_type, T2> >::result_type>::type boost::numeric::ublas::operator/(const boost::numeric::ublas::vector_expression<E>&, const T2&)[m[Kâ€™
[1.226s]  1496 |     [01;36m[Koperator[m[K / (const vector_expression<E1> &e1,
[1.226s]       |     [01;36m[K^~~~~~~~[m[K
[1.226s] [01m[K/opt/anaconda3/envs/MasterThesis/include/boost/numeric/ublas/vector_expression.hpp:1496:5:[m[K [01;36m[Knote: [m[K  template argument deduction/substitution failed:
[1.226s] /opt/anaconda3/envs/MasterThesis/include/boost/numeric/ublas/vector_expression.hpp: In substitution of â€˜[01m[Ktemplate<class E1, class T2> typename boost::enable_if<boost::is_convertible<T2, typename E1::value_type>, typename boost::numeric::ublas::vector_binary_scalar2_traits<E1, const T2, boost::numeric::ublas::scalar_divides<typename E1::value_type, T2> >::result_type>::type boost::numeric::ublas::operator/(const boost::numeric::ublas::vector_expression<E>&, const T2&) [with E1 = boost::numeric::ublas::vector<double>; T2 = boost::numeric::ublas::vector<double>][m[Kâ€™:
[1.226s] [01m[K/home/zain/Projects/MasterThesis/src/drone_controller_vrep/src/OIAC.cpp:67:22:[m[K   required from here
[1.227s] [01m[K/opt/anaconda3/envs/MasterThesis/include/boost/numeric/ublas/vector_expression.hpp:1496:5:[m[K [01;31m[Kerror: [m[Kno type named â€˜[01m[Ktype[m[Kâ€™ in â€˜[01m[Kstruct boost::enable_if<boost::is_convertible<boost::numeric::ublas::vector<double>, double>, boost::numeric::ublas::vector_binary_scalar2<boost::numeric::ublas::vector<double>, const boost::numeric::ublas::vector<double>, boost::numeric::ublas::scalar_divides<double, boost::numeric::ublas::vector<double> > > >[m[Kâ€™
[1.227s] In file included from [01m[K/opt/anaconda3/envs/MasterThesis/include/boost/numeric/ublas/matrix.hpp:19[m[K,
[1.227s]                  from [01m[K/home/zain/Projects/MasterThesis/src/drone_controller_vrep/include/drone_controller_vrep/OIAC.hpp:3[m[K,
[1.227s]                  from [01m[K/home/zain/Projects/MasterThesis/src/drone_controller_vrep/src/OIAC.cpp:1[m[K:
[1.227s] [01m[K/opt/anaconda3/envs/MasterThesis/include/boost/numeric/ublas/matrix_expression.hpp:4006:1:[m[K [01;36m[Knote: [m[Kcandidate: â€˜[01m[Ktemplate<class E1, class T2> typename boost::enable_if<boost::is_convertible<T2, typename E1::value_type>, typename boost::numeric::ublas::matrix_binary_scalar2_traits<E1, const T2, boost::numeric::ublas::scalar_divides<typename E1::value_type, T2> >::result_type>::type boost::numeric::ublas::operator/(const boost::numeric::ublas::matrix_expression<E>&, const T2&)[m[Kâ€™
[1.227s]  4006 | [01;36m[Koperator[m[K / (const matrix_expression<E1> &e1,
[1.227s]       | [01;36m[K^~~~~~~~[m[K
[1.227s] [01m[K/opt/anaconda3/envs/MasterThesis/include/boost/numeric/ublas/matrix_expression.hpp:4006:1:[m[K [01;36m[Knote: [m[K  template argument deduction/substitution failed:
[1.227s] [01m[K/home/zain/Projects/MasterThesis/src/drone_controller_vrep/src/OIAC.cpp:67:22:[m[K [01;36m[Knote: [m[K  â€˜[01m[Kboost::numeric::ublas::vector<double>[m[Kâ€™ is not derived from â€˜[01m[Kconst boost::numeric::ublas::matrix_expression<E>[m[Kâ€™
[1.227s]    67 |     return epsilon / [01;36m[Kgamma[m[K;
[1.227s]       |                      [01;36m[K^~~~~[m[K
[1.227s] [01m[K/home/zain/Projects/MasterThesis/src/drone_controller_vrep/src/OIAC.cpp:[m[K In member function â€˜[01m[Kboost::numeric::ublas::vector<double> OIAC::calculate_K(boost::numeric::ublas::vector<double>, boost::numeric::ublas::vector<double>)[m[Kâ€™:
[1.227s] [01m[K/home/zain/Projects/MasterThesis/src/drone_controller_vrep/src/OIAC.cpp:71:14:[m[K [01;31m[Kerror: [m[Kno match for â€˜[01m[Koperator*[m[Kâ€™ (operand types are â€˜[01m[Kboost::numeric::ublas::vector<double>[m[Kâ€™ and â€˜[01m[Kboost::numeric::ublas::vector<double>[m[Kâ€™)
[1.227s]    71 |     return [32m[KF[m[K [01;31m[K*[m[K [34m[Ke[m[K;
[1.228s]       |            [32m[K~[m[K [01;31m[K^[m[K [34m[K~[m[K
[1.228s]       |            [32m[K|[m[K   [34m[K|[m[K
[1.228s]       |            [32m[K|[m[K   [34m[Kvector<[...]>[m[K
[1.228s]       |            [32m[Kvector<[...]>[m[K
[1.228s] In file included from [01m[K/opt/anaconda3/envs/MasterThesis/include/boost/numeric/ublas/traits.hpp:17[m[K,
[1.228s]                  from [01m[K/opt/anaconda3/envs/MasterThesis/include/boost/numeric/ublas/storage.hpp:27[m[K,
[1.228s]                  from [01m[K/opt/anaconda3/envs/MasterThesis/include/boost/numeric/ublas/vector.hpp:21[m[K,
[1.228s]                  from [01m[K/home/zain/Projects/MasterThesis/src/drone_controller_vrep/include/drone_controller_vrep/OIAC.hpp:2[m[K,
[1.228s]                  from [01m[K/home/zain/Projects/MasterThesis/src/drone_controller_vrep/src/OIAC.cpp:1[m[K:
[1.228s] [01m[K/usr/include/c++/11/complex:392:5:[m[K [01;36m[Knote: [m[Kcandidate: â€˜[01m[Ktemplate<class _Tp> std::complex<_Tp> std::operator*(const std::complex<_Tp>&, const std::complex<_Tp>&)[m[Kâ€™
[1.228s]   392 |     [01;36m[Koperator[m[K*(const complex<_Tp>& __x, const complex<_Tp>& __y)
[1.228s]       |     [01;36m[K^~~~~~~~[m[K
[1.229s] [01m[K/usr/include/c++/11/complex:392:5:[m[K [01;36m[Knote: [m[K  template argument deduction/substitution failed:
[1.229s] [01m[K/home/zain/Projects/MasterThesis/src/drone_controller_vrep/src/OIAC.cpp:71:16:[m[K [01;36m[Knote: [m[K  â€˜[01m[Kboost::numeric::ublas::vector<double>[m[Kâ€™ is not derived from â€˜[01m[Kconst std::complex<_Tp>[m[Kâ€™
[1.229s]    71 |     return F * [01;36m[Ke[m[K;
[1.229s]       |                [01;36m[K^[m[K
[1.229s] In file included from [01m[K/opt/anaconda3/envs/MasterThesis/include/boost/numeric/ublas/traits.hpp:17[m[K,
[1.229s]                  from [01m[K/opt/anaconda3/envs/MasterThesis/include/boost/numeric/ublas/storage.hpp:27[m[K,
[1.229s]                  from [01m[K/opt/anaconda3/envs/MasterThesis/include/boost/numeric/ublas/vector.hpp:21[m[K,
[1.229s]                  from [01m[K/home/zain/Projects/MasterThesis/src/drone_controller_vrep/include/drone_controller_vrep/OIAC.hpp:2[m[K,
[1.229s]                  from [01m[K/home/zain/Projects/MasterThesis/src/drone_controller_vrep/src/OIAC.cpp:1[m[K:
[1.230s] [01m[K/usr/include/c++/11/complex:401:5:[m[K [01;36m[Knote: [m[Kcandidate: â€˜[01m[Ktemplate<class _Tp> std::complex<_Tp> std::operator*(const std::complex<_Tp>&, const _Tp&)[m[Kâ€™
[1.230s]   401 |     [01;36m[Koperator[m[K*(const complex<_Tp>& __x, const _Tp& __y)
[1.230s]       |     [01;36m[K^~~~~~~~[m[K
[1.230s] [01m[K/usr/include/c++/11/complex:401:5:[m[K [01;36m[Knote: [m[K  template argument deduction/substitution failed:
[1.230s] [01m[K/home/zain/Projects/MasterThesis/src/drone_controller_vrep/src/OIAC.cpp:71:16:[m[K [01;36m[Knote: [m[K  â€˜[01m[Kboost::numeric::ublas::vector<double>[m[Kâ€™ is not derived from â€˜[01m[Kconst std::complex<_Tp>[m[Kâ€™
[1.230s]    71 |     return F * [01;36m[Ke[m[K;
[1.230s]       |                [01;36m[K^[m[K
[1.230s] In file included from [01m[K/opt/anaconda3/envs/MasterThesis/include/boost/numeric/ublas/traits.hpp:17[m[K,
[1.230s]                  from [01m[K/opt/anaconda3/envs/MasterThesis/include/boost/numeric/ublas/storage.hpp:27[m[K,
[1.230s]                  from [01m[K/opt/anaconda3/envs/MasterThesis/include/boost/numeric/ublas/vector.hpp:21[m[K,
[1.230s]                  from [01m[K/home/zain/Projects/MasterThesis/src/drone_controller_vrep/include/drone_controller_vrep/OIAC.hpp:2[m[K,
[1.230s]                  from [01m[K/home/zain/Projects/MasterThesis/src/drone_controller_vrep/src/OIAC.cpp:1[m[K:
[1.231s] [01m[K/usr/include/c++/11/complex:410:5:[m[K [01;36m[Knote: [m[Kcandidate: â€˜[01m[Ktemplate<class _Tp> std::complex<_Tp> std::operator*(const _Tp&, const std::complex<_Tp>&)[m[Kâ€™
[1.231s]   410 |     [01;36m[Koperator[m[K*(const _Tp& __x, const complex<_Tp>& __y)
[1.231s]       |     [01;36m[K^~~~~~~~[m[K
[1.231s] [01m[K/usr/include/c++/11/complex:410:5:[m[K [01;36m[Knote: [m[K  template argument deduction/substitution failed:
[1.231s] [01m[K/home/zain/Projects/MasterThesis/src/drone_controller_vrep/src/OIAC.cpp:71:16:[m[K [01;36m[Knote: [m[K  â€˜[01m[Kboost::numeric::ublas::vector<double>[m[Kâ€™ is not derived from â€˜[01m[Kconst std::complex<_Tp>[m[Kâ€™
[1.231s]    71 |     return F * [01;36m[Ke[m[K;
[1.231s]       |                [01;36m[K^[m[K
[1.231s] In file included from [01m[K/opt/anaconda3/envs/MasterThesis/include/boost/numeric/ublas/storage.hpp:27[m[K,
[1.231s]                  from [01m[K/opt/anaconda3/envs/MasterThesis/include/boost/numeric/ublas/vector.hpp:21[m[K,
[1.231s]                  from [01m[K/home/zain/Projects/MasterThesis/src/drone_controller_vrep/include/drone_controller_vrep/OIAC.hpp:2[m[K,
[1.232s]                  from [01m[K/home/zain/Projects/MasterThesis/src/drone_controller_vrep/src/OIAC.cpp:1[m[K:
[1.232s] [01m[K/opt/anaconda3/envs/MasterThesis/include/boost/numeric/ublas/traits.hpp:117:38:[m[K [01;36m[Knote: [m[Kcandidate: â€˜[01m[Ktemplate<class R, class I> typename boost::enable_if<boost::mpl::and_<boost::is_float<R>, boost::is_integral<I> >, std::complex<_Tp> >::type boost::numeric::ublas::operator*(I, const std::complex<_Tp>&)[m[Kâ€™
[1.232s]   117 |       std::complex<R> >::type inline [01;36m[Koperator[m[K* (I in1, std::complex<R> const& in2) {
[1.232s]       |                                      [01;36m[K^~~~~~~~[m[K
[1.232s] [01m[K/opt/anaconda3/envs/MasterThesis/include/boost/numeric/ublas/traits.hpp:117:38:[m[K [01;36m[Knote: [m[K  template argument deduction/substitution failed:
[1.232s] [01m[K/home/zain/Projects/MasterThesis/src/drone_controller_vrep/src/OIAC.cpp:71:16:[m[K [01;36m[Knote: [m[K  â€˜[01m[Kboost::numeric::ublas::vector<double>[m[Kâ€™ is not derived from â€˜[01m[Kconst std::complex<_Tp>[m[Kâ€™
[1.232s]    71 |     return F * [01;36m[Ke[m[K;
[1.232s]       |                [01;36m[K^[m[K
[1.232s] In file included from [01m[K/opt/anaconda3/envs/MasterThesis/include/boost/numeric/ublas/storage.hpp:27[m[K,
[1.232s]                  from [01m[K/opt/anaconda3/envs/MasterThesis/include/boost/numeric/ublas/vector.hpp:21[m[K,
[1.232s]                  from [01m[K/home/zain/Projects/MasterThesis/src/drone_controller_vrep/include/drone_controller_vrep/OIAC.hpp:2[m[K,
[1.232s]                  from [01m[K/home/zain/Projects/MasterThesis/src/drone_controller_vrep/src/OIAC.cpp:1[m[K:
[1.232s] [01m[K/opt/anaconda3/envs/MasterThesis/include/boost/numeric/ublas/traits.hpp:127:38:[m[K [01;36m[Knote: [m[Kcandidate: â€˜[01m[Ktemplate<class R, class I> typename boost::enable_if<boost::mpl::and_<boost::is_float<R>, boost::is_integral<I> >, std::complex<_Tp> >::type boost::numeric::ublas::operator*(const std::complex<_Tp>&, I)[m[Kâ€™
[1.232s]   127 |       std::complex<R> >::type inline [01;36m[Koperator[m[K* (std::complex<R> const& in1, I in2) {
[1.232s]       |                                      [01;36m[K^~~~~~~~[m[K
[1.233s] [01m[K/opt/anaconda3/envs/MasterThesis/include/boost/numeric/ublas/traits.hpp:127:38:[m[K [01;36m[Knote: [m[K  template argument deduction/substitution failed:
[1.233s] [01m[K/home/zain/Projects/MasterThesis/src/drone_controller_vrep/src/OIAC.cpp:71:16:[m[K [01;36m[Knote: [m[K  â€˜[01m[Kboost::numeric::ublas::vector<double>[m[Kâ€™ is not derived from â€˜[01m[Kconst std::complex<_Tp>[m[Kâ€™
[1.233s]    71 |     return F * [01;36m[Ke[m[K;
[1.233s]       |                [01;36m[K^[m[K
[1.233s] In file included from [01m[K/opt/anaconda3/envs/MasterThesis/include/boost/numeric/ublas/vector.hpp:22[m[K,
[1.233s]                  from [01m[K/home/zain/Projects/MasterThesis/src/drone_controller_vrep/include/drone_controller_vrep/OIAC.hpp:2[m[K,
[1.233s]                  from [01m[K/home/zain/Projects/MasterThesis/src/drone_controller_vrep/src/OIAC.cpp:1[m[K:
[1.233s] [01m[K/opt/anaconda3/envs/MasterThesis/include/boost/numeric/ublas/vector_expression.hpp:1241:5:[m[K [01;36m[Knote: [m[Kcandidate: â€˜[01m[Ktemplate<class T1, class E2> typename boost::enable_if<boost::is_convertible<T1, typename E2::value_type>, typename boost::numeric::ublas::vector_binary_scalar1_traits<const T1, E2, boost::numeric::ublas::scalar_multiplies<T1, typename E2::value_type> >::result_type>::type boost::numeric::ublas::operator*(const T1&, const boost::numeric::ublas::vector_expression<E2>&)[m[Kâ€™
[1.233s]  1241 |     [01;36m[Koperator[m[K * (const T1 &e1,
[1.233s]       |     [01;36m[K^~~~~~~~[m[K
[1.233s] [01m[K/opt/anaconda3/envs/MasterThesis/include/boost/numeric/ublas/vector_expression.hpp:1241:5:[m[K [01;36m[Knote: [m[K  template argument deduction/substitution failed:
[1.233s] /opt/anaconda3/envs/MasterThesis/include/boost/numeric/ublas/vector_expression.hpp: In substitution of â€˜[01m[Ktemplate<class T1, class E2> typename boost::enable_if<boost::is_convertible<T1, typename E2::value_type>, typename boost::numeric::ublas::vector_binary_scalar1_traits<const T1, E2, boost::numeric::ublas::scalar_multiplies<T1, typename E2::value_type> >::result_type>::type boost::numeric::ublas::operator*(const T1&, const boost::numeric::ublas::vector_expression<E2>&) [with T1 = boost::numeric::ublas::vector<double>; E2 = boost::numeric::ublas::vector<double>][m[Kâ€™:
[1.233s] [01m[K/home/zain/Projects/MasterThesis/src/drone_controller_vrep/src/OIAC.cpp:71:16:[m[K   required from here
[1.233s] [01m[K/opt/anaconda3/envs/MasterThesis/include/boost/numeric/ublas/vector_expression.hpp:1241:5:[m[K [01;31m[Kerror: [m[Kno type named â€˜[01m[Ktype[m[Kâ€™ in â€˜[01m[Kstruct boost::enable_if<boost::is_convertible<boost::numeric::ublas::vector<double>, double>, boost::numeric::ublas::vector_binary_scalar1<const boost::numeric::ublas::vector<double>, boost::numeric::ublas::vector<double>, boost::numeric::ublas::scalar_multiplies<boost::numeric::ublas::vector<double>, double> > >[m[Kâ€™
[1.233s] [01m[K/opt/anaconda3/envs/MasterThesis/include/boost/numeric/ublas/vector_expression.hpp:1484:5:[m[K [01;36m[Knote: [m[Kcandidate: â€˜[01m[Ktemplate<class E1, class T2> typename boost::enable_if<boost::is_convertible<T2, typename E1::value_type>, typename boost::numeric::ublas::vector_binary_scalar2_traits<E1, const T2, boost::numeric::ublas::scalar_multiplies<typename E1::value_type, T2> >::result_type>::type boost::numeric::ublas::operator*(const boost::numeric::ublas::vector_expression<E>&, const T2&)[m[Kâ€™
[1.234s]  1484 |     [01;36m[Koperator[m[K * (const vector_expression<E1> &e1,
[1.234s]       |     [01;36m[K^~~~~~~~[m[K
[1.234s] [01m[K/opt/anaconda3/envs/MasterThesis/include/boost/numeric/ublas/vector_expression.hpp:1484:5:[m[K [01;36m[Knote: [m[K  template argument deduction/substitution failed:
[1.234s] /opt/anaconda3/envs/MasterThesis/include/boost/numeric/ublas/vector_expression.hpp: In substitution of â€˜[01m[Ktemplate<class E1, class T2> typename boost::enable_if<boost::is_convertible<T2, typename E1::value_type>, typename boost::numeric::ublas::vector_binary_scalar2_traits<E1, const T2, boost::numeric::ublas::scalar_multiplies<typename E1::value_type, T2> >::result_type>::type boost::numeric::ublas::operator*(const boost::numeric::ublas::vector_expression<E>&, const T2&) [with E1 = boost::numeric::ublas::vector<double>; T2 = boost::numeric::ublas::vector<double>][m[Kâ€™:
[1.234s] [01m[K/home/zain/Projects/MasterThesis/src/drone_controller_vrep/src/OIAC.cpp:71:16:[m[K   required from here
[1.234s] [01m[K/opt/anaconda3/envs/MasterThesis/include/boost/numeric/ublas/vector_expression.hpp:1484:5:[m[K [01;31m[Kerror: [m[Kno type named â€˜[01m[Ktype[m[Kâ€™ in â€˜[01m[Kstruct boost::enable_if<boost::is_convertible<boost::numeric::ublas::vector<double>, double>, boost::numeric::ublas::vector_binary_scalar2<boost::numeric::ublas::vector<double>, const boost::numeric::ublas::vector<double>, boost::numeric::ublas::scalar_multiplies<double, boost::numeric::ublas::vector<double> > > >[m[Kâ€™
[1.234s] In file included from [01m[K/opt/anaconda3/envs/MasterThesis/include/boost/numeric/ublas/matrix.hpp:19[m[K,
[1.234s]                  from [01m[K/home/zain/Projects/MasterThesis/src/drone_controller_vrep/include/drone_controller_vrep/OIAC.hpp:3[m[K,
[1.234s]                  from [01m[K/home/zain/Projects/MasterThesis/src/drone_controller_vrep/src/OIAC.cpp:1[m[K:
[1.234s] [01m[K/opt/anaconda3/envs/MasterThesis/include/boost/numeric/ublas/matrix_expression.hpp:3466:1:[m[K [01;36m[Knote: [m[Kcandidate: â€˜[01m[Ktemplate<class T1, class E2> typename boost::enable_if<boost::is_convertible<T1, typename E2::value_type>, typename boost::numeric::ublas::matrix_binary_scalar1_traits<const T1, E2, boost::numeric::ublas::scalar_multiplies<T1, typename E2::value_type> >::result_type>::type boost::numeric::ublas::operator*(const T1&, const boost::numeric::ublas::matrix_expression<E2>&)[m[Kâ€™
[1.234s]  3466 | [01;36m[Koperator[m[K * (const T1 &e1,
[1.234s]       | [01;36m[K^~~~~~~~[m[K
[1.234s] [01m[K/opt/anaconda3/envs/MasterThesis/include/boost/numeric/ublas/matrix_expression.hpp:3466:1:[m[K [01;36m[Knote: [m[K  template argument deduction/substitution failed:
[1.234s] [01m[K/home/zain/Projects/MasterThesis/src/drone_controller_vrep/src/OIAC.cpp:71:16:[m[K [01;36m[Knote: [m[K  â€˜[01m[Kboost::numeric::ublas::vector<double>[m[Kâ€™ is not derived from â€˜[01m[Kconst boost::numeric::ublas::matrix_expression<E2>[m[Kâ€™
[1.234s]    71 |     return F * [01;36m[Ke[m[K;
[1.235s]       |                [01;36m[K^[m[K
[1.235s] In file included from [01m[K/opt/anaconda3/envs/MasterThesis/include/boost/numeric/ublas/matrix.hpp:19[m[K,
[1.235s]                  from [01m[K/home/zain/Projects/MasterThesis/src/drone_controller_vrep/include/drone_controller_vrep/OIAC.hpp:3[m[K,
[1.235s]                  from [01m[K/home/zain/Projects/MasterThesis/src/drone_controller_vrep/src/OIAC.cpp:1[m[K:
[1.235s] [01m[K/opt/anaconda3/envs/MasterThesis/include/boost/numeric/ublas/matrix_expression.hpp:3994:1:[m[K [01;36m[Knote: [m[Kcandidate: â€˜[01m[Ktemplate<class E1, class T2> typename boost::enable_if<boost::is_convertible<T2, typename E1::value_type>, typename boost::numeric::ublas::matrix_binary_scalar2_traits<E1, const T2, boost::numeric::ublas::scalar_multiplies<typename E1::value_type, T2> >::result_type>::type boost::numeric::ublas::operator*(const boost::numeric::ublas::matrix_expression<E>&, const T2&)[m[Kâ€™
[1.235s]  3994 | [01;36m[Koperator[m[K * (const matrix_expression<E1> &e1,
[1.235s]       | [01;36m[K^~~~~~~~[m[K
[1.235s] [01m[K/opt/anaconda3/envs/MasterThesis/include/boost/numeric/ublas/matrix_expression.hpp:3994:1:[m[K [01;36m[Knote: [m[K  template argument deduction/substitution failed:
[1.235s] [01m[K/home/zain/Projects/MasterThesis/src/drone_controller_vrep/src/OIAC.cpp:71:16:[m[K [01;36m[Knote: [m[K  â€˜[01m[Kboost::numeric::ublas::vector<double>[m[Kâ€™ is not derived from â€˜[01m[Kconst boost::numeric::ublas::matrix_expression<E>[m[Kâ€™
[1.235s]    71 |     return F * [01;36m[Ke[m[K;
[1.235s]       |                [01;36m[K^[m[K
[1.235s] [01m[K/home/zain/Projects/MasterThesis/src/drone_controller_vrep/src/OIAC.cpp:[m[K In member function â€˜[01m[Kboost::numeric::ublas::vector<double> OIAC::calculate_D(boost::numeric::ublas::vector<double>, boost::numeric::ublas::vector<double>)[m[Kâ€™:
[1.236s] [01m[K/home/zain/Projects/MasterThesis/src/drone_controller_vrep/src/OIAC.cpp:75:14:[m[K [01;31m[Kerror: [m[Kno match for â€˜[01m[Koperator*[m[Kâ€™ (operand types are â€˜[01m[Kboost::numeric::ublas::vector<double>[m[Kâ€™ and â€˜[01m[Kboost::numeric::ublas::vector<double>[m[Kâ€™)
[1.236s]    75 |     return [32m[KF[m[K [01;31m[K*[m[K [34m[Ke_dot[m[K;
[1.236s]       |            [32m[K~[m[K [01;31m[K^[m[K [34m[K~~~~~[m[K
[1.236s]       |            [32m[K|[m[K   [34m[K|[m[K
[1.236s]       |            [32m[K|[m[K   [34m[Kvector<[...]>[m[K
[1.236s]       |            [32m[Kvector<[...]>[m[K
[1.236s] In file included from [01m[K/opt/anaconda3/envs/MasterThesis/include/boost/numeric/ublas/traits.hpp:17[m[K,
[1.236s]                  from [01m[K/opt/anaconda3/envs/MasterThesis/include/boost/numeric/ublas/storage.hpp:27[m[K,
[1.236s]                  from [01m[K/opt/anaconda3/envs/MasterThesis/include/boost/numeric/ublas/vector.hpp:21[m[K,
[1.236s]                  from [01m[K/home/zain/Projects/MasterThesis/src/drone_controller_vrep/include/drone_controller_vrep/OIAC.hpp:2[m[K,
[1.236s]                  from [01m[K/home/zain/Projects/MasterThesis/src/drone_controller_vrep/src/OIAC.cpp:1[m[K:
[1.237s] [01m[K/usr/include/c++/11/complex:392:5:[m[K [01;36m[Knote: [m[Kcandidate: â€˜[01m[Ktemplate<class _Tp> std::complex<_Tp> std::operator*(const std::complex<_Tp>&, const std::complex<_Tp>&)[m[Kâ€™
[1.237s]   392 |     [01;36m[Koperator[m[K*(const complex<_Tp>& __x, const complex<_Tp>& __y)
[1.237s]       |     [01;36m[K^~~~~~~~[m[K
[1.237s] [01m[K/usr/include/c++/11/complex:392:5:[m[K [01;36m[Knote: [m[K  template argument deduction/substitution failed:
[1.237s] [01m[K/home/zain/Projects/MasterThesis/src/drone_controller_vrep/src/OIAC.cpp:75:16:[m[K [01;36m[Knote: [m[K  â€˜[01m[Kboost::numeric::ublas::vector<double>[m[Kâ€™ is not derived from â€˜[01m[Kconst std::complex<_Tp>[m[Kâ€™
[1.237s]    75 |     return F * [01;36m[Ke_dot[m[K;
[1.237s]       |                [01;36m[K^~~~~[m[K
[1.237s] In file included from [01m[K/opt/anaconda3/envs/MasterThesis/include/boost/numeric/ublas/traits.hpp:17[m[K,
[1.237s]                  from [01m[K/opt/anaconda3/envs/MasterThesis/include/boost/numeric/ublas/storage.hpp:27[m[K,
[1.237s]                  from [01m[K/opt/anaconda3/envs/MasterThesis/include/boost/numeric/ublas/vector.hpp:21[m[K,
[1.237s]                  from [01m[K/home/zain/Projects/MasterThesis/src/drone_controller_vrep/include/drone_controller_vrep/OIAC.hpp:2[m[K,
[1.238s]                  from [01m[K/home/zain/Projects/MasterThesis/src/drone_controller_vrep/src/OIAC.cpp:1[m[K:
[1.238s] [01m[K/usr/include/c++/11/complex:401:5:[m[K [01;36m[Knote: [m[Kcandidate: â€˜[01m[Ktemplate<class _Tp> std::complex<_Tp> std::operator*(const std::complex<_Tp>&, const _Tp&)[m[Kâ€™
[1.238s]   401 |     [01;36m[Koperator[m[K*(const complex<_Tp>& __x, const _Tp& __y)
[1.238s]       |     [01;36m[K^~~~~~~~[m[K
[1.238s] [01m[K/usr/include/c++/11/complex:401:5:[m[K [01;36m[Knote: [m[K  template argument deduction/substitution failed:
[1.238s] [01m[K/home/zain/Projects/MasterThesis/src/drone_controller_vrep/src/OIAC.cpp:75:16:[m[K [01;36m[Knote: [m[K  â€˜[01m[Kboost::numeric::ublas::vector<double>[m[Kâ€™ is not derived from â€˜[01m[Kconst std::complex<_Tp>[m[Kâ€™
[1.238s]    75 |     return F * [01;36m[Ke_dot[m[K;
[1.238s]       |                [01;36m[K^~~~~[m[K
[1.238s] In file included from [01m[K/opt/anaconda3/envs/MasterThesis/include/boost/numeric/ublas/traits.hpp:17[m[K,
[1.238s]                  from [01m[K/opt/anaconda3/envs/MasterThesis/include/boost/numeric/ublas/storage.hpp:27[m[K,
[1.238s]                  from [01m[K/opt/anaconda3/envs/MasterThesis/include/boost/numeric/ublas/vector.hpp:21[m[K,
[1.238s]                  from [01m[K/home/zain/Projects/MasterThesis/src/drone_controller_vrep/include/drone_controller_vrep/OIAC.hpp:2[m[K,
[1.238s]                  from [01m[K/home/zain/Projects/MasterThesis/src/drone_controller_vrep/src/OIAC.cpp:1[m[K:
[1.238s] [01m[K/usr/include/c++/11/complex:410:5:[m[K [01;36m[Knote: [m[Kcandidate: â€˜[01m[Ktemplate<class _Tp> std::complex<_Tp> std::operator*(const _Tp&, const std::complex<_Tp>&)[m[Kâ€™
[1.238s]   410 |     [01;36m[Koperator[m[K*(const _Tp& __x, const complex<_Tp>& __y)
[1.238s]       |     [01;36m[K^~~~~~~~[m[K
[1.239s] [01m[K/usr/include/c++/11/complex:410:5:[m[K [01;36m[Knote: [m[K  template argument deduction/substitution failed:
[1.239s] [01m[K/home/zain/Projects/MasterThesis/src/drone_controller_vrep/src/OIAC.cpp:75:16:[m[K [01;36m[Knote: [m[K  â€˜[01m[Kboost::numeric::ublas::vector<double>[m[Kâ€™ is not derived from â€˜[01m[Kconst std::complex<_Tp>[m[Kâ€™
[1.239s]    75 |     return F * [01;36m[Ke_dot[m[K;
[1.239s]       |                [01;36m[K^~~~~[m[K
[1.239s] In file included from [01m[K/opt/anaconda3/envs/MasterThesis/include/boost/numeric/ublas/storage.hpp:27[m[K,
[1.239s]                  from [01m[K/opt/anaconda3/envs/MasterThesis/include/boost/numeric/ublas/vector.hpp:21[m[K,
[1.239s]                  from [01m[K/home/zain/Projects/MasterThesis/src/drone_controller_vrep/include/drone_controller_vrep/OIAC.hpp:2[m[K,
[1.239s]                  from [01m[K/home/zain/Projects/MasterThesis/src/drone_controller_vrep/src/OIAC.cpp:1[m[K:
[1.239s] [01m[K/opt/anaconda3/envs/MasterThesis/include/boost/numeric/ublas/traits.hpp:117:38:[m[K [01;36m[Knote: [m[Kcandidate: â€˜[01m[Ktemplate<class R, class I> typename boost::enable_if<boost::mpl::and_<boost::is_float<R>, boost::is_integral<I> >, std::complex<_Tp> >::type boost::numeric::ublas::operator*(I, const std::complex<_Tp>&)[m[Kâ€™
[1.239s]   117 |       std::complex<R> >::type inline [01;36m[Koperator[m[K* (I in1, std::complex<R> const& in2) {
[1.239s]       |                                      [01;36m[K^~~~~~~~[m[K
[1.239s] [01m[K/opt/anaconda3/envs/MasterThesis/include/boost/numeric/ublas/traits.hpp:117:38:[m[K [01;36m[Knote: [m[K  template argument deduction/substitution failed:
[1.239s] [01m[K/home/zain/Projects/MasterThesis/src/drone_controller_vrep/src/OIAC.cpp:75:16:[m[K [01;36m[Knote: [m[K  â€˜[01m[Kboost::numeric::ublas::vector<double>[m[Kâ€™ is not derived from â€˜[01m[Kconst std::complex<_Tp>[m[Kâ€™
[1.239s]    75 |     return F * [01;36m[Ke_dot[m[K;
[1.239s]       |                [01;36m[K^~~~~[m[K
[1.240s] In file included from [01m[K/opt/anaconda3/envs/MasterThesis/include/boost/numeric/ublas/storage.hpp:27[m[K,
[1.240s]                  from [01m[K/opt/anaconda3/envs/MasterThesis/include/boost/numeric/ublas/vector.hpp:21[m[K,
[1.240s]                  from [01m[K/home/zain/Projects/MasterThesis/src/drone_controller_vrep/include/drone_controller_vrep/OIAC.hpp:2[m[K,
[1.240s]                  from [01m[K/home/zain/Projects/MasterThesis/src/drone_controller_vrep/src/OIAC.cpp:1[m[K:
[1.240s] [01m[K/opt/anaconda3/envs/MasterThesis/include/boost/numeric/ublas/traits.hpp:127:38:[m[K [01;36m[Knote: [m[Kcandidate: â€˜[01m[Ktemplate<class R, class I> typename boost::enable_if<boost::mpl::and_<boost::is_float<R>, boost::is_integral<I> >, std::complex<_Tp> >::type boost::numeric::ublas::operator*(const std::complex<_Tp>&, I)[m[Kâ€™
[1.240s]   127 |       std::complex<R> >::type inline [01;36m[Koperator[m[K* (std::complex<R> const& in1, I in2) {
[1.240s]       |                                      [01;36m[K^~~~~~~~[m[K
[1.240s] [01m[K/opt/anaconda3/envs/MasterThesis/include/boost/numeric/ublas/traits.hpp:127:38:[m[K [01;36m[Knote: [m[K  template argument deduction/substitution failed:
[1.240s] [01m[K/home/zain/Projects/MasterThesis/src/drone_controller_vrep/src/OIAC.cpp:75:16:[m[K [01;36m[Knote: [m[K  â€˜[01m[Kboost::numeric::ublas::vector<double>[m[Kâ€™ is not derived from â€˜[01m[Kconst std::complex<_Tp>[m[Kâ€™
[1.240s]    75 |     return F * [01;36m[Ke_dot[m[K;
[1.240s]       |                [01;36m[K^~~~~[m[K
[1.240s] In file included from [01m[K/opt/anaconda3/envs/MasterThesis/include/boost/numeric/ublas/vector.hpp:22[m[K,
[1.240s]                  from [01m[K/home/zain/Projects/MasterThesis/src/drone_controller_vrep/include/drone_controller_vrep/OIAC.hpp:2[m[K,
[1.240s]                  from [01m[K/home/zain/Projects/MasterThesis/src/drone_controller_vrep/src/OIAC.cpp:1[m[K:
[1.240s] [01m[K/opt/anaconda3/envs/MasterThesis/include/boost/numeric/ublas/vector_expression.hpp:1241:5:[m[K [01;36m[Knote: [m[Kcandidate: â€˜[01m[Ktemplate<class T1, class E2> typename boost::enable_if<boost::is_convertible<T1, typename E2::value_type>, typename boost::numeric::ublas::vector_binary_scalar1_traits<const T1, E2, boost::numeric::ublas::scalar_multiplies<T1, typename E2::value_type> >::result_type>::type boost::numeric::ublas::operator*(const T1&, const boost::numeric::ublas::vector_expression<E2>&)[m[Kâ€™
[1.241s]  1241 |     [01;36m[Koperator[m[K * (const T1 &e1,
[1.241s]       |     [01;36m[K^~~~~~~~[m[K
[1.241s] [01m[K/opt/anaconda3/envs/MasterThesis/include/boost/numeric/ublas/vector_expression.hpp:1241:5:[m[K [01;36m[Knote: [m[K  template argument deduction/substitution failed:
[1.241s] /opt/anaconda3/envs/MasterThesis/include/boost/numeric/ublas/vector_expression.hpp: In substitution of â€˜[01m[Ktemplate<class T1, class E2> typename boost::enable_if<boost::is_convertible<T1, typename E2::value_type>, typename boost::numeric::ublas::vector_binary_scalar1_traits<const T1, E2, boost::numeric::ublas::scalar_multiplies<T1, typename E2::value_type> >::result_type>::type boost::numeric::ublas::operator*(const T1&, const boost::numeric::ublas::vector_expression<E2>&) [with T1 = boost::numeric::ublas::vector<double>; E2 = boost::numeric::ublas::vector<double>][m[Kâ€™:
[1.241s] [01m[K/home/zain/Projects/MasterThesis/src/drone_controller_vrep/src/OIAC.cpp:75:16:[m[K   required from here
[1.241s] [01m[K/opt/anaconda3/envs/MasterThesis/include/boost/numeric/ublas/vector_expression.hpp:1241:5:[m[K [01;31m[Kerror: [m[Kno type named â€˜[01m[Ktype[m[Kâ€™ in â€˜[01m[Kstruct boost::enable_if<boost::is_convertible<boost::numeric::ublas::vector<double>, double>, boost::numeric::ublas::vector_binary_scalar1<const boost::numeric::ublas::vector<double>, boost::numeric::ublas::vector<double>, boost::numeric::ublas::scalar_multiplies<boost::numeric::ublas::vector<double>, double> > >[m[Kâ€™
[1.241s] [01m[K/opt/anaconda3/envs/MasterThesis/include/boost/numeric/ublas/vector_expression.hpp:1484:5:[m[K [01;36m[Knote: [m[Kcandidate: â€˜[01m[Ktemplate<class E1, class T2> typename boost::enable_if<boost::is_convertible<T2, typename E1::value_type>, typename boost::numeric::ublas::vector_binary_scalar2_traits<E1, const T2, boost::numeric::ublas::scalar_multiplies<typename E1::value_type, T2> >::result_type>::type boost::numeric::ublas::operator*(const boost::numeric::ublas::vector_expression<E>&, const T2&)[m[Kâ€™
[1.241s]  1484 |     [01;36m[Koperator[m[K * (const vector_expression<E1> &e1,
[1.241s]       |     [01;36m[K^~~~~~~~[m[K
[1.241s] [01m[K/opt/anaconda3/envs/MasterThesis/include/boost/numeric/ublas/vector_expression.hpp:1484:5:[m[K [01;36m[Knote: [m[K  template argument deduction/substitution failed:
[1.241s] /opt/anaconda3/envs/MasterThesis/include/boost/numeric/ublas/vector_expression.hpp: In substitution of â€˜[01m[Ktemplate<class E1, class T2> typename boost::enable_if<boost::is_convertible<T2, typename E1::value_type>, typename boost::numeric::ublas::vector_binary_scalar2_traits<E1, const T2, boost::numeric::ublas::scalar_multiplies<typename E1::value_type, T2> >::result_type>::type boost::numeric::ublas::operator*(const boost::numeric::ublas::vector_expression<E>&, const T2&) [with E1 = boost::numeric::ublas::vector<double>; T2 = boost::numeric::ublas::vector<double>][m[Kâ€™:
[1.241s] [01m[K/home/zain/Projects/MasterThesis/src/drone_controller_vrep/src/OIAC.cpp:75:16:[m[K   required from here
[1.241s] [01m[K/opt/anaconda3/envs/MasterThesis/include/boost/numeric/ublas/vector_expression.hpp:1484:5:[m[K [01;31m[Kerror: [m[Kno type named â€˜[01m[Ktype[m[Kâ€™ in â€˜[01m[Kstruct boost::enable_if<boost::is_convertible<boost::numeric::ublas::vector<double>, double>, boost::numeric::ublas::vector_binary_scalar2<boost::numeric::ublas::vector<double>, const boost::numeric::ublas::vector<double>, boost::numeric::ublas::scalar_multiplies<double, boost::numeric::ublas::vector<double> > > >[m[Kâ€™
[1.241s] In file included from [01m[K/opt/anaconda3/envs/MasterThesis/include/boost/numeric/ublas/matrix.hpp:19[m[K,
[1.241s]                  from [01m[K/home/zain/Projects/MasterThesis/src/drone_controller_vrep/include/drone_controller_vrep/OIAC.hpp:3[m[K,
[1.242s]                  from [01m[K/home/zain/Projects/MasterThesis/src/drone_controller_vrep/src/OIAC.cpp:1[m[K:
[1.242s] [01m[K/opt/anaconda3/envs/MasterThesis/include/boost/numeric/ublas/matrix_expression.hpp:3466:1:[m[K [01;36m[Knote: [m[Kcandidate: â€˜[01m[Ktemplate<class T1, class E2> typename boost::enable_if<boost::is_convertible<T1, typename E2::value_type>, typename boost::numeric::ublas::matrix_binary_scalar1_traits<const T1, E2, boost::numeric::ublas::scalar_multiplies<T1, typename E2::value_type> >::result_type>::type boost::numeric::ublas::operator*(const T1&, const boost::numeric::ublas::matrix_expression<E2>&)[m[Kâ€™
[1.242s]  3466 | [01;36m[Koperator[m[K * (const T1 &e1,
[1.242s]       | [01;36m[K^~~~~~~~[m[K
[1.242s] [01m[K/opt/anaconda3/envs/MasterThesis/include/boost/numeric/ublas/matrix_expression.hpp:3466:1:[m[K [01;36m[Knote: [m[K  template argument deduction/substitution failed:
[1.242s] [01m[K/home/zain/Projects/MasterThesis/src/drone_controller_vrep/src/OIAC.cpp:75:16:[m[K [01;36m[Knote: [m[K  â€˜[01m[Kboost::numeric::ublas::vector<double>[m[Kâ€™ is not derived from â€˜[01m[Kconst boost::numeric::ublas::matrix_expression<E2>[m[Kâ€™
[1.242s]    75 |     return F * [01;36m[Ke_dot[m[K;
[1.242s]       |                [01;36m[K^~~~~[m[K
[1.242s] In file included from [01m[K/opt/anaconda3/envs/MasterThesis/include/boost/numeric/ublas/matrix.hpp:19[m[K,
[1.242s]                  from [01m[K/home/zain/Projects/MasterThesis/src/drone_controller_vrep/include/drone_controller_vrep/OIAC.hpp:3[m[K,
[1.242s]                  from [01m[K/home/zain/Projects/MasterThesis/src/drone_controller_vrep/src/OIAC.cpp:1[m[K:
[1.242s] [01m[K/opt/anaconda3/envs/MasterThesis/include/boost/numeric/ublas/matrix_expression.hpp:3994:1:[m[K [01;36m[Knote: [m[Kcandidate: â€˜[01m[Ktemplate<class E1, class T2> typename boost::enable_if<boost::is_convertible<T2, typename E1::value_type>, typename boost::numeric::ublas::matrix_binary_scalar2_traits<E1, const T2, boost::numeric::ublas::scalar_multiplies<typename E1::value_type, T2> >::result_type>::type boost::numeric::ublas::operator*(const boost::numeric::ublas::matrix_expression<E>&, const T2&)[m[Kâ€™
[1.242s]  3994 | [01;36m[Koperator[m[K * (const matrix_expression<E1> &e1,
[1.242s]       | [01;36m[K^~~~~~~~[m[K
[1.242s] [01m[K/opt/anaconda3/envs/MasterThesis/include/boost/numeric/ublas/matrix_expression.hpp:3994:1:[m[K [01;36m[Knote: [m[K  template argument deduction/substitution failed:
[1.242s] [01m[K/home/zain/Projects/MasterThesis/src/drone_controller_vrep/src/OIAC.cpp:75:16:[m[K [01;36m[Knote: [m[K  â€˜[01m[Kboost::numeric::ublas::vector<double>[m[Kâ€™ is not derived from â€˜[01m[Kconst boost::numeric::ublas::matrix_expression<E>[m[Kâ€™
[1.243s]    75 |     return F * [01;36m[Ke_dot[m[K;
[1.243s]       |                [01;36m[K^~~~~[m[K
[1.243s] [01m[K/home/zain/Projects/MasterThesis/src/drone_controller_vrep/src/OIAC.cpp:[m[K In member function â€˜[01m[Kboost::numeric::ublas::vector<double> OIAC::run_once(boost::numeric::ublas::vector<double>, boost::numeric::ublas::vector<double>, boost::numeric::ublas::vector<double>, boost::numeric::ublas::vector<double>)[m[Kâ€™:
[1.243s] [01m[K/home/zain/Projects/MasterThesis/src/drone_controller_vrep/src/OIAC.cpp:86:17:[m[K [01;31m[Kerror: [m[Kno match for â€˜[01m[Koperator*[m[Kâ€™ (operand types are â€˜[01m[Kboost::numeric::ublas::vector<double>[m[Kâ€™ and â€˜[01m[Kboost::numeric::ublas::vector<double>[m[Kâ€™)
[1.243s]    86 |     return F + [32m[KK[m[K[01;31m[K*[m[K[34m[Ke[m[K + D*e_dot + _feedforward;
[1.243s]       |                [32m[K~[m[K[01;31m[K^[m[K[34m[K~[m[K
[1.243s]       |                [32m[K|[m[K [34m[K|[m[K
[1.243s]       |                [32m[K|[m[K [34m[Kvector<[...]>[m[K
[1.243s]       |                [32m[Kvector<[...]>[m[K
[1.243s] In file included from [01m[K/opt/anaconda3/envs/MasterThesis/include/boost/numeric/ublas/traits.hpp:17[m[K,
[1.243s]                  from [01m[K/opt/anaconda3/envs/MasterThesis/include/boost/numeric/ublas/storage.hpp:27[m[K,
[1.243s]                  from [01m[K/opt/anaconda3/envs/MasterThesis/include/boost/numeric/ublas/vector.hpp:21[m[K,
[1.243s]                  from [01m[K/home/zain/Projects/MasterThesis/src/drone_controller_vrep/include/drone_controller_vrep/OIAC.hpp:2[m[K,
[1.243s]                  from [01m[K/home/zain/Projects/MasterThesis/src/drone_controller_vrep/src/OIAC.cpp:1[m[K:
[1.243s] [01m[K/usr/include/c++/11/complex:392:5:[m[K [01;36m[Knote: [m[Kcandidate: â€˜[01m[Ktemplate<class _Tp> std::complex<_Tp> std::operator*(const std::complex<_Tp>&, const std::complex<_Tp>&)[m[Kâ€™
[1.243s]   392 |     [01;36m[Koperator[m[K*(const complex<_Tp>& __x, const complex<_Tp>& __y)
[1.244s]       |     [01;36m[K^~~~~~~~[m[K
[1.244s] [01m[K/usr/include/c++/11/complex:392:5:[m[K [01;36m[Knote: [m[K  template argument deduction/substitution failed:
[1.244s] [01m[K/home/zain/Projects/MasterThesis/src/drone_controller_vrep/src/OIAC.cpp:86:18:[m[K [01;36m[Knote: [m[K  â€˜[01m[Kboost::numeric::ublas::vector<double>[m[Kâ€™ is not derived from â€˜[01m[Kconst std::complex<_Tp>[m[Kâ€™
[1.244s]    86 |     return F + K*[01;36m[Ke[m[K + D*e_dot + _feedforward;
[1.244s]       |                  [01;36m[K^[m[K
[1.244s] In file included from [01m[K/opt/anaconda3/envs/MasterThesis/include/boost/numeric/ublas/traits.hpp:17[m[K,
[1.244s]                  from [01m[K/opt/anaconda3/envs/MasterThesis/include/boost/numeric/ublas/storage.hpp:27[m[K,
[1.244s]                  from [01m[K/opt/anaconda3/envs/MasterThesis/include/boost/numeric/ublas/vector.hpp:21[m[K,
[1.244s]                  from [01m[K/home/zain/Projects/MasterThesis/src/drone_controller_vrep/include/drone_controller_vrep/OIAC.hpp:2[m[K,
[1.244s]                  from [01m[K/home/zain/Projects/MasterThesis/src/drone_controller_vrep/src/OIAC.cpp:1[m[K:
[1.244s] [01m[K/usr/include/c++/11/complex:401:5:[m[K [01;36m[Knote: [m[Kcandidate: â€˜[01m[Ktemplate<class _Tp> std::complex<_Tp> std::operator*(const std::complex<_Tp>&, const _Tp&)[m[Kâ€™
[1.244s]   401 |     [01;36m[Koperator[m[K*(const complex<_Tp>& __x, const _Tp& __y)
[1.244s]       |     [01;36m[K^~~~~~~~[m[K
[1.245s] [01m[K/usr/include/c++/11/complex:401:5:[m[K [01;36m[Knote: [m[K  template argument deduction/substitution failed:
[1.245s] [01m[K/home/zain/Projects/MasterThesis/src/drone_controller_vrep/src/OIAC.cpp:86:18:[m[K [01;36m[Knote: [m[K  â€˜[01m[Kboost::numeric::ublas::vector<double>[m[Kâ€™ is not derived from â€˜[01m[Kconst std::complex<_Tp>[m[Kâ€™
[1.245s]    86 |     return F + K*[01;36m[Ke[m[K + D*e_dot + _feedforward;
[1.245s]       |                  [01;36m[K^[m[K
[1.245s] In file included from [01m[K/opt/anaconda3/envs/MasterThesis/include/boost/numeric/ublas/traits.hpp:17[m[K,
[1.245s]                  from [01m[K/opt/anaconda3/envs/MasterThesis/include/boost/numeric/ublas/storage.hpp:27[m[K,
[1.245s]                  from [01m[K/opt/anaconda3/envs/MasterThesis/include/boost/numeric/ublas/vector.hpp:21[m[K,
[1.245s]                  from [01m[K/home/zain/Projects/MasterThesis/src/drone_controller_vrep/include/drone_controller_vrep/OIAC.hpp:2[m[K,
[1.245s]                  from [01m[K/home/zain/Projects/MasterThesis/src/drone_controller_vrep/src/OIAC.cpp:1[m[K:
[1.245s] [01m[K/usr/include/c++/11/complex:410:5:[m[K [01;36m[Knote: [m[Kcandidate: â€˜[01m[Ktemplate<class _Tp> std::complex<_Tp> std::operator*(const _Tp&, const std::complex<_Tp>&)[m[Kâ€™
[1.245s]   410 |     [01;36m[Koperator[m[K*(const _Tp& __x, const complex<_Tp>& __y)
[1.245s]       |     [01;36m[K^~~~~~~~[m[K
[1.245s] [01m[K/usr/include/c++/11/complex:410:5:[m[K [01;36m[Knote: [m[K  template argument deduction/substitution failed:
[1.245s] [01m[K/home/zain/Projects/MasterThesis/src/drone_controller_vrep/src/OIAC.cpp:86:18:[m[K [01;36m[Knote: [m[K  â€˜[01m[Kboost::numeric::ublas::vector<double>[m[Kâ€™ is not derived from â€˜[01m[Kconst std::complex<_Tp>[m[Kâ€™
[1.245s]    86 |     return F + K*[01;36m[Ke[m[K + D*e_dot + _feedforward;
[1.246s]       |                  [01;36m[K^[m[K
[1.246s] In file included from [01m[K/opt/anaconda3/envs/MasterThesis/include/boost/numeric/ublas/storage.hpp:27[m[K,
[1.246s]                  from [01m[K/opt/anaconda3/envs/MasterThesis/include/boost/numeric/ublas/vector.hpp:21[m[K,
[1.246s]                  from [01m[K/home/zain/Projects/MasterThesis/src/drone_controller_vrep/include/drone_controller_vrep/OIAC.hpp:2[m[K,
[1.246s]                  from [01m[K/home/zain/Projects/MasterThesis/src/drone_controller_vrep/src/OIAC.cpp:1[m[K:
[1.246s] [01m[K/opt/anaconda3/envs/MasterThesis/include/boost/numeric/ublas/traits.hpp:117:38:[m[K [01;36m[Knote: [m[Kcandidate: â€˜[01m[Ktemplate<class R, class I> typename boost::enable_if<boost::mpl::and_<boost::is_float<R>, boost::is_integral<I> >, std::complex<_Tp> >::type boost::numeric::ublas::operator*(I, const std::complex<_Tp>&)[m[Kâ€™
[1.246s]   117 |       std::complex<R> >::type inline [01;36m[Koperator[m[K* (I in1, std::complex<R> const& in2) {
[1.246s]       |                                      [01;36m[K^~~~~~~~[m[K
[1.246s] [01m[K/opt/anaconda3/envs/MasterThesis/include/boost/numeric/ublas/traits.hpp:117:38:[m[K [01;36m[Knote: [m[K  template argument deduction/substitution failed:
[1.246s] [01m[K/home/zain/Projects/MasterThesis/src/drone_controller_vrep/src/OIAC.cpp:86:18:[m[K [01;36m[Knote: [m[K  â€˜[01m[Kboost::numeric::ublas::vector<double>[m[Kâ€™ is not derived from â€˜[01m[Kconst std::complex<_Tp>[m[Kâ€™
[1.246s]    86 |     return F + K*[01;36m[Ke[m[K + D*e_dot + _feedforward;
[1.246s]       |                  [01;36m[K^[m[K
[1.246s] In file included from [01m[K/opt/anaconda3/envs/MasterThesis/include/boost/numeric/ublas/storage.hpp:27[m[K,
[1.247s]                  from [01m[K/opt/anaconda3/envs/MasterThesis/include/boost/numeric/ublas/vector.hpp:21[m[K,
[1.247s]                  from [01m[K/home/zain/Projects/MasterThesis/src/drone_controller_vrep/include/drone_controller_vrep/OIAC.hpp:2[m[K,
[1.247s]                  from [01m[K/home/zain/Projects/MasterThesis/src/drone_controller_vrep/src/OIAC.cpp:1[m[K:
[1.247s] [01m[K/opt/anaconda3/envs/MasterThesis/include/boost/numeric/ublas/traits.hpp:127:38:[m[K [01;36m[Knote: [m[Kcandidate: â€˜[01m[Ktemplate<class R, class I> typename boost::enable_if<boost::mpl::and_<boost::is_float<R>, boost::is_integral<I> >, std::complex<_Tp> >::type boost::numeric::ublas::operator*(const std::complex<_Tp>&, I)[m[Kâ€™
[1.247s]   127 |       std::complex<R> >::type inline [01;36m[Koperator[m[K* (std::complex<R> const& in1, I in2) {
[1.247s]       |                                      [01;36m[K^~~~~~~~[m[K
[1.247s] [01m[K/opt/anaconda3/envs/MasterThesis/include/boost/numeric/ublas/traits.hpp:127:38:[m[K [01;36m[Knote: [m[K  template argument deduction/substitution failed:
[1.247s] [01m[K/home/zain/Projects/MasterThesis/src/drone_controller_vrep/src/OIAC.cpp:86:18:[m[K [01;36m[Knote: [m[K  â€˜[01m[Kboost::numeric::ublas::vector<double>[m[Kâ€™ is not derived from â€˜[01m[Kconst std::complex<_Tp>[m[Kâ€™
[1.247s]    86 |     return F + K*[01;36m[Ke[m[K + D*e_dot + _feedforward;
[1.247s]       |                  [01;36m[K^[m[K
[1.247s] In file included from [01m[K/opt/anaconda3/envs/MasterThesis/include/boost/numeric/ublas/vector.hpp:22[m[K,
[1.247s]                  from [01m[K/home/zain/Projects/MasterThesis/src/drone_controller_vrep/include/drone_controller_vrep/OIAC.hpp:2[m[K,
[1.248s]                  from [01m[K/home/zain/Projects/MasterThesis/src/drone_controller_vrep/src/OIAC.cpp:1[m[K:
[1.248s] [01m[K/opt/anaconda3/envs/MasterThesis/include/boost/numeric/ublas/vector_expression.hpp:1241:5:[m[K [01;36m[Knote: [m[Kcandidate: â€˜[01m[Ktemplate<class T1, class E2> typename boost::enable_if<boost::is_convertible<T1, typename E2::value_type>, typename boost::numeric::ublas::vector_binary_scalar1_traits<const T1, E2, boost::numeric::ublas::scalar_multiplies<T1, typename E2::value_type> >::result_type>::type boost::numeric::ublas::operator*(const T1&, const boost::numeric::ublas::vector_expression<E2>&)[m[Kâ€™
[1.248s]  1241 |     [01;36m[Koperator[m[K * (const T1 &e1,
[1.248s]       |     [01;36m[K^~~~~~~~[m[K
[1.248s] [01m[K/opt/anaconda3/envs/MasterThesis/include/boost/numeric/ublas/vector_expression.hpp:1241:5:[m[K [01;36m[Knote: [m[K  template argument deduction/substitution failed:
[1.248s] /opt/anaconda3/envs/MasterThesis/include/boost/numeric/ublas/vector_expression.hpp: In substitution of â€˜[01m[Ktemplate<class T1, class E2> typename boost::enable_if<boost::is_convertible<T1, typename E2::value_type>, typename boost::numeric::ublas::vector_binary_scalar1_traits<const T1, E2, boost::numeric::ublas::scalar_multiplies<T1, typename E2::value_type> >::result_type>::type boost::numeric::ublas::operator*(const T1&, const boost::numeric::ublas::vector_expression<E2>&) [with T1 = boost::numeric::ublas::vector<double>; E2 = boost::numeric::ublas::vector<double>][m[Kâ€™:
[1.248s] [01m[K/home/zain/Projects/MasterThesis/src/drone_controller_vrep/src/OIAC.cpp:86:18:[m[K   required from here
[1.248s] [01m[K/opt/anaconda3/envs/MasterThesis/include/boost/numeric/ublas/vector_expression.hpp:1241:5:[m[K [01;31m[Kerror: [m[Kno type named â€˜[01m[Ktype[m[Kâ€™ in â€˜[01m[Kstruct boost::enable_if<boost::is_convertible<boost::numeric::ublas::vector<double>, double>, boost::numeric::ublas::vector_binary_scalar1<const boost::numeric::ublas::vector<double>, boost::numeric::ublas::vector<double>, boost::numeric::ublas::scalar_multiplies<boost::numeric::ublas::vector<double>, double> > >[m[Kâ€™
[1.248s] [01m[K/opt/anaconda3/envs/MasterThesis/include/boost/numeric/ublas/vector_expression.hpp:1484:5:[m[K [01;36m[Knote: [m[Kcandidate: â€˜[01m[Ktemplate<class E1, class T2> typename boost::enable_if<boost::is_convertible<T2, typename E1::value_type>, typename boost::numeric::ublas::vector_binary_scalar2_traits<E1, const T2, boost::numeric::ublas::scalar_multiplies<typename E1::value_type, T2> >::result_type>::type boost::numeric::ublas::operator*(const boost::numeric::ublas::vector_expression<E>&, const T2&)[m[Kâ€™
[1.248s]  1484 |     [01;36m[Koperator[m[K * (const vector_expression<E1> &e1,
[1.249s]       |     [01;36m[K^~~~~~~~[m[K
[1.249s] [01m[K/opt/anaconda3/envs/MasterThesis/include/boost/numeric/ublas/vector_expression.hpp:1484:5:[m[K [01;36m[Knote: [m[K  template argument deduction/substitution failed:
[1.249s] /opt/anaconda3/envs/MasterThesis/include/boost/numeric/ublas/vector_expression.hpp: In substitution of â€˜[01m[Ktemplate<class E1, class T2> typename boost::enable_if<boost::is_convertible<T2, typename E1::value_type>, typename boost::numeric::ublas::vector_binary_scalar2_traits<E1, const T2, boost::numeric::ublas::scalar_multiplies<typename E1::value_type, T2> >::result_type>::type boost::numeric::ublas::operator*(const boost::numeric::ublas::vector_expression<E>&, const T2&) [with E1 = boost::numeric::ublas::vector<double>; T2 = boost::numeric::ublas::vector<double>][m[Kâ€™:
[1.249s] [01m[K/home/zain/Projects/MasterThesis/src/drone_controller_vrep/src/OIAC.cpp:86:18:[m[K   required from here
[1.249s] [01m[K/opt/anaconda3/envs/MasterThesis/include/boost/numeric/ublas/vector_expression.hpp:1484:5:[m[K [01;31m[Kerror: [m[Kno type named â€˜[01m[Ktype[m[Kâ€™ in â€˜[01m[Kstruct boost::enable_if<boost::is_convertible<boost::numeric::ublas::vector<double>, double>, boost::numeric::ublas::vector_binary_scalar2<boost::numeric::ublas::vector<double>, const boost::numeric::ublas::vector<double>, boost::numeric::ublas::scalar_multiplies<double, boost::numeric::ublas::vector<double> > > >[m[Kâ€™
[1.249s] In file included from [01m[K/opt/anaconda3/envs/MasterThesis/include/boost/numeric/ublas/matrix.hpp:19[m[K,
[1.249s]                  from [01m[K/home/zain/Projects/MasterThesis/src/drone_controller_vrep/include/drone_controller_vrep/OIAC.hpp:3[m[K,
[1.249s]                  from [01m[K/home/zain/Projects/MasterThesis/src/drone_controller_vrep/src/OIAC.cpp:1[m[K:
[1.249s] [01m[K/opt/anaconda3/envs/MasterThesis/include/boost/numeric/ublas/matrix_expression.hpp:3466:1:[m[K [01;36m[Knote: [m[Kcandidate: â€˜[01m[Ktemplate<class T1, class E2> typename boost::enable_if<boost::is_convertible<T1, typename E2::value_type>, typename boost::numeric::ublas::matrix_binary_scalar1_traits<const T1, E2, boost::numeric::ublas::scalar_multiplies<T1, typename E2::value_type> >::result_type>::type boost::numeric::ublas::operator*(const T1&, const boost::numeric::ublas::matrix_expression<E2>&)[m[Kâ€™
[1.249s]  3466 | [01;36m[Koperator[m[K * (const T1 &e1,
[1.249s]       | [01;36m[K^~~~~~~~[m[K
[1.249s] [01m[K/opt/anaconda3/envs/MasterThesis/include/boost/numeric/ublas/matrix_expression.hpp:3466:1:[m[K [01;36m[Knote: [m[K  template argument deduction/substitution failed:
[1.249s] [01m[K/home/zain/Projects/MasterThesis/src/drone_controller_vrep/src/OIAC.cpp:86:18:[m[K [01;36m[Knote: [m[K  â€˜[01m[Kboost::numeric::ublas::vector<double>[m[Kâ€™ is not derived from â€˜[01m[Kconst boost::numeric::ublas::matrix_expression<E2>[m[Kâ€™
[1.249s]    86 |     return F + K*[01;36m[Ke[m[K + D*e_dot + _feedforward;
[1.249s]       |                  [01;36m[K^[m[K
[1.250s] In file included from [01m[K/opt/anaconda3/envs/MasterThesis/include/boost/numeric/ublas/matrix.hpp:19[m[K,
[1.250s]                  from [01m[K/home/zain/Projects/MasterThesis/src/drone_controller_vrep/include/drone_controller_vrep/OIAC.hpp:3[m[K,
[1.250s]                  from [01m[K/home/zain/Projects/MasterThesis/src/drone_controller_vrep/src/OIAC.cpp:1[m[K:
[1.250s] [01m[K/opt/anaconda3/envs/MasterThesis/include/boost/numeric/ublas/matrix_expression.hpp:3994:1:[m[K [01;36m[Knote: [m[Kcandidate: â€˜[01m[Ktemplate<class E1, class T2> typename boost::enable_if<boost::is_convertible<T2, typename E1::value_type>, typename boost::numeric::ublas::matrix_binary_scalar2_traits<E1, const T2, boost::numeric::ublas::scalar_multiplies<typename E1::value_type, T2> >::result_type>::type boost::numeric::ublas::operator*(const boost::numeric::ublas::matrix_expression<E>&, const T2&)[m[Kâ€™
[1.250s]  3994 | [01;36m[Koperator[m[K * (const matrix_expression<E1> &e1,
[1.250s]       | [01;36m[K^~~~~~~~[m[K
[1.250s] [01m[K/opt/anaconda3/envs/MasterThesis/include/boost/numeric/ublas/matrix_expression.hpp:3994:1:[m[K [01;36m[Knote: [m[K  template argument deduction/substitution failed:
[1.250s] [01m[K/home/zain/Projects/MasterThesis/src/drone_controller_vrep/src/OIAC.cpp:86:18:[m[K [01;36m[Knote: [m[K  â€˜[01m[Kboost::numeric::ublas::vector<double>[m[Kâ€™ is not derived from â€˜[01m[Kconst boost::numeric::ublas::matrix_expression<E>[m[Kâ€™
[1.250s]    86 |     return F + K*[01;36m[Ke[m[K + D*e_dot + _feedforward;
[1.250s]       |                  [01;36m[K^[m[K
[1.250s] [01m[K/home/zain/Projects/MasterThesis/src/drone_controller_vrep/src/OIAC.cpp:86:23:[m[K [01;31m[Kerror: [m[Kno match for â€˜[01m[Koperator*[m[Kâ€™ (operand types are â€˜[01m[Kboost::numeric::ublas::vector<double>[m[Kâ€™ and â€˜[01m[Kboost::numeric::ublas::vector<double>[m[Kâ€™)
[1.250s]    86 |     return F + K*e + [32m[KD[m[K[01;31m[K*[m[K[34m[Ke_dot[m[K + _feedforward;
[1.250s]       |                      [32m[K~[m[K[01;31m[K^[m[K[34m[K~~~~~[m[K
[1.250s]       |                      [32m[K|[m[K [34m[K|[m[K
[1.250s]       |                      [32m[K|[m[K [34m[Kvector<[...]>[m[K
[1.250s]       |                      [32m[Kvector<[...]>[m[K
[1.251s] In file included from [01m[K/opt/anaconda3/envs/MasterThesis/include/boost/numeric/ublas/traits.hpp:17[m[K,
[1.251s]                  from [01m[K/opt/anaconda3/envs/MasterThesis/include/boost/numeric/ublas/storage.hpp:27[m[K,
[1.251s]                  from [01m[K/opt/anaconda3/envs/MasterThesis/include/boost/numeric/ublas/vector.hpp:21[m[K,
[1.251s]                  from [01m[K/home/zain/Projects/MasterThesis/src/drone_controller_vrep/include/drone_controller_vrep/OIAC.hpp:2[m[K,
[1.251s]                  from [01m[K/home/zain/Projects/MasterThesis/src/drone_controller_vrep/src/OIAC.cpp:1[m[K:
[1.251s] [01m[K/usr/include/c++/11/complex:392:5:[m[K [01;36m[Knote: [m[Kcandidate: â€˜[01m[Ktemplate<class _Tp> std::complex<_Tp> std::operator*(const std::complex<_Tp>&, const std::complex<_Tp>&)[m[Kâ€™
[1.251s]   392 |     [01;36m[Koperator[m[K*(const complex<_Tp>& __x, const complex<_Tp>& __y)
[1.251s]       |     [01;36m[K^~~~~~~~[m[K
[1.251s] [01m[K/usr/include/c++/11/complex:392:5:[m[K [01;36m[Knote: [m[K  template argument deduction/substitution failed:
[1.251s] [01m[K/home/zain/Projects/MasterThesis/src/drone_controller_vrep/src/OIAC.cpp:86:24:[m[K [01;36m[Knote: [m[K  â€˜[01m[Kboost::numeric::ublas::vector<double>[m[Kâ€™ is not derived from â€˜[01m[Kconst std::complex<_Tp>[m[Kâ€™
[1.251s]    86 |     return F + K*e + D*[01;36m[Ke_dot[m[K + _feedforward;
[1.251s]       |                        [01;36m[K^~~~~[m[K
[1.251s] In file included from [01m[K/opt/anaconda3/envs/MasterThesis/include/boost/numeric/ublas/traits.hpp:17[m[K,
[1.251s]                  from [01m[K/opt/anaconda3/envs/MasterThesis/include/boost/numeric/ublas/storage.hpp:27[m[K,
[1.251s]                  from [01m[K/opt/anaconda3/envs/MasterThesis/include/boost/numeric/ublas/vector.hpp:21[m[K,
[1.251s]                  from [01m[K/home/zain/Projects/MasterThesis/src/drone_controller_vrep/include/drone_controller_vrep/OIAC.hpp:2[m[K,
[1.251s]                  from [01m[K/home/zain/Projects/MasterThesis/src/drone_controller_vrep/src/OIAC.cpp:1[m[K:
[1.252s] [01m[K/usr/include/c++/11/complex:401:5:[m[K [01;36m[Knote: [m[Kcandidate: â€˜[01m[Ktemplate<class _Tp> std::complex<_Tp> std::operator*(const std::complex<_Tp>&, const _Tp&)[m[Kâ€™
[1.252s]   401 |     [01;36m[Koperator[m[K*(const complex<_Tp>& __x, const _Tp& __y)
[1.252s]       |     [01;36m[K^~~~~~~~[m[K
[1.252s] [01m[K/usr/include/c++/11/complex:401:5:[m[K [01;36m[Knote: [m[K  template argument deduction/substitution failed:
[1.252s] [01m[K/home/zain/Projects/MasterThesis/src/drone_controller_vrep/src/OIAC.cpp:86:24:[m[K [01;36m[Knote: [m[K  â€˜[01m[Kboost::numeric::ublas::vector<double>[m[Kâ€™ is not derived from â€˜[01m[Kconst std::complex<_Tp>[m[Kâ€™
[1.252s]    86 |     return F + K*e + D*[01;36m[Ke_dot[m[K + _feedforward;
[1.252s]       |                        [01;36m[K^~~~~[m[K
[1.252s] In file included from [01m[K/opt/anaconda3/envs/MasterThesis/include/boost/numeric/ublas/traits.hpp:17[m[K,
[1.252s]                  from [01m[K/opt/anaconda3/envs/MasterThesis/include/boost/numeric/ublas/storage.hpp:27[m[K,
[1.252s]                  from [01m[K/opt/anaconda3/envs/MasterThesis/include/boost/numeric/ublas/vector.hpp:21[m[K,
[1.252s]                  from [01m[K/home/zain/Projects/MasterThesis/src/drone_controller_vrep/include/drone_controller_vrep/OIAC.hpp:2[m[K,
[1.252s]                  from [01m[K/home/zain/Projects/MasterThesis/src/drone_controller_vrep/src/OIAC.cpp:1[m[K:
[1.252s] [01m[K/usr/include/c++/11/complex:410:5:[m[K [01;36m[Knote: [m[Kcandidate: â€˜[01m[Ktemplate<class _Tp> std::complex<_Tp> std::operator*(const _Tp&, const std::complex<_Tp>&)[m[Kâ€™
[1.253s]   410 |     [01;36m[Koperator[m[K*(const _Tp& __x, const complex<_Tp>& __y)
[1.253s]       |     [01;36m[K^~~~~~~~[m[K
[1.253s] [01m[K/usr/include/c++/11/complex:410:5:[m[K [01;36m[Knote: [m[K  template argument deduction/substitution failed:
[1.253s] [01m[K/home/zain/Projects/MasterThesis/src/drone_controller_vrep/src/OIAC.cpp:86:24:[m[K [01;36m[Knote: [m[K  â€˜[01m[Kboost::numeric::ublas::vector<double>[m[Kâ€™ is not derived from â€˜[01m[Kconst std::complex<_Tp>[m[Kâ€™
[1.253s]    86 |     return F + K*e + D*[01;36m[Ke_dot[m[K + _feedforward;
[1.253s]       |                        [01;36m[K^~~~~[m[K
[1.253s] In file included from [01m[K/opt/anaconda3/envs/MasterThesis/include/boost/numeric/ublas/storage.hpp:27[m[K,
[1.253s]                  from [01m[K/opt/anaconda3/envs/MasterThesis/include/boost/numeric/ublas/vector.hpp:21[m[K,
[1.253s]                  from [01m[K/home/zain/Projects/MasterThesis/src/drone_controller_vrep/include/drone_controller_vrep/OIAC.hpp:2[m[K,
[1.253s]                  from [01m[K/home/zain/Projects/MasterThesis/src/drone_controller_vrep/src/OIAC.cpp:1[m[K:
[1.253s] [01m[K/opt/anaconda3/envs/MasterThesis/include/boost/numeric/ublas/traits.hpp:117:38:[m[K [01;36m[Knote: [m[Kcandidate: â€˜[01m[Ktemplate<class R, class I> typename boost::enable_if<boost::mpl::and_<boost::is_float<R>, boost::is_integral<I> >, std::complex<_Tp> >::type boost::numeric::ublas::operator*(I, const std::complex<_Tp>&)[m[Kâ€™
[1.253s]   117 |       std::complex<R> >::type inline [01;36m[Koperator[m[K* (I in1, std::complex<R> const& in2) {
[1.253s]       |                                      [01;36m[K^~~~~~~~[m[K
[1.253s] [01m[K/opt/anaconda3/envs/MasterThesis/include/boost/numeric/ublas/traits.hpp:117:38:[m[K [01;36m[Knote: [m[K  template argument deduction/substitution failed:
[1.253s] [01m[K/home/zain/Projects/MasterThesis/src/drone_controller_vrep/src/OIAC.cpp:86:24:[m[K [01;36m[Knote: [m[K  â€˜[01m[Kboost::numeric::ublas::vector<double>[m[Kâ€™ is not derived from â€˜[01m[Kconst std::complex<_Tp>[m[Kâ€™
[1.253s]    86 |     return F + K*e + D*[01;36m[Ke_dot[m[K + _feedforward;
[1.254s]       |                        [01;36m[K^~~~~[m[K
[1.254s] In file included from [01m[K/opt/anaconda3/envs/MasterThesis/include/boost/numeric/ublas/storage.hpp:27[m[K,
[1.254s]                  from [01m[K/opt/anaconda3/envs/MasterThesis/include/boost/numeric/ublas/vector.hpp:21[m[K,
[1.254s]                  from [01m[K/home/zain/Projects/MasterThesis/src/drone_controller_vrep/include/drone_controller_vrep/OIAC.hpp:2[m[K,
[1.254s]                  from [01m[K/home/zain/Projects/MasterThesis/src/drone_controller_vrep/src/OIAC.cpp:1[m[K:
[1.254s] [01m[K/opt/anaconda3/envs/MasterThesis/include/boost/numeric/ublas/traits.hpp:127:38:[m[K [01;36m[Knote: [m[Kcandidate: â€˜[01m[Ktemplate<class R, class I> typename boost::enable_if<boost::mpl::and_<boost::is_float<R>, boost::is_integral<I> >, std::complex<_Tp> >::type boost::numeric::ublas::operator*(const std::complex<_Tp>&, I)[m[Kâ€™
[1.254s]   127 |       std::complex<R> >::type inline [01;36m[Koperator[m[K* (std::complex<R> const& in1, I in2) {
[1.254s]       |                                      [01;36m[K^~~~~~~~[m[K
[1.254s] [01m[K/opt/anaconda3/envs/MasterThesis/include/boost/numeric/ublas/traits.hpp:127:38:[m[K [01;36m[Knote: [m[K  template argument deduction/substitution failed:
[1.254s] [01m[K/home/zain/Projects/MasterThesis/src/drone_controller_vrep/src/OIAC.cpp:86:24:[m[K [01;36m[Knote: [m[K  â€˜[01m[Kboost::numeric::ublas::vector<double>[m[Kâ€™ is not derived from â€˜[01m[Kconst std::complex<_Tp>[m[Kâ€™
[1.254s]    86 |     return F + K*e + D*[01;36m[Ke_dot[m[K + _feedforward;
[1.254s]       |                        [01;36m[K^~~~~[m[K
[1.254s] In file included from [01m[K/opt/anaconda3/envs/MasterThesis/include/boost/numeric/ublas/vector.hpp:22[m[K,
[1.254s]                  from [01m[K/home/zain/Projects/MasterThesis/src/drone_controller_vrep/include/drone_controller_vrep/OIAC.hpp:2[m[K,
[1.254s]                  from [01m[K/home/zain/Projects/MasterThesis/src/drone_controller_vrep/src/OIAC.cpp:1[m[K:
[1.254s] [01m[K/opt/anaconda3/envs/MasterThesis/include/boost/numeric/ublas/vector_expression.hpp:1241:5:[m[K [01;36m[Knote: [m[Kcandidate: â€˜[01m[Ktemplate<class T1, class E2> typename boost::enable_if<boost::is_convertible<T1, typename E2::value_type>, typename boost::numeric::ublas::vector_binary_scalar1_traits<const T1, E2, boost::numeric::ublas::scalar_multiplies<T1, typename E2::value_type> >::result_type>::type boost::numeric::ublas::operator*(const T1&, const boost::numeric::ublas::vector_expression<E2>&)[m[Kâ€™
[1.255s]  1241 |     [01;36m[Koperator[m[K * (const T1 &e1,
[1.255s]       |     [01;36m[K^~~~~~~~[m[K
[1.255s] [01m[K/opt/anaconda3/envs/MasterThesis/include/boost/numeric/ublas/vector_expression.hpp:1241:5:[m[K [01;36m[Knote: [m[K  template argument deduction/substitution failed:
[1.255s] /opt/anaconda3/envs/MasterThesis/include/boost/numeric/ublas/vector_expression.hpp: In substitution of â€˜[01m[Ktemplate<class T1, class E2> typename boost::enable_if<boost::is_convertible<T1, typename E2::value_type>, typename boost::numeric::ublas::vector_binary_scalar1_traits<const T1, E2, boost::numeric::ublas::scalar_multiplies<T1, typename E2::value_type> >::result_type>::type boost::numeric::ublas::operator*(const T1&, const boost::numeric::ublas::vector_expression<E2>&) [with T1 = boost::numeric::ublas::vector<double>; E2 = boost::numeric::ublas::vector<double>][m[Kâ€™:
[1.255s] [01m[K/home/zain/Projects/MasterThesis/src/drone_controller_vrep/src/OIAC.cpp:86:24:[m[K   required from here
[1.255s] [01m[K/opt/anaconda3/envs/MasterThesis/include/boost/numeric/ublas/vector_expression.hpp:1241:5:[m[K [01;31m[Kerror: [m[Kno type named â€˜[01m[Ktype[m[Kâ€™ in â€˜[01m[Kstruct boost::enable_if<boost::is_convertible<boost::numeric::ublas::vector<double>, double>, boost::numeric::ublas::vector_binary_scalar1<const boost::numeric::ublas::vector<double>, boost::numeric::ublas::vector<double>, boost::numeric::ublas::scalar_multiplies<boost::numeric::ublas::vector<double>, double> > >[m[Kâ€™
[1.255s] [01m[K/opt/anaconda3/envs/MasterThesis/include/boost/numeric/ublas/vector_expression.hpp:1484:5:[m[K [01;36m[Knote: [m[Kcandidate: â€˜[01m[Ktemplate<class E1, class T2> typename boost::enable_if<boost::is_convertible<T2, typename E1::value_type>, typename boost::numeric::ublas::vector_binary_scalar2_traits<E1, const T2, boost::numeric::ublas::scalar_multiplies<typename E1::value_type, T2> >::result_type>::type boost::numeric::ublas::operator*(const boost::numeric::ublas::vector_expression<E>&, const T2&)[m[Kâ€™
[1.255s]  1484 |     [01;36m[Koperator[m[K * (const vector_expression<E1> &e1,
[1.255s]       |     [01;36m[K^~~~~~~~[m[K
[1.255s] [01m[K/opt/anaconda3/envs/MasterThesis/include/boost/numeric/ublas/vector_expression.hpp:1484:5:[m[K [01;36m[Knote: [m[K  template argument deduction/substitution failed:
[1.255s] /opt/anaconda3/envs/MasterThesis/include/boost/numeric/ublas/vector_expression.hpp: In substitution of â€˜[01m[Ktemplate<class E1, class T2> typename boost::enable_if<boost::is_convertible<T2, typename E1::value_type>, typename boost::numeric::ublas::vector_binary_scalar2_traits<E1, const T2, boost::numeric::ublas::scalar_multiplies<typename E1::value_type, T2> >::result_type>::type boost::numeric::ublas::operator*(const boost::numeric::ublas::vector_expression<E>&, const T2&) [with E1 = boost::numeric::ublas::vector<double>; T2 = boost::numeric::ublas::vector<double>][m[Kâ€™:
[1.255s] [01m[K/home/zain/Projects/MasterThesis/src/drone_controller_vrep/src/OIAC.cpp:86:24:[m[K   required from here
[1.255s] [01m[K/opt/anaconda3/envs/MasterThesis/include/boost/numeric/ublas/vector_expression.hpp:1484:5:[m[K [01;31m[Kerror: [m[Kno type named â€˜[01m[Ktype[m[Kâ€™ in â€˜[01m[Kstruct boost::enable_if<boost::is_convertible<boost::numeric::ublas::vector<double>, double>, boost::numeric::ublas::vector_binary_scalar2<boost::numeric::ublas::vector<double>, const boost::numeric::ublas::vector<double>, boost::numeric::ublas::scalar_multiplies<double, boost::numeric::ublas::vector<double> > > >[m[Kâ€™
[1.255s] In file included from [01m[K/opt/anaconda3/envs/MasterThesis/include/boost/numeric/ublas/matrix.hpp:19[m[K,
[1.255s]                  from [01m[K/home/zain/Projects/MasterThesis/src/drone_controller_vrep/include/drone_controller_vrep/OIAC.hpp:3[m[K,
[1.256s]                  from [01m[K/home/zain/Projects/MasterThesis/src/drone_controller_vrep/src/OIAC.cpp:1[m[K:
[1.256s] [01m[K/opt/anaconda3/envs/MasterThesis/include/boost/numeric/ublas/matrix_expression.hpp:3466:1:[m[K [01;36m[Knote: [m[Kcandidate: â€˜[01m[Ktemplate<class T1, class E2> typename boost::enable_if<boost::is_convertible<T1, typename E2::value_type>, typename boost::numeric::ublas::matrix_binary_scalar1_traits<const T1, E2, boost::numeric::ublas::scalar_multiplies<T1, typename E2::value_type> >::result_type>::type boost::numeric::ublas::operator*(const T1&, const boost::numeric::ublas::matrix_expression<E2>&)[m[Kâ€™
[1.256s]  3466 | [01;36m[Koperator[m[K * (const T1 &e1,
[1.256s]       | [01;36m[K^~~~~~~~[m[K
[1.256s] [01m[K/opt/anaconda3/envs/MasterThesis/include/boost/numeric/ublas/matrix_expression.hpp:3466:1:[m[K [01;36m[Knote: [m[K  template argument deduction/substitution failed:
[1.256s] [01m[K/home/zain/Projects/MasterThesis/src/drone_controller_vrep/src/OIAC.cpp:86:24:[m[K [01;36m[Knote: [m[K  â€˜[01m[Kboost::numeric::ublas::vector<double>[m[Kâ€™ is not derived from â€˜[01m[Kconst boost::numeric::ublas::matrix_expression<E2>[m[Kâ€™
[1.256s]    86 |     return F + K*e + D*[01;36m[Ke_dot[m[K + _feedforward;
[1.256s]       |                        [01;36m[K^~~~~[m[K
[1.256s] In file included from [01m[K/opt/anaconda3/envs/MasterThesis/include/boost/numeric/ublas/matrix.hpp:19[m[K,
[1.256s]                  from [01m[K/home/zain/Projects/MasterThesis/src/drone_controller_vrep/include/drone_controller_vrep/OIAC.hpp:3[m[K,
[1.256s]                  from [01m[K/home/zain/Projects/MasterThesis/src/drone_controller_vrep/src/OIAC.cpp:1[m[K:
[1.256s] [01m[K/opt/anaconda3/envs/MasterThesis/include/boost/numeric/ublas/matrix_expression.hpp:3994:1:[m[K [01;36m[Knote: [m[Kcandidate: â€˜[01m[Ktemplate<class E1, class T2> typename boost::enable_if<boost::is_convertible<T2, typename E1::value_type>, typename boost::numeric::ublas::matrix_binary_scalar2_traits<E1, const T2, boost::numeric::ublas::scalar_multiplies<typename E1::value_type, T2> >::result_type>::type boost::numeric::ublas::operator*(const boost::numeric::ublas::matrix_expression<E>&, const T2&)[m[Kâ€™
[1.256s]  3994 | [01;36m[Koperator[m[K * (const matrix_expression<E1> &e1,
[1.256s]       | [01;36m[K^~~~~~~~[m[K
[1.256s] [01m[K/opt/anaconda3/envs/MasterThesis/include/boost/numeric/ublas/matrix_expression.hpp:3994:1:[m[K [01;36m[Knote: [m[K  template argument deduction/substitution failed:
[1.256s] [01m[K/home/zain/Projects/MasterThesis/src/drone_controller_vrep/src/OIAC.cpp:86:24:[m[K [01;36m[Knote: [m[K  â€˜[01m[Kboost::numeric::ublas::vector<double>[m[Kâ€™ is not derived from â€˜[01m[Kconst boost::numeric::ublas::matrix_expression<E>[m[Kâ€™
[1.257s]    86 |     return F + K*e + D*[01;36m[Ke_dot[m[K + _feedforward;
[1.257s]       |                        [01;36m[K^~~~~[m[K
[1.341s] gmake[2]: *** [CMakeFiles/controller.dir/build.make:90: CMakeFiles/controller.dir/src/OIAC.cpp.o] Error 1
[1.341s] gmake[1]: *** [CMakeFiles/Makefile2:137: CMakeFiles/controller.dir/all] Error 2
[1.342s] gmake: *** [Makefile:146: all] Error 2
[1.344s] Invoked command in '/home/zain/Projects/MasterThesis/build/drone_controller_vrep' returned '2': CMAKE_PREFIX_PATH=/opt/ros/humble CONDA_PROMPT_MODIFIER=(MasterThesis) /usr/local/bin/cmake --build /home/zain/Projects/MasterThesis/build/drone_controller_vrep -- -j16 -l16
