[0.057s] Invoking command in '/home/zain/Projects/MasterThesis/build/drone_controller_vrep': CMAKE_PREFIX_PATH=/opt/ros/humble CONDA_PROMPT_MODIFIER=(MasterThesis) /usr/local/bin/cmake --build /home/zain/Projects/MasterThesis/build/drone_controller_vrep -- -j16 -l16
[0.069s] -- Found ament_cmake: 1.3.8 (/opt/ros/humble/share/ament_cmake/cmake)
[0.220s] -- Override CMake install command with custom implementation using symlinks instead of copying resources
[0.227s] -- Found rclcpp: 16.0.8 (/opt/ros/humble/share/rclcpp/cmake)
[0.258s] -- Found rosidl_generator_c: 3.1.5 (/opt/ros/humble/share/rosidl_generator_c/cmake)
[0.261s] -- Found rosidl_adapter: 3.1.5 (/opt/ros/humble/share/rosidl_adapter/cmake)
[0.267s] -- Found rosidl_generator_cpp: 3.1.5 (/opt/ros/humble/share/rosidl_generator_cpp/cmake)
[0.279s] -- Using all available rosidl_typesupport_c: rosidl_typesupport_fastrtps_c;rosidl_typesupport_introspection_c
[0.296s] -- Using all available rosidl_typesupport_cpp: rosidl_typesupport_fastrtps_cpp;rosidl_typesupport_introspection_cpp
[0.368s] -- Found rmw_implementation_cmake: 6.1.1 (/opt/ros/humble/share/rmw_implementation_cmake/cmake)
[0.370s] -- Found rmw_fastrtps_cpp: 6.2.6 (/opt/ros/humble/share/rmw_fastrtps_cpp/cmake)
[0.517s] -- Using RMW implementation 'rmw_fastrtps_cpp' as default
[0.672s] -- Found geometry_msgs: 4.2.3 (/opt/ros/humble/share/geometry_msgs/cmake)
[0.720s] -- Found ament_lint_auto: 0.12.10 (/opt/ros/humble/share/ament_lint_auto/cmake)
[0.809s] -- Added test 'cppcheck' to perform static code analysis on C / C++ code
[0.809s] -- Configured cppcheck include dirs: /home/zain/Projects/MasterThesis/src/drone_controller_vrep/include/drone_controller_vrep
[0.809s] -- Configured cppcheck exclude dirs and/or files: 
[0.810s] -- Added test 'lint_cmake' to check CMake code style
[0.811s] -- Added test 'uncrustify' to check C / C++ code style
[0.811s] -- Configured uncrustify additional arguments: 
[0.811s] -- Added test 'xmllint' to check XML markup files
[0.812s] -- Configuring done (0.7s)
[0.821s] -- Generating done (0.0s)
[0.822s] -- Build files have been written to: /home/zain/Projects/MasterThesis/build/drone_controller_vrep
[0.842s] [ 66%] [32mBuilding CXX object CMakeFiles/controller.dir/src/drone_feedback_controller.cpp.o[0m
[0.842s] [ 66%] [32mBuilding CXX object CMakeFiles/controller.dir/src/OIAC.cpp.o[0m
[0.848s] In file included from [01m[K/home/zain/Projects/MasterThesis/src/drone_controller_vrep/src/drone_feedback_controller.cpp:1[m[K:
[0.848s] [01m[K/home/zain/Projects/MasterThesis/src/drone_controller_vrep/include/drone_controller_vrep/drone_feedback_controller.hpp:1:10:[m[K [01;31m[Kfatal error: [m[Kboost/chrono: No such file or directory
[0.848s]     1 | #include [01;31m[K<boost/chrono>[m[K
[0.849s]       |          [01;31m[K^~~~~~~~~~~~~~[m[K
[0.849s] compilation terminated.
[0.849s] gmake[2]: *** [CMakeFiles/controller.dir/build.make:76: CMakeFiles/controller.dir/src/drone_feedback_controller.cpp.o] Error 1
[0.849s] gmake[2]: *** Waiting for unfinished jobs....
[1.689s] In file included from [01m[K/home/zain/Projects/MasterThesis/src/drone_controller_vrep/src/OIAC.cpp:1[m[K:
[1.690s] [01m[K/home/zain/Projects/MasterThesis/src/drone_controller_vrep/include/drone_controller_vrep/OIAC.hpp:30:54:[m[K [01;31m[Kerror: [m[Kexpected â€˜[01m[K;[m[Kâ€™ at end of member declaration
[1.690s]    30 |         void set_lower_and_upper_bound(double, double[01;31m[K)[m[K
[1.690s]       |                                                      [01;31m[K^[m[K
[1.690s]       |                                                       [32m[K;[m[K
[1.690s] [01m[K/home/zain/Projects/MasterThesis/src/drone_controller_vrep/src/OIAC.cpp:[m[K In constructor â€˜[01m[KOIAC::OIAC(double, double, double)[m[Kâ€™:
[1.690s] [01m[K/home/zain/Projects/MasterThesis/src/drone_controller_vrep/src/OIAC.cpp:9:21:[m[K [01;31m[Kerror: [m[Kcannot convert â€˜[01m[Kdouble[m[Kâ€™ to â€˜[01m[Kboost::numeric::ublas::vector<double>[m[Kâ€™
[1.690s]     9 |     set_feedforward([01;31m[K0.0[m[K);
[1.690s]       |                     [01;31m[K^~~[m[K
[1.690s]       |                     [01;31m[K|[m[K
[1.690s]       |                     [01;31m[Kdouble[m[K
[1.690s] In file included from [01m[K/home/zain/Projects/MasterThesis/src/drone_controller_vrep/src/OIAC.cpp:1[m[K:
[1.690s] [01m[K/home/zain/Projects/MasterThesis/src/drone_controller_vrep/include/drone_controller_vrep/OIAC.hpp:29:30:[m[K [01;36m[Knote: [m[K  initializing argument 1 of â€˜[01m[Kvoid OIAC::set_feedforward(boost::numeric::ublas::vector<double>)[m[Kâ€™
[1.690s]    29 |         void set_feedforward([01;36m[Kublas::vector<double>[m[K);
[1.690s]       |                              [01;36m[K^~~~~~~~~~~~~~~~~~~~~[m[K
[1.694s] [01m[K/home/zain/Projects/MasterThesis/src/drone_controller_vrep/src/OIAC.cpp:[m[K In constructor â€˜[01m[KOIAC::OIAC(double, double, double, double, double)[m[Kâ€™:
[1.694s] [01m[K/home/zain/Projects/MasterThesis/src/drone_controller_vrep/src/OIAC.cpp:27:21:[m[K [01;31m[Kerror: [m[Kâ€˜[01m[Kfeedforward[m[Kâ€™ was not declared in this scope; did you mean â€˜[01m[K_feedforward[m[Kâ€™?
[1.694s]    27 |     set_feedforward([01;31m[Kfeedforward[m[K);
[1.694s]       |                     [01;31m[K^~~~~~~~~~~[m[K
[1.694s]       |                     [32m[K_feedforward[m[K
[1.698s] [01m[K/home/zain/Projects/MasterThesis/src/drone_controller_vrep/src/OIAC.cpp:[m[K In member function â€˜[01m[Kboost::numeric::ublas::vector<double> OIAC::calculate_gamma(boost::numeric::ublas::vector<double>)[m[Kâ€™:
[1.698s] [01m[K/home/zain/Projects/MasterThesis/src/drone_controller_vrep/src/OIAC.cpp:63:35:[m[K [01;31m[Kerror: [m[Kno matching function for call to â€˜[01m[Kpow(boost::numeric::ublas::vector_scalar_unary_traits<boost::numeric::ublas::vector<double>, boost::numeric::ublas::vector_norm_2<boost::numeric::ublas::vector<double> > >::result_type)[m[Kâ€™
[1.698s]    63 |     return _a / (1 + _b * [01;31m[Kstd::pow(ublas::norm_2(epsilon))[m[K, 2));
[1.698s]       |                           [01;31m[K~~~~~~~~^~~~~~~~~~~~~~~~~~~~~~~~[m[K
[1.699s] In file included from [01m[K/usr/include/c++/11/complex:44[m[K,
[1.699s]                  from [01m[K/opt/anaconda3/envs/MasterThesis/include/boost/numeric/ublas/traits.hpp:17[m[K,
[1.699s]                  from [01m[K/opt/anaconda3/envs/MasterThesis/include/boost/numeric/ublas/storage.hpp:27[m[K,
[1.699s]                  from [01m[K/opt/anaconda3/envs/MasterThesis/include/boost/numeric/ublas/vector.hpp:21[m[K,
[1.699s]                  from [01m[K/home/zain/Projects/MasterThesis/src/drone_controller_vrep/include/drone_controller_vrep/OIAC.hpp:2[m[K,
[1.699s]                  from [01m[K/home/zain/Projects/MasterThesis/src/drone_controller_vrep/src/OIAC.cpp:1[m[K:
[1.699s] [01m[K/usr/include/c++/11/cmath:415:5:[m[K [01;36m[Knote: [m[Kcandidate: â€˜[01m[Ktemplate<class _Tp, class _Up> constexpr typename __gnu_cxx::__promote_2<_Tp, _Up>::__type std::pow(_Tp, _Up)[m[Kâ€™
[1.699s]   415 |     [01;36m[Kpow[m[K(_Tp __x, _Up __y)
[1.699s]       |     [01;36m[K^~~[m[K
[1.699s] [01m[K/usr/include/c++/11/cmath:415:5:[m[K [01;36m[Knote: [m[K  template argument deduction/substitution failed:
[1.699s] [01m[K/home/zain/Projects/MasterThesis/src/drone_controller_vrep/src/OIAC.cpp:63:35:[m[K [01;36m[Knote: [m[K  candidate expects 2 arguments, 1 provided
[1.699s]    63 |     return _a / (1 + _b * [01;36m[Kstd::pow(ublas::norm_2(epsilon))[m[K, 2));
[1.699s]       |                           [01;36m[K~~~~~~~~^~~~~~~~~~~~~~~~~~~~~~~~[m[K
[1.699s] In file included from [01m[K/opt/anaconda3/envs/MasterThesis/include/boost/numeric/ublas/traits.hpp:17[m[K,
[1.699s]                  from [01m[K/opt/anaconda3/envs/MasterThesis/include/boost/numeric/ublas/storage.hpp:27[m[K,
[1.699s]                  from [01m[K/opt/anaconda3/envs/MasterThesis/include/boost/numeric/ublas/vector.hpp:21[m[K,
[1.699s]                  from [01m[K/home/zain/Projects/MasterThesis/src/drone_controller_vrep/include/drone_controller_vrep/OIAC.hpp:2[m[K,
[1.699s]                  from [01m[K/home/zain/Projects/MasterThesis/src/drone_controller_vrep/src/OIAC.cpp:1[m[K:
[1.699s] [01m[K/usr/include/c++/11/complex:1019:5:[m[K [01;36m[Knote: [m[Kcandidate: â€˜[01m[Ktemplate<class _Tp> std::complex<_Tp> std::pow(const std::complex<_Tp>&, int)[m[Kâ€™
[1.700s]  1019 |     [01;36m[Kpow[m[K(const complex<_Tp>& __z, int __n)
[1.700s]       |     [01;36m[K^~~[m[K
[1.700s] [01m[K/usr/include/c++/11/complex:1019:5:[m[K [01;36m[Knote: [m[K  template argument deduction/substitution failed:
[1.700s] [01m[K/home/zain/Projects/MasterThesis/src/drone_controller_vrep/src/OIAC.cpp:63:35:[m[K [01;36m[Knote: [m[K  mismatched types â€˜[01m[Kconst std::complex<_Tp>[m[Kâ€™ and â€˜[01m[Kboost::numeric::ublas::vector_scalar_unary_traits<boost::numeric::ublas::vector<double>, boost::numeric::ublas::vector_norm_2<boost::numeric::ublas::vector<double> > >::result_type[m[Kâ€™ {aka â€˜[01m[Kdouble[m[Kâ€™}
[1.700s]    63 |     return _a / (1 + _b * [01;36m[Kstd::pow(ublas::norm_2(epsilon))[m[K, 2));
[1.700s]       |                           [01;36m[K~~~~~~~~^~~~~~~~~~~~~~~~~~~~~~~~[m[K
[1.700s] In file included from [01m[K/opt/anaconda3/envs/MasterThesis/include/boost/numeric/ublas/traits.hpp:17[m[K,
[1.700s]                  from [01m[K/opt/anaconda3/envs/MasterThesis/include/boost/numeric/ublas/storage.hpp:27[m[K,
[1.701s]                  from [01m[K/opt/anaconda3/envs/MasterThesis/include/boost/numeric/ublas/vector.hpp:21[m[K,
[1.701s]                  from [01m[K/home/zain/Projects/MasterThesis/src/drone_controller_vrep/include/drone_controller_vrep/OIAC.hpp:2[m[K,
[1.701s]                  from [01m[K/home/zain/Projects/MasterThesis/src/drone_controller_vrep/src/OIAC.cpp:1[m[K:
[1.701s] [01m[K/usr/include/c++/11/complex:1028:5:[m[K [01;36m[Knote: [m[Kcandidate: â€˜[01m[Ktemplate<class _Tp> std::complex<_Tp> std::pow(const std::complex<_Tp>&, const _Tp&)[m[Kâ€™
[1.701s]  1028 |     [01;36m[Kpow[m[K(const complex<_Tp>& __x, const _Tp& __y)
[1.701s]       |     [01;36m[K^~~[m[K
[1.702s] [01m[K/usr/include/c++/11/complex:1028:5:[m[K [01;36m[Knote: [m[K  template argument deduction/substitution failed:
[1.702s] [01m[K/home/zain/Projects/MasterThesis/src/drone_controller_vrep/src/OIAC.cpp:63:35:[m[K [01;36m[Knote: [m[K  mismatched types â€˜[01m[Kconst std::complex<_Tp>[m[Kâ€™ and â€˜[01m[Kboost::numeric::ublas::vector_scalar_unary_traits<boost::numeric::ublas::vector<double>, boost::numeric::ublas::vector_norm_2<boost::numeric::ublas::vector<double> > >::result_type[m[Kâ€™ {aka â€˜[01m[Kdouble[m[Kâ€™}
[1.702s]    63 |     return _a / (1 + _b * [01;36m[Kstd::pow(ublas::norm_2(epsilon))[m[K, 2));
[1.702s]       |                           [01;36m[K~~~~~~~~^~~~~~~~~~~~~~~~~~~~~~~~[m[K
[1.702s] In file included from [01m[K/opt/anaconda3/envs/MasterThesis/include/boost/numeric/ublas/traits.hpp:17[m[K,
[1.702s]                  from [01m[K/opt/anaconda3/envs/MasterThesis/include/boost/numeric/ublas/storage.hpp:27[m[K,
[1.702s]                  from [01m[K/opt/anaconda3/envs/MasterThesis/include/boost/numeric/ublas/vector.hpp:21[m[K,
[1.702s]                  from [01m[K/home/zain/Projects/MasterThesis/src/drone_controller_vrep/include/drone_controller_vrep/OIAC.hpp:2[m[K,
[1.702s]                  from [01m[K/home/zain/Projects/MasterThesis/src/drone_controller_vrep/src/OIAC.cpp:1[m[K:
[1.702s] [01m[K/usr/include/c++/11/complex:1062:5:[m[K [01;36m[Knote: [m[Kcandidate: â€˜[01m[Ktemplate<class _Tp> std::complex<_Tp> std::pow(const std::complex<_Tp>&, const std::complex<_Tp>&)[m[Kâ€™
[1.702s]  1062 |     [01;36m[Kpow[m[K(const complex<_Tp>& __x, const complex<_Tp>& __y)
[1.702s]       |     [01;36m[K^~~[m[K
[1.702s] [01m[K/usr/include/c++/11/complex:1062:5:[m[K [01;36m[Knote: [m[K  template argument deduction/substitution failed:
[1.702s] [01m[K/home/zain/Projects/MasterThesis/src/drone_controller_vrep/src/OIAC.cpp:63:35:[m[K [01;36m[Knote: [m[K  mismatched types â€˜[01m[Kconst std::complex<_Tp>[m[Kâ€™ and â€˜[01m[Kboost::numeric::ublas::vector_scalar_unary_traits<boost::numeric::ublas::vector<double>, boost::numeric::ublas::vector_norm_2<boost::numeric::ublas::vector<double> > >::result_type[m[Kâ€™ {aka â€˜[01m[Kdouble[m[Kâ€™}
[1.702s]    63 |     return _a / (1 + _b * [01;36m[Kstd::pow(ublas::norm_2(epsilon))[m[K, 2));
[1.703s]       |                           [01;36m[K~~~~~~~~^~~~~~~~~~~~~~~~~~~~~~~~[m[K
[1.703s] In file included from [01m[K/opt/anaconda3/envs/MasterThesis/include/boost/numeric/ublas/traits.hpp:17[m[K,
[1.703s]                  from [01m[K/opt/anaconda3/envs/MasterThesis/include/boost/numeric/ublas/storage.hpp:27[m[K,
[1.703s]                  from [01m[K/opt/anaconda3/envs/MasterThesis/include/boost/numeric/ublas/vector.hpp:21[m[K,
[1.703s]                  from [01m[K/home/zain/Projects/MasterThesis/src/drone_controller_vrep/include/drone_controller_vrep/OIAC.hpp:2[m[K,
[1.703s]                  from [01m[K/home/zain/Projects/MasterThesis/src/drone_controller_vrep/src/OIAC.cpp:1[m[K:
[1.703s] [01m[K/usr/include/c++/11/complex:1073:5:[m[K [01;36m[Knote: [m[Kcandidate: â€˜[01m[Ktemplate<class _Tp> std::complex<_Tp> std::pow(const _Tp&, const std::complex<_Tp>&)[m[Kâ€™
[1.704s]  1073 |     [01;36m[Kpow[m[K(const _Tp& __x, const complex<_Tp>& __y)
[1.704s]       |     [01;36m[K^~~[m[K
[1.704s] [01m[K/usr/include/c++/11/complex:1073:5:[m[K [01;36m[Knote: [m[K  template argument deduction/substitution failed:
[1.704s] [01m[K/home/zain/Projects/MasterThesis/src/drone_controller_vrep/src/OIAC.cpp:63:35:[m[K [01;36m[Knote: [m[K  candidate expects 2 arguments, 1 provided
[1.704s]    63 |     return _a / (1 + _b * [01;36m[Kstd::pow(ublas::norm_2(epsilon))[m[K, 2));
[1.704s]       |                           [01;36m[K~~~~~~~~^~~~~~~~~~~~~~~~~~~~~~~~[m[K
[1.704s] In file included from [01m[K/opt/anaconda3/envs/MasterThesis/include/boost/numeric/ublas/traits.hpp:17[m[K,
[1.704s]                  from [01m[K/opt/anaconda3/envs/MasterThesis/include/boost/numeric/ublas/storage.hpp:27[m[K,
[1.704s]                  from [01m[K/opt/anaconda3/envs/MasterThesis/include/boost/numeric/ublas/vector.hpp:21[m[K,
[1.704s]                  from [01m[K/home/zain/Projects/MasterThesis/src/drone_controller_vrep/include/drone_controller_vrep/OIAC.hpp:2[m[K,
[1.704s]                  from [01m[K/home/zain/Projects/MasterThesis/src/drone_controller_vrep/src/OIAC.cpp:1[m[K:
[1.704s] [01m[K/usr/include/c++/11/complex:1883:5:[m[K [01;36m[Knote: [m[Kcandidate: â€˜[01m[Ktemplate<class _Tp, class _Up> std::complex<typename __gnu_cxx::__promote_2<_Tp, _Up>::__type> std::pow(const std::complex<_Tp>&, const _Up&)[m[Kâ€™
[1.704s]  1883 |     [01;36m[Kpow[m[K(const std::complex<_Tp>& __x, const _Up& __y)
[1.704s]       |     [01;36m[K^~~[m[K
[1.704s] [01m[K/usr/include/c++/11/complex:1883:5:[m[K [01;36m[Knote: [m[K  template argument deduction/substitution failed:
[1.704s] [01m[K/home/zain/Projects/MasterThesis/src/drone_controller_vrep/src/OIAC.cpp:63:35:[m[K [01;36m[Knote: [m[K  mismatched types â€˜[01m[Kconst std::complex<_Tp>[m[Kâ€™ and â€˜[01m[Kboost::numeric::ublas::vector_scalar_unary_traits<boost::numeric::ublas::vector<double>, boost::numeric::ublas::vector_norm_2<boost::numeric::ublas::vector<double> > >::result_type[m[Kâ€™ {aka â€˜[01m[Kdouble[m[Kâ€™}
[1.704s]    63 |     return _a / (1 + _b * [01;36m[Kstd::pow(ublas::norm_2(epsilon))[m[K, 2));
[1.704s]       |                           [01;36m[K~~~~~~~~^~~~~~~~~~~~~~~~~~~~~~~~[m[K
[1.704s] In file included from [01m[K/opt/anaconda3/envs/MasterThesis/include/boost/numeric/ublas/traits.hpp:17[m[K,
[1.704s]                  from [01m[K/opt/anaconda3/envs/MasterThesis/include/boost/numeric/ublas/storage.hpp:27[m[K,
[1.705s]                  from [01m[K/opt/anaconda3/envs/MasterThesis/include/boost/numeric/ublas/vector.hpp:21[m[K,
[1.705s]                  from [01m[K/home/zain/Projects/MasterThesis/src/drone_controller_vrep/include/drone_controller_vrep/OIAC.hpp:2[m[K,
[1.705s]                  from [01m[K/home/zain/Projects/MasterThesis/src/drone_controller_vrep/src/OIAC.cpp:1[m[K:
[1.705s] [01m[K/usr/include/c++/11/complex:1891:5:[m[K [01;36m[Knote: [m[Kcandidate: â€˜[01m[Ktemplate<class _Tp, class _Up> std::complex<typename __gnu_cxx::__promote_2<_Tp, _Up>::__type> std::pow(const _Tp&, const std::complex<_Up>&)[m[Kâ€™
[1.705s]  1891 |     [01;36m[Kpow[m[K(const _Tp& __x, const std::complex<_Up>& __y)
[1.705s]       |     [01;36m[K^~~[m[K
[1.705s] [01m[K/usr/include/c++/11/complex:1891:5:[m[K [01;36m[Knote: [m[K  template argument deduction/substitution failed:
[1.705s] [01m[K/home/zain/Projects/MasterThesis/src/drone_controller_vrep/src/OIAC.cpp:63:35:[m[K [01;36m[Knote: [m[K  candidate expects 2 arguments, 1 provided
[1.705s]    63 |     return _a / (1 + _b * [01;36m[Kstd::pow(ublas::norm_2(epsilon))[m[K, 2));
[1.705s]       |                           [01;36m[K~~~~~~~~^~~~~~~~~~~~~~~~~~~~~~~~[m[K
[1.705s] In file included from [01m[K/opt/anaconda3/envs/MasterThesis/include/boost/numeric/ublas/traits.hpp:17[m[K,
[1.705s]                  from [01m[K/opt/anaconda3/envs/MasterThesis/include/boost/numeric/ublas/storage.hpp:27[m[K,
[1.705s]                  from [01m[K/opt/anaconda3/envs/MasterThesis/include/boost/numeric/ublas/vector.hpp:21[m[K,
[1.705s]                  from [01m[K/home/zain/Projects/MasterThesis/src/drone_controller_vrep/include/drone_controller_vrep/OIAC.hpp:2[m[K,
[1.705s]                  from [01m[K/home/zain/Projects/MasterThesis/src/drone_controller_vrep/src/OIAC.cpp:1[m[K:
[1.705s] [01m[K/usr/include/c++/11/complex:1899:5:[m[K [01;36m[Knote: [m[Kcandidate: â€˜[01m[Ktemplate<class _Tp, class _Up> std::complex<typename __gnu_cxx::__promote_2<_Tp, _Up>::__type> std::pow(const std::complex<_Tp>&, const std::complex<_Up>&)[m[Kâ€™
[1.705s]  1899 |     [01;36m[Kpow[m[K(const std::complex<_Tp>& __x, const std::complex<_Up>& __y)
[1.706s]       |     [01;36m[K^~~[m[K
[1.706s] [01m[K/usr/include/c++/11/complex:1899:5:[m[K [01;36m[Knote: [m[K  template argument deduction/substitution failed:
[1.706s] [01m[K/home/zain/Projects/MasterThesis/src/drone_controller_vrep/src/OIAC.cpp:63:35:[m[K [01;36m[Knote: [m[K  mismatched types â€˜[01m[Kconst std::complex<_Tp>[m[Kâ€™ and â€˜[01m[Kboost::numeric::ublas::vector_scalar_unary_traits<boost::numeric::ublas::vector<double>, boost::numeric::ublas::vector_norm_2<boost::numeric::ublas::vector<double> > >::result_type[m[Kâ€™ {aka â€˜[01m[Kdouble[m[Kâ€™}
[1.706s]    63 |     return _a / (1 + _b * [01;36m[Kstd::pow(ublas::norm_2(epsilon))[m[K, 2));
[1.706s]       |                           [01;36m[K~~~~~~~~^~~~~~~~~~~~~~~~~~~~~~~~[m[K
[1.706s] In file included from [01m[K/usr/include/features.h:486[m[K,
[1.706s]                  from [01m[K/usr/include/x86_64-linux-gnu/c++/11/bits/os_defines.h:39[m[K,
[1.706s]                  from [01m[K/usr/include/x86_64-linux-gnu/c++/11/bits/c++config.h:586[m[K,
[1.706s]                  from [01m[K/usr/include/c++/11/cstddef:49[m[K,
[1.706s]                  from [01m[K/opt/anaconda3/envs/MasterThesis/include/boost/config/compiler/gcc.hpp:165[m[K,
[1.706s]                  from [01m[K/opt/anaconda3/envs/MasterThesis/include/boost/config.hpp:39[m[K,
[1.706s]                  from [01m[K/opt/anaconda3/envs/MasterThesis/include/boost/numeric/ublas/vector.hpp:20[m[K,
[1.706s]                  from [01m[K/home/zain/Projects/MasterThesis/src/drone_controller_vrep/include/drone_controller_vrep/OIAC.hpp:2[m[K,
[1.706s]                  from [01m[K/home/zain/Projects/MasterThesis/src/drone_controller_vrep/src/OIAC.cpp:1[m[K:
[1.706s] [01m[K/usr/include/x86_64-linux-gnu/bits/mathcalls.h:140:1:[m[K [01;36m[Knote: [m[Kcandidate: â€˜[01m[Kdouble pow(double, double)[m[Kâ€™
[1.706s]   140 | [01;36m[K__MATHCALL_VEC[m[K (pow,, (_Mdouble_ __x, _Mdouble_ __y));
[1.706s]       | [01;36m[K^~~~~~~~~~~~~~[m[K
[1.706s] [01m[K/usr/include/x86_64-linux-gnu/bits/mathcalls.h:140:1:[m[K [01;36m[Knote: [m[K  candidate expects 2 arguments, 1 provided
[1.706s] In file included from [01m[K/usr/include/c++/11/complex:44[m[K,
[1.707s]                  from [01m[K/opt/anaconda3/envs/MasterThesis/include/boost/numeric/ublas/traits.hpp:17[m[K,
[1.707s]                  from [01m[K/opt/anaconda3/envs/MasterThesis/include/boost/numeric/ublas/storage.hpp:27[m[K,
[1.707s]                  from [01m[K/opt/anaconda3/envs/MasterThesis/include/boost/numeric/ublas/vector.hpp:21[m[K,
[1.707s]                  from [01m[K/home/zain/Projects/MasterThesis/src/drone_controller_vrep/include/drone_controller_vrep/OIAC.hpp:2[m[K,
[1.707s]                  from [01m[K/home/zain/Projects/MasterThesis/src/drone_controller_vrep/src/OIAC.cpp:1[m[K:
[1.707s] [01m[K/usr/include/c++/11/cmath:388:3:[m[K [01;36m[Knote: [m[Kcandidate: â€˜[01m[Kconstexpr float std::pow(float, float)[m[Kâ€™
[1.707s]   388 |   [01;36m[Kpow[m[K(float __x, float __y)
[1.707s]       |   [01;36m[K^~~[m[K
[1.707s] [01m[K/usr/include/c++/11/cmath:388:3:[m[K [01;36m[Knote: [m[K  candidate expects 2 arguments, 1 provided
[1.707s] [01m[K/usr/include/c++/11/cmath:392:3:[m[K [01;36m[Knote: [m[Kcandidate: â€˜[01m[Kconstexpr long double std::pow(long double, long double)[m[Kâ€™
[1.707s]   392 |   [01;36m[Kpow[m[K(long double __x, long double __y)
[1.707s]       |   [01;36m[K^~~[m[K
[1.707s] [01m[K/usr/include/c++/11/cmath:392:3:[m[K [01;36m[Knote: [m[K  candidate expects 2 arguments, 1 provided
[1.707s] [01m[K/home/zain/Projects/MasterThesis/src/drone_controller_vrep/src/OIAC.cpp:63:63:[m[K [01;31m[Kerror: [m[Kexpected â€˜[01m[K;[m[Kâ€™ before â€˜[01m[K)[m[Kâ€™ token
[1.707s]    63 |     return _a / (1 + _b * std::pow(ublas::norm_2(epsilon)), 2)[01;31m[K)[m[K;
[1.707s]       |                                                               [01;31m[K^[m[K
[1.707s]       |                                                               [32m[K;[m[K
[1.707s] [01m[K/home/zain/Projects/MasterThesis/src/drone_controller_vrep/src/OIAC.cpp:63:63:[m[K [01;31m[Kerror: [m[Kexpected primary-expression before â€˜[01m[K)[m[Kâ€™ token
[1.707s] [01m[K/home/zain/Projects/MasterThesis/src/drone_controller_vrep/src/OIAC.cpp:[m[K In member function â€˜[01m[Kboost::numeric::ublas::vector<double> OIAC::calculate_F(boost::numeric::ublas::vector<double>, boost::numeric::ublas::vector<double>)[m[Kâ€™:
[1.707s] [01m[K/home/zain/Projects/MasterThesis/src/drone_controller_vrep/src/OIAC.cpp:67:20:[m[K [01;31m[Kerror: [m[Kno match for â€˜[01m[Koperator/[m[Kâ€™ (operand types are â€˜[01m[Kboost::numeric::ublas::vector<double>[m[Kâ€™ and â€˜[01m[Kboost::numeric::ublas::vector<double>[m[Kâ€™)
[1.708s]    67 |     return [32m[Kepsilon[m[K [01;31m[K/[m[K [34m[Kgamma[m[K;
[1.708s]       |            [32m[K~~~~~~~[m[K [01;31m[K^[m[K [34m[K~~~~~[m[K
[1.708s]       |            [32m[K|[m[K         [34m[K|[m[K
[1.708s]       |            [32m[K|[m[K         [34m[Kvector<[...]>[m[K
[1.708s]       |            [32m[Kvector<[...]>[m[K
[1.708s] In file included from [01m[K/opt/anaconda3/envs/MasterThesis/include/boost/numeric/ublas/traits.hpp:17[m[K,
[1.708s]                  from [01m[K/opt/anaconda3/envs/MasterThesis/include/boost/numeric/ublas/storage.hpp:27[m[K,
[1.708s]                  from [01m[K/opt/anaconda3/envs/MasterThesis/include/boost/numeric/ublas/vector.hpp:21[m[K,
[1.708s]                  from [01m[K/home/zain/Projects/MasterThesis/src/drone_controller_vrep/include/drone_controller_vrep/OIAC.hpp:2[m[K,
[1.708s]                  from [01m[K/home/zain/Projects/MasterThesis/src/drone_controller_vrep/src/OIAC.cpp:1[m[K:
[1.708s] [01m[K/usr/include/c++/11/complex:422:5:[m[K [01;36m[Knote: [m[Kcandidate: â€˜[01m[Ktemplate<class _Tp> std::complex<_Tp> std::operator/(const std::complex<_Tp>&, const std::complex<_Tp>&)[m[Kâ€™
[1.708s]   422 |     [01;36m[Koperator[m[K/(const complex<_Tp>& __x, const complex<_Tp>& __y)
[1.708s]       |     [01;36m[K^~~~~~~~[m[K
[1.708s] [01m[K/usr/include/c++/11/complex:422:5:[m[K [01;36m[Knote: [m[K  template argument deduction/substitution failed:
[1.708s] [01m[K/home/zain/Projects/MasterThesis/src/drone_controller_vrep/src/OIAC.cpp:67:22:[m[K [01;36m[Knote: [m[K  â€˜[01m[Kboost::numeric::ublas::vector<double>[m[Kâ€™ is not derived from â€˜[01m[Kconst std::complex<_Tp>[m[Kâ€™
[1.708s]    67 |     return epsilon / [01;36m[Kgamma[m[K;
[1.708s]       |                      [01;36m[K^~~~~[m[K
[1.709s] In file included from [01m[K/opt/anaconda3/envs/MasterThesis/include/boost/numeric/ublas/traits.hpp:17[m[K,
[1.709s]                  from [01m[K/opt/anaconda3/envs/MasterThesis/include/boost/numeric/ublas/storage.hpp:27[m[K,
[1.709s]                  from [01m[K/opt/anaconda3/envs/MasterThesis/include/boost/numeric/ublas/vector.hpp:21[m[K,
[1.709s]                  from [01m[K/home/zain/Projects/MasterThesis/src/drone_controller_vrep/include/drone_controller_vrep/OIAC.hpp:2[m[K,
[1.709s]                  from [01m[K/home/zain/Projects/MasterThesis/src/drone_controller_vrep/src/OIAC.cpp:1[m[K:
[1.709s] [01m[K/usr/include/c++/11/complex:431:5:[m[K [01;36m[Knote: [m[Kcandidate: â€˜[01m[Ktemplate<class _Tp> std::complex<_Tp> std::operator/(const std::complex<_Tp>&, const _Tp&)[m[Kâ€™
[1.709s]   431 |     [01;36m[Koperator[m[K/(const complex<_Tp>& __x, const _Tp& __y)
[1.709s]       |     [01;36m[K^~~~~~~~[m[K
[1.709s] [01m[K/usr/include/c++/11/complex:431:5:[m[K [01;36m[Knote: [m[K  template argument deduction/substitution failed:
[1.709s] [01m[K/home/zain/Projects/MasterThesis/src/drone_controller_vrep/src/OIAC.cpp:67:22:[m[K [01;36m[Knote: [m[K  â€˜[01m[Kboost::numeric::ublas::vector<double>[m[Kâ€™ is not derived from â€˜[01m[Kconst std::complex<_Tp>[m[Kâ€™
[1.709s]    67 |     return epsilon / [01;36m[Kgamma[m[K;
[1.709s]       |                      [01;36m[K^~~~~[m[K
[1.709s] In file included from [01m[K/opt/anaconda3/envs/MasterThesis/include/boost/numeric/ublas/traits.hpp:17[m[K,
[1.709s]                  from [01m[K/opt/anaconda3/envs/MasterThesis/include/boost/numeric/ublas/storage.hpp:27[m[K,
[1.709s]                  from [01m[K/opt/anaconda3/envs/MasterThesis/include/boost/numeric/ublas/vector.hpp:21[m[K,
[1.709s]                  from [01m[K/home/zain/Projects/MasterThesis/src/drone_controller_vrep/include/drone_controller_vrep/OIAC.hpp:2[m[K,
[1.709s]                  from [01m[K/home/zain/Projects/MasterThesis/src/drone_controller_vrep/src/OIAC.cpp:1[m[K:
[1.709s] [01m[K/usr/include/c++/11/complex:440:5:[m[K [01;36m[Knote: [m[Kcandidate: â€˜[01m[Ktemplate<class _Tp> std::complex<_Tp> std::operator/(const _Tp&, const std::complex<_Tp>&)[m[Kâ€™
[1.709s]   440 |     [01;36m[Koperator[m[K/(const _Tp& __x, const complex<_Tp>& __y)
[1.709s]       |     [01;36m[K^~~~~~~~[m[K
[1.710s] [01m[K/usr/include/c++/11/complex:440:5:[m[K [01;36m[Knote: [m[K  template argument deduction/substitution failed:
[1.710s] [01m[K/home/zain/Projects/MasterThesis/src/drone_controller_vrep/src/OIAC.cpp:67:22:[m[K [01;36m[Knote: [m[K  â€˜[01m[Kboost::numeric::ublas::vector<double>[m[Kâ€™ is not derived from â€˜[01m[Kconst std::complex<_Tp>[m[Kâ€™
[1.710s]    67 |     return epsilon / [01;36m[Kgamma[m[K;
[1.710s]       |                      [01;36m[K^~~~~[m[K
[1.710s] In file included from [01m[K/opt/anaconda3/envs/MasterThesis/include/boost/numeric/ublas/storage.hpp:27[m[K,
[1.710s]                  from [01m[K/opt/anaconda3/envs/MasterThesis/include/boost/numeric/ublas/vector.hpp:21[m[K,
[1.710s]                  from [01m[K/home/zain/Projects/MasterThesis/src/drone_controller_vrep/include/drone_controller_vrep/OIAC.hpp:2[m[K,
[1.710s]                  from [01m[K/home/zain/Projects/MasterThesis/src/drone_controller_vrep/src/OIAC.cpp:1[m[K:
[1.710s] [01m[K/opt/anaconda3/envs/MasterThesis/include/boost/numeric/ublas/traits.hpp:137:38:[m[K [01;36m[Knote: [m[Kcandidate: â€˜[01m[Ktemplate<class R, class I> typename boost::enable_if<boost::mpl::and_<boost::is_float<R>, boost::is_integral<I> >, std::complex<_Tp> >::type boost::numeric::ublas::operator/(I, const std::complex<_Tp>&)[m[Kâ€™
[1.710s]   137 |       std::complex<R> >::type inline [01;36m[Koperator[m[K/ (I in1, std::complex<R> const& in2) {
[1.710s]       |                                      [01;36m[K^~~~~~~~[m[K
[1.710s] [01m[K/opt/anaconda3/envs/MasterThesis/include/boost/numeric/ublas/traits.hpp:137:38:[m[K [01;36m[Knote: [m[K  template argument deduction/substitution failed:
[1.710s] [01m[K/home/zain/Projects/MasterThesis/src/drone_controller_vrep/src/OIAC.cpp:67:22:[m[K [01;36m[Knote: [m[K  â€˜[01m[Kboost::numeric::ublas::vector<double>[m[Kâ€™ is not derived from â€˜[01m[Kconst std::complex<_Tp>[m[Kâ€™
[1.710s]    67 |     return epsilon / [01;36m[Kgamma[m[K;
[1.710s]       |                      [01;36m[K^~~~~[m[K
[1.710s] In file included from [01m[K/opt/anaconda3/envs/MasterThesis/include/boost/numeric/ublas/storage.hpp:27[m[K,
[1.710s]                  from [01m[K/opt/anaconda3/envs/MasterThesis/include/boost/numeric/ublas/vector.hpp:21[m[K,
[1.710s]                  from [01m[K/home/zain/Projects/MasterThesis/src/drone_controller_vrep/include/drone_controller_vrep/OIAC.hpp:2[m[K,
[1.710s]                  from [01m[K/home/zain/Projects/MasterThesis/src/drone_controller_vrep/src/OIAC.cpp:1[m[K:
[1.710s] [01m[K/opt/anaconda3/envs/MasterThesis/include/boost/numeric/ublas/traits.hpp:147:38:[m[K [01;36m[Knote: [m[Kcandidate: â€˜[01m[Ktemplate<class R, class I> typename boost::enable_if<boost::mpl::and_<boost::is_float<R>, boost::is_integral<I> >, std::complex<_Tp> >::type boost::numeric::ublas::operator/(const std::complex<_Tp>&, I)[m[Kâ€™
[1.711s]   147 |       std::complex<R> >::type inline [01;36m[Koperator[m[K/ (std::complex<R> const& in1, I in2) {
[1.711s]       |                                      [01;36m[K^~~~~~~~[m[K
[1.711s] [01m[K/opt/anaconda3/envs/MasterThesis/include/boost/numeric/ublas/traits.hpp:147:38:[m[K [01;36m[Knote: [m[K  template argument deduction/substitution failed:
[1.711s] [01m[K/home/zain/Projects/MasterThesis/src/drone_controller_vrep/src/OIAC.cpp:67:22:[m[K [01;36m[Knote: [m[K  â€˜[01m[Kboost::numeric::ublas::vector<double>[m[Kâ€™ is not derived from â€˜[01m[Kconst std::complex<_Tp>[m[Kâ€™
[1.711s]    67 |     return epsilon / [01;36m[Kgamma[m[K;
[1.711s]       |                      [01;36m[K^~~~~[m[K
[1.711s] In file included from [01m[K/opt/anaconda3/envs/MasterThesis/include/boost/numeric/ublas/vector.hpp:22[m[K,
[1.711s]                  from [01m[K/home/zain/Projects/MasterThesis/src/drone_controller_vrep/include/drone_controller_vrep/OIAC.hpp:2[m[K,
[1.711s]                  from [01m[K/home/zain/Projects/MasterThesis/src/drone_controller_vrep/src/OIAC.cpp:1[m[K:
[1.711s] [01m[K/opt/anaconda3/envs/MasterThesis/include/boost/numeric/ublas/vector_expression.hpp:1496:5:[m[K [01;36m[Knote: [m[Kcandidate: â€˜[01m[Ktemplate<class E1, class T2> typename boost::enable_if<boost::is_convertible<T2, typename E1::value_type>, typename boost::numeric::ublas::vector_binary_scalar2_traits<E1, const T2, boost::numeric::ublas::scalar_divides<typename E1::value_type, T2> >::result_type>::type boost::numeric::ublas::operator/(const boost::numeric::ublas::vector_expression<E>&, const T2&)[m[Kâ€™
[1.711s]  1496 |     [01;36m[Koperator[m[K / (const vector_expression<E1> &e1,
[1.711s]       |     [01;36m[K^~~~~~~~[m[K
[1.711s] [01m[K/opt/anaconda3/envs/MasterThesis/include/boost/numeric/ublas/vector_expression.hpp:1496:5:[m[K [01;36m[Knote: [m[K  template argument deduction/substitution failed:
[1.711s] /opt/anaconda3/envs/MasterThesis/include/boost/numeric/ublas/vector_expression.hpp: In substitution of â€˜[01m[Ktemplate<class E1, class T2> typename boost::enable_if<boost::is_convertible<T2, typename E1::value_type>, typename boost::numeric::ublas::vector_binary_scalar2_traits<E1, const T2, boost::numeric::ublas::scalar_divides<typename E1::value_type, T2> >::result_type>::type boost::numeric::ublas::operator/(const boost::numeric::ublas::vector_expression<E>&, const T2&) [with E1 = boost::numeric::ublas::vector<double>; T2 = boost::numeric::ublas::vector<double>][m[Kâ€™:
[1.711s] [01m[K/home/zain/Projects/MasterThesis/src/drone_controller_vrep/src/OIAC.cpp:67:22:[m[K   required from here
[1.711s] [01m[K/opt/anaconda3/envs/MasterThesis/include/boost/numeric/ublas/vector_expression.hpp:1496:5:[m[K [01;31m[Kerror: [m[Kno type named â€˜[01m[Ktype[m[Kâ€™ in â€˜[01m[Kstruct boost::enable_if<boost::is_convertible<boost::numeric::ublas::vector<double>, double>, boost::numeric::ublas::vector_binary_scalar2<boost::numeric::ublas::vector<double>, const boost::numeric::ublas::vector<double>, boost::numeric::ublas::scalar_divides<double, boost::numeric::ublas::vector<double> > > >[m[Kâ€™
[1.711s] In file included from [01m[K/opt/anaconda3/envs/MasterThesis/include/boost/numeric/ublas/matrix.hpp:19[m[K,
[1.711s]                  from [01m[K/home/zain/Projects/MasterThesis/src/drone_controller_vrep/include/drone_controller_vrep/OIAC.hpp:3[m[K,
[1.711s]                  from [01m[K/home/zain/Projects/MasterThesis/src/drone_controller_vrep/src/OIAC.cpp:1[m[K:
[1.712s] [01m[K/opt/anaconda3/envs/MasterThesis/include/boost/numeric/ublas/matrix_expression.hpp:4006:1:[m[K [01;36m[Knote: [m[Kcandidate: â€˜[01m[Ktemplate<class E1, class T2> typename boost::enable_if<boost::is_convertible<T2, typename E1::value_type>, typename boost::numeric::ublas::matrix_binary_scalar2_traits<E1, const T2, boost::numeric::ublas::scalar_divides<typename E1::value_type, T2> >::result_type>::type boost::numeric::ublas::operator/(const boost::numeric::ublas::matrix_expression<E>&, const T2&)[m[Kâ€™
[1.712s]  4006 | [01;36m[Koperator[m[K / (const matrix_expression<E1> &e1,
[1.712s]       | [01;36m[K^~~~~~~~[m[K
[1.712s] [01m[K/opt/anaconda3/envs/MasterThesis/include/boost/numeric/ublas/matrix_expression.hpp:4006:1:[m[K [01;36m[Knote: [m[K  template argument deduction/substitution failed:
[1.712s] [01m[K/home/zain/Projects/MasterThesis/src/drone_controller_vrep/src/OIAC.cpp:67:22:[m[K [01;36m[Knote: [m[K  â€˜[01m[Kboost::numeric::ublas::vector<double>[m[Kâ€™ is not derived from â€˜[01m[Kconst boost::numeric::ublas::matrix_expression<E>[m[Kâ€™
[1.712s]    67 |     return epsilon / [01;36m[Kgamma[m[K;
[1.712s]       |                      [01;36m[K^~~~~[m[K
[1.712s] [01m[K/home/zain/Projects/MasterThesis/src/drone_controller_vrep/src/OIAC.cpp:[m[K In member function â€˜[01m[Kboost::numeric::ublas::vector<double> OIAC::calculate_K(boost::numeric::ublas::vector<double>, boost::numeric::ublas::vector<double>)[m[Kâ€™:
[1.712s] [01m[K/home/zain/Projects/MasterThesis/src/drone_controller_vrep/src/OIAC.cpp:71:14:[m[K [01;31m[Kerror: [m[Kno match for â€˜[01m[Koperator*[m[Kâ€™ (operand types are â€˜[01m[Kboost::numeric::ublas::vector<double>[m[Kâ€™ and â€˜[01m[Kboost::numeric::ublas::vector<double>[m[Kâ€™)
[1.712s]    71 |     return [32m[KF[m[K [01;31m[K*[m[K [34m[Ke[m[K;
[1.712s]       |            [32m[K~[m[K [01;31m[K^[m[K [34m[K~[m[K
[1.712s]       |            [32m[K|[m[K   [34m[K|[m[K
[1.712s]       |            [32m[K|[m[K   [34m[Kvector<[...]>[m[K
[1.712s]       |            [32m[Kvector<[...]>[m[K
[1.712s] In file included from [01m[K/opt/anaconda3/envs/MasterThesis/include/boost/numeric/ublas/traits.hpp:17[m[K,
[1.712s]                  from [01m[K/opt/anaconda3/envs/MasterThesis/include/boost/numeric/ublas/storage.hpp:27[m[K,
[1.712s]                  from [01m[K/opt/anaconda3/envs/MasterThesis/include/boost/numeric/ublas/vector.hpp:21[m[K,
[1.712s]                  from [01m[K/home/zain/Projects/MasterThesis/src/drone_controller_vrep/include/drone_controller_vrep/OIAC.hpp:2[m[K,
[1.712s]                  from [01m[K/home/zain/Projects/MasterThesis/src/drone_controller_vrep/src/OIAC.cpp:1[m[K:
[1.712s] [01m[K/usr/include/c++/11/complex:392:5:[m[K [01;36m[Knote: [m[Kcandidate: â€˜[01m[Ktemplate<class _Tp> std::complex<_Tp> std::operator*(const std::complex<_Tp>&, const std::complex<_Tp>&)[m[Kâ€™
[1.713s]   392 |     [01;36m[Koperator[m[K*(const complex<_Tp>& __x, const complex<_Tp>& __y)
[1.713s]       |     [01;36m[K^~~~~~~~[m[K
[1.713s] [01m[K/usr/include/c++/11/complex:392:5:[m[K [01;36m[Knote: [m[K  template argument deduction/substitution failed:
[1.713s] [01m[K/home/zain/Projects/MasterThesis/src/drone_controller_vrep/src/OIAC.cpp:71:16:[m[K [01;36m[Knote: [m[K  â€˜[01m[Kboost::numeric::ublas::vector<double>[m[Kâ€™ is not derived from â€˜[01m[Kconst std::complex<_Tp>[m[Kâ€™
[1.713s]    71 |     return F * [01;36m[Ke[m[K;
[1.713s]       |                [01;36m[K^[m[K
[1.713s] In file included from [01m[K/opt/anaconda3/envs/MasterThesis/include/boost/numeric/ublas/traits.hpp:17[m[K,
[1.713s]                  from [01m[K/opt/anaconda3/envs/MasterThesis/include/boost/numeric/ublas/storage.hpp:27[m[K,
[1.713s]                  from [01m[K/opt/anaconda3/envs/MasterThesis/include/boost/numeric/ublas/vector.hpp:21[m[K,
[1.713s]                  from [01m[K/home/zain/Projects/MasterThesis/src/drone_controller_vrep/include/drone_controller_vrep/OIAC.hpp:2[m[K,
[1.713s]                  from [01m[K/home/zain/Projects/MasterThesis/src/drone_controller_vrep/src/OIAC.cpp:1[m[K:
[1.713s] [01m[K/usr/include/c++/11/complex:401:5:[m[K [01;36m[Knote: [m[Kcandidate: â€˜[01m[Ktemplate<class _Tp> std::complex<_Tp> std::operator*(const std::complex<_Tp>&, const _Tp&)[m[Kâ€™
[1.713s]   401 |     [01;36m[Koperator[m[K*(const complex<_Tp>& __x, const _Tp& __y)
[1.713s]       |     [01;36m[K^~~~~~~~[m[K
[1.713s] [01m[K/usr/include/c++/11/complex:401:5:[m[K [01;36m[Knote: [m[K  template argument deduction/substitution failed:
[1.713s] [01m[K/home/zain/Projects/MasterThesis/src/drone_controller_vrep/src/OIAC.cpp:71:16:[m[K [01;36m[Knote: [m[K  â€˜[01m[Kboost::numeric::ublas::vector<double>[m[Kâ€™ is not derived from â€˜[01m[Kconst std::complex<_Tp>[m[Kâ€™
[1.713s]    71 |     return F * [01;36m[Ke[m[K;
[1.713s]       |                [01;36m[K^[m[K
[1.713s] In file included from [01m[K/opt/anaconda3/envs/MasterThesis/include/boost/numeric/ublas/traits.hpp:17[m[K,
[1.713s]                  from [01m[K/opt/anaconda3/envs/MasterThesis/include/boost/numeric/ublas/storage.hpp:27[m[K,
[1.714s]                  from [01m[K/opt/anaconda3/envs/MasterThesis/include/boost/numeric/ublas/vector.hpp:21[m[K,
[1.714s]                  from [01m[K/home/zain/Projects/MasterThesis/src/drone_controller_vrep/include/drone_controller_vrep/OIAC.hpp:2[m[K,
[1.714s]                  from [01m[K/home/zain/Projects/MasterThesis/src/drone_controller_vrep/src/OIAC.cpp:1[m[K:
[1.714s] [01m[K/usr/include/c++/11/complex:410:5:[m[K [01;36m[Knote: [m[Kcandidate: â€˜[01m[Ktemplate<class _Tp> std::complex<_Tp> std::operator*(const _Tp&, const std::complex<_Tp>&)[m[Kâ€™
[1.714s]   410 |     [01;36m[Koperator[m[K*(const _Tp& __x, const complex<_Tp>& __y)
[1.714s]       |     [01;36m[K^~~~~~~~[m[K
[1.714s] [01m[K/usr/include/c++/11/complex:410:5:[m[K [01;36m[Knote: [m[K  template argument deduction/substitution failed:
[1.714s] [01m[K/home/zain/Projects/MasterThesis/src/drone_controller_vrep/src/OIAC.cpp:71:16:[m[K [01;36m[Knote: [m[K  â€˜[01m[Kboost::numeric::ublas::vector<double>[m[Kâ€™ is not derived from â€˜[01m[Kconst std::complex<_Tp>[m[Kâ€™
[1.714s]    71 |     return F * [01;36m[Ke[m[K;
[1.714s]       |                [01;36m[K^[m[K
[1.714s] In file included from [01m[K/opt/anaconda3/envs/MasterThesis/include/boost/numeric/ublas/storage.hpp:27[m[K,
[1.714s]                  from [01m[K/opt/anaconda3/envs/MasterThesis/include/boost/numeric/ublas/vector.hpp:21[m[K,
[1.714s]                  from [01m[K/home/zain/Projects/MasterThesis/src/drone_controller_vrep/include/drone_controller_vrep/OIAC.hpp:2[m[K,
[1.714s]                  from [01m[K/home/zain/Projects/MasterThesis/src/drone_controller_vrep/src/OIAC.cpp:1[m[K:
[1.714s] [01m[K/opt/anaconda3/envs/MasterThesis/include/boost/numeric/ublas/traits.hpp:117:38:[m[K [01;36m[Knote: [m[Kcandidate: â€˜[01m[Ktemplate<class R, class I> typename boost::enable_if<boost::mpl::and_<boost::is_float<R>, boost::is_integral<I> >, std::complex<_Tp> >::type boost::numeric::ublas::operator*(I, const std::complex<_Tp>&)[m[Kâ€™
[1.714s]   117 |       std::complex<R> >::type inline [01;36m[Koperator[m[K* (I in1, std::complex<R> const& in2) {
[1.714s]       |                                      [01;36m[K^~~~~~~~[m[K
[1.714s] [01m[K/opt/anaconda3/envs/MasterThesis/include/boost/numeric/ublas/traits.hpp:117:38:[m[K [01;36m[Knote: [m[K  template argument deduction/substitution failed:
[1.714s] [01m[K/home/zain/Projects/MasterThesis/src/drone_controller_vrep/src/OIAC.cpp:71:16:[m[K [01;36m[Knote: [m[K  â€˜[01m[Kboost::numeric::ublas::vector<double>[m[Kâ€™ is not derived from â€˜[01m[Kconst std::complex<_Tp>[m[Kâ€™
[1.715s]    71 |     return F * [01;36m[Ke[m[K;
[1.715s]       |                [01;36m[K^[m[K
[1.715s] In file included from [01m[K/opt/anaconda3/envs/MasterThesis/include/boost/numeric/ublas/storage.hpp:27[m[K,
[1.715s]                  from [01m[K/opt/anaconda3/envs/MasterThesis/include/boost/numeric/ublas/vector.hpp:21[m[K,
[1.715s]                  from [01m[K/home/zain/Projects/MasterThesis/src/drone_controller_vrep/include/drone_controller_vrep/OIAC.hpp:2[m[K,
[1.715s]                  from [01m[K/home/zain/Projects/MasterThesis/src/drone_controller_vrep/src/OIAC.cpp:1[m[K:
[1.715s] [01m[K/opt/anaconda3/envs/MasterThesis/include/boost/numeric/ublas/traits.hpp:127:38:[m[K [01;36m[Knote: [m[Kcandidate: â€˜[01m[Ktemplate<class R, class I> typename boost::enable_if<boost::mpl::and_<boost::is_float<R>, boost::is_integral<I> >, std::complex<_Tp> >::type boost::numeric::ublas::operator*(const std::complex<_Tp>&, I)[m[Kâ€™
[1.715s]   127 |       std::complex<R> >::type inline [01;36m[Koperator[m[K* (std::complex<R> const& in1, I in2) {
[1.715s]       |                                      [01;36m[K^~~~~~~~[m[K
[1.715s] [01m[K/opt/anaconda3/envs/MasterThesis/include/boost/numeric/ublas/traits.hpp:127:38:[m[K [01;36m[Knote: [m[K  template argument deduction/substitution failed:
[1.715s] [01m[K/home/zain/Projects/MasterThesis/src/drone_controller_vrep/src/OIAC.cpp:71:16:[m[K [01;36m[Knote: [m[K  â€˜[01m[Kboost::numeric::ublas::vector<double>[m[Kâ€™ is not derived from â€˜[01m[Kconst std::complex<_Tp>[m[Kâ€™
[1.715s]    71 |     return F * [01;36m[Ke[m[K;
[1.715s]       |                [01;36m[K^[m[K
[1.715s] In file included from [01m[K/opt/anaconda3/envs/MasterThesis/include/boost/numeric/ublas/vector.hpp:22[m[K,
[1.715s]                  from [01m[K/home/zain/Projects/MasterThesis/src/drone_controller_vrep/include/drone_controller_vrep/OIAC.hpp:2[m[K,
[1.715s]                  from [01m[K/home/zain/Projects/MasterThesis/src/drone_controller_vrep/src/OIAC.cpp:1[m[K:
[1.715s] [01m[K/opt/anaconda3/envs/MasterThesis/include/boost/numeric/ublas/vector_expression.hpp:1241:5:[m[K [01;36m[Knote: [m[Kcandidate: â€˜[01m[Ktemplate<class T1, class E2> typename boost::enable_if<boost::is_convertible<T1, typename E2::value_type>, typename boost::numeric::ublas::vector_binary_scalar1_traits<const T1, E2, boost::numeric::ublas::scalar_multiplies<T1, typename E2::value_type> >::result_type>::type boost::numeric::ublas::operator*(const T1&, const boost::numeric::ublas::vector_expression<E2>&)[m[Kâ€™
[1.715s]  1241 |     [01;36m[Koperator[m[K * (const T1 &e1,
[1.715s]       |     [01;36m[K^~~~~~~~[m[K
[1.715s] [01m[K/opt/anaconda3/envs/MasterThesis/include/boost/numeric/ublas/vector_expression.hpp:1241:5:[m[K [01;36m[Knote: [m[K  template argument deduction/substitution failed:
[1.716s] /opt/anaconda3/envs/MasterThesis/include/boost/numeric/ublas/vector_expression.hpp: In substitution of â€˜[01m[Ktemplate<class T1, class E2> typename boost::enable_if<boost::is_convertible<T1, typename E2::value_type>, typename boost::numeric::ublas::vector_binary_scalar1_traits<const T1, E2, boost::numeric::ublas::scalar_multiplies<T1, typename E2::value_type> >::result_type>::type boost::numeric::ublas::operator*(const T1&, const boost::numeric::ublas::vector_expression<E2>&) [with T1 = boost::numeric::ublas::vector<double>; E2 = boost::numeric::ublas::vector<double>][m[Kâ€™:
[1.716s] [01m[K/home/zain/Projects/MasterThesis/src/drone_controller_vrep/src/OIAC.cpp:71:16:[m[K   required from here
[1.716s] [01m[K/opt/anaconda3/envs/MasterThesis/include/boost/numeric/ublas/vector_expression.hpp:1241:5:[m[K [01;31m[Kerror: [m[Kno type named â€˜[01m[Ktype[m[Kâ€™ in â€˜[01m[Kstruct boost::enable_if<boost::is_convertible<boost::numeric::ublas::vector<double>, double>, boost::numeric::ublas::vector_binary_scalar1<const boost::numeric::ublas::vector<double>, boost::numeric::ublas::vector<double>, boost::numeric::ublas::scalar_multiplies<boost::numeric::ublas::vector<double>, double> > >[m[Kâ€™
[1.716s] [01m[K/opt/anaconda3/envs/MasterThesis/include/boost/numeric/ublas/vector_expression.hpp:1484:5:[m[K [01;36m[Knote: [m[Kcandidate: â€˜[01m[Ktemplate<class E1, class T2> typename boost::enable_if<boost::is_convertible<T2, typename E1::value_type>, typename boost::numeric::ublas::vector_binary_scalar2_traits<E1, const T2, boost::numeric::ublas::scalar_multiplies<typename E1::value_type, T2> >::result_type>::type boost::numeric::ublas::operator*(const boost::numeric::ublas::vector_expression<E>&, const T2&)[m[Kâ€™
[1.716s]  1484 |     [01;36m[Koperator[m[K * (const vector_expression<E1> &e1,
[1.716s]       |     [01;36m[K^~~~~~~~[m[K
[1.716s] [01m[K/opt/anaconda3/envs/MasterThesis/include/boost/numeric/ublas/vector_expression.hpp:1484:5:[m[K [01;36m[Knote: [m[K  template argument deduction/substitution failed:
[1.716s] /opt/anaconda3/envs/MasterThesis/include/boost/numeric/ublas/vector_expression.hpp: In substitution of â€˜[01m[Ktemplate<class E1, class T2> typename boost::enable_if<boost::is_convertible<T2, typename E1::value_type>, typename boost::numeric::ublas::vector_binary_scalar2_traits<E1, const T2, boost::numeric::ublas::scalar_multiplies<typename E1::value_type, T2> >::result_type>::type boost::numeric::ublas::operator*(const boost::numeric::ublas::vector_expression<E>&, const T2&) [with E1 = boost::numeric::ublas::vector<double>; T2 = boost::numeric::ublas::vector<double>][m[Kâ€™:
[1.716s] [01m[K/home/zain/Projects/MasterThesis/src/drone_controller_vrep/src/OIAC.cpp:71:16:[m[K   required from here
[1.716s] [01m[K/opt/anaconda3/envs/MasterThesis/include/boost/numeric/ublas/vector_expression.hpp:1484:5:[m[K [01;31m[Kerror: [m[Kno type named â€˜[01m[Ktype[m[Kâ€™ in â€˜[01m[Kstruct boost::enable_if<boost::is_convertible<boost::numeric::ublas::vector<double>, double>, boost::numeric::ublas::vector_binary_scalar2<boost::numeric::ublas::vector<double>, const boost::numeric::ublas::vector<double>, boost::numeric::ublas::scalar_multiplies<double, boost::numeric::ublas::vector<double> > > >[m[Kâ€™
[1.716s] In file included from [01m[K/opt/anaconda3/envs/MasterThesis/include/boost/numeric/ublas/matrix.hpp:19[m[K,
[1.716s]                  from [01m[K/home/zain/Projects/MasterThesis/src/drone_controller_vrep/include/drone_controller_vrep/OIAC.hpp:3[m[K,
[1.716s]                  from [01m[K/home/zain/Projects/MasterThesis/src/drone_controller_vrep/src/OIAC.cpp:1[m[K:
[1.716s] [01m[K/opt/anaconda3/envs/MasterThesis/include/boost/numeric/ublas/matrix_expression.hpp:3466:1:[m[K [01;36m[Knote: [m[Kcandidate: â€˜[01m[Ktemplate<class T1, class E2> typename boost::enable_if<boost::is_convertible<T1, typename E2::value_type>, typename boost::numeric::ublas::matrix_binary_scalar1_traits<const T1, E2, boost::numeric::ublas::scalar_multiplies<T1, typename E2::value_type> >::result_type>::type boost::numeric::ublas::operator*(const T1&, const boost::numeric::ublas::matrix_expression<E2>&)[m[Kâ€™
[1.716s]  3466 | [01;36m[Koperator[m[K * (const T1 &e1,
[1.716s]       | [01;36m[K^~~~~~~~[m[K
[1.716s] [01m[K/opt/anaconda3/envs/MasterThesis/include/boost/numeric/ublas/matrix_expression.hpp:3466:1:[m[K [01;36m[Knote: [m[K  template argument deduction/substitution failed:
[1.716s] [01m[K/home/zain/Projects/MasterThesis/src/drone_controller_vrep/src/OIAC.cpp:71:16:[m[K [01;36m[Knote: [m[K  â€˜[01m[Kboost::numeric::ublas::vector<double>[m[Kâ€™ is not derived from â€˜[01m[Kconst boost::numeric::ublas::matrix_expression<E2>[m[Kâ€™
[1.716s]    71 |     return F * [01;36m[Ke[m[K;
[1.717s]       |                [01;36m[K^[m[K
[1.717s] In file included from [01m[K/opt/anaconda3/envs/MasterThesis/include/boost/numeric/ublas/matrix.hpp:19[m[K,
[1.717s]                  from [01m[K/home/zain/Projects/MasterThesis/src/drone_controller_vrep/include/drone_controller_vrep/OIAC.hpp:3[m[K,
[1.717s]                  from [01m[K/home/zain/Projects/MasterThesis/src/drone_controller_vrep/src/OIAC.cpp:1[m[K:
[1.717s] [01m[K/opt/anaconda3/envs/MasterThesis/include/boost/numeric/ublas/matrix_expression.hpp:3994:1:[m[K [01;36m[Knote: [m[Kcandidate: â€˜[01m[Ktemplate<class E1, class T2> typename boost::enable_if<boost::is_convertible<T2, typename E1::value_type>, typename boost::numeric::ublas::matrix_binary_scalar2_traits<E1, const T2, boost::numeric::ublas::scalar_multiplies<typename E1::value_type, T2> >::result_type>::type boost::numeric::ublas::operator*(const boost::numeric::ublas::matrix_expression<E>&, const T2&)[m[Kâ€™
[1.717s]  3994 | [01;36m[Koperator[m[K * (const matrix_expression<E1> &e1,
[1.717s]       | [01;36m[K^~~~~~~~[m[K
[1.717s] [01m[K/opt/anaconda3/envs/MasterThesis/include/boost/numeric/ublas/matrix_expression.hpp:3994:1:[m[K [01;36m[Knote: [m[K  template argument deduction/substitution failed:
[1.717s] [01m[K/home/zain/Projects/MasterThesis/src/drone_controller_vrep/src/OIAC.cpp:71:16:[m[K [01;36m[Knote: [m[K  â€˜[01m[Kboost::numeric::ublas::vector<double>[m[Kâ€™ is not derived from â€˜[01m[Kconst boost::numeric::ublas::matrix_expression<E>[m[Kâ€™
[1.717s]    71 |     return F * [01;36m[Ke[m[K;
[1.717s]       |                [01;36m[K^[m[K
[1.717s] [01m[K/home/zain/Projects/MasterThesis/src/drone_controller_vrep/src/OIAC.cpp:[m[K In member function â€˜[01m[Kboost::numeric::ublas::vector<double> OIAC::calculate_D(boost::numeric::ublas::vector<double>, boost::numeric::ublas::vector<double>)[m[Kâ€™:
[1.717s] [01m[K/home/zain/Projects/MasterThesis/src/drone_controller_vrep/src/OIAC.cpp:75:14:[m[K [01;31m[Kerror: [m[Kno match for â€˜[01m[Koperator*[m[Kâ€™ (operand types are â€˜[01m[Kboost::numeric::ublas::vector<double>[m[Kâ€™ and â€˜[01m[Kboost::numeric::ublas::vector<double>[m[Kâ€™)
[1.717s]    75 |     return [32m[KF[m[K [01;31m[K*[m[K [34m[Ke_dot[m[K;
[1.717s]       |            [32m[K~[m[K [01;31m[K^[m[K [34m[K~~~~~[m[K
[1.717s]       |            [32m[K|[m[K   [34m[K|[m[K
[1.717s]       |            [32m[K|[m[K   [34m[Kvector<[...]>[m[K
[1.717s]       |            [32m[Kvector<[...]>[m[K
[1.717s] In file included from [01m[K/opt/anaconda3/envs/MasterThesis/include/boost/numeric/ublas/traits.hpp:17[m[K,
[1.717s]                  from [01m[K/opt/anaconda3/envs/MasterThesis/include/boost/numeric/ublas/storage.hpp:27[m[K,
[1.718s]                  from [01m[K/opt/anaconda3/envs/MasterThesis/include/boost/numeric/ublas/vector.hpp:21[m[K,
[1.718s]                  from [01m[K/home/zain/Projects/MasterThesis/src/drone_controller_vrep/include/drone_controller_vrep/OIAC.hpp:2[m[K,
[1.718s]                  from [01m[K/home/zain/Projects/MasterThesis/src/drone_controller_vrep/src/OIAC.cpp:1[m[K:
[1.718s] [01m[K/usr/include/c++/11/complex:392:5:[m[K [01;36m[Knote: [m[Kcandidate: â€˜[01m[Ktemplate<class _Tp> std::complex<_Tp> std::operator*(const std::complex<_Tp>&, const std::complex<_Tp>&)[m[Kâ€™
[1.718s]   392 |     [01;36m[Koperator[m[K*(const complex<_Tp>& __x, const complex<_Tp>& __y)
[1.718s]       |     [01;36m[K^~~~~~~~[m[K
[1.718s] [01m[K/usr/include/c++/11/complex:392:5:[m[K [01;36m[Knote: [m[K  template argument deduction/substitution failed:
[1.718s] [01m[K/home/zain/Projects/MasterThesis/src/drone_controller_vrep/src/OIAC.cpp:75:16:[m[K [01;36m[Knote: [m[K  â€˜[01m[Kboost::numeric::ublas::vector<double>[m[Kâ€™ is not derived from â€˜[01m[Kconst std::complex<_Tp>[m[Kâ€™
[1.718s]    75 |     return F * [01;36m[Ke_dot[m[K;
[1.718s]       |                [01;36m[K^~~~~[m[K
[1.718s] In file included from [01m[K/opt/anaconda3/envs/MasterThesis/include/boost/numeric/ublas/traits.hpp:17[m[K,
[1.718s]                  from [01m[K/opt/anaconda3/envs/MasterThesis/include/boost/numeric/ublas/storage.hpp:27[m[K,
[1.718s]                  from [01m[K/opt/anaconda3/envs/MasterThesis/include/boost/numeric/ublas/vector.hpp:21[m[K,
[1.718s]                  from [01m[K/home/zain/Projects/MasterThesis/src/drone_controller_vrep/include/drone_controller_vrep/OIAC.hpp:2[m[K,
[1.718s]                  from [01m[K/home/zain/Projects/MasterThesis/src/drone_controller_vrep/src/OIAC.cpp:1[m[K:
[1.718s] [01m[K/usr/include/c++/11/complex:401:5:[m[K [01;36m[Knote: [m[Kcandidate: â€˜[01m[Ktemplate<class _Tp> std::complex<_Tp> std::operator*(const std::complex<_Tp>&, const _Tp&)[m[Kâ€™
[1.718s]   401 |     [01;36m[Koperator[m[K*(const complex<_Tp>& __x, const _Tp& __y)
[1.718s]       |     [01;36m[K^~~~~~~~[m[K
[1.718s] [01m[K/usr/include/c++/11/complex:401:5:[m[K [01;36m[Knote: [m[K  template argument deduction/substitution failed:
[1.719s] [01m[K/home/zain/Projects/MasterThesis/src/drone_controller_vrep/src/OIAC.cpp:75:16:[m[K [01;36m[Knote: [m[K  â€˜[01m[Kboost::numeric::ublas::vector<double>[m[Kâ€™ is not derived from â€˜[01m[Kconst std::complex<_Tp>[m[Kâ€™
[1.719s]    75 |     return F * [01;36m[Ke_dot[m[K;
[1.719s]       |                [01;36m[K^~~~~[m[K
[1.719s] In file included from [01m[K/opt/anaconda3/envs/MasterThesis/include/boost/numeric/ublas/traits.hpp:17[m[K,
[1.719s]                  from [01m[K/opt/anaconda3/envs/MasterThesis/include/boost/numeric/ublas/storage.hpp:27[m[K,
[1.719s]                  from [01m[K/opt/anaconda3/envs/MasterThesis/include/boost/numeric/ublas/vector.hpp:21[m[K,
[1.719s]                  from [01m[K/home/zain/Projects/MasterThesis/src/drone_controller_vrep/include/drone_controller_vrep/OIAC.hpp:2[m[K,
[1.719s]                  from [01m[K/home/zain/Projects/MasterThesis/src/drone_controller_vrep/src/OIAC.cpp:1[m[K:
[1.719s] [01m[K/usr/include/c++/11/complex:410:5:[m[K [01;36m[Knote: [m[Kcandidate: â€˜[01m[Ktemplate<class _Tp> std::complex<_Tp> std::operator*(const _Tp&, const std::complex<_Tp>&)[m[Kâ€™
[1.719s]   410 |     [01;36m[Koperator[m[K*(const _Tp& __x, const complex<_Tp>& __y)
[1.719s]       |     [01;36m[K^~~~~~~~[m[K
[1.719s] [01m[K/usr/include/c++/11/complex:410:5:[m[K [01;36m[Knote: [m[K  template argument deduction/substitution failed:
[1.719s] [01m[K/home/zain/Projects/MasterThesis/src/drone_controller_vrep/src/OIAC.cpp:75:16:[m[K [01;36m[Knote: [m[K  â€˜[01m[Kboost::numeric::ublas::vector<double>[m[Kâ€™ is not derived from â€˜[01m[Kconst std::complex<_Tp>[m[Kâ€™
[1.719s]    75 |     return F * [01;36m[Ke_dot[m[K;
[1.719s]       |                [01;36m[K^~~~~[m[K
[1.719s] In file included from [01m[K/opt/anaconda3/envs/MasterThesis/include/boost/numeric/ublas/storage.hpp:27[m[K,
[1.719s]                  from [01m[K/opt/anaconda3/envs/MasterThesis/include/boost/numeric/ublas/vector.hpp:21[m[K,
[1.719s]                  from [01m[K/home/zain/Projects/MasterThesis/src/drone_controller_vrep/include/drone_controller_vrep/OIAC.hpp:2[m[K,
[1.719s]                  from [01m[K/home/zain/Projects/MasterThesis/src/drone_controller_vrep/src/OIAC.cpp:1[m[K:
[1.720s] [01m[K/opt/anaconda3/envs/MasterThesis/include/boost/numeric/ublas/traits.hpp:117:38:[m[K [01;36m[Knote: [m[Kcandidate: â€˜[01m[Ktemplate<class R, class I> typename boost::enable_if<boost::mpl::and_<boost::is_float<R>, boost::is_integral<I> >, std::complex<_Tp> >::type boost::numeric::ublas::operator*(I, const std::complex<_Tp>&)[m[Kâ€™
[1.720s]   117 |       std::complex<R> >::type inline [01;36m[Koperator[m[K* (I in1, std::complex<R> const& in2) {
[1.720s]       |                                      [01;36m[K^~~~~~~~[m[K
[1.720s] [01m[K/opt/anaconda3/envs/MasterThesis/include/boost/numeric/ublas/traits.hpp:117:38:[m[K [01;36m[Knote: [m[K  template argument deduction/substitution failed:
[1.720s] [01m[K/home/zain/Projects/MasterThesis/src/drone_controller_vrep/src/OIAC.cpp:75:16:[m[K [01;36m[Knote: [m[K  â€˜[01m[Kboost::numeric::ublas::vector<double>[m[Kâ€™ is not derived from â€˜[01m[Kconst std::complex<_Tp>[m[Kâ€™
[1.720s]    75 |     return F * [01;36m[Ke_dot[m[K;
[1.720s]       |                [01;36m[K^~~~~[m[K
[1.720s] In file included from [01m[K/opt/anaconda3/envs/MasterThesis/include/boost/numeric/ublas/storage.hpp:27[m[K,
[1.720s]                  from [01m[K/opt/anaconda3/envs/MasterThesis/include/boost/numeric/ublas/vector.hpp:21[m[K,
[1.720s]                  from [01m[K/home/zain/Projects/MasterThesis/src/drone_controller_vrep/include/drone_controller_vrep/OIAC.hpp:2[m[K,
[1.720s]                  from [01m[K/home/zain/Projects/MasterThesis/src/drone_controller_vrep/src/OIAC.cpp:1[m[K:
[1.720s] [01m[K/opt/anaconda3/envs/MasterThesis/include/boost/numeric/ublas/traits.hpp:127:38:[m[K [01;36m[Knote: [m[Kcandidate: â€˜[01m[Ktemplate<class R, class I> typename boost::enable_if<boost::mpl::and_<boost::is_float<R>, boost::is_integral<I> >, std::complex<_Tp> >::type boost::numeric::ublas::operator*(const std::complex<_Tp>&, I)[m[Kâ€™
[1.720s]   127 |       std::complex<R> >::type inline [01;36m[Koperator[m[K* (std::complex<R> const& in1, I in2) {
[1.720s]       |                                      [01;36m[K^~~~~~~~[m[K
[1.720s] [01m[K/opt/anaconda3/envs/MasterThesis/include/boost/numeric/ublas/traits.hpp:127:38:[m[K [01;36m[Knote: [m[K  template argument deduction/substitution failed:
[1.720s] [01m[K/home/zain/Projects/MasterThesis/src/drone_controller_vrep/src/OIAC.cpp:75:16:[m[K [01;36m[Knote: [m[K  â€˜[01m[Kboost::numeric::ublas::vector<double>[m[Kâ€™ is not derived from â€˜[01m[Kconst std::complex<_Tp>[m[Kâ€™
[1.720s]    75 |     return F * [01;36m[Ke_dot[m[K;
[1.720s]       |                [01;36m[K^~~~~[m[K
[1.720s] In file included from [01m[K/opt/anaconda3/envs/MasterThesis/include/boost/numeric/ublas/vector.hpp:22[m[K,
[1.721s]                  from [01m[K/home/zain/Projects/MasterThesis/src/drone_controller_vrep/include/drone_controller_vrep/OIAC.hpp:2[m[K,
[1.721s]                  from [01m[K/home/zain/Projects/MasterThesis/src/drone_controller_vrep/src/OIAC.cpp:1[m[K:
[1.721s] [01m[K/opt/anaconda3/envs/MasterThesis/include/boost/numeric/ublas/vector_expression.hpp:1241:5:[m[K [01;36m[Knote: [m[Kcandidate: â€˜[01m[Ktemplate<class T1, class E2> typename boost::enable_if<boost::is_convertible<T1, typename E2::value_type>, typename boost::numeric::ublas::vector_binary_scalar1_traits<const T1, E2, boost::numeric::ublas::scalar_multiplies<T1, typename E2::value_type> >::result_type>::type boost::numeric::ublas::operator*(const T1&, const boost::numeric::ublas::vector_expression<E2>&)[m[Kâ€™
[1.721s]  1241 |     [01;36m[Koperator[m[K * (const T1 &e1,
[1.721s]       |     [01;36m[K^~~~~~~~[m[K
[1.721s] [01m[K/opt/anaconda3/envs/MasterThesis/include/boost/numeric/ublas/vector_expression.hpp:1241:5:[m[K [01;36m[Knote: [m[K  template argument deduction/substitution failed:
[1.721s] /opt/anaconda3/envs/MasterThesis/include/boost/numeric/ublas/vector_expression.hpp: In substitution of â€˜[01m[Ktemplate<class T1, class E2> typename boost::enable_if<boost::is_convertible<T1, typename E2::value_type>, typename boost::numeric::ublas::vector_binary_scalar1_traits<const T1, E2, boost::numeric::ublas::scalar_multiplies<T1, typename E2::value_type> >::result_type>::type boost::numeric::ublas::operator*(const T1&, const boost::numeric::ublas::vector_expression<E2>&) [with T1 = boost::numeric::ublas::vector<double>; E2 = boost::numeric::ublas::vector<double>][m[Kâ€™:
[1.721s] [01m[K/home/zain/Projects/MasterThesis/src/drone_controller_vrep/src/OIAC.cpp:75:16:[m[K   required from here
[1.721s] [01m[K/opt/anaconda3/envs/MasterThesis/include/boost/numeric/ublas/vector_expression.hpp:1241:5:[m[K [01;31m[Kerror: [m[Kno type named â€˜[01m[Ktype[m[Kâ€™ in â€˜[01m[Kstruct boost::enable_if<boost::is_convertible<boost::numeric::ublas::vector<double>, double>, boost::numeric::ublas::vector_binary_scalar1<const boost::numeric::ublas::vector<double>, boost::numeric::ublas::vector<double>, boost::numeric::ublas::scalar_multiplies<boost::numeric::ublas::vector<double>, double> > >[m[Kâ€™
[1.721s] [01m[K/opt/anaconda3/envs/MasterThesis/include/boost/numeric/ublas/vector_expression.hpp:1484:5:[m[K [01;36m[Knote: [m[Kcandidate: â€˜[01m[Ktemplate<class E1, class T2> typename boost::enable_if<boost::is_convertible<T2, typename E1::value_type>, typename boost::numeric::ublas::vector_binary_scalar2_traits<E1, const T2, boost::numeric::ublas::scalar_multiplies<typename E1::value_type, T2> >::result_type>::type boost::numeric::ublas::operator*(const boost::numeric::ublas::vector_expression<E>&, const T2&)[m[Kâ€™
[1.721s]  1484 |     [01;36m[Koperator[m[K * (const vector_expression<E1> &e1,
[1.721s]       |     [01;36m[K^~~~~~~~[m[K
[1.721s] [01m[K/opt/anaconda3/envs/MasterThesis/include/boost/numeric/ublas/vector_expression.hpp:1484:5:[m[K [01;36m[Knote: [m[K  template argument deduction/substitution failed:
[1.721s] /opt/anaconda3/envs/MasterThesis/include/boost/numeric/ublas/vector_expression.hpp: In substitution of â€˜[01m[Ktemplate<class E1, class T2> typename boost::enable_if<boost::is_convertible<T2, typename E1::value_type>, typename boost::numeric::ublas::vector_binary_scalar2_traits<E1, const T2, boost::numeric::ublas::scalar_multiplies<typename E1::value_type, T2> >::result_type>::type boost::numeric::ublas::operator*(const boost::numeric::ublas::vector_expression<E>&, const T2&) [with E1 = boost::numeric::ublas::vector<double>; T2 = boost::numeric::ublas::vector<double>][m[Kâ€™:
[1.721s] [01m[K/home/zain/Projects/MasterThesis/src/drone_controller_vrep/src/OIAC.cpp:75:16:[m[K   required from here
[1.721s] [01m[K/opt/anaconda3/envs/MasterThesis/include/boost/numeric/ublas/vector_expression.hpp:1484:5:[m[K [01;31m[Kerror: [m[Kno type named â€˜[01m[Ktype[m[Kâ€™ in â€˜[01m[Kstruct boost::enable_if<boost::is_convertible<boost::numeric::ublas::vector<double>, double>, boost::numeric::ublas::vector_binary_scalar2<boost::numeric::ublas::vector<double>, const boost::numeric::ublas::vector<double>, boost::numeric::ublas::scalar_multiplies<double, boost::numeric::ublas::vector<double> > > >[m[Kâ€™
[1.721s] In file included from [01m[K/opt/anaconda3/envs/MasterThesis/include/boost/numeric/ublas/matrix.hpp:19[m[K,
[1.721s]                  from [01m[K/home/zain/Projects/MasterThesis/src/drone_controller_vrep/include/drone_controller_vrep/OIAC.hpp:3[m[K,
[1.721s]                  from [01m[K/home/zain/Projects/MasterThesis/src/drone_controller_vrep/src/OIAC.cpp:1[m[K:
[1.722s] [01m[K/opt/anaconda3/envs/MasterThesis/include/boost/numeric/ublas/matrix_expression.hpp:3466:1:[m[K [01;36m[Knote: [m[Kcandidate: â€˜[01m[Ktemplate<class T1, class E2> typename boost::enable_if<boost::is_convertible<T1, typename E2::value_type>, typename boost::numeric::ublas::matrix_binary_scalar1_traits<const T1, E2, boost::numeric::ublas::scalar_multiplies<T1, typename E2::value_type> >::result_type>::type boost::numeric::ublas::operator*(const T1&, const boost::numeric::ublas::matrix_expression<E2>&)[m[Kâ€™
[1.722s]  3466 | [01;36m[Koperator[m[K * (const T1 &e1,
[1.722s]       | [01;36m[K^~~~~~~~[m[K
[1.722s] [01m[K/opt/anaconda3/envs/MasterThesis/include/boost/numeric/ublas/matrix_expression.hpp:3466:1:[m[K [01;36m[Knote: [m[K  template argument deduction/substitution failed:
[1.722s] [01m[K/home/zain/Projects/MasterThesis/src/drone_controller_vrep/src/OIAC.cpp:75:16:[m[K [01;36m[Knote: [m[K  â€˜[01m[Kboost::numeric::ublas::vector<double>[m[Kâ€™ is not derived from â€˜[01m[Kconst boost::numeric::ublas::matrix_expression<E2>[m[Kâ€™
[1.722s]    75 |     return F * [01;36m[Ke_dot[m[K;
[1.722s]       |                [01;36m[K^~~~~[m[K
[1.722s] In file included from [01m[K/opt/anaconda3/envs/MasterThesis/include/boost/numeric/ublas/matrix.hpp:19[m[K,
[1.722s]                  from [01m[K/home/zain/Projects/MasterThesis/src/drone_controller_vrep/include/drone_controller_vrep/OIAC.hpp:3[m[K,
[1.722s]                  from [01m[K/home/zain/Projects/MasterThesis/src/drone_controller_vrep/src/OIAC.cpp:1[m[K:
[1.722s] [01m[K/opt/anaconda3/envs/MasterThesis/include/boost/numeric/ublas/matrix_expression.hpp:3994:1:[m[K [01;36m[Knote: [m[Kcandidate: â€˜[01m[Ktemplate<class E1, class T2> typename boost::enable_if<boost::is_convertible<T2, typename E1::value_type>, typename boost::numeric::ublas::matrix_binary_scalar2_traits<E1, const T2, boost::numeric::ublas::scalar_multiplies<typename E1::value_type, T2> >::result_type>::type boost::numeric::ublas::operator*(const boost::numeric::ublas::matrix_expression<E>&, const T2&)[m[Kâ€™
[1.722s]  3994 | [01;36m[Koperator[m[K * (const matrix_expression<E1> &e1,
[1.722s]       | [01;36m[K^~~~~~~~[m[K
[1.722s] [01m[K/opt/anaconda3/envs/MasterThesis/include/boost/numeric/ublas/matrix_expression.hpp:3994:1:[m[K [01;36m[Knote: [m[K  template argument deduction/substitution failed:
[1.722s] [01m[K/home/zain/Projects/MasterThesis/src/drone_controller_vrep/src/OIAC.cpp:75:16:[m[K [01;36m[Knote: [m[K  â€˜[01m[Kboost::numeric::ublas::vector<double>[m[Kâ€™ is not derived from â€˜[01m[Kconst boost::numeric::ublas::matrix_expression<E>[m[Kâ€™
[1.722s]    75 |     return F * [01;36m[Ke_dot[m[K;
[1.722s]       |                [01;36m[K^~~~~[m[K
[1.722s] [01m[K/home/zain/Projects/MasterThesis/src/drone_controller_vrep/src/OIAC.cpp:[m[K In member function â€˜[01m[Kboost::numeric::ublas::vector<double> OIAC::run(boost::numeric::ublas::vector<double>, boost::numeric::ublas::vector<double>, boost::numeric::ublas::vector<double>, boost::numeric::ublas::vector<double>)[m[Kâ€™:
[1.722s] [01m[K/home/zain/Projects/MasterThesis/src/drone_controller_vrep/src/OIAC.cpp:86:17:[m[K [01;31m[Kerror: [m[Kno match for â€˜[01m[Koperator*[m[Kâ€™ (operand types are â€˜[01m[Kboost::numeric::ublas::vector<double>[m[Kâ€™ and â€˜[01m[Kboost::numeric::ublas::vector<double>[m[Kâ€™)
[1.723s]    86 |     return F + [32m[KK[m[K[01;31m[K*[m[K[34m[Ke[m[K + D*e_dot + feedforward;
[1.723s]       |                [32m[K~[m[K[01;31m[K^[m[K[34m[K~[m[K
[1.723s]       |                [32m[K|[m[K [34m[K|[m[K
[1.723s]       |                [32m[K|[m[K [34m[Kvector<[...]>[m[K
[1.723s]       |                [32m[Kvector<[...]>[m[K
[1.723s] In file included from [01m[K/opt/anaconda3/envs/MasterThesis/include/boost/numeric/ublas/traits.hpp:17[m[K,
[1.723s]                  from [01m[K/opt/anaconda3/envs/MasterThesis/include/boost/numeric/ublas/storage.hpp:27[m[K,
[1.723s]                  from [01m[K/opt/anaconda3/envs/MasterThesis/include/boost/numeric/ublas/vector.hpp:21[m[K,
[1.723s]                  from [01m[K/home/zain/Projects/MasterThesis/src/drone_controller_vrep/include/drone_controller_vrep/OIAC.hpp:2[m[K,
[1.723s]                  from [01m[K/home/zain/Projects/MasterThesis/src/drone_controller_vrep/src/OIAC.cpp:1[m[K:
[1.723s] [01m[K/usr/include/c++/11/complex:392:5:[m[K [01;36m[Knote: [m[Kcandidate: â€˜[01m[Ktemplate<class _Tp> std::complex<_Tp> std::operator*(const std::complex<_Tp>&, const std::complex<_Tp>&)[m[Kâ€™
[1.723s]   392 |     [01;36m[Koperator[m[K*(const complex<_Tp>& __x, const complex<_Tp>& __y)
[1.723s]       |     [01;36m[K^~~~~~~~[m[K
[1.723s] [01m[K/usr/include/c++/11/complex:392:5:[m[K [01;36m[Knote: [m[K  template argument deduction/substitution failed:
[1.723s] [01m[K/home/zain/Projects/MasterThesis/src/drone_controller_vrep/src/OIAC.cpp:86:18:[m[K [01;36m[Knote: [m[K  â€˜[01m[Kboost::numeric::ublas::vector<double>[m[Kâ€™ is not derived from â€˜[01m[Kconst std::complex<_Tp>[m[Kâ€™
[1.723s]    86 |     return F + K*[01;36m[Ke[m[K + D*e_dot + feedforward;
[1.723s]       |                  [01;36m[K^[m[K
[1.723s] In file included from [01m[K/opt/anaconda3/envs/MasterThesis/include/boost/numeric/ublas/traits.hpp:17[m[K,
[1.723s]                  from [01m[K/opt/anaconda3/envs/MasterThesis/include/boost/numeric/ublas/storage.hpp:27[m[K,
[1.723s]                  from [01m[K/opt/anaconda3/envs/MasterThesis/include/boost/numeric/ublas/vector.hpp:21[m[K,
[1.724s]                  from [01m[K/home/zain/Projects/MasterThesis/src/drone_controller_vrep/include/drone_controller_vrep/OIAC.hpp:2[m[K,
[1.724s]                  from [01m[K/home/zain/Projects/MasterThesis/src/drone_controller_vrep/src/OIAC.cpp:1[m[K:
[1.724s] [01m[K/usr/include/c++/11/complex:401:5:[m[K [01;36m[Knote: [m[Kcandidate: â€˜[01m[Ktemplate<class _Tp> std::complex<_Tp> std::operator*(const std::complex<_Tp>&, const _Tp&)[m[Kâ€™
[1.724s]   401 |     [01;36m[Koperator[m[K*(const complex<_Tp>& __x, const _Tp& __y)
[1.724s]       |     [01;36m[K^~~~~~~~[m[K
[1.724s] [01m[K/usr/include/c++/11/complex:401:5:[m[K [01;36m[Knote: [m[K  template argument deduction/substitution failed:
[1.724s] [01m[K/home/zain/Projects/MasterThesis/src/drone_controller_vrep/src/OIAC.cpp:86:18:[m[K [01;36m[Knote: [m[K  â€˜[01m[Kboost::numeric::ublas::vector<double>[m[Kâ€™ is not derived from â€˜[01m[Kconst std::complex<_Tp>[m[Kâ€™
[1.724s]    86 |     return F + K*[01;36m[Ke[m[K + D*e_dot + feedforward;
[1.724s]       |                  [01;36m[K^[m[K
[1.724s] In file included from [01m[K/opt/anaconda3/envs/MasterThesis/include/boost/numeric/ublas/traits.hpp:17[m[K,
[1.724s]                  from [01m[K/opt/anaconda3/envs/MasterThesis/include/boost/numeric/ublas/storage.hpp:27[m[K,
[1.724s]                  from [01m[K/opt/anaconda3/envs/MasterThesis/include/boost/numeric/ublas/vector.hpp:21[m[K,
[1.724s]                  from [01m[K/home/zain/Projects/MasterThesis/src/drone_controller_vrep/include/drone_controller_vrep/OIAC.hpp:2[m[K,
[1.724s]                  from [01m[K/home/zain/Projects/MasterThesis/src/drone_controller_vrep/src/OIAC.cpp:1[m[K:
[1.724s] [01m[K/usr/include/c++/11/complex:410:5:[m[K [01;36m[Knote: [m[Kcandidate: â€˜[01m[Ktemplate<class _Tp> std::complex<_Tp> std::operator*(const _Tp&, const std::complex<_Tp>&)[m[Kâ€™
[1.724s]   410 |     [01;36m[Koperator[m[K*(const _Tp& __x, const complex<_Tp>& __y)
[1.724s]       |     [01;36m[K^~~~~~~~[m[K
[1.724s] [01m[K/usr/include/c++/11/complex:410:5:[m[K [01;36m[Knote: [m[K  template argument deduction/substitution failed:
[1.724s] [01m[K/home/zain/Projects/MasterThesis/src/drone_controller_vrep/src/OIAC.cpp:86:18:[m[K [01;36m[Knote: [m[K  â€˜[01m[Kboost::numeric::ublas::vector<double>[m[Kâ€™ is not derived from â€˜[01m[Kconst std::complex<_Tp>[m[Kâ€™
[1.724s]    86 |     return F + K*[01;36m[Ke[m[K + D*e_dot + feedforward;
[1.724s]       |                  [01;36m[K^[m[K
[1.725s] In file included from [01m[K/opt/anaconda3/envs/MasterThesis/include/boost/numeric/ublas/storage.hpp:27[m[K,
[1.725s]                  from [01m[K/opt/anaconda3/envs/MasterThesis/include/boost/numeric/ublas/vector.hpp:21[m[K,
[1.725s]                  from [01m[K/home/zain/Projects/MasterThesis/src/drone_controller_vrep/include/drone_controller_vrep/OIAC.hpp:2[m[K,
[1.725s]                  from [01m[K/home/zain/Projects/MasterThesis/src/drone_controller_vrep/src/OIAC.cpp:1[m[K:
[1.725s] [01m[K/opt/anaconda3/envs/MasterThesis/include/boost/numeric/ublas/traits.hpp:117:38:[m[K [01;36m[Knote: [m[Kcandidate: â€˜[01m[Ktemplate<class R, class I> typename boost::enable_if<boost::mpl::and_<boost::is_float<R>, boost::is_integral<I> >, std::complex<_Tp> >::type boost::numeric::ublas::operator*(I, const std::complex<_Tp>&)[m[Kâ€™
[1.725s]   117 |       std::complex<R> >::type inline [01;36m[Koperator[m[K* (I in1, std::complex<R> const& in2) {
[1.725s]       |                                      [01;36m[K^~~~~~~~[m[K
[1.725s] [01m[K/opt/anaconda3/envs/MasterThesis/include/boost/numeric/ublas/traits.hpp:117:38:[m[K [01;36m[Knote: [m[K  template argument deduction/substitution failed:
[1.725s] [01m[K/home/zain/Projects/MasterThesis/src/drone_controller_vrep/src/OIAC.cpp:86:18:[m[K [01;36m[Knote: [m[K  â€˜[01m[Kboost::numeric::ublas::vector<double>[m[Kâ€™ is not derived from â€˜[01m[Kconst std::complex<_Tp>[m[Kâ€™
[1.725s]    86 |     return F + K*[01;36m[Ke[m[K + D*e_dot + feedforward;
[1.725s]       |                  [01;36m[K^[m[K
[1.725s] In file included from [01m[K/opt/anaconda3/envs/MasterThesis/include/boost/numeric/ublas/storage.hpp:27[m[K,
[1.725s]                  from [01m[K/opt/anaconda3/envs/MasterThesis/include/boost/numeric/ublas/vector.hpp:21[m[K,
[1.725s]                  from [01m[K/home/zain/Projects/MasterThesis/src/drone_controller_vrep/include/drone_controller_vrep/OIAC.hpp:2[m[K,
[1.725s]                  from [01m[K/home/zain/Projects/MasterThesis/src/drone_controller_vrep/src/OIAC.cpp:1[m[K:
[1.725s] [01m[K/opt/anaconda3/envs/MasterThesis/include/boost/numeric/ublas/traits.hpp:127:38:[m[K [01;36m[Knote: [m[Kcandidate: â€˜[01m[Ktemplate<class R, class I> typename boost::enable_if<boost::mpl::and_<boost::is_float<R>, boost::is_integral<I> >, std::complex<_Tp> >::type boost::numeric::ublas::operator*(const std::complex<_Tp>&, I)[m[Kâ€™
[1.725s]   127 |       std::complex<R> >::type inline [01;36m[Koperator[m[K* (std::complex<R> const& in1, I in2) {
[1.725s]       |                                      [01;36m[K^~~~~~~~[m[K
[1.725s] [01m[K/opt/anaconda3/envs/MasterThesis/include/boost/numeric/ublas/traits.hpp:127:38:[m[K [01;36m[Knote: [m[K  template argument deduction/substitution failed:
[1.726s] [01m[K/home/zain/Projects/MasterThesis/src/drone_controller_vrep/src/OIAC.cpp:86:18:[m[K [01;36m[Knote: [m[K  â€˜[01m[Kboost::numeric::ublas::vector<double>[m[Kâ€™ is not derived from â€˜[01m[Kconst std::complex<_Tp>[m[Kâ€™
[1.726s]    86 |     return F + K*[01;36m[Ke[m[K + D*e_dot + feedforward;
[1.726s]       |                  [01;36m[K^[m[K
[1.726s] In file included from [01m[K/opt/anaconda3/envs/MasterThesis/include/boost/numeric/ublas/vector.hpp:22[m[K,
[1.726s]                  from [01m[K/home/zain/Projects/MasterThesis/src/drone_controller_vrep/include/drone_controller_vrep/OIAC.hpp:2[m[K,
[1.726s]                  from [01m[K/home/zain/Projects/MasterThesis/src/drone_controller_vrep/src/OIAC.cpp:1[m[K:
[1.726s] [01m[K/opt/anaconda3/envs/MasterThesis/include/boost/numeric/ublas/vector_expression.hpp:1241:5:[m[K [01;36m[Knote: [m[Kcandidate: â€˜[01m[Ktemplate<class T1, class E2> typename boost::enable_if<boost::is_convertible<T1, typename E2::value_type>, typename boost::numeric::ublas::vector_binary_scalar1_traits<const T1, E2, boost::numeric::ublas::scalar_multiplies<T1, typename E2::value_type> >::result_type>::type boost::numeric::ublas::operator*(const T1&, const boost::numeric::ublas::vector_expression<E2>&)[m[Kâ€™
[1.726s]  1241 |     [01;36m[Koperator[m[K * (const T1 &e1,
[1.726s]       |     [01;36m[K^~~~~~~~[m[K
[1.726s] [01m[K/opt/anaconda3/envs/MasterThesis/include/boost/numeric/ublas/vector_expression.hpp:1241:5:[m[K [01;36m[Knote: [m[K  template argument deduction/substitution failed:
[1.726s] /opt/anaconda3/envs/MasterThesis/include/boost/numeric/ublas/vector_expression.hpp: In substitution of â€˜[01m[Ktemplate<class T1, class E2> typename boost::enable_if<boost::is_convertible<T1, typename E2::value_type>, typename boost::numeric::ublas::vector_binary_scalar1_traits<const T1, E2, boost::numeric::ublas::scalar_multiplies<T1, typename E2::value_type> >::result_type>::type boost::numeric::ublas::operator*(const T1&, const boost::numeric::ublas::vector_expression<E2>&) [with T1 = boost::numeric::ublas::vector<double>; E2 = boost::numeric::ublas::vector<double>][m[Kâ€™:
[1.726s] [01m[K/home/zain/Projects/MasterThesis/src/drone_controller_vrep/src/OIAC.cpp:86:18:[m[K   required from here
[1.726s] [01m[K/opt/anaconda3/envs/MasterThesis/include/boost/numeric/ublas/vector_expression.hpp:1241:5:[m[K [01;31m[Kerror: [m[Kno type named â€˜[01m[Ktype[m[Kâ€™ in â€˜[01m[Kstruct boost::enable_if<boost::is_convertible<boost::numeric::ublas::vector<double>, double>, boost::numeric::ublas::vector_binary_scalar1<const boost::numeric::ublas::vector<double>, boost::numeric::ublas::vector<double>, boost::numeric::ublas::scalar_multiplies<boost::numeric::ublas::vector<double>, double> > >[m[Kâ€™
[1.726s] [01m[K/opt/anaconda3/envs/MasterThesis/include/boost/numeric/ublas/vector_expression.hpp:1484:5:[m[K [01;36m[Knote: [m[Kcandidate: â€˜[01m[Ktemplate<class E1, class T2> typename boost::enable_if<boost::is_convertible<T2, typename E1::value_type>, typename boost::numeric::ublas::vector_binary_scalar2_traits<E1, const T2, boost::numeric::ublas::scalar_multiplies<typename E1::value_type, T2> >::result_type>::type boost::numeric::ublas::operator*(const boost::numeric::ublas::vector_expression<E>&, const T2&)[m[Kâ€™
[1.726s]  1484 |     [01;36m[Koperator[m[K * (const vector_expression<E1> &e1,
[1.726s]       |     [01;36m[K^~~~~~~~[m[K
[1.726s] [01m[K/opt/anaconda3/envs/MasterThesis/include/boost/numeric/ublas/vector_expression.hpp:1484:5:[m[K [01;36m[Knote: [m[K  template argument deduction/substitution failed:
[1.726s] /opt/anaconda3/envs/MasterThesis/include/boost/numeric/ublas/vector_expression.hpp: In substitution of â€˜[01m[Ktemplate<class E1, class T2> typename boost::enable_if<boost::is_convertible<T2, typename E1::value_type>, typename boost::numeric::ublas::vector_binary_scalar2_traits<E1, const T2, boost::numeric::ublas::scalar_multiplies<typename E1::value_type, T2> >::result_type>::type boost::numeric::ublas::operator*(const boost::numeric::ublas::vector_expression<E>&, const T2&) [with E1 = boost::numeric::ublas::vector<double>; T2 = boost::numeric::ublas::vector<double>][m[Kâ€™:
[1.726s] [01m[K/home/zain/Projects/MasterThesis/src/drone_controller_vrep/src/OIAC.cpp:86:18:[m[K   required from here
[1.727s] [01m[K/opt/anaconda3/envs/MasterThesis/include/boost/numeric/ublas/vector_expression.hpp:1484:5:[m[K [01;31m[Kerror: [m[Kno type named â€˜[01m[Ktype[m[Kâ€™ in â€˜[01m[Kstruct boost::enable_if<boost::is_convertible<boost::numeric::ublas::vector<double>, double>, boost::numeric::ublas::vector_binary_scalar2<boost::numeric::ublas::vector<double>, const boost::numeric::ublas::vector<double>, boost::numeric::ublas::scalar_multiplies<double, boost::numeric::ublas::vector<double> > > >[m[Kâ€™
[1.727s] In file included from [01m[K/opt/anaconda3/envs/MasterThesis/include/boost/numeric/ublas/matrix.hpp:19[m[K,
[1.727s]                  from [01m[K/home/zain/Projects/MasterThesis/src/drone_controller_vrep/include/drone_controller_vrep/OIAC.hpp:3[m[K,
[1.727s]                  from [01m[K/home/zain/Projects/MasterThesis/src/drone_controller_vrep/src/OIAC.cpp:1[m[K:
[1.727s] [01m[K/opt/anaconda3/envs/MasterThesis/include/boost/numeric/ublas/matrix_expression.hpp:3466:1:[m[K [01;36m[Knote: [m[Kcandidate: â€˜[01m[Ktemplate<class T1, class E2> typename boost::enable_if<boost::is_convertible<T1, typename E2::value_type>, typename boost::numeric::ublas::matrix_binary_scalar1_traits<const T1, E2, boost::numeric::ublas::scalar_multiplies<T1, typename E2::value_type> >::result_type>::type boost::numeric::ublas::operator*(const T1&, const boost::numeric::ublas::matrix_expression<E2>&)[m[Kâ€™
[1.727s]  3466 | [01;36m[Koperator[m[K * (const T1 &e1,
[1.727s]       | [01;36m[K^~~~~~~~[m[K
[1.727s] [01m[K/opt/anaconda3/envs/MasterThesis/include/boost/numeric/ublas/matrix_expression.hpp:3466:1:[m[K [01;36m[Knote: [m[K  template argument deduction/substitution failed:
[1.727s] [01m[K/home/zain/Projects/MasterThesis/src/drone_controller_vrep/src/OIAC.cpp:86:18:[m[K [01;36m[Knote: [m[K  â€˜[01m[Kboost::numeric::ublas::vector<double>[m[Kâ€™ is not derived from â€˜[01m[Kconst boost::numeric::ublas::matrix_expression<E2>[m[Kâ€™
[1.727s]    86 |     return F + K*[01;36m[Ke[m[K + D*e_dot + feedforward;
[1.727s]       |                  [01;36m[K^[m[K
[1.727s] In file included from [01m[K/opt/anaconda3/envs/MasterThesis/include/boost/numeric/ublas/matrix.hpp:19[m[K,
[1.727s]                  from [01m[K/home/zain/Projects/MasterThesis/src/drone_controller_vrep/include/drone_controller_vrep/OIAC.hpp:3[m[K,
[1.727s]                  from [01m[K/home/zain/Projects/MasterThesis/src/drone_controller_vrep/src/OIAC.cpp:1[m[K:
[1.727s] [01m[K/opt/anaconda3/envs/MasterThesis/include/boost/numeric/ublas/matrix_expression.hpp:3994:1:[m[K [01;36m[Knote: [m[Kcandidate: â€˜[01m[Ktemplate<class E1, class T2> typename boost::enable_if<boost::is_convertible<T2, typename E1::value_type>, typename boost::numeric::ublas::matrix_binary_scalar2_traits<E1, const T2, boost::numeric::ublas::scalar_multiplies<typename E1::value_type, T2> >::result_type>::type boost::numeric::ublas::operator*(const boost::numeric::ublas::matrix_expression<E>&, const T2&)[m[Kâ€™
[1.727s]  3994 | [01;36m[Koperator[m[K * (const matrix_expression<E1> &e1,
[1.727s]       | [01;36m[K^~~~~~~~[m[K
[1.727s] [01m[K/opt/anaconda3/envs/MasterThesis/include/boost/numeric/ublas/matrix_expression.hpp:3994:1:[m[K [01;36m[Knote: [m[K  template argument deduction/substitution failed:
[1.727s] [01m[K/home/zain/Projects/MasterThesis/src/drone_controller_vrep/src/OIAC.cpp:86:18:[m[K [01;36m[Knote: [m[K  â€˜[01m[Kboost::numeric::ublas::vector<double>[m[Kâ€™ is not derived from â€˜[01m[Kconst boost::numeric::ublas::matrix_expression<E>[m[Kâ€™
[1.727s]    86 |     return F + K*[01;36m[Ke[m[K + D*e_dot + feedforward;
[1.728s]       |                  [01;36m[K^[m[K
[1.728s] [01m[K/home/zain/Projects/MasterThesis/src/drone_controller_vrep/src/OIAC.cpp:86:23:[m[K [01;31m[Kerror: [m[Kno match for â€˜[01m[Koperator*[m[Kâ€™ (operand types are â€˜[01m[Kboost::numeric::ublas::vector<double>[m[Kâ€™ and â€˜[01m[Kboost::numeric::ublas::vector<double>[m[Kâ€™)
[1.728s]    86 |     return F + K*e + [32m[KD[m[K[01;31m[K*[m[K[34m[Ke_dot[m[K + feedforward;
[1.728s]       |                      [32m[K~[m[K[01;31m[K^[m[K[34m[K~~~~~[m[K
[1.728s]       |                      [32m[K|[m[K [34m[K|[m[K
[1.728s]       |                      [32m[K|[m[K [34m[Kvector<[...]>[m[K
[1.728s]       |                      [32m[Kvector<[...]>[m[K
[1.728s] In file included from [01m[K/opt/anaconda3/envs/MasterThesis/include/boost/numeric/ublas/traits.hpp:17[m[K,
[1.728s]                  from [01m[K/opt/anaconda3/envs/MasterThesis/include/boost/numeric/ublas/storage.hpp:27[m[K,
[1.728s]                  from [01m[K/opt/anaconda3/envs/MasterThesis/include/boost/numeric/ublas/vector.hpp:21[m[K,
[1.728s]                  from [01m[K/home/zain/Projects/MasterThesis/src/drone_controller_vrep/include/drone_controller_vrep/OIAC.hpp:2[m[K,
[1.728s]                  from [01m[K/home/zain/Projects/MasterThesis/src/drone_controller_vrep/src/OIAC.cpp:1[m[K:
[1.728s] [01m[K/usr/include/c++/11/complex:392:5:[m[K [01;36m[Knote: [m[Kcandidate: â€˜[01m[Ktemplate<class _Tp> std::complex<_Tp> std::operator*(const std::complex<_Tp>&, const std::complex<_Tp>&)[m[Kâ€™
[1.728s]   392 |     [01;36m[Koperator[m[K*(const complex<_Tp>& __x, const complex<_Tp>& __y)
[1.728s]       |     [01;36m[K^~~~~~~~[m[K
[1.728s] [01m[K/usr/include/c++/11/complex:392:5:[m[K [01;36m[Knote: [m[K  template argument deduction/substitution failed:
[1.728s] [01m[K/home/zain/Projects/MasterThesis/src/drone_controller_vrep/src/OIAC.cpp:86:24:[m[K [01;36m[Knote: [m[K  â€˜[01m[Kboost::numeric::ublas::vector<double>[m[Kâ€™ is not derived from â€˜[01m[Kconst std::complex<_Tp>[m[Kâ€™
[1.728s]    86 |     return F + K*e + D*[01;36m[Ke_dot[m[K + feedforward;
[1.728s]       |                        [01;36m[K^~~~~[m[K
[1.729s] In file included from [01m[K/opt/anaconda3/envs/MasterThesis/include/boost/numeric/ublas/traits.hpp:17[m[K,
[1.729s]                  from [01m[K/opt/anaconda3/envs/MasterThesis/include/boost/numeric/ublas/storage.hpp:27[m[K,
[1.729s]                  from [01m[K/opt/anaconda3/envs/MasterThesis/include/boost/numeric/ublas/vector.hpp:21[m[K,
[1.729s]                  from [01m[K/home/zain/Projects/MasterThesis/src/drone_controller_vrep/include/drone_controller_vrep/OIAC.hpp:2[m[K,
[1.729s]                  from [01m[K/home/zain/Projects/MasterThesis/src/drone_controller_vrep/src/OIAC.cpp:1[m[K:
[1.729s] [01m[K/usr/include/c++/11/complex:401:5:[m[K [01;36m[Knote: [m[Kcandidate: â€˜[01m[Ktemplate<class _Tp> std::complex<_Tp> std::operator*(const std::complex<_Tp>&, const _Tp&)[m[Kâ€™
[1.729s]   401 |     [01;36m[Koperator[m[K*(const complex<_Tp>& __x, const _Tp& __y)
[1.729s]       |     [01;36m[K^~~~~~~~[m[K
[1.729s] [01m[K/usr/include/c++/11/complex:401:5:[m[K [01;36m[Knote: [m[K  template argument deduction/substitution failed:
[1.729s] [01m[K/home/zain/Projects/MasterThesis/src/drone_controller_vrep/src/OIAC.cpp:86:24:[m[K [01;36m[Knote: [m[K  â€˜[01m[Kboost::numeric::ublas::vector<double>[m[Kâ€™ is not derived from â€˜[01m[Kconst std::complex<_Tp>[m[Kâ€™
[1.729s]    86 |     return F + K*e + D*[01;36m[Ke_dot[m[K + feedforward;
[1.729s]       |                        [01;36m[K^~~~~[m[K
[1.729s] In file included from [01m[K/opt/anaconda3/envs/MasterThesis/include/boost/numeric/ublas/traits.hpp:17[m[K,
[1.729s]                  from [01m[K/opt/anaconda3/envs/MasterThesis/include/boost/numeric/ublas/storage.hpp:27[m[K,
[1.729s]                  from [01m[K/opt/anaconda3/envs/MasterThesis/include/boost/numeric/ublas/vector.hpp:21[m[K,
[1.729s]                  from [01m[K/home/zain/Projects/MasterThesis/src/drone_controller_vrep/include/drone_controller_vrep/OIAC.hpp:2[m[K,
[1.729s]                  from [01m[K/home/zain/Projects/MasterThesis/src/drone_controller_vrep/src/OIAC.cpp:1[m[K:
[1.729s] [01m[K/usr/include/c++/11/complex:410:5:[m[K [01;36m[Knote: [m[Kcandidate: â€˜[01m[Ktemplate<class _Tp> std::complex<_Tp> std::operator*(const _Tp&, const std::complex<_Tp>&)[m[Kâ€™
[1.729s]   410 |     [01;36m[Koperator[m[K*(const _Tp& __x, const complex<_Tp>& __y)
[1.730s]       |     [01;36m[K^~~~~~~~[m[K
[1.730s] [01m[K/usr/include/c++/11/complex:410:5:[m[K [01;36m[Knote: [m[K  template argument deduction/substitution failed:
[1.730s] [01m[K/home/zain/Projects/MasterThesis/src/drone_controller_vrep/src/OIAC.cpp:86:24:[m[K [01;36m[Knote: [m[K  â€˜[01m[Kboost::numeric::ublas::vector<double>[m[Kâ€™ is not derived from â€˜[01m[Kconst std::complex<_Tp>[m[Kâ€™
[1.730s]    86 |     return F + K*e + D*[01;36m[Ke_dot[m[K + feedforward;
[1.730s]       |                        [01;36m[K^~~~~[m[K
[1.730s] In file included from [01m[K/opt/anaconda3/envs/MasterThesis/include/boost/numeric/ublas/storage.hpp:27[m[K,
[1.730s]                  from [01m[K/opt/anaconda3/envs/MasterThesis/include/boost/numeric/ublas/vector.hpp:21[m[K,
[1.730s]                  from [01m[K/home/zain/Projects/MasterThesis/src/drone_controller_vrep/include/drone_controller_vrep/OIAC.hpp:2[m[K,
[1.730s]                  from [01m[K/home/zain/Projects/MasterThesis/src/drone_controller_vrep/src/OIAC.cpp:1[m[K:
[1.730s] [01m[K/opt/anaconda3/envs/MasterThesis/include/boost/numeric/ublas/traits.hpp:117:38:[m[K [01;36m[Knote: [m[Kcandidate: â€˜[01m[Ktemplate<class R, class I> typename boost::enable_if<boost::mpl::and_<boost::is_float<R>, boost::is_integral<I> >, std::complex<_Tp> >::type boost::numeric::ublas::operator*(I, const std::complex<_Tp>&)[m[Kâ€™
[1.730s]   117 |       std::complex<R> >::type inline [01;36m[Koperator[m[K* (I in1, std::complex<R> const& in2) {
[1.730s]       |                                      [01;36m[K^~~~~~~~[m[K
[1.730s] [01m[K/opt/anaconda3/envs/MasterThesis/include/boost/numeric/ublas/traits.hpp:117:38:[m[K [01;36m[Knote: [m[K  template argument deduction/substitution failed:
[1.730s] [01m[K/home/zain/Projects/MasterThesis/src/drone_controller_vrep/src/OIAC.cpp:86:24:[m[K [01;36m[Knote: [m[K  â€˜[01m[Kboost::numeric::ublas::vector<double>[m[Kâ€™ is not derived from â€˜[01m[Kconst std::complex<_Tp>[m[Kâ€™
[1.730s]    86 |     return F + K*e + D*[01;36m[Ke_dot[m[K + feedforward;
[1.730s]       |                        [01;36m[K^~~~~[m[K
[1.730s] In file included from [01m[K/opt/anaconda3/envs/MasterThesis/include/boost/numeric/ublas/storage.hpp:27[m[K,
[1.730s]                  from [01m[K/opt/anaconda3/envs/MasterThesis/include/boost/numeric/ublas/vector.hpp:21[m[K,
[1.731s]                  from [01m[K/home/zain/Projects/MasterThesis/src/drone_controller_vrep/include/drone_controller_vrep/OIAC.hpp:2[m[K,
[1.731s]                  from [01m[K/home/zain/Projects/MasterThesis/src/drone_controller_vrep/src/OIAC.cpp:1[m[K:
[1.731s] [01m[K/opt/anaconda3/envs/MasterThesis/include/boost/numeric/ublas/traits.hpp:127:38:[m[K [01;36m[Knote: [m[Kcandidate: â€˜[01m[Ktemplate<class R, class I> typename boost::enable_if<boost::mpl::and_<boost::is_float<R>, boost::is_integral<I> >, std::complex<_Tp> >::type boost::numeric::ublas::operator*(const std::complex<_Tp>&, I)[m[Kâ€™
[1.731s]   127 |       std::complex<R> >::type inline [01;36m[Koperator[m[K* (std::complex<R> const& in1, I in2) {
[1.731s]       |                                      [01;36m[K^~~~~~~~[m[K
[1.731s] [01m[K/opt/anaconda3/envs/MasterThesis/include/boost/numeric/ublas/traits.hpp:127:38:[m[K [01;36m[Knote: [m[K  template argument deduction/substitution failed:
[1.731s] [01m[K/home/zain/Projects/MasterThesis/src/drone_controller_vrep/src/OIAC.cpp:86:24:[m[K [01;36m[Knote: [m[K  â€˜[01m[Kboost::numeric::ublas::vector<double>[m[Kâ€™ is not derived from â€˜[01m[Kconst std::complex<_Tp>[m[Kâ€™
[1.731s]    86 |     return F + K*e + D*[01;36m[Ke_dot[m[K + feedforward;
[1.731s]       |                        [01;36m[K^~~~~[m[K
[1.731s] In file included from [01m[K/opt/anaconda3/envs/MasterThesis/include/boost/numeric/ublas/vector.hpp:22[m[K,
[1.731s]                  from [01m[K/home/zain/Projects/MasterThesis/src/drone_controller_vrep/include/drone_controller_vrep/OIAC.hpp:2[m[K,
[1.731s]                  from [01m[K/home/zain/Projects/MasterThesis/src/drone_controller_vrep/src/OIAC.cpp:1[m[K:
[1.731s] [01m[K/opt/anaconda3/envs/MasterThesis/include/boost/numeric/ublas/vector_expression.hpp:1241:5:[m[K [01;36m[Knote: [m[Kcandidate: â€˜[01m[Ktemplate<class T1, class E2> typename boost::enable_if<boost::is_convertible<T1, typename E2::value_type>, typename boost::numeric::ublas::vector_binary_scalar1_traits<const T1, E2, boost::numeric::ublas::scalar_multiplies<T1, typename E2::value_type> >::result_type>::type boost::numeric::ublas::operator*(const T1&, const boost::numeric::ublas::vector_expression<E2>&)[m[Kâ€™
[1.731s]  1241 |     [01;36m[Koperator[m[K * (const T1 &e1,
[1.731s]       |     [01;36m[K^~~~~~~~[m[K
[1.731s] [01m[K/opt/anaconda3/envs/MasterThesis/include/boost/numeric/ublas/vector_expression.hpp:1241:5:[m[K [01;36m[Knote: [m[K  template argument deduction/substitution failed:
[1.731s] /opt/anaconda3/envs/MasterThesis/include/boost/numeric/ublas/vector_expression.hpp: In substitution of â€˜[01m[Ktemplate<class T1, class E2> typename boost::enable_if<boost::is_convertible<T1, typename E2::value_type>, typename boost::numeric::ublas::vector_binary_scalar1_traits<const T1, E2, boost::numeric::ublas::scalar_multiplies<T1, typename E2::value_type> >::result_type>::type boost::numeric::ublas::operator*(const T1&, const boost::numeric::ublas::vector_expression<E2>&) [with T1 = boost::numeric::ublas::vector<double>; E2 = boost::numeric::ublas::vector<double>][m[Kâ€™:
[1.731s] [01m[K/home/zain/Projects/MasterThesis/src/drone_controller_vrep/src/OIAC.cpp:86:24:[m[K   required from here
[1.732s] [01m[K/opt/anaconda3/envs/MasterThesis/include/boost/numeric/ublas/vector_expression.hpp:1241:5:[m[K [01;31m[Kerror: [m[Kno type named â€˜[01m[Ktype[m[Kâ€™ in â€˜[01m[Kstruct boost::enable_if<boost::is_convertible<boost::numeric::ublas::vector<double>, double>, boost::numeric::ublas::vector_binary_scalar1<const boost::numeric::ublas::vector<double>, boost::numeric::ublas::vector<double>, boost::numeric::ublas::scalar_multiplies<boost::numeric::ublas::vector<double>, double> > >[m[Kâ€™
[1.732s] [01m[K/opt/anaconda3/envs/MasterThesis/include/boost/numeric/ublas/vector_expression.hpp:1484:5:[m[K [01;36m[Knote: [m[Kcandidate: â€˜[01m[Ktemplate<class E1, class T2> typename boost::enable_if<boost::is_convertible<T2, typename E1::value_type>, typename boost::numeric::ublas::vector_binary_scalar2_traits<E1, const T2, boost::numeric::ublas::scalar_multiplies<typename E1::value_type, T2> >::result_type>::type boost::numeric::ublas::operator*(const boost::numeric::ublas::vector_expression<E>&, const T2&)[m[Kâ€™
[1.732s]  1484 |     [01;36m[Koperator[m[K * (const vector_expression<E1> &e1,
[1.732s]       |     [01;36m[K^~~~~~~~[m[K
[1.732s] [01m[K/opt/anaconda3/envs/MasterThesis/include/boost/numeric/ublas/vector_expression.hpp:1484:5:[m[K [01;36m[Knote: [m[K  template argument deduction/substitution failed:
[1.732s] /opt/anaconda3/envs/MasterThesis/include/boost/numeric/ublas/vector_expression.hpp: In substitution of â€˜[01m[Ktemplate<class E1, class T2> typename boost::enable_if<boost::is_convertible<T2, typename E1::value_type>, typename boost::numeric::ublas::vector_binary_scalar2_traits<E1, const T2, boost::numeric::ublas::scalar_multiplies<typename E1::value_type, T2> >::result_type>::type boost::numeric::ublas::operator*(const boost::numeric::ublas::vector_expression<E>&, const T2&) [with E1 = boost::numeric::ublas::vector<double>; T2 = boost::numeric::ublas::vector<double>][m[Kâ€™:
[1.732s] [01m[K/home/zain/Projects/MasterThesis/src/drone_controller_vrep/src/OIAC.cpp:86:24:[m[K   required from here
[1.732s] [01m[K/opt/anaconda3/envs/MasterThesis/include/boost/numeric/ublas/vector_expression.hpp:1484:5:[m[K [01;31m[Kerror: [m[Kno type named â€˜[01m[Ktype[m[Kâ€™ in â€˜[01m[Kstruct boost::enable_if<boost::is_convertible<boost::numeric::ublas::vector<double>, double>, boost::numeric::ublas::vector_binary_scalar2<boost::numeric::ublas::vector<double>, const boost::numeric::ublas::vector<double>, boost::numeric::ublas::scalar_multiplies<double, boost::numeric::ublas::vector<double> > > >[m[Kâ€™
[1.732s] In file included from [01m[K/opt/anaconda3/envs/MasterThesis/include/boost/numeric/ublas/matrix.hpp:19[m[K,
[1.732s]                  from [01m[K/home/zain/Projects/MasterThesis/src/drone_controller_vrep/include/drone_controller_vrep/OIAC.hpp:3[m[K,
[1.732s]                  from [01m[K/home/zain/Projects/MasterThesis/src/drone_controller_vrep/src/OIAC.cpp:1[m[K:
[1.732s] [01m[K/opt/anaconda3/envs/MasterThesis/include/boost/numeric/ublas/matrix_expression.hpp:3466:1:[m[K [01;36m[Knote: [m[Kcandidate: â€˜[01m[Ktemplate<class T1, class E2> typename boost::enable_if<boost::is_convertible<T1, typename E2::value_type>, typename boost::numeric::ublas::matrix_binary_scalar1_traits<const T1, E2, boost::numeric::ublas::scalar_multiplies<T1, typename E2::value_type> >::result_type>::type boost::numeric::ublas::operator*(const T1&, const boost::numeric::ublas::matrix_expression<E2>&)[m[Kâ€™
[1.732s]  3466 | [01;36m[Koperator[m[K * (const T1 &e1,
[1.732s]       | [01;36m[K^~~~~~~~[m[K
[1.732s] [01m[K/opt/anaconda3/envs/MasterThesis/include/boost/numeric/ublas/matrix_expression.hpp:3466:1:[m[K [01;36m[Knote: [m[K  template argument deduction/substitution failed:
[1.732s] [01m[K/home/zain/Projects/MasterThesis/src/drone_controller_vrep/src/OIAC.cpp:86:24:[m[K [01;36m[Knote: [m[K  â€˜[01m[Kboost::numeric::ublas::vector<double>[m[Kâ€™ is not derived from â€˜[01m[Kconst boost::numeric::ublas::matrix_expression<E2>[m[Kâ€™
[1.732s]    86 |     return F + K*e + D*[01;36m[Ke_dot[m[K + feedforward;
[1.732s]       |                        [01;36m[K^~~~~[m[K
[1.732s] In file included from [01m[K/opt/anaconda3/envs/MasterThesis/include/boost/numeric/ublas/matrix.hpp:19[m[K,
[1.733s]                  from [01m[K/home/zain/Projects/MasterThesis/src/drone_controller_vrep/include/drone_controller_vrep/OIAC.hpp:3[m[K,
[1.733s]                  from [01m[K/home/zain/Projects/MasterThesis/src/drone_controller_vrep/src/OIAC.cpp:1[m[K:
[1.733s] [01m[K/opt/anaconda3/envs/MasterThesis/include/boost/numeric/ublas/matrix_expression.hpp:3994:1:[m[K [01;36m[Knote: [m[Kcandidate: â€˜[01m[Ktemplate<class E1, class T2> typename boost::enable_if<boost::is_convertible<T2, typename E1::value_type>, typename boost::numeric::ublas::matrix_binary_scalar2_traits<E1, const T2, boost::numeric::ublas::scalar_multiplies<typename E1::value_type, T2> >::result_type>::type boost::numeric::ublas::operator*(const boost::numeric::ublas::matrix_expression<E>&, const T2&)[m[Kâ€™
[1.733s]  3994 | [01;36m[Koperator[m[K * (const matrix_expression<E1> &e1,
[1.733s]       | [01;36m[K^~~~~~~~[m[K
[1.733s] [01m[K/opt/anaconda3/envs/MasterThesis/include/boost/numeric/ublas/matrix_expression.hpp:3994:1:[m[K [01;36m[Knote: [m[K  template argument deduction/substitution failed:
[1.733s] [01m[K/home/zain/Projects/MasterThesis/src/drone_controller_vrep/src/OIAC.cpp:86:24:[m[K [01;36m[Knote: [m[K  â€˜[01m[Kboost::numeric::ublas::vector<double>[m[Kâ€™ is not derived from â€˜[01m[Kconst boost::numeric::ublas::matrix_expression<E>[m[Kâ€™
[1.733s]    86 |     return F + K*e + D*[01;36m[Ke_dot[m[K + feedforward;
[1.733s]       |                        [01;36m[K^~~~~[m[K
[1.733s] [01m[K/home/zain/Projects/MasterThesis/src/drone_controller_vrep/src/OIAC.cpp:86:32:[m[K [01;31m[Kerror: [m[Kâ€˜[01m[Kfeedforward[m[Kâ€™ was not declared in this scope; did you mean â€˜[01m[K_feedforward[m[Kâ€™?
[1.733s]    86 |     return F + K*e + D*e_dot + [01;31m[Kfeedforward[m[K;
[1.733s]       |                                [01;31m[K^~~~~~~~~~~[m[K
[1.733s]       |                                [32m[K_feedforward[m[K
[1.793s] gmake[2]: *** [CMakeFiles/controller.dir/build.make:90: CMakeFiles/controller.dir/src/OIAC.cpp.o] Error 1
[1.793s] gmake[1]: *** [CMakeFiles/Makefile2:137: CMakeFiles/controller.dir/all] Error 2
[1.793s] gmake: *** [Makefile:146: all] Error 2
[1.795s] Invoked command in '/home/zain/Projects/MasterThesis/build/drone_controller_vrep' returned '2': CMAKE_PREFIX_PATH=/opt/ros/humble CONDA_PROMPT_MODIFIER=(MasterThesis) /usr/local/bin/cmake --build /home/zain/Projects/MasterThesis/build/drone_controller_vrep -- -j16 -l16
