[0.098s] Invoking command in '/home/zain/Projects/MasterThesis/build/drone_controller_vrep': CMAKE_PREFIX_PATH=/opt/ros/humble CONDA_PROMPT_MODIFIER=(MasterThesis) /usr/local/bin/cmake --build /home/zain/Projects/MasterThesis/build/drone_controller_vrep -- -j16 -l16
[0.125s] -- Found ament_cmake: 1.3.8 (/opt/ros/humble/share/ament_cmake/cmake)
[0.447s] -- Override CMake install command with custom implementation using symlinks instead of copying resources
[0.457s] -- Found rclcpp: 16.0.8 (/opt/ros/humble/share/rclcpp/cmake)
[0.505s] -- Found rosidl_generator_c: 3.1.5 (/opt/ros/humble/share/rosidl_generator_c/cmake)
[0.508s] -- Found rosidl_adapter: 3.1.5 (/opt/ros/humble/share/rosidl_adapter/cmake)
[0.519s] -- Found rosidl_generator_cpp: 3.1.5 (/opt/ros/humble/share/rosidl_generator_cpp/cmake)
[0.536s] -- Using all available rosidl_typesupport_c: rosidl_typesupport_fastrtps_c;rosidl_typesupport_introspection_c
[0.559s] -- Using all available rosidl_typesupport_cpp: rosidl_typesupport_fastrtps_cpp;rosidl_typesupport_introspection_cpp
[0.649s] -- Found rmw_implementation_cmake: 6.1.1 (/opt/ros/humble/share/rmw_implementation_cmake/cmake)
[0.650s] -- Found rmw_fastrtps_cpp: 6.2.6 (/opt/ros/humble/share/rmw_fastrtps_cpp/cmake)
[0.861s] -- Using RMW implementation 'rmw_fastrtps_cpp' as default
[1.091s] -- Found geometry_msgs: 4.2.3 (/opt/ros/humble/share/geometry_msgs/cmake)
[1.155s] -- Found Boost: /opt/anaconda3/envs/MasterThesis/lib/cmake/Boost-1.84.0/BoostConfig.cmake (found version "1.84.0")
[1.159s] -- Found ament_lint_auto: 0.12.10 (/opt/ros/humble/share/ament_lint_auto/cmake)
[1.321s] -- Added test 'cppcheck' to perform static code analysis on C / C++ code
[1.321s] -- Configured cppcheck include dirs: /home/zain/Projects/MasterThesis/src/drone_controller_vrep/include;/home/zain/Projects/MasterThesis/src/drone_controller_vrep/include/drone_controller_vrep
[1.321s] -- Configured cppcheck exclude dirs and/or files: 
[1.322s] -- Added test 'lint_cmake' to check CMake code style
[1.323s] -- Added test 'uncrustify' to check C / C++ code style
[1.323s] -- Configured uncrustify additional arguments: 
[1.323s] -- Added test 'xmllint' to check XML markup files
[1.325s] -- Configuring done (1.2s)
[1.342s] -- Generating done (0.0s)
[1.343s] -- Build files have been written to: /home/zain/Projects/MasterThesis/build/drone_controller_vrep
[1.397s] [ 33%] [32mBuilding CXX object CMakeFiles/drone_feedback_controller_node.dir/src/drone_feedback_controller.cpp.o[0m
[1.400s] [ 66%] [32mBuilding CXX object CMakeFiles/drone_feedback_controller_node.dir/src/OIAC.cpp.o[0m
[1.665s] In file included from [01m[K/home/zain/Projects/MasterThesis/src/drone_controller_vrep/src/drone_feedback_controller.cpp:1[m[K:
[1.665s] [01m[K/home/zain/Projects/MasterThesis/src/drone_controller_vrep/include/drone_controller_vrep/drone_feedback_controller.hpp:2:10:[m[K [01;31m[Kfatal error: [m[Kboost/function: No such file or directory
[1.665s]     2 | #include [01;31m[K<boost/function>[m[K
[1.665s]       |          [01;31m[K^~~~~~~~~~~~~~~~[m[K
[1.665s] compilation terminated.
[1.671s] gmake[2]: *** [CMakeFiles/drone_feedback_controller_node.dir/build.make:76: CMakeFiles/drone_feedback_controller_node.dir/src/drone_feedback_controller.cpp.o] Error 1
[1.671s] gmake[2]: *** Waiting for unfinished jobs....
[2.667s] [01m[K/home/zain/Projects/MasterThesis/src/drone_controller_vrep/src/OIAC.cpp:[m[K In constructor â€˜[01m[KOIAC::OIAC(double, double, double)[m[Kâ€™:
[2.667s] [01m[K/home/zain/Projects/MasterThesis/src/drone_controller_vrep/src/OIAC.cpp:9:20:[m[K [01;31m[Kerror: [m[Kconverting to â€˜[01m[Kboost::numeric::ublas::vector<double>[m[Kâ€™ from initializer list would use explicit constructor â€˜[01m[Kboost::numeric::ublas::vector<T, A>::vector(boost::numeric::ublas::vector<T, A>::size_type) [with T = double; A = boost::numeric::ublas::unbounded_array<double, std::allocator<double> >; boost::numeric::ublas::vector<T, A>::size_type = long unsigned int][m[Kâ€™
[2.667s]     9 |     [01;31m[Kset_feedforward({0.0})[m[K;
[2.667s]       |     [01;31m[K~~~~~~~~~~~~~~~^~~~~~~[m[K
[2.667s] [01m[K/home/zain/Projects/MasterThesis/src/drone_controller_vrep/src/OIAC.cpp:9:20:[m[K [01;31m[Kerror: [m[Knarrowing conversion of â€˜[01m[K0.0[m[Kâ€™ from â€˜[01m[Kdouble[m[Kâ€™ to â€˜[01m[Kboost::numeric::ublas::vector<double>::size_type[m[Kâ€™ {aka â€˜[01m[Klong unsigned int[m[Kâ€™} [[01;31m[K]8;;https://gcc.gnu.org/onlinedocs/gcc/Warning-Options.html#index-Wnarrowing-Wnarrowing]8;;[m[K]
[2.667s] [01m[K/home/zain/Projects/MasterThesis/src/drone_controller_vrep/src/OIAC.cpp:[m[K In constructor â€˜[01m[KOIAC::OIAC(double, double, double, double, double)[m[Kâ€™:
[2.667s] [01m[K/home/zain/Projects/MasterThesis/src/drone_controller_vrep/src/OIAC.cpp:27:20:[m[K [01;31m[Kerror: [m[Kconverting to â€˜[01m[Kboost::numeric::ublas::vector<double>[m[Kâ€™ from initializer list would use explicit constructor â€˜[01m[Kboost::numeric::ublas::vector<T, A>::vector(boost::numeric::ublas::vector<T, A>::size_type) [with T = double; A = boost::numeric::ublas::unbounded_array<double, std::allocator<double> >; boost::numeric::ublas::vector<T, A>::size_type = long unsigned int][m[Kâ€™
[2.667s]    27 |     [01;31m[Kset_feedforward({0.0})[m[K;
[2.667s]       |     [01;31m[K~~~~~~~~~~~~~~~^~~~~~~[m[K
[2.668s] [01m[K/home/zain/Projects/MasterThesis/src/drone_controller_vrep/src/OIAC.cpp:27:20:[m[K [01;31m[Kerror: [m[Knarrowing conversion of â€˜[01m[K0.0[m[Kâ€™ from â€˜[01m[Kdouble[m[Kâ€™ to â€˜[01m[Kboost::numeric::ublas::vector<double>::size_type[m[Kâ€™ {aka â€˜[01m[Klong unsigned int[m[Kâ€™} [[01;31m[K]8;;https://gcc.gnu.org/onlinedocs/gcc/Warning-Options.html#index-Wnarrowing-Wnarrowing]8;;[m[K]
[2.795s] gmake[2]: *** [CMakeFiles/drone_feedback_controller_node.dir/build.make:90: CMakeFiles/drone_feedback_controller_node.dir/src/OIAC.cpp.o] Error 1
[2.795s] gmake[1]: *** [CMakeFiles/Makefile2:137: CMakeFiles/drone_feedback_controller_node.dir/all] Error 2
[2.796s] gmake: *** [Makefile:146: all] Error 2
[2.799s] Invoked command in '/home/zain/Projects/MasterThesis/build/drone_controller_vrep' returned '2': CMAKE_PREFIX_PATH=/opt/ros/humble CONDA_PROMPT_MODIFIER=(MasterThesis) /usr/local/bin/cmake --build /home/zain/Projects/MasterThesis/build/drone_controller_vrep -- -j16 -l16
