[0.065s] Invoking command in '/home/zain/Projects/MasterThesis/build/drone_controller_vrep': CMAKE_PREFIX_PATH=/opt/ros/humble CONDA_PROMPT_MODIFIER=(MasterThesis) /usr/local/bin/cmake --build /home/zain/Projects/MasterThesis/build/drone_controller_vrep -- -j16 -l16
[0.118s] [ 33%] [32mBuilding CXX object CMakeFiles/drone_feedback_controller_node.dir/src/drone_feedback_controller.cpp.o[0m
[0.119s] [ 66%] [32mBuilding CXX object CMakeFiles/drone_feedback_controller_node.dir/src/OIAC.cpp.o[0m
[1.182s] [01m[K/home/zain/Projects/MasterThesis/src/drone_controller_vrep/src/OIAC.cpp:[m[K In constructor â€˜[01m[KOIAC::OIAC(double, double, double)[m[Kâ€™:
[1.182s] [01m[K/home/zain/Projects/MasterThesis/src/drone_controller_vrep/src/OIAC.cpp:9:20:[m[K [01;31m[Kerror: [m[Kconverting to â€˜[01m[Kboost::numeric::ublas::vector<double>[m[Kâ€™ from initializer list would use explicit constructor â€˜[01m[Kboost::numeric::ublas::vector<T, A>::vector(boost::numeric::ublas::vector<T, A>::size_type) [with T = double; A = boost::numeric::ublas::unbounded_array<double, std::allocator<double> >; boost::numeric::ublas::vector<T, A>::size_type = long unsigned int][m[Kâ€™
[1.182s]     9 |     [01;31m[Kset_feedforward({0.0})[m[K;
[1.182s]       |     [01;31m[K~~~~~~~~~~~~~~~^~~~~~~[m[K
[1.182s] [01m[K/home/zain/Projects/MasterThesis/src/drone_controller_vrep/src/OIAC.cpp:9:20:[m[K [01;31m[Kerror: [m[Knarrowing conversion of â€˜[01m[K0.0[m[Kâ€™ from â€˜[01m[Kdouble[m[Kâ€™ to â€˜[01m[Kboost::numeric::ublas::vector<double>::size_type[m[Kâ€™ {aka â€˜[01m[Klong unsigned int[m[Kâ€™} [[01;31m[K]8;;https://gcc.gnu.org/onlinedocs/gcc/Warning-Options.html#index-Wnarrowing-Wnarrowing]8;;[m[K]
[1.183s] [01m[K/home/zain/Projects/MasterThesis/src/drone_controller_vrep/src/OIAC.cpp:[m[K In constructor â€˜[01m[KOIAC::OIAC(double, double, double, double, double)[m[Kâ€™:
[1.183s] [01m[K/home/zain/Projects/MasterThesis/src/drone_controller_vrep/src/OIAC.cpp:27:20:[m[K [01;31m[Kerror: [m[Kconverting to â€˜[01m[Kboost::numeric::ublas::vector<double>[m[Kâ€™ from initializer list would use explicit constructor â€˜[01m[Kboost::numeric::ublas::vector<T, A>::vector(boost::numeric::ublas::vector<T, A>::size_type) [with T = double; A = boost::numeric::ublas::unbounded_array<double, std::allocator<double> >; boost::numeric::ublas::vector<T, A>::size_type = long unsigned int][m[Kâ€™
[1.183s]    27 |     [01;31m[Kset_feedforward({0.0})[m[K;
[1.183s]       |     [01;31m[K~~~~~~~~~~~~~~~^~~~~~~[m[K
[1.183s] [01m[K/home/zain/Projects/MasterThesis/src/drone_controller_vrep/src/OIAC.cpp:27:20:[m[K [01;31m[Kerror: [m[Knarrowing conversion of â€˜[01m[K0.0[m[Kâ€™ from â€˜[01m[Kdouble[m[Kâ€™ to â€˜[01m[Kboost::numeric::ublas::vector<double>::size_type[m[Kâ€™ {aka â€˜[01m[Klong unsigned int[m[Kâ€™} [[01;31m[K]8;;https://gcc.gnu.org/onlinedocs/gcc/Warning-Options.html#index-Wnarrowing-Wnarrowing]8;;[m[K]
[1.274s] gmake[2]: *** [CMakeFiles/drone_feedback_controller_node.dir/build.make:90: CMakeFiles/drone_feedback_controller_node.dir/src/OIAC.cpp.o] Error 1
[1.274s] gmake[2]: *** Waiting for unfinished jobs....
[3.181s] In file included from [01m[K/home/zain/Projects/MasterThesis/src/drone_controller_vrep/src/drone_feedback_controller.cpp:1[m[K:
[3.181s] [01m[K/home/zain/Projects/MasterThesis/src/drone_controller_vrep/include/drone_controller_vrep/drone_feedback_controller.hpp:16:42:[m[K [01;31m[Kerror: [m[Kâ€˜[01m[KString[m[Kâ€™ in namespace â€˜[01m[Kstd_msgs::msg[m[Kâ€™ does not name a type
[3.181s]    16 |     void drone_pose(const std_msgs::msg::[01;31m[KString[m[K & msg) const;
[3.181s]       |                                          [01;31m[K^~~~~~[m[K
[3.280s] [01m[K/home/zain/Projects/MasterThesis/src/drone_controller_vrep/src/drone_feedback_controller.cpp:[m[K In constructor â€˜[01m[KDroneFeedbackController::DroneFeedbackController()[m[Kâ€™:
[3.280s] [01m[K/home/zain/Projects/MasterThesis/src/drone_controller_vrep/src/drone_feedback_controller.cpp:7:92:[m[K [01;31m[Kerror: [m[Kâ€˜[01m[K_1[m[Kâ€™ was not declared in this scope; did you mean â€˜[01m[Kstd::placeholders::_1[m[Kâ€™?
[3.280s]     7 |       "/Current_local_position", 10, std::bind(&DroneFeedbackController::drone_pose, this, [01;31m[K_1[m[K));
[3.280s]       |                                                                                            [01;31m[K^~[m[K
[3.280s]       |                                                                                            [32m[Kstd::placeholders::_1[m[K
[3.280s] In file included from [01m[K/opt/anaconda3/envs/MasterThesis/include/boost/system/detail/error_category.hpp:18[m[K,
[3.280s]                  from [01m[K/opt/anaconda3/envs/MasterThesis/include/boost/system/detail/error_code.hpp:14[m[K,
[3.280s]                  from [01m[K/opt/anaconda3/envs/MasterThesis/include/boost/system/error_code.hpp:13[m[K,
[3.280s]                  from [01m[K/opt/anaconda3/envs/MasterThesis/include/boost/chrono/detail/system.hpp:11[m[K,
[3.281s]                  from [01m[K/opt/anaconda3/envs/MasterThesis/include/boost/chrono/system_clocks.hpp:64[m[K,
[3.281s]                  from [01m[K/opt/anaconda3/envs/MasterThesis/include/boost/chrono/chrono.hpp:13[m[K,
[3.281s]                  from [01m[K/opt/anaconda3/envs/MasterThesis/include/boost/chrono/include.hpp:15[m[K,
[3.281s]                  from [01m[K/opt/anaconda3/envs/MasterThesis/include/boost/chrono.hpp:17[m[K,
[3.281s]                  from [01m[K/home/zain/Projects/MasterThesis/src/drone_controller_vrep/include/drone_controller_vrep/drone_feedback_controller.hpp:1[m[K,
[3.281s]                  from [01m[K/home/zain/Projects/MasterThesis/src/drone_controller_vrep/src/drone_feedback_controller.cpp:1[m[K:
[3.281s] [01m[K/usr/include/c++/11/functional:225:34:[m[K [01;36m[Knote: [m[Kâ€˜[01m[Kstd::placeholders::_1[m[Kâ€™ declared here
[3.281s]   225 |     extern const _Placeholder<1> [01;36m[K_1[m[K;
[3.281s]       |                                  [01;36m[K^~[m[K
[3.281s] [01m[K/home/zain/Projects/MasterThesis/src/drone_controller_vrep/src/drone_feedback_controller.cpp:9:76:[m[K [01;31m[Kerror: [m[Kâ€˜[01m[Kdrone_velocity[m[Kâ€™ is not a member of â€˜[01m[KDroneFeedbackController[m[Kâ€™
[3.281s]     9 |         "/Current_local_velocity", 10, std::bind(&DroneFeedbackController::[01;31m[Kdrone_velocity[m[K, this, _1));
[3.281s]       |                                                                            [01;31m[K^~~~~~~~~~~~~~[m[K
[3.281s] [01m[K/home/zain/Projects/MasterThesis/src/drone_controller_vrep/src/drone_feedback_controller.cpp:[m[K At global scope:
[3.281s] [01m[K/home/zain/Projects/MasterThesis/src/drone_controller_vrep/src/drone_feedback_controller.cpp:14:6:[m[K [01;31m[Kerror: [m[Kno declaration matches â€˜[01m[Kvoid DroneFeedbackController::drone_pose(const PoseStamped&) const[m[Kâ€™
[3.281s]    14 | void [01;31m[KDroneFeedbackController[m[K::drone_pose(const geometry_msgs::msg::PoseStamped & msg) const
[3.281s]       |      [01;31m[K^~~~~~~~~~~~~~~~~~~~~~~[m[K
[3.281s] In file included from [01m[K/home/zain/Projects/MasterThesis/src/drone_controller_vrep/src/drone_feedback_controller.cpp:1[m[K:
[3.281s] [01m[K/home/zain/Projects/MasterThesis/src/drone_controller_vrep/include/drone_controller_vrep/drone_feedback_controller.hpp:16:10:[m[K [01;36m[Knote: [m[Kcandidate is: â€˜[01m[Kvoid DroneFeedbackController::drone_pose(const int&) const[m[Kâ€™
[3.281s]    16 |     void [01;36m[Kdrone_pose[m[K(const std_msgs::msg::String & msg) const;
[3.282s]       |          [01;36m[K^~~~~~~~~~[m[K
[3.282s] [01m[K/home/zain/Projects/MasterThesis/src/drone_controller_vrep/include/drone_controller_vrep/drone_feedback_controller.hpp:10:7:[m[K [01;36m[Knote: [m[Kâ€˜[01m[Kclass DroneFeedbackController[m[Kâ€™ defined here
[3.282s]    10 | class [01;36m[KDroneFeedbackController[m[K : public rclcpp::Node
[3.282s]       |       [01;36m[K^~~~~~~~~~~~~~~~~~~~~~~[m[K
[3.918s] gmake[2]: *** [CMakeFiles/drone_feedback_controller_node.dir/build.make:76: CMakeFiles/drone_feedback_controller_node.dir/src/drone_feedback_controller.cpp.o] Error 1
[3.919s] gmake[1]: *** [CMakeFiles/Makefile2:137: CMakeFiles/drone_feedback_controller_node.dir/all] Error 2
[3.919s] gmake: *** [Makefile:146: all] Error 2
[3.922s] Invoked command in '/home/zain/Projects/MasterThesis/build/drone_controller_vrep' returned '2': CMAKE_PREFIX_PATH=/opt/ros/humble CONDA_PROMPT_MODIFIER=(MasterThesis) /usr/local/bin/cmake --build /home/zain/Projects/MasterThesis/build/drone_controller_vrep -- -j16 -l16
