[0.074s] Invoking command in '/home/zain/Projects/MasterThesis/build/drone_controller_vrep': CMAKE_PREFIX_PATH=/opt/ros/humble CONDA_PROMPT_MODIFIER=(MasterThesis) /usr/local/bin/cmake --build /home/zain/Projects/MasterThesis/build/drone_controller_vrep -- -j16 -l16
[0.118s] [ 50%] [32mBuilding CXX object CMakeFiles/controller.dir/src/drone_feedback_controller.cpp.o[0m
[0.130s] [01m[K/home/zain/Projects/MasterThesis/src/drone_controller_vrep/src/drone_feedback_controller.cpp:1:10:[m[K [01;31m[Kfatal error: [m[Kdrone_controller_vrep/drone_feedback_controller.hpp: No such file or directory
[0.130s]     1 | #include [01;31m[K"drone_controller_vrep/drone_feedback_controller.hpp"[m[K
[0.130s]       |          [01;31m[K^~~~~~~~~~~~~~~~~~~~~~~~~~~~~~~~~~~~~~~~~~~~~~~~~~~~~[m[K
[0.130s] compilation terminated.
[0.132s] gmake[2]: *** [CMakeFiles/controller.dir/build.make:76: CMakeFiles/controller.dir/src/drone_feedback_controller.cpp.o] Error 1
[0.132s] gmake[1]: *** [CMakeFiles/Makefile2:137: CMakeFiles/controller.dir/all] Error 2
[0.132s] gmake: *** [Makefile:146: all] Error 2
[0.136s] Invoked command in '/home/zain/Projects/MasterThesis/build/drone_controller_vrep' returned '2': CMAKE_PREFIX_PATH=/opt/ros/humble CONDA_PROMPT_MODIFIER=(MasterThesis) /usr/local/bin/cmake --build /home/zain/Projects/MasterThesis/build/drone_controller_vrep -- -j16 -l16
