[0.069s] Invoking command in '/home/zain/Projects/MasterThesis/build/drone_controller_vrep': CMAKE_PREFIX_PATH=/opt/ros/humble CONDA_PROMPT_MODIFIER=(MasterThesis) /usr/local/bin/cmake --build /home/zain/Projects/MasterThesis/build/drone_controller_vrep -- -j16 -l16
[0.086s] -- Found ament_cmake: 1.3.8 (/opt/ros/humble/share/ament_cmake/cmake)
[0.274s] -- Override CMake install command with custom implementation using symlinks instead of copying resources
[0.280s] -- Found rclcpp: 16.0.8 (/opt/ros/humble/share/rclcpp/cmake)
[0.312s] -- Found rosidl_generator_c: 3.1.5 (/opt/ros/humble/share/rosidl_generator_c/cmake)
[0.315s] -- Found rosidl_adapter: 3.1.5 (/opt/ros/humble/share/rosidl_adapter/cmake)
[0.322s] -- Found rosidl_generator_cpp: 3.1.5 (/opt/ros/humble/share/rosidl_generator_cpp/cmake)
[0.334s] -- Using all available rosidl_typesupport_c: rosidl_typesupport_fastrtps_c;rosidl_typesupport_introspection_c
[0.353s] -- Using all available rosidl_typesupport_cpp: rosidl_typesupport_fastrtps_cpp;rosidl_typesupport_introspection_cpp
[0.431s] -- Found rmw_implementation_cmake: 6.1.1 (/opt/ros/humble/share/rmw_implementation_cmake/cmake)
[0.432s] -- Found rmw_fastrtps_cpp: 6.2.6 (/opt/ros/humble/share/rmw_fastrtps_cpp/cmake)
[0.598s] -- Using RMW implementation 'rmw_fastrtps_cpp' as default
[0.810s] -- Found geometry_msgs: 4.2.3 (/opt/ros/humble/share/geometry_msgs/cmake)
[0.873s] -- Found ament_lint_auto: 0.12.10 (/opt/ros/humble/share/ament_lint_auto/cmake)
[1.023s] -- Added test 'cppcheck' to perform static code analysis on C / C++ code
[1.024s] -- Configured cppcheck include dirs: /home/zain/Projects/MasterThesis/src/drone_controller_vrep/include;/home/zain/Projects/MasterThesis/src/drone_controller_vrep/include/drone_controller_vrep
[1.024s] -- Configured cppcheck exclude dirs and/or files: 
[1.024s] -- Added test 'lint_cmake' to check CMake code style
[1.025s] -- Added test 'uncrustify' to check C / C++ code style
[1.025s] -- Configured uncrustify additional arguments: 
[1.026s] -- Added test 'xmllint' to check XML markup files
[1.027s] -- Configuring done (0.9s)
[1.044s] -- Generating done (0.0s)
[1.046s] -- Build files have been written to: /home/zain/Projects/MasterThesis/build/drone_controller_vrep
[1.082s] [ 66%] [32mBuilding CXX object CMakeFiles/drone_feedback_controller_node.dir/src/OIAC.cpp.o[0m
[1.083s] [ 66%] [32mBuilding CXX object CMakeFiles/drone_feedback_controller_node.dir/src/drone_feedback_controller.cpp.o[0m
[1.092s] In file included from [01m[K/home/zain/Projects/MasterThesis/src/drone_controller_vrep/src/drone_feedback_controller.cpp:1[m[K:
[1.092s] [01m[K/home/zain/Projects/MasterThesis/src/drone_controller_vrep/include/drone_controller_vrep/drone_feedback_controller.hpp:1:10:[m[K [01;31m[Kfatal error: [m[Kboost/chrono: No such file or directory
[1.092s]     1 | #include [01;31m[K<boost/chrono>[m[K
[1.092s]       |          [01;31m[K^~~~~~~~~~~~~~[m[K
[1.092s] compilation terminated.
[1.092s] gmake[2]: *** [CMakeFiles/drone_feedback_controller_node.dir/build.make:76: CMakeFiles/drone_feedback_controller_node.dir/src/drone_feedback_controller.cpp.o] Error 1
[1.093s] gmake[2]: *** Waiting for unfinished jobs....
[2.171s] In file included from [01m[K/home/zain/Projects/MasterThesis/src/drone_controller_vrep/src/OIAC.cpp:1[m[K:
[2.172s] [01m[K/home/zain/Projects/MasterThesis/src/drone_controller_vrep/include/drone_controller_vrep/OIAC.hpp:30:54:[m[K [01;31m[Kerror: [m[Kexpected â€˜[01m[K;[m[Kâ€™ at end of member declaration
[2.172s]    30 |         void set_lower_and_upper_bound(double, double[01;31m[K)[m[K
[2.172s]       |                                                      [01;31m[K^[m[K
[2.172s]       |                                                       [32m[K;[m[K
[2.172s] [01m[K/home/zain/Projects/MasterThesis/src/drone_controller_vrep/src/OIAC.cpp:[m[K In constructor â€˜[01m[KOIAC::OIAC(double, double, double)[m[Kâ€™:
[2.172s] [01m[K/home/zain/Projects/MasterThesis/src/drone_controller_vrep/src/OIAC.cpp:9:21:[m[K [01;31m[Kerror: [m[Kcannot convert â€˜[01m[Kdouble[m[Kâ€™ to â€˜[01m[Kboost::numeric::ublas::vector<double>[m[Kâ€™
[2.172s]     9 |     set_feedforward([01;31m[K0.0[m[K);
[2.172s]       |                     [01;31m[K^~~[m[K
[2.172s]       |                     [01;31m[K|[m[K
[2.172s]       |                     [01;31m[Kdouble[m[K
[2.172s] In file included from [01m[K/home/zain/Projects/MasterThesis/src/drone_controller_vrep/src/OIAC.cpp:1[m[K:
[2.173s] [01m[K/home/zain/Projects/MasterThesis/src/drone_controller_vrep/include/drone_controller_vrep/OIAC.hpp:29:30:[m[K [01;36m[Knote: [m[K  initializing argument 1 of â€˜[01m[Kvoid OIAC::set_feedforward(boost::numeric::ublas::vector<double>)[m[Kâ€™
[2.173s]    29 |         void set_feedforward([01;36m[Kublas::vector<double>[m[K);
[2.173s]       |                              [01;36m[K^~~~~~~~~~~~~~~~~~~~~[m[K
[2.180s] [01m[K/home/zain/Projects/MasterThesis/src/drone_controller_vrep/src/OIAC.cpp:[m[K In constructor â€˜[01m[KOIAC::OIAC(double, double, double, double, double)[m[Kâ€™:
[2.181s] [01m[K/home/zain/Projects/MasterThesis/src/drone_controller_vrep/src/OIAC.cpp:27:21:[m[K [01;31m[Kerror: [m[Kâ€˜[01m[Kfeedforward[m[Kâ€™ was not declared in this scope; did you mean â€˜[01m[K_feedforward[m[Kâ€™?
[2.181s]    27 |     set_feedforward([01;31m[Kfeedforward[m[K);
[2.181s]       |                     [01;31m[K^~~~~~~~~~~[m[K
[2.181s]       |                     [32m[K_feedforward[m[K
[2.185s] [01m[K/home/zain/Projects/MasterThesis/src/drone_controller_vrep/src/OIAC.cpp:[m[K In member function â€˜[01m[Kboost::numeric::ublas::vector<double> OIAC::calculate_gamma(boost::numeric::ublas::vector<double>)[m[Kâ€™:
[2.185s] [01m[K/home/zain/Projects/MasterThesis/src/drone_controller_vrep/src/OIAC.cpp:63:35:[m[K [01;31m[Kerror: [m[Kno matching function for call to â€˜[01m[Kpow(boost::numeric::ublas::vector_scalar_unary_traits<boost::numeric::ublas::vector<double>, boost::numeric::ublas::vector_norm_2<boost::numeric::ublas::vector<double> > >::result_type)[m[Kâ€™
[2.185s]    63 |     return _a / (1 + _b * [01;31m[Kstd::pow(ublas::norm_2(epsilon))[m[K, 2));
[2.185s]       |                           [01;31m[K~~~~~~~~^~~~~~~~~~~~~~~~~~~~~~~~[m[K
[2.185s] In file included from [01m[K/usr/include/c++/11/complex:44[m[K,
[2.185s]                  from [01m[K/opt/anaconda3/envs/MasterThesis/include/boost/numeric/ublas/traits.hpp:17[m[K,
[2.185s]                  from [01m[K/opt/anaconda3/envs/MasterThesis/include/boost/numeric/ublas/storage.hpp:27[m[K,
[2.186s]                  from [01m[K/opt/anaconda3/envs/MasterThesis/include/boost/numeric/ublas/vector.hpp:21[m[K,
[2.186s]                  from [01m[K/home/zain/Projects/MasterThesis/src/drone_controller_vrep/include/drone_controller_vrep/OIAC.hpp:2[m[K,
[2.186s]                  from [01m[K/home/zain/Projects/MasterThesis/src/drone_controller_vrep/src/OIAC.cpp:1[m[K:
[2.186s] [01m[K/usr/include/c++/11/cmath:415:5:[m[K [01;36m[Knote: [m[Kcandidate: â€˜[01m[Ktemplate<class _Tp, class _Up> constexpr typename __gnu_cxx::__promote_2<_Tp, _Up>::__type std::pow(_Tp, _Up)[m[Kâ€™
[2.186s]   415 |     [01;36m[Kpow[m[K(_Tp __x, _Up __y)
[2.186s]       |     [01;36m[K^~~[m[K
[2.186s] [01m[K/usr/include/c++/11/cmath:415:5:[m[K [01;36m[Knote: [m[K  template argument deduction/substitution failed:
[2.186s] [01m[K/home/zain/Projects/MasterThesis/src/drone_controller_vrep/src/OIAC.cpp:63:35:[m[K [01;36m[Knote: [m[K  candidate expects 2 arguments, 1 provided
[2.186s]    63 |     return _a / (1 + _b * [01;36m[Kstd::pow(ublas::norm_2(epsilon))[m[K, 2));
[2.186s]       |                           [01;36m[K~~~~~~~~^~~~~~~~~~~~~~~~~~~~~~~~[m[K
[2.186s] In file included from [01m[K/opt/anaconda3/envs/MasterThesis/include/boost/numeric/ublas/traits.hpp:17[m[K,
[2.186s]                  from [01m[K/opt/anaconda3/envs/MasterThesis/include/boost/numeric/ublas/storage.hpp:27[m[K,
[2.187s]                  from [01m[K/opt/anaconda3/envs/MasterThesis/include/boost/numeric/ublas/vector.hpp:21[m[K,
[2.187s]                  from [01m[K/home/zain/Projects/MasterThesis/src/drone_controller_vrep/include/drone_controller_vrep/OIAC.hpp:2[m[K,
[2.187s]                  from [01m[K/home/zain/Projects/MasterThesis/src/drone_controller_vrep/src/OIAC.cpp:1[m[K:
[2.187s] [01m[K/usr/include/c++/11/complex:1019:5:[m[K [01;36m[Knote: [m[Kcandidate: â€˜[01m[Ktemplate<class _Tp> std::complex<_Tp> std::pow(const std::complex<_Tp>&, int)[m[Kâ€™
[2.188s]  1019 |     [01;36m[Kpow[m[K(const complex<_Tp>& __z, int __n)
[2.188s]       |     [01;36m[K^~~[m[K
[2.188s] [01m[K/usr/include/c++/11/complex:1019:5:[m[K [01;36m[Knote: [m[K  template argument deduction/substitution failed:
[2.188s] [01m[K/home/zain/Projects/MasterThesis/src/drone_controller_vrep/src/OIAC.cpp:63:35:[m[K [01;36m[Knote: [m[K  mismatched types â€˜[01m[Kconst std::complex<_Tp>[m[Kâ€™ and â€˜[01m[Kboost::numeric::ublas::vector_scalar_unary_traits<boost::numeric::ublas::vector<double>, boost::numeric::ublas::vector_norm_2<boost::numeric::ublas::vector<double> > >::result_type[m[Kâ€™ {aka â€˜[01m[Kdouble[m[Kâ€™}
[2.188s]    63 |     return _a / (1 + _b * [01;36m[Kstd::pow(ublas::norm_2(epsilon))[m[K, 2));
[2.188s]       |                           [01;36m[K~~~~~~~~^~~~~~~~~~~~~~~~~~~~~~~~[m[K
[2.188s] In file included from [01m[K/opt/anaconda3/envs/MasterThesis/include/boost/numeric/ublas/traits.hpp:17[m[K,
[2.188s]                  from [01m[K/opt/anaconda3/envs/MasterThesis/include/boost/numeric/ublas/storage.hpp:27[m[K,
[2.188s]                  from [01m[K/opt/anaconda3/envs/MasterThesis/include/boost/numeric/ublas/vector.hpp:21[m[K,
[2.189s]                  from [01m[K/home/zain/Projects/MasterThesis/src/drone_controller_vrep/include/drone_controller_vrep/OIAC.hpp:2[m[K,
[2.189s]                  from [01m[K/home/zain/Projects/MasterThesis/src/drone_controller_vrep/src/OIAC.cpp:1[m[K:
[2.189s] [01m[K/usr/include/c++/11/complex:1028:5:[m[K [01;36m[Knote: [m[Kcandidate: â€˜[01m[Ktemplate<class _Tp> std::complex<_Tp> std::pow(const std::complex<_Tp>&, const _Tp&)[m[Kâ€™
[2.189s]  1028 |     [01;36m[Kpow[m[K(const complex<_Tp>& __x, const _Tp& __y)
[2.189s]       |     [01;36m[K^~~[m[K
[2.190s] [01m[K/usr/include/c++/11/complex:1028:5:[m[K [01;36m[Knote: [m[K  template argument deduction/substitution failed:
[2.190s] [01m[K/home/zain/Projects/MasterThesis/src/drone_controller_vrep/src/OIAC.cpp:63:35:[m[K [01;36m[Knote: [m[K  mismatched types â€˜[01m[Kconst std::complex<_Tp>[m[Kâ€™ and â€˜[01m[Kboost::numeric::ublas::vector_scalar_unary_traits<boost::numeric::ublas::vector<double>, boost::numeric::ublas::vector_norm_2<boost::numeric::ublas::vector<double> > >::result_type[m[Kâ€™ {aka â€˜[01m[Kdouble[m[Kâ€™}
[2.190s]    63 |     return _a / (1 + _b * [01;36m[Kstd::pow(ublas::norm_2(epsilon))[m[K, 2));
[2.190s]       |                           [01;36m[K~~~~~~~~^~~~~~~~~~~~~~~~~~~~~~~~[m[K
[2.190s] In file included from [01m[K/opt/anaconda3/envs/MasterThesis/include/boost/numeric/ublas/traits.hpp:17[m[K,
[2.190s]                  from [01m[K/opt/anaconda3/envs/MasterThesis/include/boost/numeric/ublas/storage.hpp:27[m[K,
[2.190s]                  from [01m[K/opt/anaconda3/envs/MasterThesis/include/boost/numeric/ublas/vector.hpp:21[m[K,
[2.190s]                  from [01m[K/home/zain/Projects/MasterThesis/src/drone_controller_vrep/include/drone_controller_vrep/OIAC.hpp:2[m[K,
[2.190s]                  from [01m[K/home/zain/Projects/MasterThesis/src/drone_controller_vrep/src/OIAC.cpp:1[m[K:
[2.190s] [01m[K/usr/include/c++/11/complex:1062:5:[m[K [01;36m[Knote: [m[Kcandidate: â€˜[01m[Ktemplate<class _Tp> std::complex<_Tp> std::pow(const std::complex<_Tp>&, const std::complex<_Tp>&)[m[Kâ€™
[2.190s]  1062 |     [01;36m[Kpow[m[K(const complex<_Tp>& __x, const complex<_Tp>& __y)
[2.190s]       |     [01;36m[K^~~[m[K
[2.190s] [01m[K/usr/include/c++/11/complex:1062:5:[m[K [01;36m[Knote: [m[K  template argument deduction/substitution failed:
[2.190s] [01m[K/home/zain/Projects/MasterThesis/src/drone_controller_vrep/src/OIAC.cpp:63:35:[m[K [01;36m[Knote: [m[K  mismatched types â€˜[01m[Kconst std::complex<_Tp>[m[Kâ€™ and â€˜[01m[Kboost::numeric::ublas::vector_scalar_unary_traits<boost::numeric::ublas::vector<double>, boost::numeric::ublas::vector_norm_2<boost::numeric::ublas::vector<double> > >::result_type[m[Kâ€™ {aka â€˜[01m[Kdouble[m[Kâ€™}
[2.190s]    63 |     return _a / (1 + _b * [01;36m[Kstd::pow(ublas::norm_2(epsilon))[m[K, 2));
[2.190s]       |                           [01;36m[K~~~~~~~~^~~~~~~~~~~~~~~~~~~~~~~~[m[K
[2.190s] In file included from [01m[K/opt/anaconda3/envs/MasterThesis/include/boost/numeric/ublas/traits.hpp:17[m[K,
[2.191s]                  from [01m[K/opt/anaconda3/envs/MasterThesis/include/boost/numeric/ublas/storage.hpp:27[m[K,
[2.191s]                  from [01m[K/opt/anaconda3/envs/MasterThesis/include/boost/numeric/ublas/vector.hpp:21[m[K,
[2.191s]                  from [01m[K/home/zain/Projects/MasterThesis/src/drone_controller_vrep/include/drone_controller_vrep/OIAC.hpp:2[m[K,
[2.191s]                  from [01m[K/home/zain/Projects/MasterThesis/src/drone_controller_vrep/src/OIAC.cpp:1[m[K:
[2.191s] [01m[K/usr/include/c++/11/complex:1073:5:[m[K [01;36m[Knote: [m[Kcandidate: â€˜[01m[Ktemplate<class _Tp> std::complex<_Tp> std::pow(const _Tp&, const std::complex<_Tp>&)[m[Kâ€™
[2.191s]  1073 |     [01;36m[Kpow[m[K(const _Tp& __x, const complex<_Tp>& __y)
[2.191s]       |     [01;36m[K^~~[m[K
[2.191s] [01m[K/usr/include/c++/11/complex:1073:5:[m[K [01;36m[Knote: [m[K  template argument deduction/substitution failed:
[2.191s] [01m[K/home/zain/Projects/MasterThesis/src/drone_controller_vrep/src/OIAC.cpp:63:35:[m[K [01;36m[Knote: [m[K  candidate expects 2 arguments, 1 provided
[2.191s]    63 |     return _a / (1 + _b * [01;36m[Kstd::pow(ublas::norm_2(epsilon))[m[K, 2));
[2.191s]       |                           [01;36m[K~~~~~~~~^~~~~~~~~~~~~~~~~~~~~~~~[m[K
[2.191s] In file included from [01m[K/opt/anaconda3/envs/MasterThesis/include/boost/numeric/ublas/traits.hpp:17[m[K,
[2.191s]                  from [01m[K/opt/anaconda3/envs/MasterThesis/include/boost/numeric/ublas/storage.hpp:27[m[K,
[2.191s]                  from [01m[K/opt/anaconda3/envs/MasterThesis/include/boost/numeric/ublas/vector.hpp:21[m[K,
[2.191s]                  from [01m[K/home/zain/Projects/MasterThesis/src/drone_controller_vrep/include/drone_controller_vrep/OIAC.hpp:2[m[K,
[2.191s]                  from [01m[K/home/zain/Projects/MasterThesis/src/drone_controller_vrep/src/OIAC.cpp:1[m[K:
[2.191s] [01m[K/usr/include/c++/11/complex:1883:5:[m[K [01;36m[Knote: [m[Kcandidate: â€˜[01m[Ktemplate<class _Tp, class _Up> std::complex<typename __gnu_cxx::__promote_2<_Tp, _Up>::__type> std::pow(const std::complex<_Tp>&, const _Up&)[m[Kâ€™
[2.192s]  1883 |     [01;36m[Kpow[m[K(const std::complex<_Tp>& __x, const _Up& __y)
[2.192s]       |     [01;36m[K^~~[m[K
[2.192s] [01m[K/usr/include/c++/11/complex:1883:5:[m[K [01;36m[Knote: [m[K  template argument deduction/substitution failed:
[2.192s] [01m[K/home/zain/Projects/MasterThesis/src/drone_controller_vrep/src/OIAC.cpp:63:35:[m[K [01;36m[Knote: [m[K  mismatched types â€˜[01m[Kconst std::complex<_Tp>[m[Kâ€™ and â€˜[01m[Kboost::numeric::ublas::vector_scalar_unary_traits<boost::numeric::ublas::vector<double>, boost::numeric::ublas::vector_norm_2<boost::numeric::ublas::vector<double> > >::result_type[m[Kâ€™ {aka â€˜[01m[Kdouble[m[Kâ€™}
[2.192s]    63 |     return _a / (1 + _b * [01;36m[Kstd::pow(ublas::norm_2(epsilon))[m[K, 2));
[2.192s]       |                           [01;36m[K~~~~~~~~^~~~~~~~~~~~~~~~~~~~~~~~[m[K
[2.192s] In file included from [01m[K/opt/anaconda3/envs/MasterThesis/include/boost/numeric/ublas/traits.hpp:17[m[K,
[2.192s]                  from [01m[K/opt/anaconda3/envs/MasterThesis/include/boost/numeric/ublas/storage.hpp:27[m[K,
[2.192s]                  from [01m[K/opt/anaconda3/envs/MasterThesis/include/boost/numeric/ublas/vector.hpp:21[m[K,
[2.192s]                  from [01m[K/home/zain/Projects/MasterThesis/src/drone_controller_vrep/include/drone_controller_vrep/OIAC.hpp:2[m[K,
[2.192s]                  from [01m[K/home/zain/Projects/MasterThesis/src/drone_controller_vrep/src/OIAC.cpp:1[m[K:
[2.192s] [01m[K/usr/include/c++/11/complex:1891:5:[m[K [01;36m[Knote: [m[Kcandidate: â€˜[01m[Ktemplate<class _Tp, class _Up> std::complex<typename __gnu_cxx::__promote_2<_Tp, _Up>::__type> std::pow(const _Tp&, const std::complex<_Up>&)[m[Kâ€™
[2.192s]  1891 |     [01;36m[Kpow[m[K(const _Tp& __x, const std::complex<_Up>& __y)
[2.192s]       |     [01;36m[K^~~[m[K
[2.192s] [01m[K/usr/include/c++/11/complex:1891:5:[m[K [01;36m[Knote: [m[K  template argument deduction/substitution failed:
[2.192s] [01m[K/home/zain/Projects/MasterThesis/src/drone_controller_vrep/src/OIAC.cpp:63:35:[m[K [01;36m[Knote: [m[K  candidate expects 2 arguments, 1 provided
[2.192s]    63 |     return _a / (1 + _b * [01;36m[Kstd::pow(ublas::norm_2(epsilon))[m[K, 2));
[2.192s]       |                           [01;36m[K~~~~~~~~^~~~~~~~~~~~~~~~~~~~~~~~[m[K
[2.193s] In file included from [01m[K/opt/anaconda3/envs/MasterThesis/include/boost/numeric/ublas/traits.hpp:17[m[K,
[2.193s]                  from [01m[K/opt/anaconda3/envs/MasterThesis/include/boost/numeric/ublas/storage.hpp:27[m[K,
[2.193s]                  from [01m[K/opt/anaconda3/envs/MasterThesis/include/boost/numeric/ublas/vector.hpp:21[m[K,
[2.193s]                  from [01m[K/home/zain/Projects/MasterThesis/src/drone_controller_vrep/include/drone_controller_vrep/OIAC.hpp:2[m[K,
[2.193s]                  from [01m[K/home/zain/Projects/MasterThesis/src/drone_controller_vrep/src/OIAC.cpp:1[m[K:
[2.193s] [01m[K/usr/include/c++/11/complex:1899:5:[m[K [01;36m[Knote: [m[Kcandidate: â€˜[01m[Ktemplate<class _Tp, class _Up> std::complex<typename __gnu_cxx::__promote_2<_Tp, _Up>::__type> std::pow(const std::complex<_Tp>&, const std::complex<_Up>&)[m[Kâ€™
[2.193s]  1899 |     [01;36m[Kpow[m[K(const std::complex<_Tp>& __x, const std::complex<_Up>& __y)
[2.193s]       |     [01;36m[K^~~[m[K
[2.193s] [01m[K/usr/include/c++/11/complex:1899:5:[m[K [01;36m[Knote: [m[K  template argument deduction/substitution failed:
[2.193s] [01m[K/home/zain/Projects/MasterThesis/src/drone_controller_vrep/src/OIAC.cpp:63:35:[m[K [01;36m[Knote: [m[K  mismatched types â€˜[01m[Kconst std::complex<_Tp>[m[Kâ€™ and â€˜[01m[Kboost::numeric::ublas::vector_scalar_unary_traits<boost::numeric::ublas::vector<double>, boost::numeric::ublas::vector_norm_2<boost::numeric::ublas::vector<double> > >::result_type[m[Kâ€™ {aka â€˜[01m[Kdouble[m[Kâ€™}
[2.193s]    63 |     return _a / (1 + _b * [01;36m[Kstd::pow(ublas::norm_2(epsilon))[m[K, 2));
[2.193s]       |                           [01;36m[K~~~~~~~~^~~~~~~~~~~~~~~~~~~~~~~~[m[K
[2.193s] In file included from [01m[K/usr/include/features.h:486[m[K,
[2.193s]                  from [01m[K/usr/include/x86_64-linux-gnu/c++/11/bits/os_defines.h:39[m[K,
[2.193s]                  from [01m[K/usr/include/x86_64-linux-gnu/c++/11/bits/c++config.h:586[m[K,
[2.193s]                  from [01m[K/usr/include/c++/11/cstddef:49[m[K,
[2.194s]                  from [01m[K/opt/anaconda3/envs/MasterThesis/include/boost/config/compiler/gcc.hpp:165[m[K,
[2.194s]                  from [01m[K/opt/anaconda3/envs/MasterThesis/include/boost/config.hpp:39[m[K,
[2.194s]                  from [01m[K/opt/anaconda3/envs/MasterThesis/include/boost/numeric/ublas/vector.hpp:20[m[K,
[2.194s]                  from [01m[K/home/zain/Projects/MasterThesis/src/drone_controller_vrep/include/drone_controller_vrep/OIAC.hpp:2[m[K,
[2.194s]                  from [01m[K/home/zain/Projects/MasterThesis/src/drone_controller_vrep/src/OIAC.cpp:1[m[K:
[2.194s] [01m[K/usr/include/x86_64-linux-gnu/bits/mathcalls.h:140:1:[m[K [01;36m[Knote: [m[Kcandidate: â€˜[01m[Kdouble pow(double, double)[m[Kâ€™
[2.194s]   140 | [01;36m[K__MATHCALL_VEC[m[K (pow,, (_Mdouble_ __x, _Mdouble_ __y));
[2.194s]       | [01;36m[K^~~~~~~~~~~~~~[m[K
[2.194s] [01m[K/usr/include/x86_64-linux-gnu/bits/mathcalls.h:140:1:[m[K [01;36m[Knote: [m[K  candidate expects 2 arguments, 1 provided
[2.194s] In file included from [01m[K/usr/include/c++/11/complex:44[m[K,
[2.194s]                  from [01m[K/opt/anaconda3/envs/MasterThesis/include/boost/numeric/ublas/traits.hpp:17[m[K,
[2.194s]                  from [01m[K/opt/anaconda3/envs/MasterThesis/include/boost/numeric/ublas/storage.hpp:27[m[K,
[2.194s]                  from [01m[K/opt/anaconda3/envs/MasterThesis/include/boost/numeric/ublas/vector.hpp:21[m[K,
[2.194s]                  from [01m[K/home/zain/Projects/MasterThesis/src/drone_controller_vrep/include/drone_controller_vrep/OIAC.hpp:2[m[K,
[2.194s]                  from [01m[K/home/zain/Projects/MasterThesis/src/drone_controller_vrep/src/OIAC.cpp:1[m[K:
[2.194s] [01m[K/usr/include/c++/11/cmath:388:3:[m[K [01;36m[Knote: [m[Kcandidate: â€˜[01m[Kconstexpr float std::pow(float, float)[m[Kâ€™
[2.194s]   388 |   [01;36m[Kpow[m[K(float __x, float __y)
[2.194s]       |   [01;36m[K^~~[m[K
[2.195s] [01m[K/usr/include/c++/11/cmath:388:3:[m[K [01;36m[Knote: [m[K  candidate expects 2 arguments, 1 provided
[2.195s] [01m[K/usr/include/c++/11/cmath:392:3:[m[K [01;36m[Knote: [m[Kcandidate: â€˜[01m[Kconstexpr long double std::pow(long double, long double)[m[Kâ€™
[2.195s]   392 |   [01;36m[Kpow[m[K(long double __x, long double __y)
[2.195s]       |   [01;36m[K^~~[m[K
[2.195s] [01m[K/usr/include/c++/11/cmath:392:3:[m[K [01;36m[Knote: [m[K  candidate expects 2 arguments, 1 provided
[2.195s] [01m[K/home/zain/Projects/MasterThesis/src/drone_controller_vrep/src/OIAC.cpp:63:63:[m[K [01;31m[Kerror: [m[Kexpected â€˜[01m[K;[m[Kâ€™ before â€˜[01m[K)[m[Kâ€™ token
[2.195s]    63 |     return _a / (1 + _b * std::pow(ublas::norm_2(epsilon)), 2)[01;31m[K)[m[K;
[2.195s]       |                                                               [01;31m[K^[m[K
[2.195s]       |                                                               [32m[K;[m[K
[2.195s] [01m[K/home/zain/Projects/MasterThesis/src/drone_controller_vrep/src/OIAC.cpp:63:63:[m[K [01;31m[Kerror: [m[Kexpected primary-expression before â€˜[01m[K)[m[Kâ€™ token
[2.195s] [01m[K/home/zain/Projects/MasterThesis/src/drone_controller_vrep/src/OIAC.cpp:[m[K In member function â€˜[01m[Kboost::numeric::ublas::vector<double> OIAC::calculate_F(boost::numeric::ublas::vector<double>, boost::numeric::ublas::vector<double>)[m[Kâ€™:
[2.195s] [01m[K/home/zain/Projects/MasterThesis/src/drone_controller_vrep/src/OIAC.cpp:67:20:[m[K [01;31m[Kerror: [m[Kno match for â€˜[01m[Koperator/[m[Kâ€™ (operand types are â€˜[01m[Kboost::numeric::ublas::vector<double>[m[Kâ€™ and â€˜[01m[Kboost::numeric::ublas::vector<double>[m[Kâ€™)
[2.195s]    67 |     return [32m[Kepsilon[m[K [01;31m[K/[m[K [34m[Kgamma[m[K;
[2.195s]       |            [32m[K~~~~~~~[m[K [01;31m[K^[m[K [34m[K~~~~~[m[K
[2.195s]       |            [32m[K|[m[K         [34m[K|[m[K
[2.195s]       |            [32m[K|[m[K         [34m[Kvector<[...]>[m[K
[2.195s]       |            [32m[Kvector<[...]>[m[K
[2.196s] In file included from [01m[K/opt/anaconda3/envs/MasterThesis/include/boost/numeric/ublas/traits.hpp:17[m[K,
[2.196s]                  from [01m[K/opt/anaconda3/envs/MasterThesis/include/boost/numeric/ublas/storage.hpp:27[m[K,
[2.196s]                  from [01m[K/opt/anaconda3/envs/MasterThesis/include/boost/numeric/ublas/vector.hpp:21[m[K,
[2.196s]                  from [01m[K/home/zain/Projects/MasterThesis/src/drone_controller_vrep/include/drone_controller_vrep/OIAC.hpp:2[m[K,
[2.196s]                  from [01m[K/home/zain/Projects/MasterThesis/src/drone_controller_vrep/src/OIAC.cpp:1[m[K:
[2.196s] [01m[K/usr/include/c++/11/complex:422:5:[m[K [01;36m[Knote: [m[Kcandidate: â€˜[01m[Ktemplate<class _Tp> std::complex<_Tp> std::operator/(const std::complex<_Tp>&, const std::complex<_Tp>&)[m[Kâ€™
[2.196s]   422 |     [01;36m[Koperator[m[K/(const complex<_Tp>& __x, const complex<_Tp>& __y)
[2.196s]       |     [01;36m[K^~~~~~~~[m[K
[2.196s] [01m[K/usr/include/c++/11/complex:422:5:[m[K [01;36m[Knote: [m[K  template argument deduction/substitution failed:
[2.196s] [01m[K/home/zain/Projects/MasterThesis/src/drone_controller_vrep/src/OIAC.cpp:67:22:[m[K [01;36m[Knote: [m[K  â€˜[01m[Kboost::numeric::ublas::vector<double>[m[Kâ€™ is not derived from â€˜[01m[Kconst std::complex<_Tp>[m[Kâ€™
[2.196s]    67 |     return epsilon / [01;36m[Kgamma[m[K;
[2.196s]       |                      [01;36m[K^~~~~[m[K
[2.196s] In file included from [01m[K/opt/anaconda3/envs/MasterThesis/include/boost/numeric/ublas/traits.hpp:17[m[K,
[2.196s]                  from [01m[K/opt/anaconda3/envs/MasterThesis/include/boost/numeric/ublas/storage.hpp:27[m[K,
[2.197s]                  from [01m[K/opt/anaconda3/envs/MasterThesis/include/boost/numeric/ublas/vector.hpp:21[m[K,
[2.197s]                  from [01m[K/home/zain/Projects/MasterThesis/src/drone_controller_vrep/include/drone_controller_vrep/OIAC.hpp:2[m[K,
[2.197s]                  from [01m[K/home/zain/Projects/MasterThesis/src/drone_controller_vrep/src/OIAC.cpp:1[m[K:
[2.197s] [01m[K/usr/include/c++/11/complex:431:5:[m[K [01;36m[Knote: [m[Kcandidate: â€˜[01m[Ktemplate<class _Tp> std::complex<_Tp> std::operator/(const std::complex<_Tp>&, const _Tp&)[m[Kâ€™
[2.197s]   431 |     [01;36m[Koperator[m[K/(const complex<_Tp>& __x, const _Tp& __y)
[2.197s]       |     [01;36m[K^~~~~~~~[m[K
[2.197s] [01m[K/usr/include/c++/11/complex:431:5:[m[K [01;36m[Knote: [m[K  template argument deduction/substitution failed:
[2.197s] [01m[K/home/zain/Projects/MasterThesis/src/drone_controller_vrep/src/OIAC.cpp:67:22:[m[K [01;36m[Knote: [m[K  â€˜[01m[Kboost::numeric::ublas::vector<double>[m[Kâ€™ is not derived from â€˜[01m[Kconst std::complex<_Tp>[m[Kâ€™
[2.197s]    67 |     return epsilon / [01;36m[Kgamma[m[K;
[2.197s]       |                      [01;36m[K^~~~~[m[K
[2.197s] In file included from [01m[K/opt/anaconda3/envs/MasterThesis/include/boost/numeric/ublas/traits.hpp:17[m[K,
[2.197s]                  from [01m[K/opt/anaconda3/envs/MasterThesis/include/boost/numeric/ublas/storage.hpp:27[m[K,
[2.197s]                  from [01m[K/opt/anaconda3/envs/MasterThesis/include/boost/numeric/ublas/vector.hpp:21[m[K,
[2.197s]                  from [01m[K/home/zain/Projects/MasterThesis/src/drone_controller_vrep/include/drone_controller_vrep/OIAC.hpp:2[m[K,
[2.197s]                  from [01m[K/home/zain/Projects/MasterThesis/src/drone_controller_vrep/src/OIAC.cpp:1[m[K:
[2.197s] [01m[K/usr/include/c++/11/complex:440:5:[m[K [01;36m[Knote: [m[Kcandidate: â€˜[01m[Ktemplate<class _Tp> std::complex<_Tp> std::operator/(const _Tp&, const std::complex<_Tp>&)[m[Kâ€™
[2.198s]   440 |     [01;36m[Koperator[m[K/(const _Tp& __x, const complex<_Tp>& __y)
[2.198s]       |     [01;36m[K^~~~~~~~[m[K
[2.198s] [01m[K/usr/include/c++/11/complex:440:5:[m[K [01;36m[Knote: [m[K  template argument deduction/substitution failed:
[2.198s] [01m[K/home/zain/Projects/MasterThesis/src/drone_controller_vrep/src/OIAC.cpp:67:22:[m[K [01;36m[Knote: [m[K  â€˜[01m[Kboost::numeric::ublas::vector<double>[m[Kâ€™ is not derived from â€˜[01m[Kconst std::complex<_Tp>[m[Kâ€™
[2.198s]    67 |     return epsilon / [01;36m[Kgamma[m[K;
[2.198s]       |                      [01;36m[K^~~~~[m[K
[2.198s] In file included from [01m[K/opt/anaconda3/envs/MasterThesis/include/boost/numeric/ublas/storage.hpp:27[m[K,
[2.198s]                  from [01m[K/opt/anaconda3/envs/MasterThesis/include/boost/numeric/ublas/vector.hpp:21[m[K,
[2.198s]                  from [01m[K/home/zain/Projects/MasterThesis/src/drone_controller_vrep/include/drone_controller_vrep/OIAC.hpp:2[m[K,
[2.198s]                  from [01m[K/home/zain/Projects/MasterThesis/src/drone_controller_vrep/src/OIAC.cpp:1[m[K:
[2.198s] [01m[K/opt/anaconda3/envs/MasterThesis/include/boost/numeric/ublas/traits.hpp:137:38:[m[K [01;36m[Knote: [m[Kcandidate: â€˜[01m[Ktemplate<class R, class I> typename boost::enable_if<boost::mpl::and_<boost::is_float<R>, boost::is_integral<I> >, std::complex<_Tp> >::type boost::numeric::ublas::operator/(I, const std::complex<_Tp>&)[m[Kâ€™
[2.198s]   137 |       std::complex<R> >::type inline [01;36m[Koperator[m[K/ (I in1, std::complex<R> const& in2) {
[2.198s]       |                                      [01;36m[K^~~~~~~~[m[K
[2.198s] [01m[K/opt/anaconda3/envs/MasterThesis/include/boost/numeric/ublas/traits.hpp:137:38:[m[K [01;36m[Knote: [m[K  template argument deduction/substitution failed:
[2.198s] [01m[K/home/zain/Projects/MasterThesis/src/drone_controller_vrep/src/OIAC.cpp:67:22:[m[K [01;36m[Knote: [m[K  â€˜[01m[Kboost::numeric::ublas::vector<double>[m[Kâ€™ is not derived from â€˜[01m[Kconst std::complex<_Tp>[m[Kâ€™
[2.198s]    67 |     return epsilon / [01;36m[Kgamma[m[K;
[2.199s]       |                      [01;36m[K^~~~~[m[K
[2.199s] In file included from [01m[K/opt/anaconda3/envs/MasterThesis/include/boost/numeric/ublas/storage.hpp:27[m[K,
[2.199s]                  from [01m[K/opt/anaconda3/envs/MasterThesis/include/boost/numeric/ublas/vector.hpp:21[m[K,
[2.199s]                  from [01m[K/home/zain/Projects/MasterThesis/src/drone_controller_vrep/include/drone_controller_vrep/OIAC.hpp:2[m[K,
[2.199s]                  from [01m[K/home/zain/Projects/MasterThesis/src/drone_controller_vrep/src/OIAC.cpp:1[m[K:
[2.199s] [01m[K/opt/anaconda3/envs/MasterThesis/include/boost/numeric/ublas/traits.hpp:147:38:[m[K [01;36m[Knote: [m[Kcandidate: â€˜[01m[Ktemplate<class R, class I> typename boost::enable_if<boost::mpl::and_<boost::is_float<R>, boost::is_integral<I> >, std::complex<_Tp> >::type boost::numeric::ublas::operator/(const std::complex<_Tp>&, I)[m[Kâ€™
[2.199s]   147 |       std::complex<R> >::type inline [01;36m[Koperator[m[K/ (std::complex<R> const& in1, I in2) {
[2.199s]       |                                      [01;36m[K^~~~~~~~[m[K
[2.199s] [01m[K/opt/anaconda3/envs/MasterThesis/include/boost/numeric/ublas/traits.hpp:147:38:[m[K [01;36m[Knote: [m[K  template argument deduction/substitution failed:
[2.199s] [01m[K/home/zain/Projects/MasterThesis/src/drone_controller_vrep/src/OIAC.cpp:67:22:[m[K [01;36m[Knote: [m[K  â€˜[01m[Kboost::numeric::ublas::vector<double>[m[Kâ€™ is not derived from â€˜[01m[Kconst std::complex<_Tp>[m[Kâ€™
[2.199s]    67 |     return epsilon / [01;36m[Kgamma[m[K;
[2.199s]       |                      [01;36m[K^~~~~[m[K
[2.199s] In file included from [01m[K/opt/anaconda3/envs/MasterThesis/include/boost/numeric/ublas/vector.hpp:22[m[K,
[2.199s]                  from [01m[K/home/zain/Projects/MasterThesis/src/drone_controller_vrep/include/drone_controller_vrep/OIAC.hpp:2[m[K,
[2.199s]                  from [01m[K/home/zain/Projects/MasterThesis/src/drone_controller_vrep/src/OIAC.cpp:1[m[K:
[2.199s] [01m[K/opt/anaconda3/envs/MasterThesis/include/boost/numeric/ublas/vector_expression.hpp:1496:5:[m[K [01;36m[Knote: [m[Kcandidate: â€˜[01m[Ktemplate<class E1, class T2> typename boost::enable_if<boost::is_convertible<T2, typename E1::value_type>, typename boost::numeric::ublas::vector_binary_scalar2_traits<E1, const T2, boost::numeric::ublas::scalar_divides<typename E1::value_type, T2> >::result_type>::type boost::numeric::ublas::operator/(const boost::numeric::ublas::vector_expression<E>&, const T2&)[m[Kâ€™
[2.200s]  1496 |     [01;36m[Koperator[m[K / (const vector_expression<E1> &e1,
[2.200s]       |     [01;36m[K^~~~~~~~[m[K
[2.200s] [01m[K/opt/anaconda3/envs/MasterThesis/include/boost/numeric/ublas/vector_expression.hpp:1496:5:[m[K [01;36m[Knote: [m[K  template argument deduction/substitution failed:
[2.200s] /opt/anaconda3/envs/MasterThesis/include/boost/numeric/ublas/vector_expression.hpp: In substitution of â€˜[01m[Ktemplate<class E1, class T2> typename boost::enable_if<boost::is_convertible<T2, typename E1::value_type>, typename boost::numeric::ublas::vector_binary_scalar2_traits<E1, const T2, boost::numeric::ublas::scalar_divides<typename E1::value_type, T2> >::result_type>::type boost::numeric::ublas::operator/(const boost::numeric::ublas::vector_expression<E>&, const T2&) [with E1 = boost::numeric::ublas::vector<double>; T2 = boost::numeric::ublas::vector<double>][m[Kâ€™:
[2.200s] [01m[K/home/zain/Projects/MasterThesis/src/drone_controller_vrep/src/OIAC.cpp:67:22:[m[K   required from here
[2.200s] [01m[K/opt/anaconda3/envs/MasterThesis/include/boost/numeric/ublas/vector_expression.hpp:1496:5:[m[K [01;31m[Kerror: [m[Kno type named â€˜[01m[Ktype[m[Kâ€™ in â€˜[01m[Kstruct boost::enable_if<boost::is_convertible<boost::numeric::ublas::vector<double>, double>, boost::numeric::ublas::vector_binary_scalar2<boost::numeric::ublas::vector<double>, const boost::numeric::ublas::vector<double>, boost::numeric::ublas::scalar_divides<double, boost::numeric::ublas::vector<double> > > >[m[Kâ€™
[2.200s] In file included from [01m[K/opt/anaconda3/envs/MasterThesis/include/boost/numeric/ublas/matrix.hpp:19[m[K,
[2.200s]                  from [01m[K/home/zain/Projects/MasterThesis/src/drone_controller_vrep/include/drone_controller_vrep/OIAC.hpp:3[m[K,
[2.200s]                  from [01m[K/home/zain/Projects/MasterThesis/src/drone_controller_vrep/src/OIAC.cpp:1[m[K:
[2.200s] [01m[K/opt/anaconda3/envs/MasterThesis/include/boost/numeric/ublas/matrix_expression.hpp:4006:1:[m[K [01;36m[Knote: [m[Kcandidate: â€˜[01m[Ktemplate<class E1, class T2> typename boost::enable_if<boost::is_convertible<T2, typename E1::value_type>, typename boost::numeric::ublas::matrix_binary_scalar2_traits<E1, const T2, boost::numeric::ublas::scalar_divides<typename E1::value_type, T2> >::result_type>::type boost::numeric::ublas::operator/(const boost::numeric::ublas::matrix_expression<E>&, const T2&)[m[Kâ€™
[2.200s]  4006 | [01;36m[Koperator[m[K / (const matrix_expression<E1> &e1,
[2.201s]       | [01;36m[K^~~~~~~~[m[K
[2.201s] [01m[K/opt/anaconda3/envs/MasterThesis/include/boost/numeric/ublas/matrix_expression.hpp:4006:1:[m[K [01;36m[Knote: [m[K  template argument deduction/substitution failed:
[2.201s] [01m[K/home/zain/Projects/MasterThesis/src/drone_controller_vrep/src/OIAC.cpp:67:22:[m[K [01;36m[Knote: [m[K  â€˜[01m[Kboost::numeric::ublas::vector<double>[m[Kâ€™ is not derived from â€˜[01m[Kconst boost::numeric::ublas::matrix_expression<E>[m[Kâ€™
[2.201s]    67 |     return epsilon / [01;36m[Kgamma[m[K;
[2.201s]       |                      [01;36m[K^~~~~[m[K
[2.201s] [01m[K/home/zain/Projects/MasterThesis/src/drone_controller_vrep/src/OIAC.cpp:[m[K In member function â€˜[01m[Kboost::numeric::ublas::vector<double> OIAC::calculate_K(boost::numeric::ublas::vector<double>, boost::numeric::ublas::vector<double>)[m[Kâ€™:
[2.201s] [01m[K/home/zain/Projects/MasterThesis/src/drone_controller_vrep/src/OIAC.cpp:71:14:[m[K [01;31m[Kerror: [m[Kno match for â€˜[01m[Koperator*[m[Kâ€™ (operand types are â€˜[01m[Kboost::numeric::ublas::vector<double>[m[Kâ€™ and â€˜[01m[Kboost::numeric::ublas::vector<double>[m[Kâ€™)
[2.201s]    71 |     return [32m[KF[m[K [01;31m[K*[m[K [34m[Ke[m[K;
[2.201s]       |            [32m[K~[m[K [01;31m[K^[m[K [34m[K~[m[K
[2.201s]       |            [32m[K|[m[K   [34m[K|[m[K
[2.201s]       |            [32m[K|[m[K   [34m[Kvector<[...]>[m[K
[2.202s]       |            [32m[Kvector<[...]>[m[K
[2.202s] In file included from [01m[K/opt/anaconda3/envs/MasterThesis/include/boost/numeric/ublas/traits.hpp:17[m[K,
[2.202s]                  from [01m[K/opt/anaconda3/envs/MasterThesis/include/boost/numeric/ublas/storage.hpp:27[m[K,
[2.202s]                  from [01m[K/opt/anaconda3/envs/MasterThesis/include/boost/numeric/ublas/vector.hpp:21[m[K,
[2.202s]                  from [01m[K/home/zain/Projects/MasterThesis/src/drone_controller_vrep/include/drone_controller_vrep/OIAC.hpp:2[m[K,
[2.202s]                  from [01m[K/home/zain/Projects/MasterThesis/src/drone_controller_vrep/src/OIAC.cpp:1[m[K:
[2.202s] [01m[K/usr/include/c++/11/complex:392:5:[m[K [01;36m[Knote: [m[Kcandidate: â€˜[01m[Ktemplate<class _Tp> std::complex<_Tp> std::operator*(const std::complex<_Tp>&, const std::complex<_Tp>&)[m[Kâ€™
[2.202s]   392 |     [01;36m[Koperator[m[K*(const complex<_Tp>& __x, const complex<_Tp>& __y)
[2.202s]       |     [01;36m[K^~~~~~~~[m[K
[2.202s] [01m[K/usr/include/c++/11/complex:392:5:[m[K [01;36m[Knote: [m[K  template argument deduction/substitution failed:
[2.202s] [01m[K/home/zain/Projects/MasterThesis/src/drone_controller_vrep/src/OIAC.cpp:71:16:[m[K [01;36m[Knote: [m[K  â€˜[01m[Kboost::numeric::ublas::vector<double>[m[Kâ€™ is not derived from â€˜[01m[Kconst std::complex<_Tp>[m[Kâ€™
[2.202s]    71 |     return F * [01;36m[Ke[m[K;
[2.202s]       |                [01;36m[K^[m[K
[2.202s] In file included from [01m[K/opt/anaconda3/envs/MasterThesis/include/boost/numeric/ublas/traits.hpp:17[m[K,
[2.202s]                  from [01m[K/opt/anaconda3/envs/MasterThesis/include/boost/numeric/ublas/storage.hpp:27[m[K,
[2.203s]                  from [01m[K/opt/anaconda3/envs/MasterThesis/include/boost/numeric/ublas/vector.hpp:21[m[K,
[2.203s]                  from [01m[K/home/zain/Projects/MasterThesis/src/drone_controller_vrep/include/drone_controller_vrep/OIAC.hpp:2[m[K,
[2.203s]                  from [01m[K/home/zain/Projects/MasterThesis/src/drone_controller_vrep/src/OIAC.cpp:1[m[K:
[2.203s] [01m[K/usr/include/c++/11/complex:401:5:[m[K [01;36m[Knote: [m[Kcandidate: â€˜[01m[Ktemplate<class _Tp> std::complex<_Tp> std::operator*(const std::complex<_Tp>&, const _Tp&)[m[Kâ€™
[2.203s]   401 |     [01;36m[Koperator[m[K*(const complex<_Tp>& __x, const _Tp& __y)
[2.203s]       |     [01;36m[K^~~~~~~~[m[K
[2.203s] [01m[K/usr/include/c++/11/complex:401:5:[m[K [01;36m[Knote: [m[K  template argument deduction/substitution failed:
[2.203s] [01m[K/home/zain/Projects/MasterThesis/src/drone_controller_vrep/src/OIAC.cpp:71:16:[m[K [01;36m[Knote: [m[K  â€˜[01m[Kboost::numeric::ublas::vector<double>[m[Kâ€™ is not derived from â€˜[01m[Kconst std::complex<_Tp>[m[Kâ€™
[2.203s]    71 |     return F * [01;36m[Ke[m[K;
[2.203s]       |                [01;36m[K^[m[K
[2.203s] In file included from [01m[K/opt/anaconda3/envs/MasterThesis/include/boost/numeric/ublas/traits.hpp:17[m[K,
[2.203s]                  from [01m[K/opt/anaconda3/envs/MasterThesis/include/boost/numeric/ublas/storage.hpp:27[m[K,
[2.203s]                  from [01m[K/opt/anaconda3/envs/MasterThesis/include/boost/numeric/ublas/vector.hpp:21[m[K,
[2.203s]                  from [01m[K/home/zain/Projects/MasterThesis/src/drone_controller_vrep/include/drone_controller_vrep/OIAC.hpp:2[m[K,
[2.203s]                  from [01m[K/home/zain/Projects/MasterThesis/src/drone_controller_vrep/src/OIAC.cpp:1[m[K:
[2.204s] [01m[K/usr/include/c++/11/complex:410:5:[m[K [01;36m[Knote: [m[Kcandidate: â€˜[01m[Ktemplate<class _Tp> std::complex<_Tp> std::operator*(const _Tp&, const std::complex<_Tp>&)[m[Kâ€™
[2.204s]   410 |     [01;36m[Koperator[m[K*(const _Tp& __x, const complex<_Tp>& __y)
[2.204s]       |     [01;36m[K^~~~~~~~[m[K
[2.204s] [01m[K/usr/include/c++/11/complex:410:5:[m[K [01;36m[Knote: [m[K  template argument deduction/substitution failed:
[2.204s] [01m[K/home/zain/Projects/MasterThesis/src/drone_controller_vrep/src/OIAC.cpp:71:16:[m[K [01;36m[Knote: [m[K  â€˜[01m[Kboost::numeric::ublas::vector<double>[m[Kâ€™ is not derived from â€˜[01m[Kconst std::complex<_Tp>[m[Kâ€™
[2.204s]    71 |     return F * [01;36m[Ke[m[K;
[2.204s]       |                [01;36m[K^[m[K
[2.204s] In file included from [01m[K/opt/anaconda3/envs/MasterThesis/include/boost/numeric/ublas/storage.hpp:27[m[K,
[2.204s]                  from [01m[K/opt/anaconda3/envs/MasterThesis/include/boost/numeric/ublas/vector.hpp:21[m[K,
[2.204s]                  from [01m[K/home/zain/Projects/MasterThesis/src/drone_controller_vrep/include/drone_controller_vrep/OIAC.hpp:2[m[K,
[2.204s]                  from [01m[K/home/zain/Projects/MasterThesis/src/drone_controller_vrep/src/OIAC.cpp:1[m[K:
[2.204s] [01m[K/opt/anaconda3/envs/MasterThesis/include/boost/numeric/ublas/traits.hpp:117:38:[m[K [01;36m[Knote: [m[Kcandidate: â€˜[01m[Ktemplate<class R, class I> typename boost::enable_if<boost::mpl::and_<boost::is_float<R>, boost::is_integral<I> >, std::complex<_Tp> >::type boost::numeric::ublas::operator*(I, const std::complex<_Tp>&)[m[Kâ€™
[2.204s]   117 |       std::complex<R> >::type inline [01;36m[Koperator[m[K* (I in1, std::complex<R> const& in2) {
[2.204s]       |                                      [01;36m[K^~~~~~~~[m[K
[2.205s] [01m[K/opt/anaconda3/envs/MasterThesis/include/boost/numeric/ublas/traits.hpp:117:38:[m[K [01;36m[Knote: [m[K  template argument deduction/substitution failed:
[2.205s] [01m[K/home/zain/Projects/MasterThesis/src/drone_controller_vrep/src/OIAC.cpp:71:16:[m[K [01;36m[Knote: [m[K  â€˜[01m[Kboost::numeric::ublas::vector<double>[m[Kâ€™ is not derived from â€˜[01m[Kconst std::complex<_Tp>[m[Kâ€™
[2.205s]    71 |     return F * [01;36m[Ke[m[K;
[2.205s]       |                [01;36m[K^[m[K
[2.205s] In file included from [01m[K/opt/anaconda3/envs/MasterThesis/include/boost/numeric/ublas/storage.hpp:27[m[K,
[2.205s]                  from [01m[K/opt/anaconda3/envs/MasterThesis/include/boost/numeric/ublas/vector.hpp:21[m[K,
[2.206s]                  from [01m[K/home/zain/Projects/MasterThesis/src/drone_controller_vrep/include/drone_controller_vrep/OIAC.hpp:2[m[K,
[2.206s]                  from [01m[K/home/zain/Projects/MasterThesis/src/drone_controller_vrep/src/OIAC.cpp:1[m[K:
[2.206s] [01m[K/opt/anaconda3/envs/MasterThesis/include/boost/numeric/ublas/traits.hpp:127:38:[m[K [01;36m[Knote: [m[Kcandidate: â€˜[01m[Ktemplate<class R, class I> typename boost::enable_if<boost::mpl::and_<boost::is_float<R>, boost::is_integral<I> >, std::complex<_Tp> >::type boost::numeric::ublas::operator*(const std::complex<_Tp>&, I)[m[Kâ€™
[2.206s]   127 |       std::complex<R> >::type inline [01;36m[Koperator[m[K* (std::complex<R> const& in1, I in2) {
[2.206s]       |                                      [01;36m[K^~~~~~~~[m[K
[2.206s] [01m[K/opt/anaconda3/envs/MasterThesis/include/boost/numeric/ublas/traits.hpp:127:38:[m[K [01;36m[Knote: [m[K  template argument deduction/substitution failed:
[2.206s] [01m[K/home/zain/Projects/MasterThesis/src/drone_controller_vrep/src/OIAC.cpp:71:16:[m[K [01;36m[Knote: [m[K  â€˜[01m[Kboost::numeric::ublas::vector<double>[m[Kâ€™ is not derived from â€˜[01m[Kconst std::complex<_Tp>[m[Kâ€™
[2.206s]    71 |     return F * [01;36m[Ke[m[K;
[2.206s]       |                [01;36m[K^[m[K
[2.207s] In file included from [01m[K/opt/anaconda3/envs/MasterThesis/include/boost/numeric/ublas/vector.hpp:22[m[K,
[2.207s]                  from [01m[K/home/zain/Projects/MasterThesis/src/drone_controller_vrep/include/drone_controller_vrep/OIAC.hpp:2[m[K,
[2.207s]                  from [01m[K/home/zain/Projects/MasterThesis/src/drone_controller_vrep/src/OIAC.cpp:1[m[K:
[2.207s] [01m[K/opt/anaconda3/envs/MasterThesis/include/boost/numeric/ublas/vector_expression.hpp:1241:5:[m[K [01;36m[Knote: [m[Kcandidate: â€˜[01m[Ktemplate<class T1, class E2> typename boost::enable_if<boost::is_convertible<T1, typename E2::value_type>, typename boost::numeric::ublas::vector_binary_scalar1_traits<const T1, E2, boost::numeric::ublas::scalar_multiplies<T1, typename E2::value_type> >::result_type>::type boost::numeric::ublas::operator*(const T1&, const boost::numeric::ublas::vector_expression<E2>&)[m[Kâ€™
[2.207s]  1241 |     [01;36m[Koperator[m[K * (const T1 &e1,
[2.207s]       |     [01;36m[K^~~~~~~~[m[K
[2.207s] [01m[K/opt/anaconda3/envs/MasterThesis/include/boost/numeric/ublas/vector_expression.hpp:1241:5:[m[K [01;36m[Knote: [m[K  template argument deduction/substitution failed:
[2.207s] /opt/anaconda3/envs/MasterThesis/include/boost/numeric/ublas/vector_expression.hpp: In substitution of â€˜[01m[Ktemplate<class T1, class E2> typename boost::enable_if<boost::is_convertible<T1, typename E2::value_type>, typename boost::numeric::ublas::vector_binary_scalar1_traits<const T1, E2, boost::numeric::ublas::scalar_multiplies<T1, typename E2::value_type> >::result_type>::type boost::numeric::ublas::operator*(const T1&, const boost::numeric::ublas::vector_expression<E2>&) [with T1 = boost::numeric::ublas::vector<double>; E2 = boost::numeric::ublas::vector<double>][m[Kâ€™:
[2.207s] [01m[K/home/zain/Projects/MasterThesis/src/drone_controller_vrep/src/OIAC.cpp:71:16:[m[K   required from here
[2.207s] [01m[K/opt/anaconda3/envs/MasterThesis/include/boost/numeric/ublas/vector_expression.hpp:1241:5:[m[K [01;31m[Kerror: [m[Kno type named â€˜[01m[Ktype[m[Kâ€™ in â€˜[01m[Kstruct boost::enable_if<boost::is_convertible<boost::numeric::ublas::vector<double>, double>, boost::numeric::ublas::vector_binary_scalar1<const boost::numeric::ublas::vector<double>, boost::numeric::ublas::vector<double>, boost::numeric::ublas::scalar_multiplies<boost::numeric::ublas::vector<double>, double> > >[m[Kâ€™
[2.207s] [01m[K/opt/anaconda3/envs/MasterThesis/include/boost/numeric/ublas/vector_expression.hpp:1484:5:[m[K [01;36m[Knote: [m[Kcandidate: â€˜[01m[Ktemplate<class E1, class T2> typename boost::enable_if<boost::is_convertible<T2, typename E1::value_type>, typename boost::numeric::ublas::vector_binary_scalar2_traits<E1, const T2, boost::numeric::ublas::scalar_multiplies<typename E1::value_type, T2> >::result_type>::type boost::numeric::ublas::operator*(const boost::numeric::ublas::vector_expression<E>&, const T2&)[m[Kâ€™
[2.207s]  1484 |     [01;36m[Koperator[m[K * (const vector_expression<E1> &e1,
[2.207s]       |     [01;36m[K^~~~~~~~[m[K
[2.208s] [01m[K/opt/anaconda3/envs/MasterThesis/include/boost/numeric/ublas/vector_expression.hpp:1484:5:[m[K [01;36m[Knote: [m[K  template argument deduction/substitution failed:
[2.208s] /opt/anaconda3/envs/MasterThesis/include/boost/numeric/ublas/vector_expression.hpp: In substitution of â€˜[01m[Ktemplate<class E1, class T2> typename boost::enable_if<boost::is_convertible<T2, typename E1::value_type>, typename boost::numeric::ublas::vector_binary_scalar2_traits<E1, const T2, boost::numeric::ublas::scalar_multiplies<typename E1::value_type, T2> >::result_type>::type boost::numeric::ublas::operator*(const boost::numeric::ublas::vector_expression<E>&, const T2&) [with E1 = boost::numeric::ublas::vector<double>; T2 = boost::numeric::ublas::vector<double>][m[Kâ€™:
[2.208s] [01m[K/home/zain/Projects/MasterThesis/src/drone_controller_vrep/src/OIAC.cpp:71:16:[m[K   required from here
[2.208s] [01m[K/opt/anaconda3/envs/MasterThesis/include/boost/numeric/ublas/vector_expression.hpp:1484:5:[m[K [01;31m[Kerror: [m[Kno type named â€˜[01m[Ktype[m[Kâ€™ in â€˜[01m[Kstruct boost::enable_if<boost::is_convertible<boost::numeric::ublas::vector<double>, double>, boost::numeric::ublas::vector_binary_scalar2<boost::numeric::ublas::vector<double>, const boost::numeric::ublas::vector<double>, boost::numeric::ublas::scalar_multiplies<double, boost::numeric::ublas::vector<double> > > >[m[Kâ€™
[2.208s] In file included from [01m[K/opt/anaconda3/envs/MasterThesis/include/boost/numeric/ublas/matrix.hpp:19[m[K,
[2.208s]                  from [01m[K/home/zain/Projects/MasterThesis/src/drone_controller_vrep/include/drone_controller_vrep/OIAC.hpp:3[m[K,
[2.208s]                  from [01m[K/home/zain/Projects/MasterThesis/src/drone_controller_vrep/src/OIAC.cpp:1[m[K:
[2.208s] [01m[K/opt/anaconda3/envs/MasterThesis/include/boost/numeric/ublas/matrix_expression.hpp:3466:1:[m[K [01;36m[Knote: [m[Kcandidate: â€˜[01m[Ktemplate<class T1, class E2> typename boost::enable_if<boost::is_convertible<T1, typename E2::value_type>, typename boost::numeric::ublas::matrix_binary_scalar1_traits<const T1, E2, boost::numeric::ublas::scalar_multiplies<T1, typename E2::value_type> >::result_type>::type boost::numeric::ublas::operator*(const T1&, const boost::numeric::ublas::matrix_expression<E2>&)[m[Kâ€™
[2.208s]  3466 | [01;36m[Koperator[m[K * (const T1 &e1,
[2.208s]       | [01;36m[K^~~~~~~~[m[K
[2.208s] [01m[K/opt/anaconda3/envs/MasterThesis/include/boost/numeric/ublas/matrix_expression.hpp:3466:1:[m[K [01;36m[Knote: [m[K  template argument deduction/substitution failed:
[2.209s] [01m[K/home/zain/Projects/MasterThesis/src/drone_controller_vrep/src/OIAC.cpp:71:16:[m[K [01;36m[Knote: [m[K  â€˜[01m[Kboost::numeric::ublas::vector<double>[m[Kâ€™ is not derived from â€˜[01m[Kconst boost::numeric::ublas::matrix_expression<E2>[m[Kâ€™
[2.209s]    71 |     return F * [01;36m[Ke[m[K;
[2.209s]       |                [01;36m[K^[m[K
[2.209s] In file included from [01m[K/opt/anaconda3/envs/MasterThesis/include/boost/numeric/ublas/matrix.hpp:19[m[K,
[2.209s]                  from [01m[K/home/zain/Projects/MasterThesis/src/drone_controller_vrep/include/drone_controller_vrep/OIAC.hpp:3[m[K,
[2.209s]                  from [01m[K/home/zain/Projects/MasterThesis/src/drone_controller_vrep/src/OIAC.cpp:1[m[K:
[2.209s] [01m[K/opt/anaconda3/envs/MasterThesis/include/boost/numeric/ublas/matrix_expression.hpp:3994:1:[m[K [01;36m[Knote: [m[Kcandidate: â€˜[01m[Ktemplate<class E1, class T2> typename boost::enable_if<boost::is_convertible<T2, typename E1::value_type>, typename boost::numeric::ublas::matrix_binary_scalar2_traits<E1, const T2, boost::numeric::ublas::scalar_multiplies<typename E1::value_type, T2> >::result_type>::type boost::numeric::ublas::operator*(const boost::numeric::ublas::matrix_expression<E>&, const T2&)[m[Kâ€™
[2.209s]  3994 | [01;36m[Koperator[m[K * (const matrix_expression<E1> &e1,
[2.209s]       | [01;36m[K^~~~~~~~[m[K
[2.209s] [01m[K/opt/anaconda3/envs/MasterThesis/include/boost/numeric/ublas/matrix_expression.hpp:3994:1:[m[K [01;36m[Knote: [m[K  template argument deduction/substitution failed:
[2.209s] [01m[K/home/zain/Projects/MasterThesis/src/drone_controller_vrep/src/OIAC.cpp:71:16:[m[K [01;36m[Knote: [m[K  â€˜[01m[Kboost::numeric::ublas::vector<double>[m[Kâ€™ is not derived from â€˜[01m[Kconst boost::numeric::ublas::matrix_expression<E>[m[Kâ€™
[2.209s]    71 |     return F * [01;36m[Ke[m[K;
[2.209s]       |                [01;36m[K^[m[K
[2.209s] [01m[K/home/zain/Projects/MasterThesis/src/drone_controller_vrep/src/OIAC.cpp:[m[K In member function â€˜[01m[Kboost::numeric::ublas::vector<double> OIAC::calculate_D(boost::numeric::ublas::vector<double>, boost::numeric::ublas::vector<double>)[m[Kâ€™:
[2.210s] [01m[K/home/zain/Projects/MasterThesis/src/drone_controller_vrep/src/OIAC.cpp:75:14:[m[K [01;31m[Kerror: [m[Kno match for â€˜[01m[Koperator*[m[Kâ€™ (operand types are â€˜[01m[Kboost::numeric::ublas::vector<double>[m[Kâ€™ and â€˜[01m[Kboost::numeric::ublas::vector<double>[m[Kâ€™)
[2.210s]    75 |     return [32m[KF[m[K [01;31m[K*[m[K [34m[Ke_dot[m[K;
[2.210s]       |            [32m[K~[m[K [01;31m[K^[m[K [34m[K~~~~~[m[K
[2.210s]       |            [32m[K|[m[K   [34m[K|[m[K
[2.210s]       |            [32m[K|[m[K   [34m[Kvector<[...]>[m[K
[2.210s]       |            [32m[Kvector<[...]>[m[K
[2.210s] In file included from [01m[K/opt/anaconda3/envs/MasterThesis/include/boost/numeric/ublas/traits.hpp:17[m[K,
[2.210s]                  from [01m[K/opt/anaconda3/envs/MasterThesis/include/boost/numeric/ublas/storage.hpp:27[m[K,
[2.210s]                  from [01m[K/opt/anaconda3/envs/MasterThesis/include/boost/numeric/ublas/vector.hpp:21[m[K,
[2.210s]                  from [01m[K/home/zain/Projects/MasterThesis/src/drone_controller_vrep/include/drone_controller_vrep/OIAC.hpp:2[m[K,
[2.210s]                  from [01m[K/home/zain/Projects/MasterThesis/src/drone_controller_vrep/src/OIAC.cpp:1[m[K:
[2.210s] [01m[K/usr/include/c++/11/complex:392:5:[m[K [01;36m[Knote: [m[Kcandidate: â€˜[01m[Ktemplate<class _Tp> std::complex<_Tp> std::operator*(const std::complex<_Tp>&, const std::complex<_Tp>&)[m[Kâ€™
[2.210s]   392 |     [01;36m[Koperator[m[K*(const complex<_Tp>& __x, const complex<_Tp>& __y)
[2.210s]       |     [01;36m[K^~~~~~~~[m[K
[2.210s] [01m[K/usr/include/c++/11/complex:392:5:[m[K [01;36m[Knote: [m[K  template argument deduction/substitution failed:
[2.210s] [01m[K/home/zain/Projects/MasterThesis/src/drone_controller_vrep/src/OIAC.cpp:75:16:[m[K [01;36m[Knote: [m[K  â€˜[01m[Kboost::numeric::ublas::vector<double>[m[Kâ€™ is not derived from â€˜[01m[Kconst std::complex<_Tp>[m[Kâ€™
[2.211s]    75 |     return F * [01;36m[Ke_dot[m[K;
[2.211s]       |                [01;36m[K^~~~~[m[K
[2.211s] In file included from [01m[K/opt/anaconda3/envs/MasterThesis/include/boost/numeric/ublas/traits.hpp:17[m[K,
[2.211s]                  from [01m[K/opt/anaconda3/envs/MasterThesis/include/boost/numeric/ublas/storage.hpp:27[m[K,
[2.211s]                  from [01m[K/opt/anaconda3/envs/MasterThesis/include/boost/numeric/ublas/vector.hpp:21[m[K,
[2.211s]                  from [01m[K/home/zain/Projects/MasterThesis/src/drone_controller_vrep/include/drone_controller_vrep/OIAC.hpp:2[m[K,
[2.211s]                  from [01m[K/home/zain/Projects/MasterThesis/src/drone_controller_vrep/src/OIAC.cpp:1[m[K:
[2.211s] [01m[K/usr/include/c++/11/complex:401:5:[m[K [01;36m[Knote: [m[Kcandidate: â€˜[01m[Ktemplate<class _Tp> std::complex<_Tp> std::operator*(const std::complex<_Tp>&, const _Tp&)[m[Kâ€™
[2.211s]   401 |     [01;36m[Koperator[m[K*(const complex<_Tp>& __x, const _Tp& __y)
[2.211s]       |     [01;36m[K^~~~~~~~[m[K
[2.211s] [01m[K/usr/include/c++/11/complex:401:5:[m[K [01;36m[Knote: [m[K  template argument deduction/substitution failed:
[2.211s] [01m[K/home/zain/Projects/MasterThesis/src/drone_controller_vrep/src/OIAC.cpp:75:16:[m[K [01;36m[Knote: [m[K  â€˜[01m[Kboost::numeric::ublas::vector<double>[m[Kâ€™ is not derived from â€˜[01m[Kconst std::complex<_Tp>[m[Kâ€™
[2.212s]    75 |     return F * [01;36m[Ke_dot[m[K;
[2.212s]       |                [01;36m[K^~~~~[m[K
[2.212s] In file included from [01m[K/opt/anaconda3/envs/MasterThesis/include/boost/numeric/ublas/traits.hpp:17[m[K,
[2.212s]                  from [01m[K/opt/anaconda3/envs/MasterThesis/include/boost/numeric/ublas/storage.hpp:27[m[K,
[2.212s]                  from [01m[K/opt/anaconda3/envs/MasterThesis/include/boost/numeric/ublas/vector.hpp:21[m[K,
[2.212s]                  from [01m[K/home/zain/Projects/MasterThesis/src/drone_controller_vrep/include/drone_controller_vrep/OIAC.hpp:2[m[K,
[2.212s]                  from [01m[K/home/zain/Projects/MasterThesis/src/drone_controller_vrep/src/OIAC.cpp:1[m[K:
[2.212s] [01m[K/usr/include/c++/11/complex:410:5:[m[K [01;36m[Knote: [m[Kcandidate: â€˜[01m[Ktemplate<class _Tp> std::complex<_Tp> std::operator*(const _Tp&, const std::complex<_Tp>&)[m[Kâ€™
[2.212s]   410 |     [01;36m[Koperator[m[K*(const _Tp& __x, const complex<_Tp>& __y)
[2.212s]       |     [01;36m[K^~~~~~~~[m[K
[2.212s] [01m[K/usr/include/c++/11/complex:410:5:[m[K [01;36m[Knote: [m[K  template argument deduction/substitution failed:
[2.212s] [01m[K/home/zain/Projects/MasterThesis/src/drone_controller_vrep/src/OIAC.cpp:75:16:[m[K [01;36m[Knote: [m[K  â€˜[01m[Kboost::numeric::ublas::vector<double>[m[Kâ€™ is not derived from â€˜[01m[Kconst std::complex<_Tp>[m[Kâ€™
[2.212s]    75 |     return F * [01;36m[Ke_dot[m[K;
[2.212s]       |                [01;36m[K^~~~~[m[K
[2.212s] In file included from [01m[K/opt/anaconda3/envs/MasterThesis/include/boost/numeric/ublas/storage.hpp:27[m[K,
[2.212s]                  from [01m[K/opt/anaconda3/envs/MasterThesis/include/boost/numeric/ublas/vector.hpp:21[m[K,
[2.213s]                  from [01m[K/home/zain/Projects/MasterThesis/src/drone_controller_vrep/include/drone_controller_vrep/OIAC.hpp:2[m[K,
[2.213s]                  from [01m[K/home/zain/Projects/MasterThesis/src/drone_controller_vrep/src/OIAC.cpp:1[m[K:
[2.213s] [01m[K/opt/anaconda3/envs/MasterThesis/include/boost/numeric/ublas/traits.hpp:117:38:[m[K [01;36m[Knote: [m[Kcandidate: â€˜[01m[Ktemplate<class R, class I> typename boost::enable_if<boost::mpl::and_<boost::is_float<R>, boost::is_integral<I> >, std::complex<_Tp> >::type boost::numeric::ublas::operator*(I, const std::complex<_Tp>&)[m[Kâ€™
[2.213s]   117 |       std::complex<R> >::type inline [01;36m[Koperator[m[K* (I in1, std::complex<R> const& in2) {
[2.213s]       |                                      [01;36m[K^~~~~~~~[m[K
[2.213s] [01m[K/opt/anaconda3/envs/MasterThesis/include/boost/numeric/ublas/traits.hpp:117:38:[m[K [01;36m[Knote: [m[K  template argument deduction/substitution failed:
[2.213s] [01m[K/home/zain/Projects/MasterThesis/src/drone_controller_vrep/src/OIAC.cpp:75:16:[m[K [01;36m[Knote: [m[K  â€˜[01m[Kboost::numeric::ublas::vector<double>[m[Kâ€™ is not derived from â€˜[01m[Kconst std::complex<_Tp>[m[Kâ€™
[2.213s]    75 |     return F * [01;36m[Ke_dot[m[K;
[2.213s]       |                [01;36m[K^~~~~[m[K
[2.213s] In file included from [01m[K/opt/anaconda3/envs/MasterThesis/include/boost/numeric/ublas/storage.hpp:27[m[K,
[2.213s]                  from [01m[K/opt/anaconda3/envs/MasterThesis/include/boost/numeric/ublas/vector.hpp:21[m[K,
[2.213s]                  from [01m[K/home/zain/Projects/MasterThesis/src/drone_controller_vrep/include/drone_controller_vrep/OIAC.hpp:2[m[K,
[2.213s]                  from [01m[K/home/zain/Projects/MasterThesis/src/drone_controller_vrep/src/OIAC.cpp:1[m[K:
[2.213s] [01m[K/opt/anaconda3/envs/MasterThesis/include/boost/numeric/ublas/traits.hpp:127:38:[m[K [01;36m[Knote: [m[Kcandidate: â€˜[01m[Ktemplate<class R, class I> typename boost::enable_if<boost::mpl::and_<boost::is_float<R>, boost::is_integral<I> >, std::complex<_Tp> >::type boost::numeric::ublas::operator*(const std::complex<_Tp>&, I)[m[Kâ€™
[2.213s]   127 |       std::complex<R> >::type inline [01;36m[Koperator[m[K* (std::complex<R> const& in1, I in2) {
[2.213s]       |                                      [01;36m[K^~~~~~~~[m[K
[2.213s] [01m[K/opt/anaconda3/envs/MasterThesis/include/boost/numeric/ublas/traits.hpp:127:38:[m[K [01;36m[Knote: [m[K  template argument deduction/substitution failed:
[2.214s] [01m[K/home/zain/Projects/MasterThesis/src/drone_controller_vrep/src/OIAC.cpp:75:16:[m[K [01;36m[Knote: [m[K  â€˜[01m[Kboost::numeric::ublas::vector<double>[m[Kâ€™ is not derived from â€˜[01m[Kconst std::complex<_Tp>[m[Kâ€™
[2.214s]    75 |     return F * [01;36m[Ke_dot[m[K;
[2.214s]       |                [01;36m[K^~~~~[m[K
[2.214s] In file included from [01m[K/opt/anaconda3/envs/MasterThesis/include/boost/numeric/ublas/vector.hpp:22[m[K,
[2.214s]                  from [01m[K/home/zain/Projects/MasterThesis/src/drone_controller_vrep/include/drone_controller_vrep/OIAC.hpp:2[m[K,
[2.214s]                  from [01m[K/home/zain/Projects/MasterThesis/src/drone_controller_vrep/src/OIAC.cpp:1[m[K:
[2.214s] [01m[K/opt/anaconda3/envs/MasterThesis/include/boost/numeric/ublas/vector_expression.hpp:1241:5:[m[K [01;36m[Knote: [m[Kcandidate: â€˜[01m[Ktemplate<class T1, class E2> typename boost::enable_if<boost::is_convertible<T1, typename E2::value_type>, typename boost::numeric::ublas::vector_binary_scalar1_traits<const T1, E2, boost::numeric::ublas::scalar_multiplies<T1, typename E2::value_type> >::result_type>::type boost::numeric::ublas::operator*(const T1&, const boost::numeric::ublas::vector_expression<E2>&)[m[Kâ€™
[2.214s]  1241 |     [01;36m[Koperator[m[K * (const T1 &e1,
[2.214s]       |     [01;36m[K^~~~~~~~[m[K
[2.214s] [01m[K/opt/anaconda3/envs/MasterThesis/include/boost/numeric/ublas/vector_expression.hpp:1241:5:[m[K [01;36m[Knote: [m[K  template argument deduction/substitution failed:
[2.214s] /opt/anaconda3/envs/MasterThesis/include/boost/numeric/ublas/vector_expression.hpp: In substitution of â€˜[01m[Ktemplate<class T1, class E2> typename boost::enable_if<boost::is_convertible<T1, typename E2::value_type>, typename boost::numeric::ublas::vector_binary_scalar1_traits<const T1, E2, boost::numeric::ublas::scalar_multiplies<T1, typename E2::value_type> >::result_type>::type boost::numeric::ublas::operator*(const T1&, const boost::numeric::ublas::vector_expression<E2>&) [with T1 = boost::numeric::ublas::vector<double>; E2 = boost::numeric::ublas::vector<double>][m[Kâ€™:
[2.214s] [01m[K/home/zain/Projects/MasterThesis/src/drone_controller_vrep/src/OIAC.cpp:75:16:[m[K   required from here
[2.214s] [01m[K/opt/anaconda3/envs/MasterThesis/include/boost/numeric/ublas/vector_expression.hpp:1241:5:[m[K [01;31m[Kerror: [m[Kno type named â€˜[01m[Ktype[m[Kâ€™ in â€˜[01m[Kstruct boost::enable_if<boost::is_convertible<boost::numeric::ublas::vector<double>, double>, boost::numeric::ublas::vector_binary_scalar1<const boost::numeric::ublas::vector<double>, boost::numeric::ublas::vector<double>, boost::numeric::ublas::scalar_multiplies<boost::numeric::ublas::vector<double>, double> > >[m[Kâ€™
[2.214s] [01m[K/opt/anaconda3/envs/MasterThesis/include/boost/numeric/ublas/vector_expression.hpp:1484:5:[m[K [01;36m[Knote: [m[Kcandidate: â€˜[01m[Ktemplate<class E1, class T2> typename boost::enable_if<boost::is_convertible<T2, typename E1::value_type>, typename boost::numeric::ublas::vector_binary_scalar2_traits<E1, const T2, boost::numeric::ublas::scalar_multiplies<typename E1::value_type, T2> >::result_type>::type boost::numeric::ublas::operator*(const boost::numeric::ublas::vector_expression<E>&, const T2&)[m[Kâ€™
[2.214s]  1484 |     [01;36m[Koperator[m[K * (const vector_expression<E1> &e1,
[2.214s]       |     [01;36m[K^~~~~~~~[m[K
[2.215s] [01m[K/opt/anaconda3/envs/MasterThesis/include/boost/numeric/ublas/vector_expression.hpp:1484:5:[m[K [01;36m[Knote: [m[K  template argument deduction/substitution failed:
[2.215s] /opt/anaconda3/envs/MasterThesis/include/boost/numeric/ublas/vector_expression.hpp: In substitution of â€˜[01m[Ktemplate<class E1, class T2> typename boost::enable_if<boost::is_convertible<T2, typename E1::value_type>, typename boost::numeric::ublas::vector_binary_scalar2_traits<E1, const T2, boost::numeric::ublas::scalar_multiplies<typename E1::value_type, T2> >::result_type>::type boost::numeric::ublas::operator*(const boost::numeric::ublas::vector_expression<E>&, const T2&) [with E1 = boost::numeric::ublas::vector<double>; T2 = boost::numeric::ublas::vector<double>][m[Kâ€™:
[2.215s] [01m[K/home/zain/Projects/MasterThesis/src/drone_controller_vrep/src/OIAC.cpp:75:16:[m[K   required from here
[2.215s] [01m[K/opt/anaconda3/envs/MasterThesis/include/boost/numeric/ublas/vector_expression.hpp:1484:5:[m[K [01;31m[Kerror: [m[Kno type named â€˜[01m[Ktype[m[Kâ€™ in â€˜[01m[Kstruct boost::enable_if<boost::is_convertible<boost::numeric::ublas::vector<double>, double>, boost::numeric::ublas::vector_binary_scalar2<boost::numeric::ublas::vector<double>, const boost::numeric::ublas::vector<double>, boost::numeric::ublas::scalar_multiplies<double, boost::numeric::ublas::vector<double> > > >[m[Kâ€™
[2.215s] In file included from [01m[K/opt/anaconda3/envs/MasterThesis/include/boost/numeric/ublas/matrix.hpp:19[m[K,
[2.215s]                  from [01m[K/home/zain/Projects/MasterThesis/src/drone_controller_vrep/include/drone_controller_vrep/OIAC.hpp:3[m[K,
[2.215s]                  from [01m[K/home/zain/Projects/MasterThesis/src/drone_controller_vrep/src/OIAC.cpp:1[m[K:
[2.215s] [01m[K/opt/anaconda3/envs/MasterThesis/include/boost/numeric/ublas/matrix_expression.hpp:3466:1:[m[K [01;36m[Knote: [m[Kcandidate: â€˜[01m[Ktemplate<class T1, class E2> typename boost::enable_if<boost::is_convertible<T1, typename E2::value_type>, typename boost::numeric::ublas::matrix_binary_scalar1_traits<const T1, E2, boost::numeric::ublas::scalar_multiplies<T1, typename E2::value_type> >::result_type>::type boost::numeric::ublas::operator*(const T1&, const boost::numeric::ublas::matrix_expression<E2>&)[m[Kâ€™
[2.215s]  3466 | [01;36m[Koperator[m[K * (const T1 &e1,
[2.215s]       | [01;36m[K^~~~~~~~[m[K
[2.215s] [01m[K/opt/anaconda3/envs/MasterThesis/include/boost/numeric/ublas/matrix_expression.hpp:3466:1:[m[K [01;36m[Knote: [m[K  template argument deduction/substitution failed:
[2.215s] [01m[K/home/zain/Projects/MasterThesis/src/drone_controller_vrep/src/OIAC.cpp:75:16:[m[K [01;36m[Knote: [m[K  â€˜[01m[Kboost::numeric::ublas::vector<double>[m[Kâ€™ is not derived from â€˜[01m[Kconst boost::numeric::ublas::matrix_expression<E2>[m[Kâ€™
[2.215s]    75 |     return F * [01;36m[Ke_dot[m[K;
[2.215s]       |                [01;36m[K^~~~~[m[K
[2.215s] In file included from [01m[K/opt/anaconda3/envs/MasterThesis/include/boost/numeric/ublas/matrix.hpp:19[m[K,
[2.215s]                  from [01m[K/home/zain/Projects/MasterThesis/src/drone_controller_vrep/include/drone_controller_vrep/OIAC.hpp:3[m[K,
[2.216s]                  from [01m[K/home/zain/Projects/MasterThesis/src/drone_controller_vrep/src/OIAC.cpp:1[m[K:
[2.216s] [01m[K/opt/anaconda3/envs/MasterThesis/include/boost/numeric/ublas/matrix_expression.hpp:3994:1:[m[K [01;36m[Knote: [m[Kcandidate: â€˜[01m[Ktemplate<class E1, class T2> typename boost::enable_if<boost::is_convertible<T2, typename E1::value_type>, typename boost::numeric::ublas::matrix_binary_scalar2_traits<E1, const T2, boost::numeric::ublas::scalar_multiplies<typename E1::value_type, T2> >::result_type>::type boost::numeric::ublas::operator*(const boost::numeric::ublas::matrix_expression<E>&, const T2&)[m[Kâ€™
[2.216s]  3994 | [01;36m[Koperator[m[K * (const matrix_expression<E1> &e1,
[2.216s]       | [01;36m[K^~~~~~~~[m[K
[2.216s] [01m[K/opt/anaconda3/envs/MasterThesis/include/boost/numeric/ublas/matrix_expression.hpp:3994:1:[m[K [01;36m[Knote: [m[K  template argument deduction/substitution failed:
[2.216s] [01m[K/home/zain/Projects/MasterThesis/src/drone_controller_vrep/src/OIAC.cpp:75:16:[m[K [01;36m[Knote: [m[K  â€˜[01m[Kboost::numeric::ublas::vector<double>[m[Kâ€™ is not derived from â€˜[01m[Kconst boost::numeric::ublas::matrix_expression<E>[m[Kâ€™
[2.216s]    75 |     return F * [01;36m[Ke_dot[m[K;
[2.216s]       |                [01;36m[K^~~~~[m[K
[2.216s] [01m[K/home/zain/Projects/MasterThesis/src/drone_controller_vrep/src/OIAC.cpp:[m[K In member function â€˜[01m[Kboost::numeric::ublas::vector<double> OIAC::run_once(boost::numeric::ublas::vector<double>, boost::numeric::ublas::vector<double>, boost::numeric::ublas::vector<double>, boost::numeric::ublas::vector<double>)[m[Kâ€™:
[2.216s] [01m[K/home/zain/Projects/MasterThesis/src/drone_controller_vrep/src/OIAC.cpp:86:17:[m[K [01;31m[Kerror: [m[Kno match for â€˜[01m[Koperator*[m[Kâ€™ (operand types are â€˜[01m[Kboost::numeric::ublas::vector<double>[m[Kâ€™ and â€˜[01m[Kboost::numeric::ublas::vector<double>[m[Kâ€™)
[2.216s]    86 |     return F + [32m[KK[m[K[01;31m[K*[m[K[34m[Ke[m[K + D*e_dot + _feedforward;
[2.216s]       |                [32m[K~[m[K[01;31m[K^[m[K[34m[K~[m[K
[2.216s]       |                [32m[K|[m[K [34m[K|[m[K
[2.216s]       |                [32m[K|[m[K [34m[Kvector<[...]>[m[K
[2.216s]       |                [32m[Kvector<[...]>[m[K
[2.216s] In file included from [01m[K/opt/anaconda3/envs/MasterThesis/include/boost/numeric/ublas/traits.hpp:17[m[K,
[2.217s]                  from [01m[K/opt/anaconda3/envs/MasterThesis/include/boost/numeric/ublas/storage.hpp:27[m[K,
[2.217s]                  from [01m[K/opt/anaconda3/envs/MasterThesis/include/boost/numeric/ublas/vector.hpp:21[m[K,
[2.217s]                  from [01m[K/home/zain/Projects/MasterThesis/src/drone_controller_vrep/include/drone_controller_vrep/OIAC.hpp:2[m[K,
[2.217s]                  from [01m[K/home/zain/Projects/MasterThesis/src/drone_controller_vrep/src/OIAC.cpp:1[m[K:
[2.217s] [01m[K/usr/include/c++/11/complex:392:5:[m[K [01;36m[Knote: [m[Kcandidate: â€˜[01m[Ktemplate<class _Tp> std::complex<_Tp> std::operator*(const std::complex<_Tp>&, const std::complex<_Tp>&)[m[Kâ€™
[2.217s]   392 |     [01;36m[Koperator[m[K*(const complex<_Tp>& __x, const complex<_Tp>& __y)
[2.217s]       |     [01;36m[K^~~~~~~~[m[K
[2.217s] [01m[K/usr/include/c++/11/complex:392:5:[m[K [01;36m[Knote: [m[K  template argument deduction/substitution failed:
[2.217s] [01m[K/home/zain/Projects/MasterThesis/src/drone_controller_vrep/src/OIAC.cpp:86:18:[m[K [01;36m[Knote: [m[K  â€˜[01m[Kboost::numeric::ublas::vector<double>[m[Kâ€™ is not derived from â€˜[01m[Kconst std::complex<_Tp>[m[Kâ€™
[2.217s]    86 |     return F + K*[01;36m[Ke[m[K + D*e_dot + _feedforward;
[2.217s]       |                  [01;36m[K^[m[K
[2.217s] In file included from [01m[K/opt/anaconda3/envs/MasterThesis/include/boost/numeric/ublas/traits.hpp:17[m[K,
[2.217s]                  from [01m[K/opt/anaconda3/envs/MasterThesis/include/boost/numeric/ublas/storage.hpp:27[m[K,
[2.217s]                  from [01m[K/opt/anaconda3/envs/MasterThesis/include/boost/numeric/ublas/vector.hpp:21[m[K,
[2.217s]                  from [01m[K/home/zain/Projects/MasterThesis/src/drone_controller_vrep/include/drone_controller_vrep/OIAC.hpp:2[m[K,
[2.217s]                  from [01m[K/home/zain/Projects/MasterThesis/src/drone_controller_vrep/src/OIAC.cpp:1[m[K:
[2.217s] [01m[K/usr/include/c++/11/complex:401:5:[m[K [01;36m[Knote: [m[Kcandidate: â€˜[01m[Ktemplate<class _Tp> std::complex<_Tp> std::operator*(const std::complex<_Tp>&, const _Tp&)[m[Kâ€™
[2.218s]   401 |     [01;36m[Koperator[m[K*(const complex<_Tp>& __x, const _Tp& __y)
[2.218s]       |     [01;36m[K^~~~~~~~[m[K
[2.218s] [01m[K/usr/include/c++/11/complex:401:5:[m[K [01;36m[Knote: [m[K  template argument deduction/substitution failed:
[2.218s] [01m[K/home/zain/Projects/MasterThesis/src/drone_controller_vrep/src/OIAC.cpp:86:18:[m[K [01;36m[Knote: [m[K  â€˜[01m[Kboost::numeric::ublas::vector<double>[m[Kâ€™ is not derived from â€˜[01m[Kconst std::complex<_Tp>[m[Kâ€™
[2.218s]    86 |     return F + K*[01;36m[Ke[m[K + D*e_dot + _feedforward;
[2.218s]       |                  [01;36m[K^[m[K
[2.218s] In file included from [01m[K/opt/anaconda3/envs/MasterThesis/include/boost/numeric/ublas/traits.hpp:17[m[K,
[2.218s]                  from [01m[K/opt/anaconda3/envs/MasterThesis/include/boost/numeric/ublas/storage.hpp:27[m[K,
[2.218s]                  from [01m[K/opt/anaconda3/envs/MasterThesis/include/boost/numeric/ublas/vector.hpp:21[m[K,
[2.218s]                  from [01m[K/home/zain/Projects/MasterThesis/src/drone_controller_vrep/include/drone_controller_vrep/OIAC.hpp:2[m[K,
[2.218s]                  from [01m[K/home/zain/Projects/MasterThesis/src/drone_controller_vrep/src/OIAC.cpp:1[m[K:
[2.218s] [01m[K/usr/include/c++/11/complex:410:5:[m[K [01;36m[Knote: [m[Kcandidate: â€˜[01m[Ktemplate<class _Tp> std::complex<_Tp> std::operator*(const _Tp&, const std::complex<_Tp>&)[m[Kâ€™
[2.218s]   410 |     [01;36m[Koperator[m[K*(const _Tp& __x, const complex<_Tp>& __y)
[2.218s]       |     [01;36m[K^~~~~~~~[m[K
[2.218s] [01m[K/usr/include/c++/11/complex:410:5:[m[K [01;36m[Knote: [m[K  template argument deduction/substitution failed:
[2.218s] [01m[K/home/zain/Projects/MasterThesis/src/drone_controller_vrep/src/OIAC.cpp:86:18:[m[K [01;36m[Knote: [m[K  â€˜[01m[Kboost::numeric::ublas::vector<double>[m[Kâ€™ is not derived from â€˜[01m[Kconst std::complex<_Tp>[m[Kâ€™
[2.219s]    86 |     return F + K*[01;36m[Ke[m[K + D*e_dot + _feedforward;
[2.219s]       |                  [01;36m[K^[m[K
[2.219s] In file included from [01m[K/opt/anaconda3/envs/MasterThesis/include/boost/numeric/ublas/storage.hpp:27[m[K,
[2.219s]                  from [01m[K/opt/anaconda3/envs/MasterThesis/include/boost/numeric/ublas/vector.hpp:21[m[K,
[2.219s]                  from [01m[K/home/zain/Projects/MasterThesis/src/drone_controller_vrep/include/drone_controller_vrep/OIAC.hpp:2[m[K,
[2.219s]                  from [01m[K/home/zain/Projects/MasterThesis/src/drone_controller_vrep/src/OIAC.cpp:1[m[K:
[2.219s] [01m[K/opt/anaconda3/envs/MasterThesis/include/boost/numeric/ublas/traits.hpp:117:38:[m[K [01;36m[Knote: [m[Kcandidate: â€˜[01m[Ktemplate<class R, class I> typename boost::enable_if<boost::mpl::and_<boost::is_float<R>, boost::is_integral<I> >, std::complex<_Tp> >::type boost::numeric::ublas::operator*(I, const std::complex<_Tp>&)[m[Kâ€™
[2.219s]   117 |       std::complex<R> >::type inline [01;36m[Koperator[m[K* (I in1, std::complex<R> const& in2) {
[2.219s]       |                                      [01;36m[K^~~~~~~~[m[K
[2.219s] [01m[K/opt/anaconda3/envs/MasterThesis/include/boost/numeric/ublas/traits.hpp:117:38:[m[K [01;36m[Knote: [m[K  template argument deduction/substitution failed:
[2.219s] [01m[K/home/zain/Projects/MasterThesis/src/drone_controller_vrep/src/OIAC.cpp:86:18:[m[K [01;36m[Knote: [m[K  â€˜[01m[Kboost::numeric::ublas::vector<double>[m[Kâ€™ is not derived from â€˜[01m[Kconst std::complex<_Tp>[m[Kâ€™
[2.219s]    86 |     return F + K*[01;36m[Ke[m[K + D*e_dot + _feedforward;
[2.219s]       |                  [01;36m[K^[m[K
[2.219s] In file included from [01m[K/opt/anaconda3/envs/MasterThesis/include/boost/numeric/ublas/storage.hpp:27[m[K,
[2.219s]                  from [01m[K/opt/anaconda3/envs/MasterThesis/include/boost/numeric/ublas/vector.hpp:21[m[K,
[2.219s]                  from [01m[K/home/zain/Projects/MasterThesis/src/drone_controller_vrep/include/drone_controller_vrep/OIAC.hpp:2[m[K,
[2.219s]                  from [01m[K/home/zain/Projects/MasterThesis/src/drone_controller_vrep/src/OIAC.cpp:1[m[K:
[2.220s] [01m[K/opt/anaconda3/envs/MasterThesis/include/boost/numeric/ublas/traits.hpp:127:38:[m[K [01;36m[Knote: [m[Kcandidate: â€˜[01m[Ktemplate<class R, class I> typename boost::enable_if<boost::mpl::and_<boost::is_float<R>, boost::is_integral<I> >, std::complex<_Tp> >::type boost::numeric::ublas::operator*(const std::complex<_Tp>&, I)[m[Kâ€™
[2.220s]   127 |       std::complex<R> >::type inline [01;36m[Koperator[m[K* (std::complex<R> const& in1, I in2) {
[2.220s]       |                                      [01;36m[K^~~~~~~~[m[K
[2.220s] [01m[K/opt/anaconda3/envs/MasterThesis/include/boost/numeric/ublas/traits.hpp:127:38:[m[K [01;36m[Knote: [m[K  template argument deduction/substitution failed:
[2.220s] [01m[K/home/zain/Projects/MasterThesis/src/drone_controller_vrep/src/OIAC.cpp:86:18:[m[K [01;36m[Knote: [m[K  â€˜[01m[Kboost::numeric::ublas::vector<double>[m[Kâ€™ is not derived from â€˜[01m[Kconst std::complex<_Tp>[m[Kâ€™
[2.220s]    86 |     return F + K*[01;36m[Ke[m[K + D*e_dot + _feedforward;
[2.220s]       |                  [01;36m[K^[m[K
[2.220s] In file included from [01m[K/opt/anaconda3/envs/MasterThesis/include/boost/numeric/ublas/vector.hpp:22[m[K,
[2.220s]                  from [01m[K/home/zain/Projects/MasterThesis/src/drone_controller_vrep/include/drone_controller_vrep/OIAC.hpp:2[m[K,
[2.220s]                  from [01m[K/home/zain/Projects/MasterThesis/src/drone_controller_vrep/src/OIAC.cpp:1[m[K:
[2.220s] [01m[K/opt/anaconda3/envs/MasterThesis/include/boost/numeric/ublas/vector_expression.hpp:1241:5:[m[K [01;36m[Knote: [m[Kcandidate: â€˜[01m[Ktemplate<class T1, class E2> typename boost::enable_if<boost::is_convertible<T1, typename E2::value_type>, typename boost::numeric::ublas::vector_binary_scalar1_traits<const T1, E2, boost::numeric::ublas::scalar_multiplies<T1, typename E2::value_type> >::result_type>::type boost::numeric::ublas::operator*(const T1&, const boost::numeric::ublas::vector_expression<E2>&)[m[Kâ€™
[2.220s]  1241 |     [01;36m[Koperator[m[K * (const T1 &e1,
[2.220s]       |     [01;36m[K^~~~~~~~[m[K
[2.220s] [01m[K/opt/anaconda3/envs/MasterThesis/include/boost/numeric/ublas/vector_expression.hpp:1241:5:[m[K [01;36m[Knote: [m[K  template argument deduction/substitution failed:
[2.220s] /opt/anaconda3/envs/MasterThesis/include/boost/numeric/ublas/vector_expression.hpp: In substitution of â€˜[01m[Ktemplate<class T1, class E2> typename boost::enable_if<boost::is_convertible<T1, typename E2::value_type>, typename boost::numeric::ublas::vector_binary_scalar1_traits<const T1, E2, boost::numeric::ublas::scalar_multiplies<T1, typename E2::value_type> >::result_type>::type boost::numeric::ublas::operator*(const T1&, const boost::numeric::ublas::vector_expression<E2>&) [with T1 = boost::numeric::ublas::vector<double>; E2 = boost::numeric::ublas::vector<double>][m[Kâ€™:
[2.220s] [01m[K/home/zain/Projects/MasterThesis/src/drone_controller_vrep/src/OIAC.cpp:86:18:[m[K   required from here
[2.221s] [01m[K/opt/anaconda3/envs/MasterThesis/include/boost/numeric/ublas/vector_expression.hpp:1241:5:[m[K [01;31m[Kerror: [m[Kno type named â€˜[01m[Ktype[m[Kâ€™ in â€˜[01m[Kstruct boost::enable_if<boost::is_convertible<boost::numeric::ublas::vector<double>, double>, boost::numeric::ublas::vector_binary_scalar1<const boost::numeric::ublas::vector<double>, boost::numeric::ublas::vector<double>, boost::numeric::ublas::scalar_multiplies<boost::numeric::ublas::vector<double>, double> > >[m[Kâ€™
[2.221s] [01m[K/opt/anaconda3/envs/MasterThesis/include/boost/numeric/ublas/vector_expression.hpp:1484:5:[m[K [01;36m[Knote: [m[Kcandidate: â€˜[01m[Ktemplate<class E1, class T2> typename boost::enable_if<boost::is_convertible<T2, typename E1::value_type>, typename boost::numeric::ublas::vector_binary_scalar2_traits<E1, const T2, boost::numeric::ublas::scalar_multiplies<typename E1::value_type, T2> >::result_type>::type boost::numeric::ublas::operator*(const boost::numeric::ublas::vector_expression<E>&, const T2&)[m[Kâ€™
[2.221s]  1484 |     [01;36m[Koperator[m[K * (const vector_expression<E1> &e1,
[2.221s]       |     [01;36m[K^~~~~~~~[m[K
[2.221s] [01m[K/opt/anaconda3/envs/MasterThesis/include/boost/numeric/ublas/vector_expression.hpp:1484:5:[m[K [01;36m[Knote: [m[K  template argument deduction/substitution failed:
[2.221s] /opt/anaconda3/envs/MasterThesis/include/boost/numeric/ublas/vector_expression.hpp: In substitution of â€˜[01m[Ktemplate<class E1, class T2> typename boost::enable_if<boost::is_convertible<T2, typename E1::value_type>, typename boost::numeric::ublas::vector_binary_scalar2_traits<E1, const T2, boost::numeric::ublas::scalar_multiplies<typename E1::value_type, T2> >::result_type>::type boost::numeric::ublas::operator*(const boost::numeric::ublas::vector_expression<E>&, const T2&) [with E1 = boost::numeric::ublas::vector<double>; T2 = boost::numeric::ublas::vector<double>][m[Kâ€™:
[2.221s] [01m[K/home/zain/Projects/MasterThesis/src/drone_controller_vrep/src/OIAC.cpp:86:18:[m[K   required from here
[2.221s] [01m[K/opt/anaconda3/envs/MasterThesis/include/boost/numeric/ublas/vector_expression.hpp:1484:5:[m[K [01;31m[Kerror: [m[Kno type named â€˜[01m[Ktype[m[Kâ€™ in â€˜[01m[Kstruct boost::enable_if<boost::is_convertible<boost::numeric::ublas::vector<double>, double>, boost::numeric::ublas::vector_binary_scalar2<boost::numeric::ublas::vector<double>, const boost::numeric::ublas::vector<double>, boost::numeric::ublas::scalar_multiplies<double, boost::numeric::ublas::vector<double> > > >[m[Kâ€™
[2.221s] In file included from [01m[K/opt/anaconda3/envs/MasterThesis/include/boost/numeric/ublas/matrix.hpp:19[m[K,
[2.221s]                  from [01m[K/home/zain/Projects/MasterThesis/src/drone_controller_vrep/include/drone_controller_vrep/OIAC.hpp:3[m[K,
[2.221s]                  from [01m[K/home/zain/Projects/MasterThesis/src/drone_controller_vrep/src/OIAC.cpp:1[m[K:
[2.221s] [01m[K/opt/anaconda3/envs/MasterThesis/include/boost/numeric/ublas/matrix_expression.hpp:3466:1:[m[K [01;36m[Knote: [m[Kcandidate: â€˜[01m[Ktemplate<class T1, class E2> typename boost::enable_if<boost::is_convertible<T1, typename E2::value_type>, typename boost::numeric::ublas::matrix_binary_scalar1_traits<const T1, E2, boost::numeric::ublas::scalar_multiplies<T1, typename E2::value_type> >::result_type>::type boost::numeric::ublas::operator*(const T1&, const boost::numeric::ublas::matrix_expression<E2>&)[m[Kâ€™
[2.221s]  3466 | [01;36m[Koperator[m[K * (const T1 &e1,
[2.221s]       | [01;36m[K^~~~~~~~[m[K
[2.221s] [01m[K/opt/anaconda3/envs/MasterThesis/include/boost/numeric/ublas/matrix_expression.hpp:3466:1:[m[K [01;36m[Knote: [m[K  template argument deduction/substitution failed:
[2.221s] [01m[K/home/zain/Projects/MasterThesis/src/drone_controller_vrep/src/OIAC.cpp:86:18:[m[K [01;36m[Knote: [m[K  â€˜[01m[Kboost::numeric::ublas::vector<double>[m[Kâ€™ is not derived from â€˜[01m[Kconst boost::numeric::ublas::matrix_expression<E2>[m[Kâ€™
[2.222s]    86 |     return F + K*[01;36m[Ke[m[K + D*e_dot + _feedforward;
[2.222s]       |                  [01;36m[K^[m[K
[2.222s] In file included from [01m[K/opt/anaconda3/envs/MasterThesis/include/boost/numeric/ublas/matrix.hpp:19[m[K,
[2.222s]                  from [01m[K/home/zain/Projects/MasterThesis/src/drone_controller_vrep/include/drone_controller_vrep/OIAC.hpp:3[m[K,
[2.222s]                  from [01m[K/home/zain/Projects/MasterThesis/src/drone_controller_vrep/src/OIAC.cpp:1[m[K:
[2.222s] [01m[K/opt/anaconda3/envs/MasterThesis/include/boost/numeric/ublas/matrix_expression.hpp:3994:1:[m[K [01;36m[Knote: [m[Kcandidate: â€˜[01m[Ktemplate<class E1, class T2> typename boost::enable_if<boost::is_convertible<T2, typename E1::value_type>, typename boost::numeric::ublas::matrix_binary_scalar2_traits<E1, const T2, boost::numeric::ublas::scalar_multiplies<typename E1::value_type, T2> >::result_type>::type boost::numeric::ublas::operator*(const boost::numeric::ublas::matrix_expression<E>&, const T2&)[m[Kâ€™
[2.222s]  3994 | [01;36m[Koperator[m[K * (const matrix_expression<E1> &e1,
[2.222s]       | [01;36m[K^~~~~~~~[m[K
[2.222s] [01m[K/opt/anaconda3/envs/MasterThesis/include/boost/numeric/ublas/matrix_expression.hpp:3994:1:[m[K [01;36m[Knote: [m[K  template argument deduction/substitution failed:
[2.222s] [01m[K/home/zain/Projects/MasterThesis/src/drone_controller_vrep/src/OIAC.cpp:86:18:[m[K [01;36m[Knote: [m[K  â€˜[01m[Kboost::numeric::ublas::vector<double>[m[Kâ€™ is not derived from â€˜[01m[Kconst boost::numeric::ublas::matrix_expression<E>[m[Kâ€™
[2.222s]    86 |     return F + K*[01;36m[Ke[m[K + D*e_dot + _feedforward;
[2.222s]       |                  [01;36m[K^[m[K
[2.222s] [01m[K/home/zain/Projects/MasterThesis/src/drone_controller_vrep/src/OIAC.cpp:86:23:[m[K [01;31m[Kerror: [m[Kno match for â€˜[01m[Koperator*[m[Kâ€™ (operand types are â€˜[01m[Kboost::numeric::ublas::vector<double>[m[Kâ€™ and â€˜[01m[Kboost::numeric::ublas::vector<double>[m[Kâ€™)
[2.222s]    86 |     return F + K*e + [32m[KD[m[K[01;31m[K*[m[K[34m[Ke_dot[m[K + _feedforward;
[2.222s]       |                      [32m[K~[m[K[01;31m[K^[m[K[34m[K~~~~~[m[K
[2.222s]       |                      [32m[K|[m[K [34m[K|[m[K
[2.222s]       |                      [32m[K|[m[K [34m[Kvector<[...]>[m[K
[2.223s]       |                      [32m[Kvector<[...]>[m[K
[2.223s] In file included from [01m[K/opt/anaconda3/envs/MasterThesis/include/boost/numeric/ublas/traits.hpp:17[m[K,
[2.223s]                  from [01m[K/opt/anaconda3/envs/MasterThesis/include/boost/numeric/ublas/storage.hpp:27[m[K,
[2.223s]                  from [01m[K/opt/anaconda3/envs/MasterThesis/include/boost/numeric/ublas/vector.hpp:21[m[K,
[2.223s]                  from [01m[K/home/zain/Projects/MasterThesis/src/drone_controller_vrep/include/drone_controller_vrep/OIAC.hpp:2[m[K,
[2.223s]                  from [01m[K/home/zain/Projects/MasterThesis/src/drone_controller_vrep/src/OIAC.cpp:1[m[K:
[2.223s] [01m[K/usr/include/c++/11/complex:392:5:[m[K [01;36m[Knote: [m[Kcandidate: â€˜[01m[Ktemplate<class _Tp> std::complex<_Tp> std::operator*(const std::complex<_Tp>&, const std::complex<_Tp>&)[m[Kâ€™
[2.223s]   392 |     [01;36m[Koperator[m[K*(const complex<_Tp>& __x, const complex<_Tp>& __y)
[2.223s]       |     [01;36m[K^~~~~~~~[m[K
[2.223s] [01m[K/usr/include/c++/11/complex:392:5:[m[K [01;36m[Knote: [m[K  template argument deduction/substitution failed:
[2.223s] [01m[K/home/zain/Projects/MasterThesis/src/drone_controller_vrep/src/OIAC.cpp:86:24:[m[K [01;36m[Knote: [m[K  â€˜[01m[Kboost::numeric::ublas::vector<double>[m[Kâ€™ is not derived from â€˜[01m[Kconst std::complex<_Tp>[m[Kâ€™
[2.223s]    86 |     return F + K*e + D*[01;36m[Ke_dot[m[K + _feedforward;
[2.223s]       |                        [01;36m[K^~~~~[m[K
[2.223s] In file included from [01m[K/opt/anaconda3/envs/MasterThesis/include/boost/numeric/ublas/traits.hpp:17[m[K,
[2.223s]                  from [01m[K/opt/anaconda3/envs/MasterThesis/include/boost/numeric/ublas/storage.hpp:27[m[K,
[2.223s]                  from [01m[K/opt/anaconda3/envs/MasterThesis/include/boost/numeric/ublas/vector.hpp:21[m[K,
[2.223s]                  from [01m[K/home/zain/Projects/MasterThesis/src/drone_controller_vrep/include/drone_controller_vrep/OIAC.hpp:2[m[K,
[2.224s]                  from [01m[K/home/zain/Projects/MasterThesis/src/drone_controller_vrep/src/OIAC.cpp:1[m[K:
[2.224s] [01m[K/usr/include/c++/11/complex:401:5:[m[K [01;36m[Knote: [m[Kcandidate: â€˜[01m[Ktemplate<class _Tp> std::complex<_Tp> std::operator*(const std::complex<_Tp>&, const _Tp&)[m[Kâ€™
[2.224s]   401 |     [01;36m[Koperator[m[K*(const complex<_Tp>& __x, const _Tp& __y)
[2.224s]       |     [01;36m[K^~~~~~~~[m[K
[2.224s] [01m[K/usr/include/c++/11/complex:401:5:[m[K [01;36m[Knote: [m[K  template argument deduction/substitution failed:
[2.224s] [01m[K/home/zain/Projects/MasterThesis/src/drone_controller_vrep/src/OIAC.cpp:86:24:[m[K [01;36m[Knote: [m[K  â€˜[01m[Kboost::numeric::ublas::vector<double>[m[Kâ€™ is not derived from â€˜[01m[Kconst std::complex<_Tp>[m[Kâ€™
[2.224s]    86 |     return F + K*e + D*[01;36m[Ke_dot[m[K + _feedforward;
[2.224s]       |                        [01;36m[K^~~~~[m[K
[2.224s] In file included from [01m[K/opt/anaconda3/envs/MasterThesis/include/boost/numeric/ublas/traits.hpp:17[m[K,
[2.224s]                  from [01m[K/opt/anaconda3/envs/MasterThesis/include/boost/numeric/ublas/storage.hpp:27[m[K,
[2.224s]                  from [01m[K/opt/anaconda3/envs/MasterThesis/include/boost/numeric/ublas/vector.hpp:21[m[K,
[2.224s]                  from [01m[K/home/zain/Projects/MasterThesis/src/drone_controller_vrep/include/drone_controller_vrep/OIAC.hpp:2[m[K,
[2.224s]                  from [01m[K/home/zain/Projects/MasterThesis/src/drone_controller_vrep/src/OIAC.cpp:1[m[K:
[2.224s] [01m[K/usr/include/c++/11/complex:410:5:[m[K [01;36m[Knote: [m[Kcandidate: â€˜[01m[Ktemplate<class _Tp> std::complex<_Tp> std::operator*(const _Tp&, const std::complex<_Tp>&)[m[Kâ€™
[2.224s]   410 |     [01;36m[Koperator[m[K*(const _Tp& __x, const complex<_Tp>& __y)
[2.224s]       |     [01;36m[K^~~~~~~~[m[K
[2.224s] [01m[K/usr/include/c++/11/complex:410:5:[m[K [01;36m[Knote: [m[K  template argument deduction/substitution failed:
[2.225s] [01m[K/home/zain/Projects/MasterThesis/src/drone_controller_vrep/src/OIAC.cpp:86:24:[m[K [01;36m[Knote: [m[K  â€˜[01m[Kboost::numeric::ublas::vector<double>[m[Kâ€™ is not derived from â€˜[01m[Kconst std::complex<_Tp>[m[Kâ€™
[2.225s]    86 |     return F + K*e + D*[01;36m[Ke_dot[m[K + _feedforward;
[2.225s]       |                        [01;36m[K^~~~~[m[K
[2.225s] In file included from [01m[K/opt/anaconda3/envs/MasterThesis/include/boost/numeric/ublas/storage.hpp:27[m[K,
[2.225s]                  from [01m[K/opt/anaconda3/envs/MasterThesis/include/boost/numeric/ublas/vector.hpp:21[m[K,
[2.225s]                  from [01m[K/home/zain/Projects/MasterThesis/src/drone_controller_vrep/include/drone_controller_vrep/OIAC.hpp:2[m[K,
[2.225s]                  from [01m[K/home/zain/Projects/MasterThesis/src/drone_controller_vrep/src/OIAC.cpp:1[m[K:
[2.225s] [01m[K/opt/anaconda3/envs/MasterThesis/include/boost/numeric/ublas/traits.hpp:117:38:[m[K [01;36m[Knote: [m[Kcandidate: â€˜[01m[Ktemplate<class R, class I> typename boost::enable_if<boost::mpl::and_<boost::is_float<R>, boost::is_integral<I> >, std::complex<_Tp> >::type boost::numeric::ublas::operator*(I, const std::complex<_Tp>&)[m[Kâ€™
[2.225s]   117 |       std::complex<R> >::type inline [01;36m[Koperator[m[K* (I in1, std::complex<R> const& in2) {
[2.225s]       |                                      [01;36m[K^~~~~~~~[m[K
[2.225s] [01m[K/opt/anaconda3/envs/MasterThesis/include/boost/numeric/ublas/traits.hpp:117:38:[m[K [01;36m[Knote: [m[K  template argument deduction/substitution failed:
[2.225s] [01m[K/home/zain/Projects/MasterThesis/src/drone_controller_vrep/src/OIAC.cpp:86:24:[m[K [01;36m[Knote: [m[K  â€˜[01m[Kboost::numeric::ublas::vector<double>[m[Kâ€™ is not derived from â€˜[01m[Kconst std::complex<_Tp>[m[Kâ€™
[2.225s]    86 |     return F + K*e + D*[01;36m[Ke_dot[m[K + _feedforward;
[2.225s]       |                        [01;36m[K^~~~~[m[K
[2.225s] In file included from [01m[K/opt/anaconda3/envs/MasterThesis/include/boost/numeric/ublas/storage.hpp:27[m[K,
[2.225s]                  from [01m[K/opt/anaconda3/envs/MasterThesis/include/boost/numeric/ublas/vector.hpp:21[m[K,
[2.225s]                  from [01m[K/home/zain/Projects/MasterThesis/src/drone_controller_vrep/include/drone_controller_vrep/OIAC.hpp:2[m[K,
[2.226s]                  from [01m[K/home/zain/Projects/MasterThesis/src/drone_controller_vrep/src/OIAC.cpp:1[m[K:
[2.226s] [01m[K/opt/anaconda3/envs/MasterThesis/include/boost/numeric/ublas/traits.hpp:127:38:[m[K [01;36m[Knote: [m[Kcandidate: â€˜[01m[Ktemplate<class R, class I> typename boost::enable_if<boost::mpl::and_<boost::is_float<R>, boost::is_integral<I> >, std::complex<_Tp> >::type boost::numeric::ublas::operator*(const std::complex<_Tp>&, I)[m[Kâ€™
[2.226s]   127 |       std::complex<R> >::type inline [01;36m[Koperator[m[K* (std::complex<R> const& in1, I in2) {
[2.226s]       |                                      [01;36m[K^~~~~~~~[m[K
[2.226s] [01m[K/opt/anaconda3/envs/MasterThesis/include/boost/numeric/ublas/traits.hpp:127:38:[m[K [01;36m[Knote: [m[K  template argument deduction/substitution failed:
[2.226s] [01m[K/home/zain/Projects/MasterThesis/src/drone_controller_vrep/src/OIAC.cpp:86:24:[m[K [01;36m[Knote: [m[K  â€˜[01m[Kboost::numeric::ublas::vector<double>[m[Kâ€™ is not derived from â€˜[01m[Kconst std::complex<_Tp>[m[Kâ€™
[2.226s]    86 |     return F + K*e + D*[01;36m[Ke_dot[m[K + _feedforward;
[2.226s]       |                        [01;36m[K^~~~~[m[K
[2.226s] In file included from [01m[K/opt/anaconda3/envs/MasterThesis/include/boost/numeric/ublas/vector.hpp:22[m[K,
[2.226s]                  from [01m[K/home/zain/Projects/MasterThesis/src/drone_controller_vrep/include/drone_controller_vrep/OIAC.hpp:2[m[K,
[2.226s]                  from [01m[K/home/zain/Projects/MasterThesis/src/drone_controller_vrep/src/OIAC.cpp:1[m[K:
[2.226s] [01m[K/opt/anaconda3/envs/MasterThesis/include/boost/numeric/ublas/vector_expression.hpp:1241:5:[m[K [01;36m[Knote: [m[Kcandidate: â€˜[01m[Ktemplate<class T1, class E2> typename boost::enable_if<boost::is_convertible<T1, typename E2::value_type>, typename boost::numeric::ublas::vector_binary_scalar1_traits<const T1, E2, boost::numeric::ublas::scalar_multiplies<T1, typename E2::value_type> >::result_type>::type boost::numeric::ublas::operator*(const T1&, const boost::numeric::ublas::vector_expression<E2>&)[m[Kâ€™
[2.226s]  1241 |     [01;36m[Koperator[m[K * (const T1 &e1,
[2.226s]       |     [01;36m[K^~~~~~~~[m[K
[2.226s] [01m[K/opt/anaconda3/envs/MasterThesis/include/boost/numeric/ublas/vector_expression.hpp:1241:5:[m[K [01;36m[Knote: [m[K  template argument deduction/substitution failed:
[2.226s] /opt/anaconda3/envs/MasterThesis/include/boost/numeric/ublas/vector_expression.hpp: In substitution of â€˜[01m[Ktemplate<class T1, class E2> typename boost::enable_if<boost::is_convertible<T1, typename E2::value_type>, typename boost::numeric::ublas::vector_binary_scalar1_traits<const T1, E2, boost::numeric::ublas::scalar_multiplies<T1, typename E2::value_type> >::result_type>::type boost::numeric::ublas::operator*(const T1&, const boost::numeric::ublas::vector_expression<E2>&) [with T1 = boost::numeric::ublas::vector<double>; E2 = boost::numeric::ublas::vector<double>][m[Kâ€™:
[2.227s] [01m[K/home/zain/Projects/MasterThesis/src/drone_controller_vrep/src/OIAC.cpp:86:24:[m[K   required from here
[2.227s] [01m[K/opt/anaconda3/envs/MasterThesis/include/boost/numeric/ublas/vector_expression.hpp:1241:5:[m[K [01;31m[Kerror: [m[Kno type named â€˜[01m[Ktype[m[Kâ€™ in â€˜[01m[Kstruct boost::enable_if<boost::is_convertible<boost::numeric::ublas::vector<double>, double>, boost::numeric::ublas::vector_binary_scalar1<const boost::numeric::ublas::vector<double>, boost::numeric::ublas::vector<double>, boost::numeric::ublas::scalar_multiplies<boost::numeric::ublas::vector<double>, double> > >[m[Kâ€™
[2.227s] [01m[K/opt/anaconda3/envs/MasterThesis/include/boost/numeric/ublas/vector_expression.hpp:1484:5:[m[K [01;36m[Knote: [m[Kcandidate: â€˜[01m[Ktemplate<class E1, class T2> typename boost::enable_if<boost::is_convertible<T2, typename E1::value_type>, typename boost::numeric::ublas::vector_binary_scalar2_traits<E1, const T2, boost::numeric::ublas::scalar_multiplies<typename E1::value_type, T2> >::result_type>::type boost::numeric::ublas::operator*(const boost::numeric::ublas::vector_expression<E>&, const T2&)[m[Kâ€™
[2.227s]  1484 |     [01;36m[Koperator[m[K * (const vector_expression<E1> &e1,
[2.227s]       |     [01;36m[K^~~~~~~~[m[K
[2.227s] [01m[K/opt/anaconda3/envs/MasterThesis/include/boost/numeric/ublas/vector_expression.hpp:1484:5:[m[K [01;36m[Knote: [m[K  template argument deduction/substitution failed:
[2.227s] /opt/anaconda3/envs/MasterThesis/include/boost/numeric/ublas/vector_expression.hpp: In substitution of â€˜[01m[Ktemplate<class E1, class T2> typename boost::enable_if<boost::is_convertible<T2, typename E1::value_type>, typename boost::numeric::ublas::vector_binary_scalar2_traits<E1, const T2, boost::numeric::ublas::scalar_multiplies<typename E1::value_type, T2> >::result_type>::type boost::numeric::ublas::operator*(const boost::numeric::ublas::vector_expression<E>&, const T2&) [with E1 = boost::numeric::ublas::vector<double>; T2 = boost::numeric::ublas::vector<double>][m[Kâ€™:
[2.227s] [01m[K/home/zain/Projects/MasterThesis/src/drone_controller_vrep/src/OIAC.cpp:86:24:[m[K   required from here
[2.227s] [01m[K/opt/anaconda3/envs/MasterThesis/include/boost/numeric/ublas/vector_expression.hpp:1484:5:[m[K [01;31m[Kerror: [m[Kno type named â€˜[01m[Ktype[m[Kâ€™ in â€˜[01m[Kstruct boost::enable_if<boost::is_convertible<boost::numeric::ublas::vector<double>, double>, boost::numeric::ublas::vector_binary_scalar2<boost::numeric::ublas::vector<double>, const boost::numeric::ublas::vector<double>, boost::numeric::ublas::scalar_multiplies<double, boost::numeric::ublas::vector<double> > > >[m[Kâ€™
[2.227s] In file included from [01m[K/opt/anaconda3/envs/MasterThesis/include/boost/numeric/ublas/matrix.hpp:19[m[K,
[2.227s]                  from [01m[K/home/zain/Projects/MasterThesis/src/drone_controller_vrep/include/drone_controller_vrep/OIAC.hpp:3[m[K,
[2.227s]                  from [01m[K/home/zain/Projects/MasterThesis/src/drone_controller_vrep/src/OIAC.cpp:1[m[K:
[2.227s] [01m[K/opt/anaconda3/envs/MasterThesis/include/boost/numeric/ublas/matrix_expression.hpp:3466:1:[m[K [01;36m[Knote: [m[Kcandidate: â€˜[01m[Ktemplate<class T1, class E2> typename boost::enable_if<boost::is_convertible<T1, typename E2::value_type>, typename boost::numeric::ublas::matrix_binary_scalar1_traits<const T1, E2, boost::numeric::ublas::scalar_multiplies<T1, typename E2::value_type> >::result_type>::type boost::numeric::ublas::operator*(const T1&, const boost::numeric::ublas::matrix_expression<E2>&)[m[Kâ€™
[2.227s]  3466 | [01;36m[Koperator[m[K * (const T1 &e1,
[2.227s]       | [01;36m[K^~~~~~~~[m[K
[2.227s] [01m[K/opt/anaconda3/envs/MasterThesis/include/boost/numeric/ublas/matrix_expression.hpp:3466:1:[m[K [01;36m[Knote: [m[K  template argument deduction/substitution failed:
[2.228s] [01m[K/home/zain/Projects/MasterThesis/src/drone_controller_vrep/src/OIAC.cpp:86:24:[m[K [01;36m[Knote: [m[K  â€˜[01m[Kboost::numeric::ublas::vector<double>[m[Kâ€™ is not derived from â€˜[01m[Kconst boost::numeric::ublas::matrix_expression<E2>[m[Kâ€™
[2.228s]    86 |     return F + K*e + D*[01;36m[Ke_dot[m[K + _feedforward;
[2.228s]       |                        [01;36m[K^~~~~[m[K
[2.228s] In file included from [01m[K/opt/anaconda3/envs/MasterThesis/include/boost/numeric/ublas/matrix.hpp:19[m[K,
[2.228s]                  from [01m[K/home/zain/Projects/MasterThesis/src/drone_controller_vrep/include/drone_controller_vrep/OIAC.hpp:3[m[K,
[2.228s]                  from [01m[K/home/zain/Projects/MasterThesis/src/drone_controller_vrep/src/OIAC.cpp:1[m[K:
[2.228s] [01m[K/opt/anaconda3/envs/MasterThesis/include/boost/numeric/ublas/matrix_expression.hpp:3994:1:[m[K [01;36m[Knote: [m[Kcandidate: â€˜[01m[Ktemplate<class E1, class T2> typename boost::enable_if<boost::is_convertible<T2, typename E1::value_type>, typename boost::numeric::ublas::matrix_binary_scalar2_traits<E1, const T2, boost::numeric::ublas::scalar_multiplies<typename E1::value_type, T2> >::result_type>::type boost::numeric::ublas::operator*(const boost::numeric::ublas::matrix_expression<E>&, const T2&)[m[Kâ€™
[2.228s]  3994 | [01;36m[Koperator[m[K * (const matrix_expression<E1> &e1,
[2.228s]       | [01;36m[K^~~~~~~~[m[K
[2.228s] [01m[K/opt/anaconda3/envs/MasterThesis/include/boost/numeric/ublas/matrix_expression.hpp:3994:1:[m[K [01;36m[Knote: [m[K  template argument deduction/substitution failed:
[2.228s] [01m[K/home/zain/Projects/MasterThesis/src/drone_controller_vrep/src/OIAC.cpp:86:24:[m[K [01;36m[Knote: [m[K  â€˜[01m[Kboost::numeric::ublas::vector<double>[m[Kâ€™ is not derived from â€˜[01m[Kconst boost::numeric::ublas::matrix_expression<E>[m[Kâ€™
[2.228s]    86 |     return F + K*e + D*[01;36m[Ke_dot[m[K + _feedforward;
[2.228s]       |                        [01;36m[K^~~~~[m[K
[2.305s] gmake[2]: *** [CMakeFiles/drone_feedback_controller_node.dir/build.make:90: CMakeFiles/drone_feedback_controller_node.dir/src/OIAC.cpp.o] Error 1
[2.305s] gmake[1]: *** [CMakeFiles/Makefile2:137: CMakeFiles/drone_feedback_controller_node.dir/all] Error 2
[2.305s] gmake: *** [Makefile:146: all] Error 2
[2.307s] Invoked command in '/home/zain/Projects/MasterThesis/build/drone_controller_vrep' returned '2': CMAKE_PREFIX_PATH=/opt/ros/humble CONDA_PROMPT_MODIFIER=(MasterThesis) /usr/local/bin/cmake --build /home/zain/Projects/MasterThesis/build/drone_controller_vrep -- -j16 -l16
