-- Found ament_cmake: 1.3.7 (/opt/ros/humble/share/ament_cmake/cmake)
-- Override CMake install command with custom implementation using symlinks instead of copying resources
-- Found ament_cmake_ros: 0.10.0 (/opt/ros/humble/share/ament_cmake_ros/cmake)
-- Found diagnostic_msgs: 4.2.3 (/opt/ros/humble/share/diagnostic_msgs/cmake)
-- Found rosidl_generator_c: 3.1.5 (/opt/ros/humble/share/rosidl_generator_c/cmake)
-- Found rosidl_adapter: 3.1.5 (/opt/ros/humble/share/rosidl_adapter/cmake)
-- Found rosidl_generator_cpp: 3.1.5 (/opt/ros/humble/share/rosidl_generator_cpp/cmake)
-- Using all available rosidl_typesupport_c: rosidl_typesupport_fastrtps_c;rosidl_typesupport_introspection_c
-- Using all available rosidl_typesupport_cpp: rosidl_typesupport_fastrtps_cpp;rosidl_typesupport_introspection_cpp
-- Found geometry_msgs: 4.2.3 (/opt/ros/humble/share/geometry_msgs/cmake)
-- Found lifecycle_msgs: 1.2.1 (/opt/ros/humble/share/lifecycle_msgs/cmake)
-- Found map_msgs: 2.1.0 (/opt/ros/humble/share/map_msgs/cmake)
-- Found pendulum_msgs: 0.20.3 (/opt/ros/humble/share/pendulum_msgs/cmake)
-- Found rosgraph_msgs: 1.2.1 (/opt/ros/humble/share/rosgraph_msgs/cmake)
-- Found shape_msgs: 4.2.3 (/opt/ros/humble/share/shape_msgs/cmake)
-- Found stereo_msgs: 4.2.3 (/opt/ros/humble/share/stereo_msgs/cmake)
-- Found tf2_geometry_msgs: 0.25.5 (/opt/ros/humble/share/tf2_geometry_msgs/cmake)
-- Found eigen3_cmake_module: 0.1.1 (/opt/ros/humble/share/eigen3_cmake_module/cmake)
-- Ensuring Eigen3 include directory is part of orocos-kdl CMake target
-- Found rmw_implementation_cmake: 6.1.1 (/opt/ros/humble/share/rmw_implementation_cmake/cmake)
-- Found rmw_fastrtps_cpp: 6.2.6 (/opt/ros/humble/share/rmw_fastrtps_cpp/cmake)
-- Using RMW implementation 'rmw_fastrtps_cpp' as default
-- Found trajectory_msgs: 4.2.3 (/opt/ros/humble/share/trajectory_msgs/cmake)
-- Found visualization_msgs: 4.2.3 (/opt/ros/humble/share/visualization_msgs/cmake)
-- Found std_srvs: 4.2.3 (/opt/ros/humble/share/std_srvs/cmake)
-- Found example_interfaces: 0.9.3 (/opt/ros/humble/share/example_interfaces/cmake)
-- Found image_transport: 3.1.8 (/opt/ros/humble/share/image_transport/cmake)
-- CoppeliaSim: COPPELIASIM_INCLUDE_DIR: /opt/CoppeliaSim_Edu_V4_6_0_rev18_Ubuntu22_04/programming/include
-- CoppeliaSim: COPPELIASIM_ROOT_DIR: /opt/CoppeliaSim_Edu_V4_6_0_rev18_Ubuntu22_04
-- Checking CoppeliaSim header version...
-- CoppeliaSim headers version 4.6.0 rev18
-- CoppeliaSim: COPPELIASIM_RESOURCES_DIR: /opt/CoppeliaSim_Edu_V4_6_0_rev18_Ubuntu22_04
-- CoppeliaSim: COPPELIASIM_PLUGINS_DIR: /opt/CoppeliaSim_Edu_V4_6_0_rev18_Ubuntu22_04
-- CoppeliaSim: COPPELIASIM_EXECUTABLES_DIR: /opt/CoppeliaSim_Edu_V4_6_0_rev18_Ubuntu22_04
-- CoppeliaSim: COPPELIASIM_LIBRARIES_DIR: /opt/CoppeliaSim_Edu_V4_6_0_rev18_Ubuntu22_04
-- CoppeliaSim: COPPELIASIM_ADDONS_DIR: /opt/CoppeliaSim_Edu_V4_6_0_rev18_Ubuntu22_04/addOns
-- CoppeliaSim: COPPELIASIM_HELPFILES_DIR: /opt/CoppeliaSim_Edu_V4_6_0_rev18_Ubuntu22_04/helpFiles
-- CoppeliaSim: COPPELIASIM_MODELS_DIR: /opt/CoppeliaSim_Edu_V4_6_0_rev18_Ubuntu22_04/models
-- CoppeliaSim: COPPELIASIM_SCENES_DIR: /opt/CoppeliaSim_Edu_V4_6_0_rev18_Ubuntu22_04/scenes
-- CoppeliaSim: COPPELIASIM_LUA_DIR: /opt/CoppeliaSim_Edu_V4_6_0_rev18_Ubuntu22_04/lua
-- CoppeliaSim: COPPELIASIM_PYTHON_DIR: /opt/CoppeliaSim_Edu_V4_6_0_rev18_Ubuntu22_04/python
-- CoppeliaSim: COPPELIASIM_EXECUTABLE: /opt/CoppeliaSim_Edu_V4_6_0_rev18_Ubuntu22_04/coppeliaSim
-- Found Boost: /opt/anaconda3/envs/MasterThesis/lib/cmake/Boost-1.84.0/BoostConfig.cmake (found version "1.84.0") found components: regex 
-- Found Boost: /opt/anaconda3/envs/MasterThesis/lib/cmake/Boost-1.84.0/BoostConfig.cmake (found version "1.84.0")  
-- Adding simStubsGen command...
-- Reading plugin metadata...
-- Plugin: simROS2
-- Configuring done
-- Generating done
-- Build files have been written to: /home/zain/Projects/MasterThesis/build/sim_ros2_interface
[  2%] [34m[1mGenerating generated/actcli_cancelLastGoal.cpp[0m
[  5%] [34m[1mGenerating generated/actcli_new.cpp[0m
[ 10%] [34m[1mGenerating generated/actcli_del.cpp[0m
[ 10%] [34m[1mGenerating generated/actsrv_action_canceled.cpp[0m
[ 12%] [34m[1mGenerating generated/actcli_sendGoal.cpp[0m
[ 15%] [34m[1mGenerating generated/actsrv_action_execute.cpp[0m
[ 17%] [34m[1mGenerating generated/actsrv_action_is_active.cpp[0m
[ 20%] [34m[1mGenerating generated/actsrv_action_abort.cpp[0m
[ 22%] [34m[1mGenerating generated/actsrv_action_is_canceling.cpp[0m
[ 25%] [34m[1mGenerating generated/actsrv_action_publish_feedback.cpp[0m
[ 27%] [34m[1mGenerating generated/actsrv_action_succeed.cpp[0m
[ 30%] [34m[1mGenerating generated/actsrv_new.cpp[0m
[ 32%] [34m[1mGenerating generated/actsrv_action_is_executing.cpp[0m
[ 37%] [34m[1mGenerating generated/callbacks.h[0m
[ 37%] [34m[1mGenerating generated/callbacks.cpp[0m
[ 40%] [34m[1mGenerating generated/actsrv_del.cpp[0m
[ 45%] [34m[1mGenerating generated/cli_call.cpp[0m
[ 45%] [34m[1mGenerating generated/cli_del.cpp[0m
[ 60%] [34m[1mGenerating generated/if_const.cpp[0m
[ 60%] [34m[1mGenerating generated/cli_wait.cpp[0m
[ 60%] [34m[1mGenerating generated/cli_new.cpp[0m
[ 62%] [34m[1mGenerating generated/pub_publish.cpp[0m
[ 60%] [34m[1mGenerating generated/if_new.cpp[0m
[ 62%] [34m[1mGenerating generated/if_list.cpp[0m
[ 62%] [34m[1mGenerating generated/pub_del.cpp[0m
[ 65%] [34m[1mGenerating generated/pub_new.cpp[0m
[ 75%] [34m[1mGenerating generated/sub_del.cpp[0m
[ 75%] [34m[1mGenerating generated/srv_del.cpp[0m
[ 75%] [34m[1mGenerating generated/sub_new.cpp[0m
[ 75%] [34m[1mGenerating generated/srv_new.cpp[0m
[ 75%] Built target generate_ros_code
[ 77%] [34m[1mGenerating generated/stubs.cpp, generated/stubs.h, generated/plugin.h, generated/stubsPlusPlus.cpp, generated/index.json, generated/reference.html, generated/typecheck.lua[0m
/opt/CoppeliaSim_Edu_V4_6_0_rev18_Ubuntu22_04/programming/include/simStubsGen/generate.py --verbose --xml-file /home/zain/Projects/MasterThesis/src/sim_ros2_interface/meta/callbacks.xml --gen-all /home/zain/Projects/MasterThesis/build/sim_ros2_interface/generated --lua-file /home/zain/Projects/MasterThesis/src/sim_ros2_interface/lua/simROS2.lua
/opt/anaconda3/envs/MasterThesis/bin/python3.1 /opt/CoppeliaSim_Edu_V4_6_0_rev18_Ubuntu22_04/programming/include/simStubsGen/generate_lua_xml.py /home/zain/Projects/MasterThesis/src/sim_ros2_interface/meta/callbacks.xml /home/zain/Projects/MasterThesis/src/sim_ros2_interface/lua/simROS2.lua /home/zain/Projects/MasterThesis/build/sim_ros2_interface/generated/lua.xml
/opt/anaconda3/envs/MasterThesis/bin/python3.1 /opt/CoppeliaSim_Edu_V4_6_0_rev18_Ubuntu22_04/programming/include/simStubsGen/merge_xml.py /home/zain/Projects/MasterThesis/src/sim_ros2_interface/meta/callbacks.xml /home/zain/Projects/MasterThesis/build/sim_ros2_interface/generated/lua.xml /home/zain/Projects/MasterThesis/build/sim_ros2_interface/generated/reference.xml
xsltproc -o /home/zain/Projects/MasterThesis/build/sim_ros2_interface/generated/reference.html /opt/CoppeliaSim_Edu_V4_6_0_rev18_Ubuntu22_04/programming/include/simStubsGen/xsl/reference.xsl /home/zain/Projects/MasterThesis/build/sim_ros2_interface/generated/reference.xml
error: program "xsltproc" is missing (hint: try "sudo apt install xsltproc")
gmake[2]: *** [CMakeFiles/simROS2.dir/build.make:97: generated/stubs.cpp] Error 1
gmake[1]: *** [CMakeFiles/Makefile2:163: CMakeFiles/simROS2.dir/all] Error 2
gmake: *** [Makefile:146: all] Error 2
