[0.048s] Invoking command in '/home/zain/Projects/MasterThesis/build/sim_ros2_interface': CMAKE_PREFIX_PATH=/opt/ros/humble CONDA_PROMPT_MODIFIER=(MasterThesis) /usr/bin/cmake /home/zain/Projects/MasterThesis/src/sim_ros2_interface -DAMENT_CMAKE_SYMLINK_INSTALL=1 -DCMAKE_INSTALL_PREFIX=/home/zain/Projects/MasterThesis/install/sim_ros2_interface
[0.056s] -- Found ament_cmake: 1.3.7 (/opt/ros/humble/share/ament_cmake/cmake)
[0.159s] -- Override CMake install command with custom implementation using symlinks instead of copying resources
[0.164s] -- Found ament_cmake_ros: 0.10.0 (/opt/ros/humble/share/ament_cmake_ros/cmake)
[0.166s] -- Found diagnostic_msgs: 4.2.3 (/opt/ros/humble/share/diagnostic_msgs/cmake)
[0.188s] -- Found rosidl_generator_c: 3.1.5 (/opt/ros/humble/share/rosidl_generator_c/cmake)
[0.190s] -- Found rosidl_adapter: 3.1.5 (/opt/ros/humble/share/rosidl_adapter/cmake)
[0.194s] -- Found rosidl_generator_cpp: 3.1.5 (/opt/ros/humble/share/rosidl_generator_cpp/cmake)
[0.202s] -- Using all available rosidl_typesupport_c: rosidl_typesupport_fastrtps_c;rosidl_typesupport_introspection_c
[0.214s] -- Using all available rosidl_typesupport_cpp: rosidl_typesupport_fastrtps_cpp;rosidl_typesupport_introspection_cpp
[0.304s] -- Found geometry_msgs: 4.2.3 (/opt/ros/humble/share/geometry_msgs/cmake)
[0.340s] -- Found lifecycle_msgs: 1.2.1 (/opt/ros/humble/share/lifecycle_msgs/cmake)
[0.353s] -- Found map_msgs: 2.1.0 (/opt/ros/humble/share/map_msgs/cmake)
[0.607s] -- Found pendulum_msgs: 0.20.3 (/opt/ros/humble/share/pendulum_msgs/cmake)
[0.631s] -- Found rosgraph_msgs: 1.2.1 (/opt/ros/humble/share/rosgraph_msgs/cmake)
[0.657s] -- Found shape_msgs: 4.2.3 (/opt/ros/humble/share/shape_msgs/cmake)
[0.700s] -- Found stereo_msgs: 4.2.3 (/opt/ros/humble/share/stereo_msgs/cmake)
[0.768s] -- Found tf2_geometry_msgs: 0.25.5 (/opt/ros/humble/share/tf2_geometry_msgs/cmake)
[0.771s] -- Found eigen3_cmake_module: 0.1.1 (/opt/ros/humble/share/eigen3_cmake_module/cmake)
[0.772s] -- Ensuring Eigen3 include directory is part of orocos-kdl CMake target
[0.865s] -- Found rmw_implementation_cmake: 6.1.1 (/opt/ros/humble/share/rmw_implementation_cmake/cmake)
[0.866s] -- Found rmw_fastrtps_cpp: 6.2.6 (/opt/ros/humble/share/rmw_fastrtps_cpp/cmake)
[0.964s] -- Using RMW implementation 'rmw_fastrtps_cpp' as default
[1.295s] -- Found trajectory_msgs: 4.2.3 (/opt/ros/humble/share/trajectory_msgs/cmake)
[1.363s] -- Found visualization_msgs: 4.2.3 (/opt/ros/humble/share/visualization_msgs/cmake)
[1.462s] -- Found std_srvs: 4.2.3 (/opt/ros/humble/share/std_srvs/cmake)
[1.475s] -- Found example_interfaces: 0.9.3 (/opt/ros/humble/share/example_interfaces/cmake)
[1.520s] -- Found image_transport: 3.1.8 (/opt/ros/humble/share/image_transport/cmake)
[1.541s] -- CoppeliaSim: COPPELIASIM_INCLUDE_DIR: /opt/CoppeliaSim_Edu_V4_6_0_rev18_Ubuntu22_04/programming/include
[1.541s] -- CoppeliaSim: COPPELIASIM_ROOT_DIR: /opt/CoppeliaSim_Edu_V4_6_0_rev18_Ubuntu22_04
[1.541s] -- Checking CoppeliaSim header version...
[1.773s] -- CoppeliaSim headers version 4.6.0 rev18
[1.773s] -- CoppeliaSim: COPPELIASIM_RESOURCES_DIR: /opt/CoppeliaSim_Edu_V4_6_0_rev18_Ubuntu22_04
[1.773s] -- CoppeliaSim: COPPELIASIM_PLUGINS_DIR: /opt/CoppeliaSim_Edu_V4_6_0_rev18_Ubuntu22_04
[1.773s] -- CoppeliaSim: COPPELIASIM_EXECUTABLES_DIR: /opt/CoppeliaSim_Edu_V4_6_0_rev18_Ubuntu22_04
[1.773s] -- CoppeliaSim: COPPELIASIM_LIBRARIES_DIR: /opt/CoppeliaSim_Edu_V4_6_0_rev18_Ubuntu22_04
[1.773s] -- CoppeliaSim: COPPELIASIM_ADDONS_DIR: /opt/CoppeliaSim_Edu_V4_6_0_rev18_Ubuntu22_04/addOns
[1.773s] -- CoppeliaSim: COPPELIASIM_HELPFILES_DIR: /opt/CoppeliaSim_Edu_V4_6_0_rev18_Ubuntu22_04/helpFiles
[1.773s] -- CoppeliaSim: COPPELIASIM_MODELS_DIR: /opt/CoppeliaSim_Edu_V4_6_0_rev18_Ubuntu22_04/models
[1.774s] -- CoppeliaSim: COPPELIASIM_SCENES_DIR: /opt/CoppeliaSim_Edu_V4_6_0_rev18_Ubuntu22_04/scenes
[1.774s] -- CoppeliaSim: COPPELIASIM_LUA_DIR: /opt/CoppeliaSim_Edu_V4_6_0_rev18_Ubuntu22_04/lua
[1.774s] -- CoppeliaSim: COPPELIASIM_PYTHON_DIR: /opt/CoppeliaSim_Edu_V4_6_0_rev18_Ubuntu22_04/python
[1.774s] -- CoppeliaSim: COPPELIASIM_EXECUTABLE: /opt/CoppeliaSim_Edu_V4_6_0_rev18_Ubuntu22_04/coppeliaSim
[1.776s] -- Found Boost: /opt/anaconda3/envs/MasterThesis/lib/cmake/Boost-1.84.0/BoostConfig.cmake (found version "1.84.0") found components: regex 
[1.822s] -- Found Boost: /opt/anaconda3/envs/MasterThesis/lib/cmake/Boost-1.84.0/BoostConfig.cmake (found version "1.84.0")  
[1.822s] -- Adding simStubsGen command...
[1.860s] -- Reading plugin metadata...
[2.433s] -- Plugin: simROS2
[2.508s] -- Configuring done
[2.523s] -- Generating done
[2.524s] -- Build files have been written to: /home/zain/Projects/MasterThesis/build/sim_ros2_interface
[2.532s] Invoked command in '/home/zain/Projects/MasterThesis/build/sim_ros2_interface' returned '0': CMAKE_PREFIX_PATH=/opt/ros/humble CONDA_PROMPT_MODIFIER=(MasterThesis) /usr/bin/cmake /home/zain/Projects/MasterThesis/src/sim_ros2_interface -DAMENT_CMAKE_SYMLINK_INSTALL=1 -DCMAKE_INSTALL_PREFIX=/home/zain/Projects/MasterThesis/install/sim_ros2_interface
[2.533s] Invoking command in '/home/zain/Projects/MasterThesis/build/sim_ros2_interface': CMAKE_PREFIX_PATH=/opt/ros/humble CONDA_PROMPT_MODIFIER=(MasterThesis) /usr/bin/cmake --build /home/zain/Projects/MasterThesis/build/sim_ros2_interface -- -j16 -l16
[2.572s] [  2%] [34m[1mGenerating generated/actcli_cancelLastGoal.cpp[0m
[2.572s] [  5%] [34m[1mGenerating generated/actcli_new.cpp[0m
[2.572s] [ 10%] [34m[1mGenerating generated/actcli_del.cpp[0m
[2.572s] [ 10%] [34m[1mGenerating generated/actsrv_action_canceled.cpp[0m
[2.572s] [ 12%] [34m[1mGenerating generated/actcli_sendGoal.cpp[0m
[2.572s] [ 15%] [34m[1mGenerating generated/actsrv_action_execute.cpp[0m
[2.572s] [ 17%] [34m[1mGenerating generated/actsrv_action_is_active.cpp[0m
[2.572s] [ 20%] [34m[1mGenerating generated/actsrv_action_abort.cpp[0m
[2.573s] [ 22%] [34m[1mGenerating generated/actsrv_action_is_canceling.cpp[0m
[2.573s] [ 25%] [34m[1mGenerating generated/actsrv_action_publish_feedback.cpp[0m
[2.573s] [ 27%] [34m[1mGenerating generated/actsrv_action_succeed.cpp[0m
[2.573s] [ 30%] [34m[1mGenerating generated/actsrv_new.cpp[0m
[2.573s] [ 32%] [34m[1mGenerating generated/actsrv_action_is_executing.cpp[0m
[2.573s] [ 37%] [34m[1mGenerating generated/callbacks.h[0m
[2.574s] [ 37%] [34m[1mGenerating generated/callbacks.cpp[0m
[2.575s] [ 40%] [34m[1mGenerating generated/actsrv_del.cpp[0m
[3.061s] [ 45%] [34m[1mGenerating generated/cli_call.cpp[0m
[3.061s] [ 45%] [34m[1mGenerating generated/cli_del.cpp[0m
[3.064s] [ 60%] [34m[1mGenerating generated/if_const.cpp[0m
[3.064s] [ 60%] [34m[1mGenerating generated/cli_wait.cpp[0m
[3.064s] [ 60%] [34m[1mGenerating generated/cli_new.cpp[0m
[3.064s] [ 62%] [34m[1mGenerating generated/pub_publish.cpp[0m
[3.064s] [ 60%] [34m[1mGenerating generated/if_new.cpp[0m
[3.064s] [ 62%] [34m[1mGenerating generated/if_list.cpp[0m
[3.064s] [ 62%] [34m[1mGenerating generated/pub_del.cpp[0m
[3.065s] [ 65%] [34m[1mGenerating generated/pub_new.cpp[0m
[3.067s] [ 75%] [34m[1mGenerating generated/sub_del.cpp[0m
[3.068s] [ 75%] [34m[1mGenerating generated/srv_del.cpp[0m
[3.068s] [ 75%] [34m[1mGenerating generated/sub_new.cpp[0m
[3.068s] [ 75%] [34m[1mGenerating generated/srv_new.cpp[0m
[3.468s] [ 75%] Built target generate_ros_code
[3.475s] [ 77%] [34m[1mGenerating generated/stubs.cpp, generated/stubs.h, generated/plugin.h, generated/stubsPlusPlus.cpp, generated/index.json, generated/reference.html, generated/typecheck.lua[0m
[3.497s] /opt/CoppeliaSim_Edu_V4_6_0_rev18_Ubuntu22_04/programming/include/simStubsGen/generate.py --verbose --xml-file /home/zain/Projects/MasterThesis/src/sim_ros2_interface/meta/callbacks.xml --gen-all /home/zain/Projects/MasterThesis/build/sim_ros2_interface/generated --lua-file /home/zain/Projects/MasterThesis/src/sim_ros2_interface/lua/simROS2.lua
[3.736s] /opt/anaconda3/envs/MasterThesis/bin/python3.1 /opt/CoppeliaSim_Edu_V4_6_0_rev18_Ubuntu22_04/programming/include/simStubsGen/generate_lua_xml.py /home/zain/Projects/MasterThesis/src/sim_ros2_interface/meta/callbacks.xml /home/zain/Projects/MasterThesis/src/sim_ros2_interface/lua/simROS2.lua /home/zain/Projects/MasterThesis/build/sim_ros2_interface/generated/lua.xml
[4.043s] /opt/anaconda3/envs/MasterThesis/bin/python3.1 /opt/CoppeliaSim_Edu_V4_6_0_rev18_Ubuntu22_04/programming/include/simStubsGen/merge_xml.py /home/zain/Projects/MasterThesis/src/sim_ros2_interface/meta/callbacks.xml /home/zain/Projects/MasterThesis/build/sim_ros2_interface/generated/lua.xml /home/zain/Projects/MasterThesis/build/sim_ros2_interface/generated/reference.xml
[4.103s] xsltproc -o /home/zain/Projects/MasterThesis/build/sim_ros2_interface/generated/reference.html /opt/CoppeliaSim_Edu_V4_6_0_rev18_Ubuntu22_04/programming/include/simStubsGen/xsl/reference.xsl /home/zain/Projects/MasterThesis/build/sim_ros2_interface/generated/reference.xml
[4.103s] error: program "xsltproc" is missing (hint: try "sudo apt install xsltproc")
[4.133s] gmake[2]: *** [CMakeFiles/simROS2.dir/build.make:97: generated/stubs.cpp] Error 1
[4.133s] gmake[1]: *** [CMakeFiles/Makefile2:163: CMakeFiles/simROS2.dir/all] Error 2
[4.133s] gmake: *** [Makefile:146: all] Error 2
[4.136s] Invoked command in '/home/zain/Projects/MasterThesis/build/sim_ros2_interface' returned '2': CMAKE_PREFIX_PATH=/opt/ros/humble CONDA_PROMPT_MODIFIER=(MasterThesis) /usr/bin/cmake --build /home/zain/Projects/MasterThesis/build/sim_ros2_interface -- -j16 -l16
